<?xml version="1.0" encoding="utf-8" standalone="no"?>
<test-run id="2" testcasecount="117" result="Failed" total="117" passed="109" failed="3" inconclusive="0" skipped="5" asserts="112" engine-version="3.8.0.0" clr-version="4.0.30319.42000" start-time="2018-07-23 22:04:42Z" end-time="2018-07-23 22:04:43Z" duration="1.170617">
  <command-line><![CDATA[nunit3-console.exe  C:\Users\Duch003\source\repos\Retriever4\Retriever4.Tests\\bin\Debug\Retriever4.Tests.dll]]></command-line>
  <test-suite type="Assembly" id="0-1132" name="Retriever4.Tests.dll" fullname="C:\Users\Duch003\source\repos\Retriever4\Retriever4.Tests\bin\Debug\Retriever4.Tests.dll" runstate="Runnable" testcasecount="117" result="Failed" site="Child" start-time="2018-07-23 22:04:43Z" end-time="2018-07-23 22:04:43Z" duration="0.198662" total="117" passed="109" failed="3" warnings="0" inconclusive="0" skipped="5" asserts="112">
    <environment framework-version="3.10.1.0" clr-version="4.0.30319.42000" os-version="Microsoft Windows NT 10.0.17134.0" platform="Win32NT" cwd="C:\Users\Duch003\source\repos\Retriever4\packages\NUnit.ConsoleRunner.3.8.0\tools" machine-name="DUCH003" user="Duch003" user-domain="DUCH003" culture="en-GB" uiculture="en-GB" os-architecture="x64" />
    <settings>
      <setting name="DisposeRunners" value="True" />
      <setting name="WorkDirectory" value="C:\Users\Duch003\source\repos\Retriever4\packages\NUnit.ConsoleRunner.3.8.0\tools" />
      <setting name="ImageRuntimeVersion" value="4.0.30319" />
      <setting name="ImageTargetFrameworkName" value=".NETFramework,Version=v4.0" />
      <setting name="ImageRequiresX86" value="False" />
      <setting name="ImageRequiresDefaultAppDomainAssemblyResolver" value="False" />
      <setting name="NumberOfTestWorkers" value="8" />
    </settings>
    <properties>
      <property name="_PID" value="2220" />
      <property name="_APPDOMAIN" value="domain-" />
    </properties>
    <failure>
      <message><![CDATA[One or more child tests had errors]]></message>
    </failure>
    <test-suite type="TestSuite" id="0-1133" name="Retriever4" fullname="Retriever4" runstate="Runnable" testcasecount="117" result="Failed" site="Child" start-time="2018-07-23 22:04:43Z" end-time="2018-07-23 22:04:43Z" duration="0.172838" total="117" passed="109" failed="3" warnings="0" inconclusive="0" skipped="5" asserts="112">
      <failure>
        <message><![CDATA[One or more child tests had errors]]></message>
      </failure>
      <test-suite type="TestSuite" id="0-1134" name="Tests" fullname="Retriever4.Tests" runstate="Runnable" testcasecount="117" result="Failed" site="Child" start-time="2018-07-23 22:04:43Z" end-time="2018-07-23 22:04:43Z" duration="0.172359" total="117" passed="109" failed="3" warnings="0" inconclusive="0" skipped="5" asserts="112">
        <failure>
          <message><![CDATA[One or more child tests had errors]]></message>
        </failure>
        <test-suite type="TestFixture" id="0-1000" name="DetectDeviceModelTests" fullname="Retriever4.Tests.DetectDeviceModelTests" classname="Retriever4.Tests.DetectDeviceModelTests" runstate="Runnable" testcasecount="14" result="Passed" start-time="2018-07-23 22:04:43Z" end-time="2018-07-23 22:04:43Z" duration="0.053592" total="14" passed="14" failed="0" warnings="0" inconclusive="0" skipped="0" asserts="14">
          <test-suite type="ParameterizedMethod" id="0-1015" name="DetectDeviceModel_PatternsDetectionTests" fullname="Retriever4.Tests.DetectDeviceModelTests.DetectDeviceModel_PatternsDetectionTests" classname="Retriever4.Tests.DetectDeviceModelTests" runstate="Runnable" testcasecount="14" result="Passed" start-time="2018-07-23 22:04:43Z" end-time="2018-07-23 22:04:43Z" duration="0.047706" total="14" passed="14" failed="0" warnings="0" inconclusive="0" skipped="0" asserts="14">
            <test-case id="0-1001" name="DetectDeviceModel_PatternsDetectionTests(&quot;99850&quot;,&quot;99850&quot;)" fullname="Retriever4.Tests.DetectDeviceModelTests.DetectDeviceModel_PatternsDetectionTests(&quot;99850&quot;,&quot;99850&quot;)" methodname="DetectDeviceModel_PatternsDetectionTests" classname="Retriever4.Tests.DetectDeviceModelTests" runstate="Runnable" seed="1221532210" result="Passed" start-time="2018-07-23 22:04:43Z" end-time="2018-07-23 22:04:43Z" duration="0.036308" asserts="1" />
            <test-case id="0-1002" name="DetectDeviceModel_PatternsDetectionTests(&quot;C1010-I01B3&quot;,&quot;C1010-I01B3&quot;)" fullname="Retriever4.Tests.DetectDeviceModelTests.DetectDeviceModel_PatternsDetectionTests(&quot;C1010-I01B3&quot;,&quot;C1010-I01B3&quot;)" methodname="DetectDeviceModel_PatternsDetectionTests" classname="Retriever4.Tests.DetectDeviceModelTests" runstate="Runnable" seed="470549010" result="Passed" start-time="2018-07-23 22:04:43Z" end-time="2018-07-23 22:04:43Z" duration="0.002162" asserts="1" />
            <test-case id="0-1003" name="DetectDeviceModel_PatternsDetectionTests(&quot;S1415-I2N1S&quot;,&quot;S1415-I2N1S&quot;)" fullname="Retriever4.Tests.DetectDeviceModelTests.DetectDeviceModel_PatternsDetectionTests(&quot;S1415-I2N1S&quot;,&quot;S1415-I2N1S&quot;)" methodname="DetectDeviceModel_PatternsDetectionTests" classname="Retriever4.Tests.DetectDeviceModelTests" runstate="Runnable" seed="976408648" result="Passed" start-time="2018-07-23 22:04:43Z" end-time="2018-07-23 22:04:43Z" duration="0.000156" asserts="1" />
            <test-case id="0-1004" name="DetectDeviceModel_PatternsDetectionTests(&quot;C2015-I5N1&quot;,&quot;C2015-I5N1&quot;)" fullname="Retriever4.Tests.DetectDeviceModelTests.DetectDeviceModel_PatternsDetectionTests(&quot;C2015-I5N1&quot;,&quot;C2015-I5N1&quot;)" methodname="DetectDeviceModel_PatternsDetectionTests" classname="Retriever4.Tests.DetectDeviceModelTests" runstate="Runnable" seed="1896347110" result="Passed" start-time="2018-07-23 22:04:43Z" end-time="2018-07-23 22:04:43Z" duration="0.000171" asserts="1" />
            <test-case id="0-1005" name="DetectDeviceModel_PatternsDetectionTests(&quot;S1115-IMNL&quot;,&quot;S1115-IMNL&quot;)" fullname="Retriever4.Tests.DetectDeviceModelTests.DetectDeviceModel_PatternsDetectionTests(&quot;S1115-IMNL&quot;,&quot;S1115-IMNL&quot;)" methodname="DetectDeviceModel_PatternsDetectionTests" classname="Retriever4.Tests.DetectDeviceModelTests" runstate="Runnable" seed="564453204" result="Passed" start-time="2018-07-23 22:04:43Z" end-time="2018-07-23 22:04:43Z" duration="0.000143" asserts="1" />
            <test-case id="0-1006" name="DetectDeviceModel_PatternsDetectionTests(&quot;P1115-I5CH&quot;,&quot;P1115-I5CH&quot;)" fullname="Retriever4.Tests.DetectDeviceModelTests.DetectDeviceModel_PatternsDetectionTests(&quot;P1115-I5CH&quot;,&quot;P1115-I5CH&quot;)" methodname="DetectDeviceModel_PatternsDetectionTests" classname="Retriever4.Tests.DetectDeviceModelTests" runstate="Runnable" seed="1051557948" result="Passed" start-time="2018-07-23 22:04:43Z" end-time="2018-07-23 22:04:43Z" duration="0.000173" asserts="1" />
            <test-case id="0-1007" name="DetectDeviceModel_PatternsDetectionTests(&quot;C1008-I01N&quot;,&quot;C1008-I01N&quot;)" fullname="Retriever4.Tests.DetectDeviceModelTests.DetectDeviceModel_PatternsDetectionTests(&quot;C1008-I01N&quot;,&quot;C1008-I01N&quot;)" methodname="DetectDeviceModel_PatternsDetectionTests" classname="Retriever4.Tests.DetectDeviceModelTests" runstate="Runnable" seed="1581662759" result="Passed" start-time="2018-07-23 22:04:43Z" end-time="2018-07-23 22:04:43Z" duration="0.000147" asserts="1" />
            <test-case id="0-1008" name="DetectDeviceModel_PatternsDetectionTests(&quot;S1115-IM2N&quot;,&quot;S1115-IM2N&quot;)" fullname="Retriever4.Tests.DetectDeviceModelTests.DetectDeviceModel_PatternsDetectionTests(&quot;S1115-IM2N&quot;,&quot;S1115-IM2N&quot;)" methodname="DetectDeviceModel_PatternsDetectionTests" classname="Retriever4.Tests.DetectDeviceModelTests" runstate="Runnable" seed="1839357584" result="Passed" start-time="2018-07-23 22:04:43Z" end-time="2018-07-23 22:04:43Z" duration="0.000150" asserts="1" />
            <test-case id="0-1009" name="DetectDeviceModel_PatternsDetectionTests(&quot;S1415-I1C&quot;,&quot;S1415-I1C&quot;)" fullname="Retriever4.Tests.DetectDeviceModelTests.DetectDeviceModel_PatternsDetectionTests(&quot;S1415-I1C&quot;,&quot;S1415-I1C&quot;)" methodname="DetectDeviceModel_PatternsDetectionTests" classname="Retriever4.Tests.DetectDeviceModelTests" runstate="Runnable" seed="1506085445" result="Passed" start-time="2018-07-23 22:04:43Z" end-time="2018-07-23 22:04:43Z" duration="0.000163" asserts="1" />
            <test-case id="0-1010" name="DetectDeviceModel_PatternsDetectionTests(&quot;S1414-I1BI S&quot;,&quot;S1414-I1BI S&quot;)" fullname="Retriever4.Tests.DetectDeviceModelTests.DetectDeviceModel_PatternsDetectionTests(&quot;S1414-I1BI S&quot;,&quot;S1414-I1BI S&quot;)" methodname="DetectDeviceModel_PatternsDetectionTests" classname="Retriever4.Tests.DetectDeviceModelTests" runstate="Runnable" seed="650602925" result="Passed" start-time="2018-07-23 22:04:43Z" end-time="2018-07-23 22:04:43Z" duration="0.000143" asserts="1" />
            <test-case id="0-1011" name="DetectDeviceModel_PatternsDetectionTests(&quot;PNB S1414-I1BI S&quot;,&quot;S1414-I1BI S&quot;)" fullname="Retriever4.Tests.DetectDeviceModelTests.DetectDeviceModel_PatternsDetectionTests(&quot;PNB S1414-I1BI S&quot;,&quot;S1414-I1BI S&quot;)" methodname="DetectDeviceModel_PatternsDetectionTests" classname="Retriever4.Tests.DetectDeviceModelTests" runstate="Runnable" seed="1993450813" result="Passed" start-time="2018-07-23 22:04:43Z" end-time="2018-07-23 22:04:43Z" duration="0.000139" asserts="1" />
            <test-case id="0-1012" name="DetectDeviceModel_PatternsDetectionTests(&quot;CNB MEDION S1415-I1C&quot;,&quot;S1415-I1C&quot;)" fullname="Retriever4.Tests.DetectDeviceModelTests.DetectDeviceModel_PatternsDetectionTests(&quot;CNB MEDION S1415-I1C&quot;,&quot;S1415-I1C&quot;)" methodname="DetectDeviceModel_PatternsDetectionTests" classname="Retriever4.Tests.DetectDeviceModelTests" runstate="Runnable" seed="176812828" result="Passed" start-time="2018-07-23 22:04:43Z" end-time="2018-07-23 22:04:43Z" duration="0.000197" asserts="1" />
            <test-case id="0-1013" name="DetectDeviceModel_PatternsDetectionTests(&quot;PEAQC2015-I5N1&quot;,&quot;C2015-I5N1&quot;)" fullname="Retriever4.Tests.DetectDeviceModelTests.DetectDeviceModel_PatternsDetectionTests(&quot;PEAQC2015-I5N1&quot;,&quot;C2015-I5N1&quot;)" methodname="DetectDeviceModel_PatternsDetectionTests" classname="Retriever4.Tests.DetectDeviceModelTests" runstate="Runnable" seed="53584555" result="Passed" start-time="2018-07-23 22:04:43Z" end-time="2018-07-23 22:04:43Z" duration="0.000153" asserts="1" />
            <test-case id="0-1014" name="DetectDeviceModel_PatternsDetectionTests(&quot;S1415-I1C PEAQ&quot;,&quot;S1415-I1C&quot;)" fullname="Retriever4.Tests.DetectDeviceModelTests.DetectDeviceModel_PatternsDetectionTests(&quot;S1415-I1C PEAQ&quot;,&quot;S1415-I1C&quot;)" methodname="DetectDeviceModel_PatternsDetectionTests" classname="Retriever4.Tests.DetectDeviceModelTests" runstate="Runnable" seed="1491995577" result="Passed" start-time="2018-07-23 22:04:43Z" end-time="2018-07-23 22:04:43Z" duration="0.000164" asserts="1" />
          </test-suite>
        </test-suite>
        <test-suite type="TestFixture" id="0-1016" name="NumbersValidationTests" fullname="Retriever4.Tests.NumbersValidationTests" classname="Retriever4.Tests.NumbersValidationTests" runstate="Runnable" testcasecount="27" result="Passed" start-time="2018-07-23 22:04:43Z" end-time="2018-07-23 22:04:43Z" duration="0.030180" total="27" passed="27" failed="0" warnings="0" inconclusive="0" skipped="0" asserts="27">
          <test-suite type="ParameterizedMethod" id="0-1046" name="CompareStorages_DatabaseArgumentIsNullOrRealValueIsNegative_ThrowsException" fullname="Retriever4.Tests.NumbersValidationTests.CompareStorages_DatabaseArgumentIsNullOrRealValueIsNegative_ThrowsException" classname="Retriever4.Tests.NumbersValidationTests" runstate="Runnable" testcasecount="5" result="Passed" start-time="2018-07-23 22:04:43Z" end-time="2018-07-23 22:04:43Z" duration="0.022765" total="5" passed="5" failed="0" warnings="0" inconclusive="0" skipped="0" asserts="5">
            <test-case id="0-1041" name="CompareStorages_DatabaseArgumentIsNullOrRealValueIsNegative_ThrowsException(&quot;&quot;,100)" fullname="Retriever4.Tests.NumbersValidationTests.CompareStorages_DatabaseArgumentIsNullOrRealValueIsNegative_ThrowsException(&quot;&quot;,100)" methodname="CompareStorages_DatabaseArgumentIsNullOrRealValueIsNegative_ThrowsException" classname="Retriever4.Tests.NumbersValidationTests" runstate="Runnable" seed="210554147" result="Passed" start-time="2018-07-23 22:04:43Z" end-time="2018-07-23 22:04:43Z" duration="0.021911" asserts="1" />
            <test-case id="0-1042" name="CompareStorages_DatabaseArgumentIsNullOrRealValueIsNegative_ThrowsException(null,100)" fullname="Retriever4.Tests.NumbersValidationTests.CompareStorages_DatabaseArgumentIsNullOrRealValueIsNegative_ThrowsException(null,100)" methodname="CompareStorages_DatabaseArgumentIsNullOrRealValueIsNegative_ThrowsException" classname="Retriever4.Tests.NumbersValidationTests" runstate="Runnable" seed="500801038" result="Passed" start-time="2018-07-23 22:04:43Z" end-time="2018-07-23 22:04:43Z" duration="0.000263" asserts="1" />
            <test-case id="0-1043" name="CompareStorages_DatabaseArgumentIsNullOrRealValueIsNegative_ThrowsException(&quot;Test&quot;,-3)" fullname="Retriever4.Tests.NumbersValidationTests.CompareStorages_DatabaseArgumentIsNullOrRealValueIsNegative_ThrowsException(&quot;Test&quot;,-3)" methodname="CompareStorages_DatabaseArgumentIsNullOrRealValueIsNegative_ThrowsException" classname="Retriever4.Tests.NumbersValidationTests" runstate="Runnable" seed="1833990481" result="Passed" start-time="2018-07-23 22:04:43Z" end-time="2018-07-23 22:04:43Z" duration="0.000154" asserts="1" />
            <test-case id="0-1044" name="CompareStorages_DatabaseArgumentIsNullOrRealValueIsNegative_ThrowsException(&quot;&quot;,-6)" fullname="Retriever4.Tests.NumbersValidationTests.CompareStorages_DatabaseArgumentIsNullOrRealValueIsNegative_ThrowsException(&quot;&quot;,-6)" methodname="CompareStorages_DatabaseArgumentIsNullOrRealValueIsNegative_ThrowsException" classname="Retriever4.Tests.NumbersValidationTests" runstate="Runnable" seed="400833707" result="Passed" start-time="2018-07-23 22:04:43Z" end-time="2018-07-23 22:04:43Z" duration="0.000143" asserts="1" />
            <test-case id="0-1045" name="CompareStorages_DatabaseArgumentIsNullOrRealValueIsNegative_ThrowsException(null,-9)" fullname="Retriever4.Tests.NumbersValidationTests.CompareStorages_DatabaseArgumentIsNullOrRealValueIsNegative_ThrowsException(null,-9)" methodname="CompareStorages_DatabaseArgumentIsNullOrRealValueIsNegative_ThrowsException" classname="Retriever4.Tests.NumbersValidationTests" runstate="Runnable" seed="19644156" result="Passed" start-time="2018-07-23 22:04:43Z" end-time="2018-07-23 22:04:43Z" duration="0.000183" asserts="1" />
          </test-suite>
          <test-suite type="ParameterizedMethod" id="0-1040" name="CompareStorages_VariousData" fullname="Retriever4.Tests.NumbersValidationTests.CompareStorages_VariousData" classname="Retriever4.Tests.NumbersValidationTests" runstate="Runnable" testcasecount="16" result="Passed" start-time="2018-07-23 22:04:43Z" end-time="2018-07-23 22:04:43Z" duration="0.005929" total="16" passed="16" failed="0" warnings="0" inconclusive="0" skipped="0" asserts="16">
            <test-case id="0-1024" name="CompareStorages_VariousData(&quot;256 GB SSD&quot;,274877906944L,True)" fullname="Retriever4.Tests.NumbersValidationTests.CompareStorages_VariousData(&quot;256 GB SSD&quot;,274877906944L,True)" methodname="CompareStorages_VariousData" classname="Retriever4.Tests.NumbersValidationTests" runstate="Runnable" seed="969959349" result="Passed" start-time="2018-07-23 22:04:43Z" end-time="2018-07-23 22:04:43Z" duration="0.001044" asserts="1" />
            <test-case id="0-1025" name="CompareStorages_VariousData(&quot;128 GB SSD&quot;,137438953472L,True)" fullname="Retriever4.Tests.NumbersValidationTests.CompareStorages_VariousData(&quot;128 GB SSD&quot;,137438953472L,True)" methodname="CompareStorages_VariousData" classname="Retriever4.Tests.NumbersValidationTests" runstate="Runnable" seed="807476616" result="Passed" start-time="2018-07-23 22:04:43Z" end-time="2018-07-23 22:04:43Z" duration="0.000227" asserts="1" />
            <test-case id="0-1026" name="CompareStorages_VariousData(&quot;64 GB eMMC&quot;,68719476736L,True)" fullname="Retriever4.Tests.NumbersValidationTests.CompareStorages_VariousData(&quot;64 GB eMMC&quot;,68719476736L,True)" methodname="CompareStorages_VariousData" classname="Retriever4.Tests.NumbersValidationTests" runstate="Runnable" seed="943961635" result="Passed" start-time="2018-07-23 22:04:43Z" end-time="2018-07-23 22:04:43Z" duration="0.000176" asserts="1" />
            <test-case id="0-1027" name="CompareStorages_VariousData(&quot;32 GB eMMC&quot;,34359738368L,True)" fullname="Retriever4.Tests.NumbersValidationTests.CompareStorages_VariousData(&quot;32 GB eMMC&quot;,34359738368L,True)" methodname="CompareStorages_VariousData" classname="Retriever4.Tests.NumbersValidationTests" runstate="Runnable" seed="1647407439" result="Passed" start-time="2018-07-23 22:04:43Z" end-time="2018-07-23 22:04:43Z" duration="0.000233" asserts="1" />
            <test-case id="0-1028" name="CompareStorages_VariousData(&quot;16 GB eMMC&quot;,17179869184L,True)" fullname="Retriever4.Tests.NumbersValidationTests.CompareStorages_VariousData(&quot;16 GB eMMC&quot;,17179869184L,True)" methodname="CompareStorages_VariousData" classname="Retriever4.Tests.NumbersValidationTests" runstate="Runnable" seed="847798654" result="Passed" start-time="2018-07-23 22:04:43Z" end-time="2018-07-23 22:04:43Z" duration="0.000230" asserts="1" />
            <test-case id="0-1029" name="CompareStorages_VariousData(&quot;320 GB HDD&quot;,343597383680L,True)" fullname="Retriever4.Tests.NumbersValidationTests.CompareStorages_VariousData(&quot;320 GB HDD&quot;,343597383680L,True)" methodname="CompareStorages_VariousData" classname="Retriever4.Tests.NumbersValidationTests" runstate="Runnable" seed="1945926828" result="Passed" start-time="2018-07-23 22:04:43Z" end-time="2018-07-23 22:04:43Z" duration="0.000173" asserts="1" />
            <test-case id="0-1030" name="CompareStorages_VariousData(&quot;500 GB HDD&quot;,536870912000L,True)" fullname="Retriever4.Tests.NumbersValidationTests.CompareStorages_VariousData(&quot;500 GB HDD&quot;,536870912000L,True)" methodname="CompareStorages_VariousData" classname="Retriever4.Tests.NumbersValidationTests" runstate="Runnable" seed="109053759" result="Passed" start-time="2018-07-23 22:04:43Z" end-time="2018-07-23 22:04:43Z" duration="0.000217" asserts="1" />
            <test-case id="0-1031" name="CompareStorages_VariousData(&quot;640 GB SSHD&quot;,687194767360L,True)" fullname="Retriever4.Tests.NumbersValidationTests.CompareStorages_VariousData(&quot;640 GB SSHD&quot;,687194767360L,True)" methodname="CompareStorages_VariousData" classname="Retriever4.Tests.NumbersValidationTests" runstate="Runnable" seed="637275858" result="Passed" start-time="2018-07-23 22:04:43Z" end-time="2018-07-23 22:04:43Z" duration="0.000244" asserts="1" />
            <test-case id="0-1032" name="CompareStorages_VariousData(&quot;750 GB SSHD&quot;,805306368000L,True)" fullname="Retriever4.Tests.NumbersValidationTests.CompareStorages_VariousData(&quot;750 GB SSHD&quot;,805306368000L,True)" methodname="CompareStorages_VariousData" classname="Retriever4.Tests.NumbersValidationTests" runstate="Runnable" seed="360092569" result="Passed" start-time="2018-07-23 22:04:43Z" end-time="2018-07-23 22:04:43Z" duration="0.000224" asserts="1" />
            <test-case id="0-1033" name="CompareStorages_VariousData(&quot;1 TB HDD&quot;,1099511627776L,True)" fullname="Retriever4.Tests.NumbersValidationTests.CompareStorages_VariousData(&quot;1 TB HDD&quot;,1099511627776L,True)" methodname="CompareStorages_VariousData" classname="Retriever4.Tests.NumbersValidationTests" runstate="Runnable" seed="1909417745" result="Passed" start-time="2018-07-23 22:04:43Z" end-time="2018-07-23 22:04:43Z" duration="0.000196" asserts="1" />
            <test-case id="0-1034" name="CompareStorages_VariousData(&quot;1,5 TB DHDD&quot;,1649267441664L,True)" fullname="Retriever4.Tests.NumbersValidationTests.CompareStorages_VariousData(&quot;1,5 TB DHDD&quot;,1649267441664L,True)" methodname="CompareStorages_VariousData" classname="Retriever4.Tests.NumbersValidationTests" runstate="Runnable" seed="1698388588" result="Passed" start-time="2018-07-23 22:04:43Z" end-time="2018-07-23 22:04:43Z" duration="0.000198" asserts="1" />
            <test-case id="0-1035" name="CompareStorages_VariousData(&quot;2 TB HDD&quot;,2199023255552L,True)" fullname="Retriever4.Tests.NumbersValidationTests.CompareStorages_VariousData(&quot;2 TB HDD&quot;,2199023255552L,True)" methodname="CompareStorages_VariousData" classname="Retriever4.Tests.NumbersValidationTests" runstate="Runnable" seed="753202557" result="Passed" start-time="2018-07-23 22:04:43Z" end-time="2018-07-23 22:04:43Z" duration="0.000215" asserts="1" />
            <test-case id="0-1036" name="CompareStorages_VariousData(&quot;0,5 TB HDD&quot;,549755813888L,True)" fullname="Retriever4.Tests.NumbersValidationTests.CompareStorages_VariousData(&quot;0,5 TB HDD&quot;,549755813888L,True)" methodname="CompareStorages_VariousData" classname="Retriever4.Tests.NumbersValidationTests" runstate="Runnable" seed="2000093721" result="Passed" start-time="2018-07-23 22:04:43Z" end-time="2018-07-23 22:04:43Z" duration="0.000277" asserts="1" />
            <test-case id="0-1037" name="CompareStorages_VariousData(&quot;0,5 TB HDD&quot;,1099511627776L,False)" fullname="Retriever4.Tests.NumbersValidationTests.CompareStorages_VariousData(&quot;0,5 TB HDD&quot;,1099511627776L,False)" methodname="CompareStorages_VariousData" classname="Retriever4.Tests.NumbersValidationTests" runstate="Runnable" seed="1235695920" result="Passed" start-time="2018-07-23 22:04:43Z" end-time="2018-07-23 22:04:43Z" duration="0.000227" asserts="1" />
            <test-case id="0-1038" name="CompareStorages_VariousData(&quot;320 GB HDD&quot;,274877906944L,False)" fullname="Retriever4.Tests.NumbersValidationTests.CompareStorages_VariousData(&quot;320 GB HDD&quot;,274877906944L,False)" methodname="CompareStorages_VariousData" classname="Retriever4.Tests.NumbersValidationTests" runstate="Runnable" seed="1750599127" result="Passed" start-time="2018-07-23 22:04:43Z" end-time="2018-07-23 22:04:43Z" duration="0.000224" asserts="1" />
            <test-case id="0-1039" name="CompareStorages_VariousData(&quot;16 GB eMMC&quot;,34359738368L,False)" fullname="Retriever4.Tests.NumbersValidationTests.CompareStorages_VariousData(&quot;16 GB eMMC&quot;,34359738368L,False)" methodname="CompareStorages_VariousData" classname="Retriever4.Tests.NumbersValidationTests" runstate="Runnable" seed="918228409" result="Passed" start-time="2018-07-23 22:04:43Z" end-time="2018-07-23 22:04:43Z" duration="0.001580" asserts="1" />
          </test-suite>
          <test-suite type="ParameterizedMethod" id="0-1023" name="CompareWearlevel_LogicTest" fullname="Retriever4.Tests.NumbersValidationTests.CompareWearlevel_LogicTest" classname="Retriever4.Tests.NumbersValidationTests" runstate="Runnable" testcasecount="6" result="Passed" start-time="2018-07-23 22:04:43Z" end-time="2018-07-23 22:04:43Z" duration="0.001299" total="6" passed="6" failed="0" warnings="0" inconclusive="0" skipped="0" asserts="6">
            <test-case id="0-1017" name="CompareWearlevel_LogicTest(-13,12,True)" fullname="Retriever4.Tests.NumbersValidationTests.CompareWearlevel_LogicTest(-13,12,True)" methodname="CompareWearlevel_LogicTest" classname="Retriever4.Tests.NumbersValidationTests" runstate="Runnable" seed="777066988" result="Passed" start-time="2018-07-23 22:04:43Z" end-time="2018-07-23 22:04:43Z" duration="0.000635" asserts="1" />
            <test-case id="0-1018" name="CompareWearlevel_LogicTest(0,12,True)" fullname="Retriever4.Tests.NumbersValidationTests.CompareWearlevel_LogicTest(0,12,True)" methodname="CompareWearlevel_LogicTest" classname="Retriever4.Tests.NumbersValidationTests" runstate="Runnable" seed="1030755132" result="Passed" start-time="2018-07-23 22:04:43Z" end-time="2018-07-23 22:04:43Z" duration="0.000170" asserts="1" />
            <test-case id="0-1019" name="CompareWearlevel_LogicTest(7.8d,12,True)" fullname="Retriever4.Tests.NumbersValidationTests.CompareWearlevel_LogicTest(7.8d,12,True)" methodname="CompareWearlevel_LogicTest" classname="Retriever4.Tests.NumbersValidationTests" runstate="Runnable" seed="2090570124" result="Passed" start-time="2018-07-23 22:04:43Z" end-time="2018-07-23 22:04:43Z" duration="0.000103" asserts="1" />
            <test-case id="0-1020" name="CompareWearlevel_LogicTest(12,12,True)" fullname="Retriever4.Tests.NumbersValidationTests.CompareWearlevel_LogicTest(12,12,True)" methodname="CompareWearlevel_LogicTest" classname="Retriever4.Tests.NumbersValidationTests" runstate="Runnable" seed="2092564611" result="Passed" start-time="2018-07-23 22:04:43Z" end-time="2018-07-23 22:04:43Z" duration="0.000079" asserts="1" />
            <test-case id="0-1021" name="CompareWearlevel_LogicTest(12.01d,12,False)" fullname="Retriever4.Tests.NumbersValidationTests.CompareWearlevel_LogicTest(12.01d,12,False)" methodname="CompareWearlevel_LogicTest" classname="Retriever4.Tests.NumbersValidationTests" runstate="Runnable" seed="1256087128" result="Passed" start-time="2018-07-23 22:04:43Z" end-time="2018-07-23 22:04:43Z" duration="0.000092" asserts="1" />
            <test-case id="0-1022" name="CompareWearlevel_LogicTest(14,12,False)" fullname="Retriever4.Tests.NumbersValidationTests.CompareWearlevel_LogicTest(14,12,False)" methodname="CompareWearlevel_LogicTest" classname="Retriever4.Tests.NumbersValidationTests" runstate="Runnable" seed="965522912" result="Passed" start-time="2018-07-23 22:04:43Z" end-time="2018-07-23 22:04:43Z" duration="0.000092" asserts="1" />
          </test-suite>
        </test-suite>
        <test-suite type="TestFixture" id="0-1047" name="ObjectsValidationTests" fullname="Retriever4.Tests.ObjectsValidationTests" classname="Retriever4.Tests.ObjectsValidationTests" runstate="Runnable" testcasecount="12" result="Failed" site="Child" start-time="2018-07-23 22:04:43Z" end-time="2018-07-23 22:04:43Z" duration="0.059330" total="12" passed="9" failed="3" warnings="0" inconclusive="0" skipped="0" asserts="12">
          <failure>
            <message><![CDATA[One or more child tests had errors]]></message>
          </failure>
          <test-case id="0-1051" name="CheckFieldsForNulls__CheckingObjectWithUnacceptableNullFieldsWithIgnoredFileds_NullFiledsAreIgnored" fullname="Retriever4.Tests.ObjectsValidationTests.CheckFieldsForNulls__CheckingObjectWithUnacceptableNullFieldsWithIgnoredFileds_NullFiledsAreIgnored" methodname="CheckFieldsForNulls__CheckingObjectWithUnacceptableNullFieldsWithIgnoredFileds_NullFiledsAreIgnored" classname="Retriever4.Tests.ObjectsValidationTests" runstate="Runnable" seed="768286854" result="Passed" start-time="2018-07-23 22:04:43Z" end-time="2018-07-23 22:04:43Z" duration="0.002820" asserts="1" />
          <test-case id="0-1052" name="CheckFieldsForNulls__IgnoredFieldsArrayContainsNullWithCorrectlyFilledObject_ThrowsException" fullname="Retriever4.Tests.ObjectsValidationTests.CheckFieldsForNulls__IgnoredFieldsArrayContainsNullWithCorrectlyFilledObject_ThrowsException" methodname="CheckFieldsForNulls__IgnoredFieldsArrayContainsNullWithCorrectlyFilledObject_ThrowsException" classname="Retriever4.Tests.ObjectsValidationTests" runstate="Runnable" seed="1721677270" result="Passed" start-time="2018-07-23 22:04:43Z" end-time="2018-07-23 22:04:43Z" duration="0.001261" asserts="1" />
          <test-case id="0-1053" name="CheckFieldsForNulls__IgnoredFieldsArrayContainsNullWithUncorrectlyFilledObject_ThrowsException" fullname="Retriever4.Tests.ObjectsValidationTests.CheckFieldsForNulls__IgnoredFieldsArrayContainsNullWithUncorrectlyFilledObject_ThrowsException" methodname="CheckFieldsForNulls__IgnoredFieldsArrayContainsNullWithUncorrectlyFilledObject_ThrowsException" classname="Retriever4.Tests.ObjectsValidationTests" runstate="Runnable" seed="1294122363" result="Passed" start-time="2018-07-23 22:04:43Z" end-time="2018-07-23 22:04:43Z" duration="0.000758" asserts="1" />
          <test-case id="0-1048" name="CheckFieldsForNulls_CheckingCorrectlyFilledConfiguration" fullname="Retriever4.Tests.ObjectsValidationTests.CheckFieldsForNulls_CheckingCorrectlyFilledConfiguration" methodname="CheckFieldsForNulls_CheckingCorrectlyFilledConfiguration" classname="Retriever4.Tests.ObjectsValidationTests" runstate="Runnable" seed="857067871" result="Passed" start-time="2018-07-23 22:04:43Z" end-time="2018-07-23 22:04:43Z" duration="0.000324" asserts="1" />
          <test-case id="0-1054" name="CheckFieldsForNulls_CheckingObjectFilledByNulls" fullname="Retriever4.Tests.ObjectsValidationTests.CheckFieldsForNulls_CheckingObjectFilledByNulls" methodname="CheckFieldsForNulls_CheckingObjectFilledByNulls" classname="Retriever4.Tests.ObjectsValidationTests" runstate="Runnable" seed="963014217" result="Passed" start-time="2018-07-23 22:04:43Z" end-time="2018-07-23 22:04:43Z" duration="0.001728" asserts="1" />
          <test-case id="0-1049" name="CheckFieldsForNulls_CheckingObjectWithNullFields" fullname="Retriever4.Tests.ObjectsValidationTests.CheckFieldsForNulls_CheckingObjectWithNullFields" methodname="CheckFieldsForNulls_CheckingObjectWithNullFields" classname="Retriever4.Tests.ObjectsValidationTests" runstate="Runnable" seed="1525040628" result="Passed" start-time="2018-07-23 22:04:43Z" end-time="2018-07-23 22:04:43Z" duration="0.000279" asserts="1" />
          <test-case id="0-1050" name="CheckFieldsForNulls_NullObject_ThrowsException" fullname="Retriever4.Tests.ObjectsValidationTests.CheckFieldsForNulls_NullObject_ThrowsException" methodname="CheckFieldsForNulls_NullObject_ThrowsException" classname="Retriever4.Tests.ObjectsValidationTests" runstate="Runnable" seed="1667191859" result="Passed" start-time="2018-07-23 22:04:43Z" end-time="2018-07-23 22:04:43Z" duration="0.000887" asserts="1" />
          <test-case id="0-1059" name="TakeFieldsWithNegativeNumbers" fullname="Retriever4.Tests.ObjectsValidationTests.TakeFieldsWithNegativeNumbers" methodname="TakeFieldsWithNegativeNumbers" classname="Retriever4.Tests.ObjectsValidationTests" runstate="Runnable" seed="541819377" result="Failed" start-time="2018-07-23 22:04:43Z" end-time="2018-07-23 22:04:43Z" duration="0.046249" asserts="1">
            <failure>
              <message><![CDATA[  Expected: True
  But was:  False
]]></message>
              <stack-trace><![CDATA[   at Retriever4.Tests.ObjectsValidationTests.TakeFieldsWithNegativeNumbers() in C:\Users\Duch003\source\repos\Retriever4\Retriever4.Tests\ObjectsValidationTests.cs:line 157
]]></stack-trace>
            </failure>
            <assertions>
              <assertion result="Failed">
                <message><![CDATA[  Expected: True
  But was:  False
]]></message>
                <stack-trace><![CDATA[   at Retriever4.Tests.ObjectsValidationTests.TakeFieldsWithNegativeNumbers() in C:\Users\Duch003\source\repos\Retriever4\Retriever4.Tests\ObjectsValidationTests.cs:line 157
]]></stack-trace>
              </assertion>
            </assertions>
          </test-case>
          <test-case id="0-1055" name="TakeFieldsWithNulls_CheckingObjectWithNullValues" fullname="Retriever4.Tests.ObjectsValidationTests.TakeFieldsWithNulls_CheckingObjectWithNullValues" methodname="TakeFieldsWithNulls_CheckingObjectWithNullValues" classname="Retriever4.Tests.ObjectsValidationTests" runstate="Runnable" seed="1085400868" result="Passed" start-time="2018-07-23 22:04:43Z" end-time="2018-07-23 22:04:43Z" duration="0.001532" asserts="1" />
          <test-case id="0-1058" name="TakeFieldsWithNulls_CheckingObjectWithNullValues_IgnoreTwoFields" fullname="Retriever4.Tests.ObjectsValidationTests.TakeFieldsWithNulls_CheckingObjectWithNullValues_IgnoreTwoFields" methodname="TakeFieldsWithNulls_CheckingObjectWithNullValues_IgnoreTwoFields" classname="Retriever4.Tests.ObjectsValidationTests" runstate="Runnable" seed="202923897" result="Failed" start-time="2018-07-23 22:04:43Z" end-time="2018-07-23 22:04:43Z" duration="0.001660" asserts="1">
            <failure>
              <message><![CDATA[  Expected: True
  But was:  False
]]></message>
              <stack-trace><![CDATA[   at Retriever4.Tests.ObjectsValidationTests.TakeFieldsWithNulls_CheckingObjectWithNullValues_IgnoreTwoFields() in C:\Users\Duch003\source\repos\Retriever4\Retriever4.Tests\ObjectsValidationTests.cs:line 147
]]></stack-trace>
            </failure>
            <assertions>
              <assertion result="Failed">
                <message><![CDATA[  Expected: True
  But was:  False
]]></message>
                <stack-trace><![CDATA[   at Retriever4.Tests.ObjectsValidationTests.TakeFieldsWithNulls_CheckingObjectWithNullValues_IgnoreTwoFields() in C:\Users\Duch003\source\repos\Retriever4\Retriever4.Tests\ObjectsValidationTests.cs:line 147
]]></stack-trace>
              </assertion>
            </assertions>
          </test-case>
          <test-case id="0-1056" name="TakeFieldsWithNulls_CheckingObjectWithoutsAssignedValues" fullname="Retriever4.Tests.ObjectsValidationTests.TakeFieldsWithNulls_CheckingObjectWithoutsAssignedValues" methodname="TakeFieldsWithNulls_CheckingObjectWithoutsAssignedValues" classname="Retriever4.Tests.ObjectsValidationTests" runstate="Runnable" seed="1248176459" result="Passed" start-time="2018-07-23 22:04:43Z" end-time="2018-07-23 22:04:43Z" duration="0.000557" asserts="1" />
          <test-case id="0-1057" name="TakeFieldsWithNulls_ChekingObjectWithoutNulls" fullname="Retriever4.Tests.ObjectsValidationTests.TakeFieldsWithNulls_ChekingObjectWithoutNulls" methodname="TakeFieldsWithNulls_ChekingObjectWithoutNulls" classname="Retriever4.Tests.ObjectsValidationTests" runstate="Runnable" seed="1033985936" result="Failed" start-time="2018-07-23 22:04:43Z" end-time="2018-07-23 22:04:43Z" duration="0.000918" asserts="1">
            <failure>
              <message><![CDATA[  Expected: True
  But was:  False
]]></message>
              <stack-trace><![CDATA[   at Retriever4.Tests.ObjectsValidationTests.TakeFieldsWithNulls_ChekingObjectWithoutNulls() in C:\Users\Duch003\source\repos\Retriever4\Retriever4.Tests\ObjectsValidationTests.cs:line 139
]]></stack-trace>
            </failure>
            <assertions>
              <assertion result="Failed">
                <message><![CDATA[  Expected: True
  But was:  False
]]></message>
                <stack-trace><![CDATA[   at Retriever4.Tests.ObjectsValidationTests.TakeFieldsWithNulls_ChekingObjectWithoutNulls() in C:\Users\Duch003\source\repos\Retriever4\Retriever4.Tests\ObjectsValidationTests.cs:line 139
]]></stack-trace>
              </assertion>
            </assertions>
          </test-case>
        </test-suite>
        <test-suite type="TestFixture" id="0-1060" name="StringValidationTests" fullname="Retriever4.Tests.StringValidationTests" classname="Retriever4.Tests.StringValidationTests" runstate="Runnable" testcasecount="54" result="Skipped" label="Ignored" site="Child" start-time="2018-07-23 22:04:43Z" end-time="2018-07-23 22:04:43Z" duration="0.020146" total="54" passed="49" failed="0" warnings="0" inconclusive="0" skipped="5" asserts="49">
          <reason>
            <message><![CDATA[One or more child tests were ignored]]></message>
          </reason>
          <test-suite type="ParameterizedMethod" id="0-1082" name="CompareCPUs_ArgumentIsNull_ThrowsException" fullname="Retriever4.Tests.StringValidationTests.CompareCPUs_ArgumentIsNull_ThrowsException" classname="Retriever4.Tests.StringValidationTests" runstate="Runnable" testcasecount="6" result="Passed" start-time="2018-07-23 22:04:43Z" end-time="2018-07-23 22:04:43Z" duration="0.002490" total="6" passed="6" failed="0" warnings="0" inconclusive="0" skipped="0" asserts="6">
            <test-case id="0-1076" name="CompareCPUs_ArgumentIsNull_ThrowsException(&quot;Test&quot;,&quot;&quot;)" fullname="Retriever4.Tests.StringValidationTests.CompareCPUs_ArgumentIsNull_ThrowsException(&quot;Test&quot;,&quot;&quot;)" methodname="CompareCPUs_ArgumentIsNull_ThrowsException" classname="Retriever4.Tests.StringValidationTests" runstate="Runnable" seed="977647780" result="Passed" start-time="2018-07-23 22:04:43Z" end-time="2018-07-23 22:04:43Z" duration="0.001303" asserts="1" />
            <test-case id="0-1077" name="CompareCPUs_ArgumentIsNull_ThrowsException(&quot;Test&quot;,null)" fullname="Retriever4.Tests.StringValidationTests.CompareCPUs_ArgumentIsNull_ThrowsException(&quot;Test&quot;,null)" methodname="CompareCPUs_ArgumentIsNull_ThrowsException" classname="Retriever4.Tests.StringValidationTests" runstate="Runnable" seed="152036414" result="Passed" start-time="2018-07-23 22:04:43Z" end-time="2018-07-23 22:04:43Z" duration="0.000316" asserts="1" />
            <test-case id="0-1078" name="CompareCPUs_ArgumentIsNull_ThrowsException(&quot;&quot;,&quot;Test&quot;)" fullname="Retriever4.Tests.StringValidationTests.CompareCPUs_ArgumentIsNull_ThrowsException(&quot;&quot;,&quot;Test&quot;)" methodname="CompareCPUs_ArgumentIsNull_ThrowsException" classname="Retriever4.Tests.StringValidationTests" runstate="Runnable" seed="273602072" result="Passed" start-time="2018-07-23 22:04:43Z" end-time="2018-07-23 22:04:43Z" duration="0.000222" asserts="1" />
            <test-case id="0-1079" name="CompareCPUs_ArgumentIsNull_ThrowsException(null,&quot;Test&quot;)" fullname="Retriever4.Tests.StringValidationTests.CompareCPUs_ArgumentIsNull_ThrowsException(null,&quot;Test&quot;)" methodname="CompareCPUs_ArgumentIsNull_ThrowsException" classname="Retriever4.Tests.StringValidationTests" runstate="Runnable" seed="1060050377" result="Passed" start-time="2018-07-23 22:04:43Z" end-time="2018-07-23 22:04:43Z" duration="0.000165" asserts="1" />
            <test-case id="0-1080" name="CompareCPUs_ArgumentIsNull_ThrowsException(&quot;&quot;,&quot;&quot;)" fullname="Retriever4.Tests.StringValidationTests.CompareCPUs_ArgumentIsNull_ThrowsException(&quot;&quot;,&quot;&quot;)" methodname="CompareCPUs_ArgumentIsNull_ThrowsException" classname="Retriever4.Tests.StringValidationTests" runstate="Runnable" seed="1487239045" result="Passed" start-time="2018-07-23 22:04:43Z" end-time="2018-07-23 22:04:43Z" duration="0.000134" asserts="1" />
            <test-case id="0-1081" name="CompareCPUs_ArgumentIsNull_ThrowsException(null,null)" fullname="Retriever4.Tests.StringValidationTests.CompareCPUs_ArgumentIsNull_ThrowsException(null,null)" methodname="CompareCPUs_ArgumentIsNull_ThrowsException" classname="Retriever4.Tests.StringValidationTests" runstate="Runnable" seed="786351114" result="Passed" start-time="2018-07-23 22:04:43Z" end-time="2018-07-23 22:04:43Z" duration="0.000219" asserts="1" />
          </test-suite>
          <test-suite type="ParameterizedMethod" id="0-1075" name="CompareCPUs_VariousData_ReturnsTrue" fullname="Retriever4.Tests.StringValidationTests.CompareCPUs_VariousData_ReturnsTrue" classname="Retriever4.Tests.StringValidationTests" runstate="Runnable" testcasecount="14" result="Passed" start-time="2018-07-23 22:04:43Z" end-time="2018-07-23 22:04:43Z" duration="0.003220" total="14" passed="14" failed="0" warnings="0" inconclusive="0" skipped="0" asserts="14">
            <test-case id="0-1061" name="CompareCPUs_VariousData_ReturnsTrue(&quot;i5-7200U&quot;,&quot;GeniueIntel Intel&lt;R&gt; Core&lt;TM&gt; i5-7200U CPU @ 2.50GHz&quot;)" fullname="Retriever4.Tests.StringValidationTests.CompareCPUs_VariousData_ReturnsTrue(&quot;i5-7200U&quot;,&quot;GeniueIntel Intel&lt;R&gt; Core&lt;TM&gt; i5-7200U CPU @ 2.50GHz&quot;)" methodname="CompareCPUs_VariousData_ReturnsTrue" classname="Retriever4.Tests.StringValidationTests" runstate="Runnable" seed="1933089213" result="Passed" start-time="2018-07-23 22:04:43Z" end-time="2018-07-23 22:04:43Z" duration="0.000398" asserts="1" />
            <test-case id="0-1062" name="CompareCPUs_VariousData_ReturnsTrue(&quot;Pentium 4415U&quot;,&quot;GeniueIntel Intel&lt;R&gt; Pentium&lt;TM&gt; CPU 4415U @ 2.30GHz&quot;)" fullname="Retriever4.Tests.StringValidationTests.CompareCPUs_VariousData_ReturnsTrue(&quot;Pentium 4415U&quot;,&quot;GeniueIntel Intel&lt;R&gt; Pentium&lt;TM&gt; CPU 4415U @ 2.30GHz&quot;)" methodname="CompareCPUs_VariousData_ReturnsTrue" classname="Retriever4.Tests.StringValidationTests" runstate="Runnable" seed="593608271" result="Passed" start-time="2018-07-23 22:04:43Z" end-time="2018-07-23 22:04:43Z" duration="0.000190" asserts="1" />
            <test-case id="0-1063" name="CompareCPUs_VariousData_ReturnsTrue(&quot;i3-7100U&quot;,&quot;GeniueIntel Intel&lt;R&gt; Core&lt;TM&gt; i3-7100U CPU @ 2.40GHz&quot;)" fullname="Retriever4.Tests.StringValidationTests.CompareCPUs_VariousData_ReturnsTrue(&quot;i3-7100U&quot;,&quot;GeniueIntel Intel&lt;R&gt; Core&lt;TM&gt; i3-7100U CPU @ 2.40GHz&quot;)" methodname="CompareCPUs_VariousData_ReturnsTrue" classname="Retriever4.Tests.StringValidationTests" runstate="Runnable" seed="1535668114" result="Passed" start-time="2018-07-23 22:04:43Z" end-time="2018-07-23 22:04:43Z" duration="0.000896" asserts="1" />
            <test-case id="0-1064" name="CompareCPUs_VariousData_ReturnsTrue(&quot;i7-8550U&quot;,&quot;GeniueIntel Intel&lt;R&gt; Core&lt;TM&gt; i7-8550U CPU @ 1.80GHz&quot;)" fullname="Retriever4.Tests.StringValidationTests.CompareCPUs_VariousData_ReturnsTrue(&quot;i7-8550U&quot;,&quot;GeniueIntel Intel&lt;R&gt; Core&lt;TM&gt; i7-8550U CPU @ 1.80GHz&quot;)" methodname="CompareCPUs_VariousData_ReturnsTrue" classname="Retriever4.Tests.StringValidationTests" runstate="Runnable" seed="1913153463" result="Passed" start-time="2018-07-23 22:04:43Z" end-time="2018-07-23 22:04:43Z" duration="0.000135" asserts="1" />
            <test-case id="0-1065" name="CompareCPUs_VariousData_ReturnsTrue(&quot;Atom x5-Z8350&quot;,&quot;GeniueIntel Intel&lt;R&gt; Atom&lt;TM&gt; x5-Z8350 CPU @ 1.44GHz&quot;)" fullname="Retriever4.Tests.StringValidationTests.CompareCPUs_VariousData_ReturnsTrue(&quot;Atom x5-Z8350&quot;,&quot;GeniueIntel Intel&lt;R&gt; Atom&lt;TM&gt; x5-Z8350 CPU @ 1.44GHz&quot;)" methodname="CompareCPUs_VariousData_ReturnsTrue" classname="Retriever4.Tests.StringValidationTests" runstate="Runnable" seed="693900130" result="Passed" start-time="2018-07-23 22:04:43Z" end-time="2018-07-23 22:04:43Z" duration="0.000132" asserts="1" />
            <test-case id="0-1066" name="CompareCPUs_VariousData_ReturnsTrue(&quot;Celeron N3060&quot;,&quot;GeniueIntel Intel&lt;R&gt; Celeron&lt;TM&gt; N3060 CPU @ 1.60GHz&quot;)" fullname="Retriever4.Tests.StringValidationTests.CompareCPUs_VariousData_ReturnsTrue(&quot;Celeron N3060&quot;,&quot;GeniueIntel Intel&lt;R&gt; Celeron&lt;TM&gt; N3060 CPU @ 1.60GHz&quot;)" methodname="CompareCPUs_VariousData_ReturnsTrue" classname="Retriever4.Tests.StringValidationTests" runstate="Runnable" seed="1248736559" result="Passed" start-time="2018-07-23 22:04:43Z" end-time="2018-07-23 22:04:43Z" duration="0.000132" asserts="1" />
            <test-case id="0-1067" name="CompareCPUs_VariousData_ReturnsTrue(&quot;Pentium N3700&quot;,&quot;GeniueIntel Intel&lt;R&gt; Pentium&lt;TM&gt; N3700 CPU @ 1.60GHz&quot;)" fullname="Retriever4.Tests.StringValidationTests.CompareCPUs_VariousData_ReturnsTrue(&quot;Pentium N3700&quot;,&quot;GeniueIntel Intel&lt;R&gt; Pentium&lt;TM&gt; N3700 CPU @ 1.60GHz&quot;)" methodname="CompareCPUs_VariousData_ReturnsTrue" classname="Retriever4.Tests.StringValidationTests" runstate="Runnable" seed="250102094" result="Passed" start-time="2018-07-23 22:04:43Z" end-time="2018-07-23 22:04:43Z" duration="0.000130" asserts="1" />
            <test-case id="0-1068" name="CompareCPUs_VariousData_ReturnsTrue(&quot;i3-6006U&quot;,&quot;GeniueIntel Intel&lt;R&gt; Core&lt;TM&gt; i3-6006U CPU @ 2.00GHz&quot;)" fullname="Retriever4.Tests.StringValidationTests.CompareCPUs_VariousData_ReturnsTrue(&quot;i3-6006U&quot;,&quot;GeniueIntel Intel&lt;R&gt; Core&lt;TM&gt; i3-6006U CPU @ 2.00GHz&quot;)" methodname="CompareCPUs_VariousData_ReturnsTrue" classname="Retriever4.Tests.StringValidationTests" runstate="Runnable" seed="30895206" result="Passed" start-time="2018-07-23 22:04:43Z" end-time="2018-07-23 22:04:43Z" duration="0.000130" asserts="1" />
            <test-case id="0-1069" name="CompareCPUs_VariousData_ReturnsTrue(&quot;Pentium 4405U&quot;,&quot;GeniueIntel Intel&lt;R&gt; Pentium&lt;TM&gt; CPU 4405U @ 2.10GHz&quot;)" fullname="Retriever4.Tests.StringValidationTests.CompareCPUs_VariousData_ReturnsTrue(&quot;Pentium 4405U&quot;,&quot;GeniueIntel Intel&lt;R&gt; Pentium&lt;TM&gt; CPU 4405U @ 2.10GHz&quot;)" methodname="CompareCPUs_VariousData_ReturnsTrue" classname="Retriever4.Tests.StringValidationTests" runstate="Runnable" seed="427855743" result="Passed" start-time="2018-07-23 22:04:43Z" end-time="2018-07-23 22:04:43Z" duration="0.000235" asserts="1" />
            <test-case id="0-1070" name="CompareCPUs_VariousData_ReturnsTrue(&quot;Atom Z3735F&quot;,&quot;GeniueIntel Intel&lt;R&gt; Atom&lt;TM&gt; CPU Z3735F @ 1.33GHz&quot;)" fullname="Retriever4.Tests.StringValidationTests.CompareCPUs_VariousData_ReturnsTrue(&quot;Atom Z3735F&quot;,&quot;GeniueIntel Intel&lt;R&gt; Atom&lt;TM&gt; CPU Z3735F @ 1.33GHz&quot;)" methodname="CompareCPUs_VariousData_ReturnsTrue" classname="Retriever4.Tests.StringValidationTests" runstate="Runnable" seed="447171113" result="Passed" start-time="2018-07-23 22:04:43Z" end-time="2018-07-23 22:04:43Z" duration="0.000132" asserts="1" />
            <test-case id="0-1071" name="CompareCPUs_VariousData_ReturnsTrue(&quot;i7-6700HQ&quot;,&quot;GeniueIntel Intel&lt;R&gt; Core&lt;TM&gt; i7-6700HQ CPU @ 2.60GHz&quot;)" fullname="Retriever4.Tests.StringValidationTests.CompareCPUs_VariousData_ReturnsTrue(&quot;i7-6700HQ&quot;,&quot;GeniueIntel Intel&lt;R&gt; Core&lt;TM&gt; i7-6700HQ CPU @ 2.60GHz&quot;)" methodname="CompareCPUs_VariousData_ReturnsTrue" classname="Retriever4.Tests.StringValidationTests" runstate="Runnable" seed="297568841" result="Passed" start-time="2018-07-23 22:04:43Z" end-time="2018-07-23 22:04:43Z" duration="0.000132" asserts="1" />
            <test-case id="0-1072" name="CompareCPUs_VariousData_ReturnsTrue(&quot;Celeron N3150&quot;,&quot;GeniueIntel Intel&lt;R&gt; Celeron&lt;TM&gt; CPU N3150 @ 1.60GHz&quot;)" fullname="Retriever4.Tests.StringValidationTests.CompareCPUs_VariousData_ReturnsTrue(&quot;Celeron N3150&quot;,&quot;GeniueIntel Intel&lt;R&gt; Celeron&lt;TM&gt; CPU N3150 @ 1.60GHz&quot;)" methodname="CompareCPUs_VariousData_ReturnsTrue" classname="Retriever4.Tests.StringValidationTests" runstate="Runnable" seed="1065841664" result="Passed" start-time="2018-07-23 22:04:43Z" end-time="2018-07-23 22:04:43Z" duration="0.000159" asserts="1" />
            <test-case id="0-1073" name="CompareCPUs_VariousData_ReturnsTrue(&quot;Pentium N4200&quot;,&quot;GeniueIntel Intel&lt;R&gt; Pentium&lt;TM&gt; CPU N4200 @ 1.10GHz&quot;)" fullname="Retriever4.Tests.StringValidationTests.CompareCPUs_VariousData_ReturnsTrue(&quot;Pentium N4200&quot;,&quot;GeniueIntel Intel&lt;R&gt; Pentium&lt;TM&gt; CPU N4200 @ 1.10GHz&quot;)" methodname="CompareCPUs_VariousData_ReturnsTrue" classname="Retriever4.Tests.StringValidationTests" runstate="Runnable" seed="1179854575" result="Passed" start-time="2018-07-23 22:04:43Z" end-time="2018-07-23 22:04:43Z" duration="0.000131" asserts="1" />
            <test-case id="0-1074" name="CompareCPUs_VariousData_ReturnsTrue(&quot;Intel Celeron N2808&quot;,&quot;GeniueIntel Intel&lt;R&gt; Celeron&lt;TM&gt; CPU N2808 @ 1.58GHz&quot;)" fullname="Retriever4.Tests.StringValidationTests.CompareCPUs_VariousData_ReturnsTrue(&quot;Intel Celeron N2808&quot;,&quot;GeniueIntel Intel&lt;R&gt; Celeron&lt;TM&gt; CPU N2808 @ 1.58GHz&quot;)" methodname="CompareCPUs_VariousData_ReturnsTrue" classname="Retriever4.Tests.StringValidationTests" runstate="Runnable" seed="1444559855" result="Passed" start-time="2018-07-23 22:04:43Z" end-time="2018-07-23 22:04:43Z" duration="0.000131" asserts="1" />
          </test-suite>
          <test-suite type="ParameterizedMethod" id="0-1112" name="CompareMainboardModel_ArgumentIsNull_ThrowsException" fullname="Retriever4.Tests.StringValidationTests.CompareMainboardModel_ArgumentIsNull_ThrowsException" classname="Retriever4.Tests.StringValidationTests" runstate="Runnable" testcasecount="6" result="Passed" start-time="2018-07-23 22:04:43Z" end-time="2018-07-23 22:04:43Z" duration="0.002061" total="6" passed="6" failed="0" warnings="0" inconclusive="0" skipped="0" asserts="6">
            <test-case id="0-1106" name="CompareMainboardModel_ArgumentIsNull_ThrowsException(&quot;Test&quot;,&quot;&quot;)" fullname="Retriever4.Tests.StringValidationTests.CompareMainboardModel_ArgumentIsNull_ThrowsException(&quot;Test&quot;,&quot;&quot;)" methodname="CompareMainboardModel_ArgumentIsNull_ThrowsException" classname="Retriever4.Tests.StringValidationTests" runstate="Runnable" seed="1606161370" result="Passed" start-time="2018-07-23 22:04:43Z" end-time="2018-07-23 22:04:43Z" duration="0.001190" asserts="1" />
            <test-case id="0-1107" name="CompareMainboardModel_ArgumentIsNull_ThrowsException(&quot;Test&quot;,null)" fullname="Retriever4.Tests.StringValidationTests.CompareMainboardModel_ArgumentIsNull_ThrowsException(&quot;Test&quot;,null)" methodname="CompareMainboardModel_ArgumentIsNull_ThrowsException" classname="Retriever4.Tests.StringValidationTests" runstate="Runnable" seed="556803888" result="Passed" start-time="2018-07-23 22:04:43Z" end-time="2018-07-23 22:04:43Z" duration="0.000160" asserts="1" />
            <test-case id="0-1108" name="CompareMainboardModel_ArgumentIsNull_ThrowsException(&quot;&quot;,&quot;Test&quot;)" fullname="Retriever4.Tests.StringValidationTests.CompareMainboardModel_ArgumentIsNull_ThrowsException(&quot;&quot;,&quot;Test&quot;)" methodname="CompareMainboardModel_ArgumentIsNull_ThrowsException" classname="Retriever4.Tests.StringValidationTests" runstate="Runnable" seed="1943783601" result="Passed" start-time="2018-07-23 22:04:43Z" end-time="2018-07-23 22:04:43Z" duration="0.000159" asserts="1" />
            <test-case id="0-1109" name="CompareMainboardModel_ArgumentIsNull_ThrowsException(null,&quot;Test&quot;)" fullname="Retriever4.Tests.StringValidationTests.CompareMainboardModel_ArgumentIsNull_ThrowsException(null,&quot;Test&quot;)" methodname="CompareMainboardModel_ArgumentIsNull_ThrowsException" classname="Retriever4.Tests.StringValidationTests" runstate="Runnable" seed="1005770813" result="Passed" start-time="2018-07-23 22:04:43Z" end-time="2018-07-23 22:04:43Z" duration="0.000165" asserts="1" />
            <test-case id="0-1110" name="CompareMainboardModel_ArgumentIsNull_ThrowsException(&quot;&quot;,&quot;&quot;)" fullname="Retriever4.Tests.StringValidationTests.CompareMainboardModel_ArgumentIsNull_ThrowsException(&quot;&quot;,&quot;&quot;)" methodname="CompareMainboardModel_ArgumentIsNull_ThrowsException" classname="Retriever4.Tests.StringValidationTests" runstate="Runnable" seed="1123767143" result="Passed" start-time="2018-07-23 22:04:43Z" end-time="2018-07-23 22:04:43Z" duration="0.000160" asserts="1" />
            <test-case id="0-1111" name="CompareMainboardModel_ArgumentIsNull_ThrowsException(null,null)" fullname="Retriever4.Tests.StringValidationTests.CompareMainboardModel_ArgumentIsNull_ThrowsException(null,null)" methodname="CompareMainboardModel_ArgumentIsNull_ThrowsException" classname="Retriever4.Tests.StringValidationTests" runstate="Runnable" seed="816856061" result="Passed" start-time="2018-07-23 22:04:43Z" end-time="2018-07-23 22:04:43Z" duration="0.000133" asserts="1" />
          </test-suite>
          <test-suite type="ParameterizedMethod" id="0-1105" name="CompareMainboardModel_VariousData_ReturnsTrue" fullname="Retriever4.Tests.StringValidationTests.CompareMainboardModel_VariousData_ReturnsTrue" classname="Retriever4.Tests.StringValidationTests" runstate="Runnable" testcasecount="22" result="Skipped" label="Ignored" site="Child" start-time="2018-07-23 22:04:43Z" end-time="2018-07-23 22:04:43Z" duration="0.010420" total="22" passed="17" failed="0" warnings="0" inconclusive="0" skipped="5" asserts="17">
            <reason>
              <message><![CDATA[One or more child tests were ignored]]></message>
            </reason>
            <test-case id="0-1083" name="CompareMainboardModel_VariousData_ReturnsTrue(&quot;E15KR&quot;,&quot;E15KR&quot;)" fullname="Retriever4.Tests.StringValidationTests.CompareMainboardModel_VariousData_ReturnsTrue(&quot;E15KR&quot;,&quot;E15KR&quot;)" methodname="CompareMainboardModel_VariousData_ReturnsTrue" classname="Retriever4.Tests.StringValidationTests" runstate="Runnable" seed="550346154" result="Passed" start-time="2018-07-23 22:04:43Z" end-time="2018-07-23 22:04:43Z" duration="0.003196" asserts="1" />
            <test-case id="0-1084" name="CompareMainboardModel_VariousData_ReturnsTrue(&quot;E15K&quot;,&quot;E15KUN&quot;)" fullname="Retriever4.Tests.StringValidationTests.CompareMainboardModel_VariousData_ReturnsTrue(&quot;E15K&quot;,&quot;E15KUN&quot;)" methodname="CompareMainboardModel_VariousData_ReturnsTrue" classname="Retriever4.Tests.StringValidationTests" runstate="Runnable" seed="1719098741" result="Passed" start-time="2018-07-23 22:04:43Z" end-time="2018-07-23 22:04:43Z" duration="0.000308" asserts="1" />
            <test-case id="0-1085" name="CompareMainboardModel_VariousData_ReturnsTrue(&quot;E15K&quot;,&quot;E15K&quot;)" fullname="Retriever4.Tests.StringValidationTests.CompareMainboardModel_VariousData_ReturnsTrue(&quot;E15K&quot;,&quot;E15K&quot;)" methodname="CompareMainboardModel_VariousData_ReturnsTrue" classname="Retriever4.Tests.StringValidationTests" runstate="Runnable" seed="1410202275" result="Passed" start-time="2018-07-23 22:04:43Z" end-time="2018-07-23 22:04:43Z" duration="0.000228" asserts="1" />
            <test-case id="0-1086" name="CompareMainboardModel_VariousData_ReturnsTrue(&quot;D17K&quot;,&quot;D17KUN&quot;)" fullname="Retriever4.Tests.StringValidationTests.CompareMainboardModel_VariousData_ReturnsTrue(&quot;D17K&quot;,&quot;D17KUN&quot;)" methodname="CompareMainboardModel_VariousData_ReturnsTrue" classname="Retriever4.Tests.StringValidationTests" runstate="Runnable" seed="1767936257" result="Passed" start-time="2018-07-23 22:04:43Z" end-time="2018-07-23 22:04:43Z" duration="0.000228" asserts="1" />
            <test-case id="0-1087" name="CompareMainboardModel_VariousData_ReturnsTrue(&quot;D17KxR&quot;,&quot;D17KR&quot;)" fullname="Retriever4.Tests.StringValidationTests.CompareMainboardModel_VariousData_ReturnsTrue(&quot;D17KxR&quot;,&quot;D17KR&quot;)" methodname="CompareMainboardModel_VariousData_ReturnsTrue" classname="Retriever4.Tests.StringValidationTests" runstate="Runnable" seed="1535557489" result="Passed" start-time="2018-07-23 22:04:43Z" end-time="2018-07-23 22:04:43Z" duration="0.000232" asserts="1" />
            <test-case id="0-1088" name="CompareMainboardModel_VariousData_ReturnsTrue(&quot;Nt16H&quot;,&quot;NT16H&quot;)" fullname="Retriever4.Tests.StringValidationTests.CompareMainboardModel_VariousData_ReturnsTrue(&quot;Nt16H&quot;,&quot;NT16H&quot;)" methodname="CompareMainboardModel_VariousData_ReturnsTrue" classname="Retriever4.Tests.StringValidationTests" runstate="Runnable" seed="593127985" result="Passed" start-time="2018-07-23 22:04:43Z" end-time="2018-07-23 22:04:43Z" duration="0.000471" asserts="1" />
            <test-case id="0-1089" name="CompareMainboardModel_VariousData_ReturnsTrue(&quot;E15K&quot;,&quot;E15KGN&quot;)" fullname="Retriever4.Tests.StringValidationTests.CompareMainboardModel_VariousData_ReturnsTrue(&quot;E15K&quot;,&quot;E15KGN&quot;)" methodname="CompareMainboardModel_VariousData_ReturnsTrue" classname="Retriever4.Tests.StringValidationTests" runstate="Runnable" seed="1518747025" result="Passed" start-time="2018-07-23 22:04:43Z" end-time="2018-07-23 22:04:43Z" duration="0.000239" asserts="1" />
            <test-case id="0-1090" name="CompareMainboardModel_VariousData_ReturnsTrue(&quot;E15S&quot;,&quot;E15SIN&quot;)" fullname="Retriever4.Tests.StringValidationTests.CompareMainboardModel_VariousData_ReturnsTrue(&quot;E15S&quot;,&quot;E15SIN&quot;)" methodname="CompareMainboardModel_VariousData_ReturnsTrue" classname="Retriever4.Tests.StringValidationTests" runstate="Runnable" seed="1088215838" result="Passed" start-time="2018-07-23 22:04:43Z" end-time="2018-07-23 22:04:43Z" duration="0.000232" asserts="1" />
            <test-case id="0-1091" name="CompareMainboardModel_VariousData_ReturnsTrue(&quot;Wingman&quot;,&quot;3165 3ND&quot;)" fullname="Retriever4.Tests.StringValidationTests.CompareMainboardModel_VariousData_ReturnsTrue(&quot;Wingman&quot;,&quot;3165 3ND&quot;)" methodname="CompareMainboardModel_VariousData_ReturnsTrue" classname="Retriever4.Tests.StringValidationTests" runstate="Ignored" seed="1089189792" result="Skipped" label="Ignored" start-time="2018-07-23 22:04:43Z" end-time="2018-07-23 22:04:43Z" duration="0.000862" asserts="0">
              <properties>
                <property name="_SKIPREASON" value="Potrzebna porpawka w bazie danych" />
              </properties>
              <reason>
                <message><![CDATA[Potrzebna porpawka w bazie danych]]></message>
              </reason>
            </test-case>
            <test-case id="0-1092" name="CompareMainboardModel_VariousData_ReturnsTrue(&quot;Polo 2&quot;,&quot;MA50LU&quot;)" fullname="Retriever4.Tests.StringValidationTests.CompareMainboardModel_VariousData_ReturnsTrue(&quot;Polo 2&quot;,&quot;MA50LU&quot;)" methodname="CompareMainboardModel_VariousData_ReturnsTrue" classname="Retriever4.Tests.StringValidationTests" runstate="Ignored" seed="1743954025" result="Skipped" label="Ignored" start-time="2018-07-23 22:04:43Z" end-time="2018-07-23 22:04:43Z" duration="0.000007" asserts="0">
              <properties>
                <property name="_SKIPREASON" value="Potrzebna porpawka w bazie danych" />
              </properties>
              <reason>
                <message><![CDATA[Potrzebna porpawka w bazie danych]]></message>
              </reason>
            </test-case>
            <test-case id="0-1093" name="CompareMainboardModel_VariousData_ReturnsTrue(&quot;D17KxR&quot;,&quot;D17KGR&quot;)" fullname="Retriever4.Tests.StringValidationTests.CompareMainboardModel_VariousData_ReturnsTrue(&quot;D17KxR&quot;,&quot;D17KGR&quot;)" methodname="CompareMainboardModel_VariousData_ReturnsTrue" classname="Retriever4.Tests.StringValidationTests" runstate="Runnable" seed="367625195" result="Passed" start-time="2018-07-23 22:04:43Z" end-time="2018-07-23 22:04:43Z" duration="0.000244" asserts="1" />
            <test-case id="0-1094" name="CompareMainboardModel_VariousData_ReturnsTrue(&quot;WMBT1031&quot;,&quot;CNB PEAQ P1211T MD60011&quot;)" fullname="Retriever4.Tests.StringValidationTests.CompareMainboardModel_VariousData_ReturnsTrue(&quot;WMBT1031&quot;,&quot;CNB PEAQ P1211T MD60011&quot;)" methodname="CompareMainboardModel_VariousData_ReturnsTrue" classname="Retriever4.Tests.StringValidationTests" runstate="Ignored" seed="375300867" result="Skipped" label="Ignored" start-time="2018-07-23 22:04:43Z" end-time="2018-07-23 22:04:43Z" duration="0.000002" asserts="0">
              <properties>
                <property name="_SKIPREASON" value="Potrzebna porpawka w bazie danych" />
              </properties>
              <reason>
                <message><![CDATA[Potrzebna porpawka w bazie danych]]></message>
              </reason>
            </test-case>
            <test-case id="0-1095" name="CompareMainboardModel_VariousData_ReturnsTrue(&quot;P670RE1M&quot;,&quot;P670RE1M&quot;)" fullname="Retriever4.Tests.StringValidationTests.CompareMainboardModel_VariousData_ReturnsTrue(&quot;P670RE1M&quot;,&quot;P670RE1M&quot;)" methodname="CompareMainboardModel_VariousData_ReturnsTrue" classname="Retriever4.Tests.StringValidationTests" runstate="Runnable" seed="874682792" result="Passed" start-time="2018-07-23 22:04:43Z" end-time="2018-07-23 22:04:43Z" duration="0.000250" asserts="1" />
            <test-case id="0-1096" name="CompareMainboardModel_VariousData_ReturnsTrue(&quot;P670RE1-M&quot;,&quot;P670RE1M&quot;)" fullname="Retriever4.Tests.StringValidationTests.CompareMainboardModel_VariousData_ReturnsTrue(&quot;P670RE1-M&quot;,&quot;P670RE1M&quot;)" methodname="CompareMainboardModel_VariousData_ReturnsTrue" classname="Retriever4.Tests.StringValidationTests" runstate="Runnable" seed="1013803516" result="Passed" start-time="2018-07-23 22:04:43Z" end-time="2018-07-23 22:04:43Z" duration="0.000719" asserts="1" />
            <test-case id="0-1097" name="CompareMainboardModel_VariousData_ReturnsTrue(&quot;NSBW1x02&quot;,&quot;NSBW1402&quot;)" fullname="Retriever4.Tests.StringValidationTests.CompareMainboardModel_VariousData_ReturnsTrue(&quot;NSBW1x02&quot;,&quot;NSBW1402&quot;)" methodname="CompareMainboardModel_VariousData_ReturnsTrue" classname="Retriever4.Tests.StringValidationTests" runstate="Runnable" seed="333235591" result="Passed" start-time="2018-07-23 22:04:43Z" end-time="2018-07-23 22:04:43Z" duration="0.000252" asserts="1" />
            <test-case id="0-1098" name="CompareMainboardModel_VariousData_ReturnsTrue(&quot;WMBT1031&quot;,&quot;WMBT8931&quot;)" fullname="Retriever4.Tests.StringValidationTests.CompareMainboardModel_VariousData_ReturnsTrue(&quot;WMBT1031&quot;,&quot;WMBT8931&quot;)" methodname="CompareMainboardModel_VariousData_ReturnsTrue" classname="Retriever4.Tests.StringValidationTests" runstate="Ignored" seed="1640064622" result="Skipped" label="Ignored" start-time="2018-07-23 22:04:43Z" end-time="2018-07-23 22:04:43Z" duration="0.000002" asserts="0">
              <properties>
                <property name="_SKIPREASON" value="Potrzebna porpawka w bazie danych" />
              </properties>
              <reason>
                <message><![CDATA[Potrzebna porpawka w bazie danych]]></message>
              </reason>
            </test-case>
            <test-case id="0-1099" name="CompareMainboardModel_VariousData_ReturnsTrue(&quot;NT13A&quot;,&quot;NT13A&quot;)" fullname="Retriever4.Tests.StringValidationTests.CompareMainboardModel_VariousData_ReturnsTrue(&quot;NT13A&quot;,&quot;NT13A&quot;)" methodname="CompareMainboardModel_VariousData_ReturnsTrue" classname="Retriever4.Tests.StringValidationTests" runstate="Runnable" seed="1676327512" result="Passed" start-time="2018-07-23 22:04:43Z" end-time="2018-07-23 22:04:43Z" duration="0.000944" asserts="1" />
            <test-case id="0-1100" name="CompareMainboardModel_VariousData_ReturnsTrue(&quot;Skoda&quot;,&quot;E1232T&quot;)" fullname="Retriever4.Tests.StringValidationTests.CompareMainboardModel_VariousData_ReturnsTrue(&quot;Skoda&quot;,&quot;E1232T&quot;)" methodname="CompareMainboardModel_VariousData_ReturnsTrue" classname="Retriever4.Tests.StringValidationTests" runstate="Ignored" seed="1344844923" result="Skipped" label="Ignored" start-time="2018-07-23 22:04:43Z" end-time="2018-07-23 22:04:43Z" duration="0.000003" asserts="0">
              <properties>
                <property name="_SKIPREASON" value="Potrzebna porpawka w bazie danych" />
              </properties>
              <reason>
                <message><![CDATA[Potrzebna porpawka w bazie danych]]></message>
              </reason>
            </test-case>
            <test-case id="0-1101" name="CompareMainboardModel_VariousData_ReturnsTrue(&quot;D17KxR&quot;,&quot;D17KRR&quot;)" fullname="Retriever4.Tests.StringValidationTests.CompareMainboardModel_VariousData_ReturnsTrue(&quot;D17KxR&quot;,&quot;D17KRR&quot;)" methodname="CompareMainboardModel_VariousData_ReturnsTrue" classname="Retriever4.Tests.StringValidationTests" runstate="Runnable" seed="528488669" result="Passed" start-time="2018-07-23 22:04:43Z" end-time="2018-07-23 22:04:43Z" duration="0.000278" asserts="1" />
            <test-case id="0-1102" name="CompareMainboardModel_VariousData_ReturnsTrue(&quot;D17S&quot;,&quot;D17SFN&quot;)" fullname="Retriever4.Tests.StringValidationTests.CompareMainboardModel_VariousData_ReturnsTrue(&quot;D17S&quot;,&quot;D17SFN&quot;)" methodname="CompareMainboardModel_VariousData_ReturnsTrue" classname="Retriever4.Tests.StringValidationTests" runstate="Runnable" seed="321859114" result="Passed" start-time="2018-07-23 22:04:43Z" end-time="2018-07-23 22:04:43Z" duration="0.000288" asserts="1" />
            <test-case id="0-1103" name="CompareMainboardModel_VariousData_ReturnsTrue(&quot;NSSL1502&quot;,&quot;NSSL1502&quot;)" fullname="Retriever4.Tests.StringValidationTests.CompareMainboardModel_VariousData_ReturnsTrue(&quot;NSSL1502&quot;,&quot;NSSL1502&quot;)" methodname="CompareMainboardModel_VariousData_ReturnsTrue" classname="Retriever4.Tests.StringValidationTests" runstate="Runnable" seed="276697471" result="Passed" start-time="2018-07-23 22:04:43Z" end-time="2018-07-23 22:04:43Z" duration="0.000384" asserts="1" />
            <test-case id="0-1104" name="CompareMainboardModel_VariousData_ReturnsTrue(&quot;NSBW1x02&quot;,&quot;NSBW1502&quot;)" fullname="Retriever4.Tests.StringValidationTests.CompareMainboardModel_VariousData_ReturnsTrue(&quot;NSBW1x02&quot;,&quot;NSBW1502&quot;)" methodname="CompareMainboardModel_VariousData_ReturnsTrue" classname="Retriever4.Tests.StringValidationTests" runstate="Runnable" seed="157083185" result="Passed" start-time="2018-07-23 22:04:43Z" end-time="2018-07-23 22:04:43Z" duration="0.000277" asserts="1" />
          </test-suite>
          <test-suite type="ParameterizedMethod" id="0-1119" name="CompareStrings_ArgumentIsNull_ThrowsException" fullname="Retriever4.Tests.StringValidationTests.CompareStrings_ArgumentIsNull_ThrowsException" classname="Retriever4.Tests.StringValidationTests" runstate="Runnable" testcasecount="6" result="Passed" start-time="2018-07-23 22:04:43Z" end-time="2018-07-23 22:04:43Z" duration="0.001720" total="6" passed="6" failed="0" warnings="0" inconclusive="0" skipped="0" asserts="6">
            <test-case id="0-1113" name="CompareStrings_ArgumentIsNull_ThrowsException(&quot;Test&quot;,&quot;&quot;)" fullname="Retriever4.Tests.StringValidationTests.CompareStrings_ArgumentIsNull_ThrowsException(&quot;Test&quot;,&quot;&quot;)" methodname="CompareStrings_ArgumentIsNull_ThrowsException" classname="Retriever4.Tests.StringValidationTests" runstate="Runnable" seed="806045553" result="Passed" start-time="2018-07-23 22:04:43Z" end-time="2018-07-23 22:04:43Z" duration="0.000904" asserts="1" />
            <test-case id="0-1114" name="CompareStrings_ArgumentIsNull_ThrowsException(&quot;Test&quot;,null)" fullname="Retriever4.Tests.StringValidationTests.CompareStrings_ArgumentIsNull_ThrowsException(&quot;Test&quot;,null)" methodname="CompareStrings_ArgumentIsNull_ThrowsException" classname="Retriever4.Tests.StringValidationTests" runstate="Runnable" seed="1461843090" result="Passed" start-time="2018-07-23 22:04:43Z" end-time="2018-07-23 22:04:43Z" duration="0.000160" asserts="1" />
            <test-case id="0-1115" name="CompareStrings_ArgumentIsNull_ThrowsException(&quot;&quot;,&quot;Test&quot;)" fullname="Retriever4.Tests.StringValidationTests.CompareStrings_ArgumentIsNull_ThrowsException(&quot;&quot;,&quot;Test&quot;)" methodname="CompareStrings_ArgumentIsNull_ThrowsException" classname="Retriever4.Tests.StringValidationTests" runstate="Runnable" seed="1542998970" result="Passed" start-time="2018-07-23 22:04:43Z" end-time="2018-07-23 22:04:43Z" duration="0.000140" asserts="1" />
            <test-case id="0-1116" name="CompareStrings_ArgumentIsNull_ThrowsException(null,&quot;Test&quot;)" fullname="Retriever4.Tests.StringValidationTests.CompareStrings_ArgumentIsNull_ThrowsException(null,&quot;Test&quot;)" methodname="CompareStrings_ArgumentIsNull_ThrowsException" classname="Retriever4.Tests.StringValidationTests" runstate="Runnable" seed="386918904" result="Passed" start-time="2018-07-23 22:04:43Z" end-time="2018-07-23 22:04:43Z" duration="0.000135" asserts="1" />
            <test-case id="0-1117" name="CompareStrings_ArgumentIsNull_ThrowsException(&quot;&quot;,&quot;&quot;)" fullname="Retriever4.Tests.StringValidationTests.CompareStrings_ArgumentIsNull_ThrowsException(&quot;&quot;,&quot;&quot;)" methodname="CompareStrings_ArgumentIsNull_ThrowsException" classname="Retriever4.Tests.StringValidationTests" runstate="Runnable" seed="1602857663" result="Passed" start-time="2018-07-23 22:04:43Z" end-time="2018-07-23 22:04:43Z" duration="0.000134" asserts="1" />
            <test-case id="0-1118" name="CompareStrings_ArgumentIsNull_ThrowsException(null,null)" fullname="Retriever4.Tests.StringValidationTests.CompareStrings_ArgumentIsNull_ThrowsException(null,null)" methodname="CompareStrings_ArgumentIsNull_ThrowsException" classname="Retriever4.Tests.StringValidationTests" runstate="Runnable" seed="1376164919" result="Passed" start-time="2018-07-23 22:04:43Z" end-time="2018-07-23 22:04:43Z" duration="0.000162" asserts="1" />
          </test-suite>
        </test-suite>
        <test-suite type="TestFixture" id="0-1120" name="TypeValidationTests" fullname="Retriever4.Tests.TypeValidationTests" classname="Retriever4.Tests.TypeValidationTests" runstate="Runnable" testcasecount="10" result="Passed" start-time="2018-07-23 22:04:43Z" end-time="2018-07-23 22:04:43Z" duration="0.002697" total="10" passed="10" failed="0" warnings="0" inconclusive="0" skipped="0" asserts="10">
          <test-case id="0-1130" name="IsNullable_BasicType_ReturnsFalse" fullname="Retriever4.Tests.TypeValidationTests.IsNullable_BasicType_ReturnsFalse" methodname="IsNullable_BasicType_ReturnsFalse" classname="Retriever4.Tests.TypeValidationTests" runstate="Runnable" seed="1954575428" result="Passed" start-time="2018-07-23 22:04:43Z" end-time="2018-07-23 22:04:43Z" duration="0.000471" asserts="1" />
          <test-case id="0-1131" name="IsNullable_BasicTypeWithNullValue_ReturnTrue" fullname="Retriever4.Tests.TypeValidationTests.IsNullable_BasicTypeWithNullValue_ReturnTrue" methodname="IsNullable_BasicTypeWithNullValue_ReturnTrue" classname="Retriever4.Tests.TypeValidationTests" runstate="Runnable" seed="391897443" result="Passed" start-time="2018-07-23 22:04:43Z" end-time="2018-07-23 22:04:43Z" duration="0.000363" asserts="1" />
          <test-case id="0-1128" name="IsNullable_NullableType_ReturnsTrue" fullname="Retriever4.Tests.TypeValidationTests.IsNullable_NullableType_ReturnsTrue" methodname="IsNullable_NullableType_ReturnsTrue" classname="Retriever4.Tests.TypeValidationTests" runstate="Runnable" seed="1274801000" result="Passed" start-time="2018-07-23 22:04:43Z" end-time="2018-07-23 22:04:43Z" duration="0.000317" asserts="1" />
          <test-case id="0-1129" name="IsNullable_NullableTypeWithNullValue_ReturnsTrue" fullname="Retriever4.Tests.TypeValidationTests.IsNullable_NullableTypeWithNullValue_ReturnsTrue" methodname="IsNullable_NullableTypeWithNullValue_ReturnsTrue" classname="Retriever4.Tests.TypeValidationTests" runstate="Runnable" seed="1813743685" result="Passed" start-time="2018-07-23 22:04:43Z" end-time="2018-07-23 22:04:43Z" duration="0.000279" asserts="1" />
          <test-case id="0-1127" name="IsNumericType_NullParameter_ThrowsException" fullname="Retriever4.Tests.TypeValidationTests.IsNumericType_NullParameter_ThrowsException" methodname="IsNumericType_NullParameter_ThrowsException" classname="Retriever4.Tests.TypeValidationTests" runstate="Runnable" seed="2129472609" result="Passed" start-time="2018-07-23 22:04:43Z" end-time="2018-07-23 22:04:43Z" duration="0.000648" asserts="1" />
          <test-suite type="ParameterizedMethod" id="0-1126" name="IsNumericType_VariousTypes" fullname="Retriever4.Tests.TypeValidationTests.IsNumericType_VariousTypes" classname="Retriever4.Tests.TypeValidationTests" runstate="Runnable" testcasecount="5" result="Passed" start-time="2018-07-23 22:04:43Z" end-time="2018-07-23 22:04:43Z" duration="0.000456" total="5" passed="5" failed="0" warnings="0" inconclusive="0" skipped="0" asserts="5">
            <test-case id="0-1121" name="IsNumericType_VariousTypes(13,True)" fullname="Retriever4.Tests.TypeValidationTests.IsNumericType_VariousTypes(13,True)" methodname="IsNumericType_VariousTypes" classname="Retriever4.Tests.TypeValidationTests" runstate="Runnable" seed="1216569655" result="Passed" start-time="2018-07-23 22:04:43Z" end-time="2018-07-23 22:04:43Z" duration="0.000143" asserts="1" />
            <test-case id="0-1122" name="IsNumericType_VariousTypes(-5,True)" fullname="Retriever4.Tests.TypeValidationTests.IsNumericType_VariousTypes(-5,True)" methodname="IsNumericType_VariousTypes" classname="Retriever4.Tests.TypeValidationTests" runstate="Runnable" seed="71743727" result="Passed" start-time="2018-07-23 22:04:43Z" end-time="2018-07-23 22:04:43Z" duration="0.000066" asserts="1" />
            <test-case id="0-1123" name="IsNumericType_VariousTypes(&quot;lol&quot;,False)" fullname="Retriever4.Tests.TypeValidationTests.IsNumericType_VariousTypes(&quot;lol&quot;,False)" methodname="IsNumericType_VariousTypes" classname="Retriever4.Tests.TypeValidationTests" runstate="Runnable" seed="899235451" result="Passed" start-time="2018-07-23 22:04:43Z" end-time="2018-07-23 22:04:43Z" duration="0.000058" asserts="1" />
            <test-case id="0-1124" name="IsNumericType_VariousTypes('h',False)" fullname="Retriever4.Tests.TypeValidationTests.IsNumericType_VariousTypes('h',False)" methodname="IsNumericType_VariousTypes" classname="Retriever4.Tests.TypeValidationTests" runstate="Runnable" seed="917576867" result="Passed" start-time="2018-07-23 22:04:43Z" end-time="2018-07-23 22:04:43Z" duration="0.000058" asserts="1" />
            <test-case id="0-1125" name="IsNumericType_VariousTypes(15342.5432d,True)" fullname="Retriever4.Tests.TypeValidationTests.IsNumericType_VariousTypes(15342.5432d,True)" methodname="IsNumericType_VariousTypes" classname="Retriever4.Tests.TypeValidationTests" runstate="Runnable" seed="113210362" result="Passed" start-time="2018-07-23 22:04:43Z" end-time="2018-07-23 22:04:43Z" duration="0.000059" asserts="1" />
          </test-suite>
        </test-suite>
      </test-suite>
    </test-suite>
  </test-suite>
</test-run>