<?xml version="1.0" encoding="utf-8" standalone="no"?>
<test-run id="2" testcasecount="14" result="Passed" total="14" passed="14" failed="0" inconclusive="0" skipped="0" asserts="14" engine-version="3.8.0.0" clr-version="4.0.30319.42000" start-time="2018-07-19 18:21:15Z" end-time="2018-07-19 18:21:16Z" duration="1.002398">
  <command-line><![CDATA[nunit3-console.exe  C:\Users\Duch003\source\repos\Retriever4\Retriever4.Tests\\bin\Debug\Retriever4.Tests.dll]]></command-line>
  <test-suite type="Assembly" id="0-1016" name="Retriever4.Tests.dll" fullname="C:\Users\Duch003\source\repos\Retriever4\Retriever4.Tests\bin\Debug\Retriever4.Tests.dll" runstate="Runnable" testcasecount="14" result="Passed" start-time="2018-07-19 18:21:16Z" end-time="2018-07-19 18:21:16Z" duration="0.102926" total="14" passed="14" failed="0" warnings="0" inconclusive="0" skipped="0" asserts="14">
    <environment framework-version="3.10.1.0" clr-version="4.0.30319.42000" os-version="Microsoft Windows NT 10.0.17134.0" platform="Win32NT" cwd="C:\Users\Duch003\source\repos\Retriever4\packages\NUnit.ConsoleRunner.3.8.0\tools" machine-name="DUCH003" user="Duch003" user-domain="DUCH003" culture="en-GB" uiculture="en-GB" os-architecture="x64" />
    <settings>
      <setting name="DisposeRunners" value="True" />
      <setting name="WorkDirectory" value="C:\Users\Duch003\source\repos\Retriever4\packages\NUnit.ConsoleRunner.3.8.0\tools" />
      <setting name="ImageRuntimeVersion" value="4.0.30319" />
      <setting name="ImageTargetFrameworkName" value=".NETFramework,Version=v4.0" />
      <setting name="ImageRequiresX86" value="False" />
      <setting name="ImageRequiresDefaultAppDomainAssemblyResolver" value="False" />
      <setting name="NumberOfTestWorkers" value="8" />
    </settings>
    <properties>
      <property name="_PID" value="1652" />
      <property name="_APPDOMAIN" value="domain-" />
    </properties>
    <test-suite type="TestSuite" id="0-1017" name="Retriever4" fullname="Retriever4" runstate="Runnable" testcasecount="14" result="Passed" start-time="2018-07-19 18:21:16Z" end-time="2018-07-19 18:21:16Z" duration="0.079772" total="14" passed="14" failed="0" warnings="0" inconclusive="0" skipped="0" asserts="14">
      <test-suite type="TestSuite" id="0-1018" name="Tests" fullname="Retriever4.Tests" runstate="Runnable" testcasecount="14" result="Passed" start-time="2018-07-19 18:21:16Z" end-time="2018-07-19 18:21:16Z" duration="0.079261" total="14" passed="14" failed="0" warnings="0" inconclusive="0" skipped="0" asserts="14">
        <test-suite type="TestFixture" id="0-1000" name="DetectDeviceModelTests" fullname="Retriever4.Tests.DetectDeviceModelTests" classname="Retriever4.Tests.DetectDeviceModelTests" runstate="Runnable" testcasecount="14" result="Passed" start-time="2018-07-19 18:21:16Z" end-time="2018-07-19 18:21:16Z" duration="0.075382" total="14" passed="14" failed="0" warnings="0" inconclusive="0" skipped="0" asserts="14">
          <test-suite type="ParameterizedMethod" id="0-1015" name="DetectDeviceModel_PatternsDetectionTests" fullname="Retriever4.Tests.DetectDeviceModelTests.DetectDeviceModel_PatternsDetectionTests" classname="Retriever4.Tests.DetectDeviceModelTests" runstate="Runnable" testcasecount="14" result="Passed" start-time="2018-07-19 18:21:16Z" end-time="2018-07-19 18:21:16Z" duration="0.066719" total="14" passed="14" failed="0" warnings="0" inconclusive="0" skipped="0" asserts="14">
            <test-case id="0-1001" name="DetectDeviceModel_PatternsDetectionTests(&quot;99850&quot;,&quot;99850&quot;)" fullname="Retriever4.Tests.DetectDeviceModelTests.DetectDeviceModel_PatternsDetectionTests(&quot;99850&quot;,&quot;99850&quot;)" methodname="DetectDeviceModel_PatternsDetectionTests" classname="Retriever4.Tests.DetectDeviceModelTests" runstate="Runnable" seed="1906303755" result="Passed" start-time="2018-07-19 18:21:16Z" end-time="2018-07-19 18:21:16Z" duration="0.054820" asserts="1" />
            <test-case id="0-1002" name="DetectDeviceModel_PatternsDetectionTests(&quot;C1010-I01B3&quot;,&quot;C1010-I01B3&quot;)" fullname="Retriever4.Tests.DetectDeviceModelTests.DetectDeviceModel_PatternsDetectionTests(&quot;C1010-I01B3&quot;,&quot;C1010-I01B3&quot;)" methodname="DetectDeviceModel_PatternsDetectionTests" classname="Retriever4.Tests.DetectDeviceModelTests" runstate="Runnable" seed="1471616686" result="Passed" start-time="2018-07-19 18:21:16Z" end-time="2018-07-19 18:21:16Z" duration="0.002203" asserts="1" />
            <test-case id="0-1003" name="DetectDeviceModel_PatternsDetectionTests(&quot;S1415-I2N1S&quot;,&quot;S1415-I2N1S&quot;)" fullname="Retriever4.Tests.DetectDeviceModelTests.DetectDeviceModel_PatternsDetectionTests(&quot;S1415-I2N1S&quot;,&quot;S1415-I2N1S&quot;)" methodname="DetectDeviceModel_PatternsDetectionTests" classname="Retriever4.Tests.DetectDeviceModelTests" runstate="Runnable" seed="117892423" result="Passed" start-time="2018-07-19 18:21:16Z" end-time="2018-07-19 18:21:16Z" duration="0.000193" asserts="1" />
            <test-case id="0-1004" name="DetectDeviceModel_PatternsDetectionTests(&quot;C2015-I5N1&quot;,&quot;C2015-I5N1&quot;)" fullname="Retriever4.Tests.DetectDeviceModelTests.DetectDeviceModel_PatternsDetectionTests(&quot;C2015-I5N1&quot;,&quot;C2015-I5N1&quot;)" methodname="DetectDeviceModel_PatternsDetectionTests" classname="Retriever4.Tests.DetectDeviceModelTests" runstate="Runnable" seed="460843409" result="Passed" start-time="2018-07-19 18:21:16Z" end-time="2018-07-19 18:21:16Z" duration="0.000165" asserts="1" />
            <test-case id="0-1005" name="DetectDeviceModel_PatternsDetectionTests(&quot;S1115-IMNL&quot;,&quot;S1115-IMNL&quot;)" fullname="Retriever4.Tests.DetectDeviceModelTests.DetectDeviceModel_PatternsDetectionTests(&quot;S1115-IMNL&quot;,&quot;S1115-IMNL&quot;)" methodname="DetectDeviceModel_PatternsDetectionTests" classname="Retriever4.Tests.DetectDeviceModelTests" runstate="Runnable" seed="1655042500" result="Passed" start-time="2018-07-19 18:21:16Z" end-time="2018-07-19 18:21:16Z" duration="0.000132" asserts="1" />
            <test-case id="0-1006" name="DetectDeviceModel_PatternsDetectionTests(&quot;P1115-I5CH&quot;,&quot;P1115-I5CH&quot;)" fullname="Retriever4.Tests.DetectDeviceModelTests.DetectDeviceModel_PatternsDetectionTests(&quot;P1115-I5CH&quot;,&quot;P1115-I5CH&quot;)" methodname="DetectDeviceModel_PatternsDetectionTests" classname="Retriever4.Tests.DetectDeviceModelTests" runstate="Runnable" seed="2109449503" result="Passed" start-time="2018-07-19 18:21:16Z" end-time="2018-07-19 18:21:16Z" duration="0.000131" asserts="1" />
            <test-case id="0-1007" name="DetectDeviceModel_PatternsDetectionTests(&quot;C1008-I01N&quot;,&quot;C1008-I01N&quot;)" fullname="Retriever4.Tests.DetectDeviceModelTests.DetectDeviceModel_PatternsDetectionTests(&quot;C1008-I01N&quot;,&quot;C1008-I01N&quot;)" methodname="DetectDeviceModel_PatternsDetectionTests" classname="Retriever4.Tests.DetectDeviceModelTests" runstate="Runnable" seed="261061784" result="Passed" start-time="2018-07-19 18:21:16Z" end-time="2018-07-19 18:21:16Z" duration="0.000133" asserts="1" />
            <test-case id="0-1008" name="DetectDeviceModel_PatternsDetectionTests(&quot;S1115-IM2N&quot;,&quot;S1115-IM2N&quot;)" fullname="Retriever4.Tests.DetectDeviceModelTests.DetectDeviceModel_PatternsDetectionTests(&quot;S1115-IM2N&quot;,&quot;S1115-IM2N&quot;)" methodname="DetectDeviceModel_PatternsDetectionTests" classname="Retriever4.Tests.DetectDeviceModelTests" runstate="Runnable" seed="558956625" result="Passed" start-time="2018-07-19 18:21:16Z" end-time="2018-07-19 18:21:16Z" duration="0.000176" asserts="1" />
            <test-case id="0-1009" name="DetectDeviceModel_PatternsDetectionTests(&quot;S1415-I1C&quot;,&quot;S1415-I1C&quot;)" fullname="Retriever4.Tests.DetectDeviceModelTests.DetectDeviceModel_PatternsDetectionTests(&quot;S1415-I1C&quot;,&quot;S1415-I1C&quot;)" methodname="DetectDeviceModel_PatternsDetectionTests" classname="Retriever4.Tests.DetectDeviceModelTests" runstate="Runnable" seed="1145537298" result="Passed" start-time="2018-07-19 18:21:16Z" end-time="2018-07-19 18:21:16Z" duration="0.000178" asserts="1" />
            <test-case id="0-1010" name="DetectDeviceModel_PatternsDetectionTests(&quot;S1414-I1BI S&quot;,&quot;S1414-I1BI S&quot;)" fullname="Retriever4.Tests.DetectDeviceModelTests.DetectDeviceModel_PatternsDetectionTests(&quot;S1414-I1BI S&quot;,&quot;S1414-I1BI S&quot;)" methodname="DetectDeviceModel_PatternsDetectionTests" classname="Retriever4.Tests.DetectDeviceModelTests" runstate="Runnable" seed="1175870400" result="Passed" start-time="2018-07-19 18:21:16Z" end-time="2018-07-19 18:21:16Z" duration="0.000160" asserts="1" />
            <test-case id="0-1011" name="DetectDeviceModel_PatternsDetectionTests(&quot;PNB S1414-I1BI S&quot;,&quot;S1414-I1BI S&quot;)" fullname="Retriever4.Tests.DetectDeviceModelTests.DetectDeviceModel_PatternsDetectionTests(&quot;PNB S1414-I1BI S&quot;,&quot;S1414-I1BI S&quot;)" methodname="DetectDeviceModel_PatternsDetectionTests" classname="Retriever4.Tests.DetectDeviceModelTests" runstate="Runnable" seed="515832859" result="Passed" start-time="2018-07-19 18:21:16Z" end-time="2018-07-19 18:21:16Z" duration="0.000146" asserts="1" />
            <test-case id="0-1012" name="DetectDeviceModel_PatternsDetectionTests(&quot;CNB MEDION S1415-I1C&quot;,&quot;S1415-I1C&quot;)" fullname="Retriever4.Tests.DetectDeviceModelTests.DetectDeviceModel_PatternsDetectionTests(&quot;CNB MEDION S1415-I1C&quot;,&quot;S1415-I1C&quot;)" methodname="DetectDeviceModel_PatternsDetectionTests" classname="Retriever4.Tests.DetectDeviceModelTests" runstate="Runnable" seed="1012423827" result="Passed" start-time="2018-07-19 18:21:16Z" end-time="2018-07-19 18:21:16Z" duration="0.000180" asserts="1" />
            <test-case id="0-1013" name="DetectDeviceModel_PatternsDetectionTests(&quot;PEAQC2015-I5N1&quot;,&quot;C2015-I5N1&quot;)" fullname="Retriever4.Tests.DetectDeviceModelTests.DetectDeviceModel_PatternsDetectionTests(&quot;PEAQC2015-I5N1&quot;,&quot;C2015-I5N1&quot;)" methodname="DetectDeviceModel_PatternsDetectionTests" classname="Retriever4.Tests.DetectDeviceModelTests" runstate="Runnable" seed="1166344371" result="Passed" start-time="2018-07-19 18:21:16Z" end-time="2018-07-19 18:21:16Z" duration="0.000144" asserts="1" />
            <test-case id="0-1014" name="DetectDeviceModel_PatternsDetectionTests(&quot;S1415-I1C PEAQ&quot;,&quot;S1415-I1C&quot;)" fullname="Retriever4.Tests.DetectDeviceModelTests.DetectDeviceModel_PatternsDetectionTests(&quot;S1415-I1C PEAQ&quot;,&quot;S1415-I1C&quot;)" methodname="DetectDeviceModel_PatternsDetectionTests" classname="Retriever4.Tests.DetectDeviceModelTests" runstate="Runnable" seed="473196458" result="Passed" start-time="2018-07-19 18:21:16Z" end-time="2018-07-19 18:21:16Z" duration="0.000148" asserts="1" />
          </test-suite>
        </test-suite>
      </test-suite>
    </test-suite>
  </test-suite>
</test-run>