<?xml version="1.0" encoding="utf-8" standalone="no"?>
<test-run id="2" testcasecount="122" result="Skipped" label="Ignored" total="122" passed="117" failed="0" inconclusive="0" skipped="5" asserts="117" engine-version="3.8.0.0" clr-version="4.0.30319.42000" start-time="2018-07-26 00:32:17Z" end-time="2018-07-26 00:32:18Z" duration="1.282544">
  <command-line><![CDATA[nunit3-console.exe  C:\Users\Duch003\source\repos\Retriever4\Retriever4.Tests\\bin\Debug\Retriever4.Tests.dll]]></command-line>
  <test-suite type="Assembly" id="0-1138" name="Retriever4.Tests.dll" fullname="C:\Users\Duch003\source\repos\Retriever4\Retriever4.Tests\bin\Debug\Retriever4.Tests.dll" runstate="Runnable" testcasecount="122" result="Skipped" label="Ignored" site="Child" start-time="2018-07-26 00:32:18Z" end-time="2018-07-26 00:32:18Z" duration="0.256973" total="122" passed="117" failed="0" warnings="0" inconclusive="0" skipped="5" asserts="117">
    <environment framework-version="3.10.1.0" clr-version="4.0.30319.42000" os-version="Microsoft Windows NT 10.0.17134.0" platform="Win32NT" cwd="C:\Users\Duch003\source\repos\Retriever4\packages\NUnit.ConsoleRunner.3.8.0\tools" machine-name="DUCH003" user="Duch003" user-domain="DUCH003" culture="en-GB" uiculture="en-GB" os-architecture="x64" />
    <settings>
      <setting name="DisposeRunners" value="True" />
      <setting name="WorkDirectory" value="C:\Users\Duch003\source\repos\Retriever4\packages\NUnit.ConsoleRunner.3.8.0\tools" />
      <setting name="ImageRuntimeVersion" value="4.0.30319" />
      <setting name="ImageTargetFrameworkName" value=".NETFramework,Version=v4.0" />
      <setting name="ImageRequiresX86" value="False" />
      <setting name="ImageRequiresDefaultAppDomainAssemblyResolver" value="False" />
      <setting name="NumberOfTestWorkers" value="8" />
    </settings>
    <properties>
      <property name="_PID" value="25288" />
      <property name="_APPDOMAIN" value="domain-" />
    </properties>
    <reason>
      <message><![CDATA[One or more child tests were ignored]]></message>
    </reason>
    <test-suite type="TestSuite" id="0-1139" name="Retriever4" fullname="Retriever4" runstate="Runnable" testcasecount="122" result="Skipped" label="Ignored" site="Child" start-time="2018-07-26 00:32:18Z" end-time="2018-07-26 00:32:18Z" duration="0.227772" total="122" passed="117" failed="0" warnings="0" inconclusive="0" skipped="5" asserts="117">
      <reason>
        <message><![CDATA[One or more child tests were ignored]]></message>
      </reason>
      <test-suite type="TestSuite" id="0-1140" name="Tests" fullname="Retriever4.Tests" runstate="Runnable" testcasecount="122" result="Skipped" label="Ignored" site="Child" start-time="2018-07-26 00:32:18Z" end-time="2018-07-26 00:32:18Z" duration="0.227217" total="122" passed="117" failed="0" warnings="0" inconclusive="0" skipped="5" asserts="117">
        <reason>
          <message><![CDATA[One or more child tests were ignored]]></message>
        </reason>
        <test-suite type="TestFixture" id="0-1000" name="DetectDeviceModelTests" fullname="Retriever4.Tests.DetectDeviceModelTests" classname="Retriever4.Tests.DetectDeviceModelTests" runstate="Runnable" testcasecount="14" result="Passed" start-time="2018-07-26 00:32:18Z" end-time="2018-07-26 00:32:18Z" duration="0.074242" total="14" passed="14" failed="0" warnings="0" inconclusive="0" skipped="0" asserts="14">
          <test-suite type="ParameterizedMethod" id="0-1015" name="DetectDeviceModel_PatternsDetectionTests" fullname="Retriever4.Tests.DetectDeviceModelTests.DetectDeviceModel_PatternsDetectionTests" classname="Retriever4.Tests.DetectDeviceModelTests" runstate="Runnable" testcasecount="14" result="Passed" start-time="2018-07-26 00:32:18Z" end-time="2018-07-26 00:32:18Z" duration="0.066162" total="14" passed="14" failed="0" warnings="0" inconclusive="0" skipped="0" asserts="14">
            <test-case id="0-1001" name="DetectDeviceModel_PatternsDetectionTests(&quot;99850&quot;,&quot;99850&quot;)" fullname="Retriever4.Tests.DetectDeviceModelTests.DetectDeviceModel_PatternsDetectionTests(&quot;99850&quot;,&quot;99850&quot;)" methodname="DetectDeviceModel_PatternsDetectionTests" classname="Retriever4.Tests.DetectDeviceModelTests" runstate="Runnable" seed="321516220" result="Passed" start-time="2018-07-26 00:32:18Z" end-time="2018-07-26 00:32:18Z" duration="0.052067" asserts="1" />
            <test-case id="0-1002" name="DetectDeviceModel_PatternsDetectionTests(&quot;C1010-I01B3&quot;,&quot;C1010-I01B3&quot;)" fullname="Retriever4.Tests.DetectDeviceModelTests.DetectDeviceModel_PatternsDetectionTests(&quot;C1010-I01B3&quot;,&quot;C1010-I01B3&quot;)" methodname="DetectDeviceModel_PatternsDetectionTests" classname="Retriever4.Tests.DetectDeviceModelTests" runstate="Runnable" seed="34151831" result="Passed" start-time="2018-07-26 00:32:18Z" end-time="2018-07-26 00:32:18Z" duration="0.002422" asserts="1" />
            <test-case id="0-1003" name="DetectDeviceModel_PatternsDetectionTests(&quot;S1415-I2N1S&quot;,&quot;S1415-I2N1S&quot;)" fullname="Retriever4.Tests.DetectDeviceModelTests.DetectDeviceModel_PatternsDetectionTests(&quot;S1415-I2N1S&quot;,&quot;S1415-I2N1S&quot;)" methodname="DetectDeviceModel_PatternsDetectionTests" classname="Retriever4.Tests.DetectDeviceModelTests" runstate="Runnable" seed="964407316" result="Passed" start-time="2018-07-26 00:32:18Z" end-time="2018-07-26 00:32:18Z" duration="0.000179" asserts="1" />
            <test-case id="0-1004" name="DetectDeviceModel_PatternsDetectionTests(&quot;C2015-I5N1&quot;,&quot;C2015-I5N1&quot;)" fullname="Retriever4.Tests.DetectDeviceModelTests.DetectDeviceModel_PatternsDetectionTests(&quot;C2015-I5N1&quot;,&quot;C2015-I5N1&quot;)" methodname="DetectDeviceModel_PatternsDetectionTests" classname="Retriever4.Tests.DetectDeviceModelTests" runstate="Runnable" seed="1904553078" result="Passed" start-time="2018-07-26 00:32:18Z" end-time="2018-07-26 00:32:18Z" duration="0.000192" asserts="1" />
            <test-case id="0-1005" name="DetectDeviceModel_PatternsDetectionTests(&quot;S1115-IMNL&quot;,&quot;S1115-IMNL&quot;)" fullname="Retriever4.Tests.DetectDeviceModelTests.DetectDeviceModel_PatternsDetectionTests(&quot;S1115-IMNL&quot;,&quot;S1115-IMNL&quot;)" methodname="DetectDeviceModel_PatternsDetectionTests" classname="Retriever4.Tests.DetectDeviceModelTests" runstate="Runnable" seed="403172771" result="Passed" start-time="2018-07-26 00:32:18Z" end-time="2018-07-26 00:32:18Z" duration="0.000214" asserts="1" />
            <test-case id="0-1006" name="DetectDeviceModel_PatternsDetectionTests(&quot;P1115-I5CH&quot;,&quot;P1115-I5CH&quot;)" fullname="Retriever4.Tests.DetectDeviceModelTests.DetectDeviceModel_PatternsDetectionTests(&quot;P1115-I5CH&quot;,&quot;P1115-I5CH&quot;)" methodname="DetectDeviceModel_PatternsDetectionTests" classname="Retriever4.Tests.DetectDeviceModelTests" runstate="Runnable" seed="2145436041" result="Passed" start-time="2018-07-26 00:32:18Z" end-time="2018-07-26 00:32:18Z" duration="0.000166" asserts="1" />
            <test-case id="0-1007" name="DetectDeviceModel_PatternsDetectionTests(&quot;C1008-I01N&quot;,&quot;C1008-I01N&quot;)" fullname="Retriever4.Tests.DetectDeviceModelTests.DetectDeviceModel_PatternsDetectionTests(&quot;C1008-I01N&quot;,&quot;C1008-I01N&quot;)" methodname="DetectDeviceModel_PatternsDetectionTests" classname="Retriever4.Tests.DetectDeviceModelTests" runstate="Runnable" seed="968545247" result="Passed" start-time="2018-07-26 00:32:18Z" end-time="2018-07-26 00:32:18Z" duration="0.000154" asserts="1" />
            <test-case id="0-1008" name="DetectDeviceModel_PatternsDetectionTests(&quot;S1115-IM2N&quot;,&quot;S1115-IM2N&quot;)" fullname="Retriever4.Tests.DetectDeviceModelTests.DetectDeviceModel_PatternsDetectionTests(&quot;S1115-IM2N&quot;,&quot;S1115-IM2N&quot;)" methodname="DetectDeviceModel_PatternsDetectionTests" classname="Retriever4.Tests.DetectDeviceModelTests" runstate="Runnable" seed="1195636417" result="Passed" start-time="2018-07-26 00:32:18Z" end-time="2018-07-26 00:32:18Z" duration="0.000202" asserts="1" />
            <test-case id="0-1009" name="DetectDeviceModel_PatternsDetectionTests(&quot;S1415-I1C&quot;,&quot;S1415-I1C&quot;)" fullname="Retriever4.Tests.DetectDeviceModelTests.DetectDeviceModel_PatternsDetectionTests(&quot;S1415-I1C&quot;,&quot;S1415-I1C&quot;)" methodname="DetectDeviceModel_PatternsDetectionTests" classname="Retriever4.Tests.DetectDeviceModelTests" runstate="Runnable" seed="662009112" result="Passed" start-time="2018-07-26 00:32:18Z" end-time="2018-07-26 00:32:18Z" duration="0.000252" asserts="1" />
            <test-case id="0-1010" name="DetectDeviceModel_PatternsDetectionTests(&quot;S1414-I1BI S&quot;,&quot;S1414-I1BI S&quot;)" fullname="Retriever4.Tests.DetectDeviceModelTests.DetectDeviceModel_PatternsDetectionTests(&quot;S1414-I1BI S&quot;,&quot;S1414-I1BI S&quot;)" methodname="DetectDeviceModel_PatternsDetectionTests" classname="Retriever4.Tests.DetectDeviceModelTests" runstate="Runnable" seed="1147192033" result="Passed" start-time="2018-07-26 00:32:18Z" end-time="2018-07-26 00:32:18Z" duration="0.000181" asserts="1" />
            <test-case id="0-1011" name="DetectDeviceModel_PatternsDetectionTests(&quot;PNB S1414-I1BI S&quot;,&quot;S1414-I1BI S&quot;)" fullname="Retriever4.Tests.DetectDeviceModelTests.DetectDeviceModel_PatternsDetectionTests(&quot;PNB S1414-I1BI S&quot;,&quot;S1414-I1BI S&quot;)" methodname="DetectDeviceModel_PatternsDetectionTests" classname="Retriever4.Tests.DetectDeviceModelTests" runstate="Runnable" seed="1304078438" result="Passed" start-time="2018-07-26 00:32:18Z" end-time="2018-07-26 00:32:18Z" duration="0.000156" asserts="1" />
            <test-case id="0-1012" name="DetectDeviceModel_PatternsDetectionTests(&quot;CNB MEDION S1415-I1C&quot;,&quot;S1415-I1C&quot;)" fullname="Retriever4.Tests.DetectDeviceModelTests.DetectDeviceModel_PatternsDetectionTests(&quot;CNB MEDION S1415-I1C&quot;,&quot;S1415-I1C&quot;)" methodname="DetectDeviceModel_PatternsDetectionTests" classname="Retriever4.Tests.DetectDeviceModelTests" runstate="Runnable" seed="1162059929" result="Passed" start-time="2018-07-26 00:32:18Z" end-time="2018-07-26 00:32:18Z" duration="0.000186" asserts="1" />
            <test-case id="0-1013" name="DetectDeviceModel_PatternsDetectionTests(&quot;PEAQC2015-I5N1&quot;,&quot;C2015-I5N1&quot;)" fullname="Retriever4.Tests.DetectDeviceModelTests.DetectDeviceModel_PatternsDetectionTests(&quot;PEAQC2015-I5N1&quot;,&quot;C2015-I5N1&quot;)" methodname="DetectDeviceModel_PatternsDetectionTests" classname="Retriever4.Tests.DetectDeviceModelTests" runstate="Runnable" seed="2040872932" result="Passed" start-time="2018-07-26 00:32:18Z" end-time="2018-07-26 00:32:18Z" duration="0.000207" asserts="1" />
            <test-case id="0-1014" name="DetectDeviceModel_PatternsDetectionTests(&quot;S1415-I1C PEAQ&quot;,&quot;S1415-I1C&quot;)" fullname="Retriever4.Tests.DetectDeviceModelTests.DetectDeviceModel_PatternsDetectionTests(&quot;S1415-I1C PEAQ&quot;,&quot;S1415-I1C&quot;)" methodname="DetectDeviceModel_PatternsDetectionTests" classname="Retriever4.Tests.DetectDeviceModelTests" runstate="Runnable" seed="1219608617" result="Passed" start-time="2018-07-26 00:32:18Z" end-time="2018-07-26 00:32:18Z" duration="0.000158" asserts="1" />
          </test-suite>
        </test-suite>
        <test-suite type="TestFixture" id="0-1027" name="NumbersValidationTests" fullname="Retriever4.Tests.NumbersValidationTests" classname="Retriever4.Tests.NumbersValidationTests" runstate="Runnable" testcasecount="27" result="Passed" start-time="2018-07-26 00:32:18Z" end-time="2018-07-26 00:32:18Z" duration="0.029080" total="27" passed="27" failed="0" warnings="0" inconclusive="0" skipped="0" asserts="27">
          <test-suite type="ParameterizedMethod" id="0-1057" name="CompareStorages_DatabaseArgumentIsNullOrRealValueIsNegative_ThrowsException" fullname="Retriever4.Tests.NumbersValidationTests.CompareStorages_DatabaseArgumentIsNullOrRealValueIsNegative_ThrowsException" classname="Retriever4.Tests.NumbersValidationTests" runstate="Runnable" testcasecount="5" result="Passed" start-time="2018-07-26 00:32:18Z" end-time="2018-07-26 00:32:18Z" duration="0.023579" total="5" passed="5" failed="0" warnings="0" inconclusive="0" skipped="0" asserts="5">
            <test-case id="0-1052" name="CompareStorages_DatabaseArgumentIsNullOrRealValueIsNegative_ThrowsException(&quot;&quot;,100)" fullname="Retriever4.Tests.NumbersValidationTests.CompareStorages_DatabaseArgumentIsNullOrRealValueIsNegative_ThrowsException(&quot;&quot;,100)" methodname="CompareStorages_DatabaseArgumentIsNullOrRealValueIsNegative_ThrowsException" classname="Retriever4.Tests.NumbersValidationTests" runstate="Runnable" seed="821688686" result="Passed" start-time="2018-07-26 00:32:18Z" end-time="2018-07-26 00:32:18Z" duration="0.022726" asserts="1" />
            <test-case id="0-1053" name="CompareStorages_DatabaseArgumentIsNullOrRealValueIsNegative_ThrowsException(null,100)" fullname="Retriever4.Tests.NumbersValidationTests.CompareStorages_DatabaseArgumentIsNullOrRealValueIsNegative_ThrowsException(null,100)" methodname="CompareStorages_DatabaseArgumentIsNullOrRealValueIsNegative_ThrowsException" classname="Retriever4.Tests.NumbersValidationTests" runstate="Runnable" seed="670512069" result="Passed" start-time="2018-07-26 00:32:18Z" end-time="2018-07-26 00:32:18Z" duration="0.000247" asserts="1" />
            <test-case id="0-1054" name="CompareStorages_DatabaseArgumentIsNullOrRealValueIsNegative_ThrowsException(&quot;Test&quot;,-3)" fullname="Retriever4.Tests.NumbersValidationTests.CompareStorages_DatabaseArgumentIsNullOrRealValueIsNegative_ThrowsException(&quot;Test&quot;,-3)" methodname="CompareStorages_DatabaseArgumentIsNullOrRealValueIsNegative_ThrowsException" classname="Retriever4.Tests.NumbersValidationTests" runstate="Runnable" seed="1295781614" result="Passed" start-time="2018-07-26 00:32:18Z" end-time="2018-07-26 00:32:18Z" duration="0.000212" asserts="1" />
            <test-case id="0-1055" name="CompareStorages_DatabaseArgumentIsNullOrRealValueIsNegative_ThrowsException(&quot;&quot;,-6)" fullname="Retriever4.Tests.NumbersValidationTests.CompareStorages_DatabaseArgumentIsNullOrRealValueIsNegative_ThrowsException(&quot;&quot;,-6)" methodname="CompareStorages_DatabaseArgumentIsNullOrRealValueIsNegative_ThrowsException" classname="Retriever4.Tests.NumbersValidationTests" runstate="Runnable" seed="183444913" result="Passed" start-time="2018-07-26 00:32:18Z" end-time="2018-07-26 00:32:18Z" duration="0.000151" asserts="1" />
            <test-case id="0-1056" name="CompareStorages_DatabaseArgumentIsNullOrRealValueIsNegative_ThrowsException(null,-9)" fullname="Retriever4.Tests.NumbersValidationTests.CompareStorages_DatabaseArgumentIsNullOrRealValueIsNegative_ThrowsException(null,-9)" methodname="CompareStorages_DatabaseArgumentIsNullOrRealValueIsNegative_ThrowsException" classname="Retriever4.Tests.NumbersValidationTests" runstate="Runnable" seed="905514572" result="Passed" start-time="2018-07-26 00:32:18Z" end-time="2018-07-26 00:32:18Z" duration="0.000147" asserts="1" />
          </test-suite>
          <test-suite type="ParameterizedMethod" id="0-1051" name="CompareStorages_VariousData" fullname="Retriever4.Tests.NumbersValidationTests.CompareStorages_VariousData" classname="Retriever4.Tests.NumbersValidationTests" runstate="Runnable" testcasecount="16" result="Passed" start-time="2018-07-26 00:32:18Z" end-time="2018-07-26 00:32:18Z" duration="0.004424" total="16" passed="16" failed="0" warnings="0" inconclusive="0" skipped="0" asserts="16">
            <test-case id="0-1035" name="CompareStorages_VariousData(&quot;256 GB SSD&quot;,274877906944L,True)" fullname="Retriever4.Tests.NumbersValidationTests.CompareStorages_VariousData(&quot;256 GB SSD&quot;,274877906944L,True)" methodname="CompareStorages_VariousData" classname="Retriever4.Tests.NumbersValidationTests" runstate="Runnable" seed="1252879657" result="Passed" start-time="2018-07-26 00:32:18Z" end-time="2018-07-26 00:32:18Z" duration="0.001205" asserts="1" />
            <test-case id="0-1036" name="CompareStorages_VariousData(&quot;128 GB SSD&quot;,137438953472L,True)" fullname="Retriever4.Tests.NumbersValidationTests.CompareStorages_VariousData(&quot;128 GB SSD&quot;,137438953472L,True)" methodname="CompareStorages_VariousData" classname="Retriever4.Tests.NumbersValidationTests" runstate="Runnable" seed="2128117343" result="Passed" start-time="2018-07-26 00:32:18Z" end-time="2018-07-26 00:32:18Z" duration="0.000271" asserts="1" />
            <test-case id="0-1037" name="CompareStorages_VariousData(&quot;64 GB eMMC&quot;,68719476736L,True)" fullname="Retriever4.Tests.NumbersValidationTests.CompareStorages_VariousData(&quot;64 GB eMMC&quot;,68719476736L,True)" methodname="CompareStorages_VariousData" classname="Retriever4.Tests.NumbersValidationTests" runstate="Runnable" seed="811151063" result="Passed" start-time="2018-07-26 00:32:18Z" end-time="2018-07-26 00:32:18Z" duration="0.000226" asserts="1" />
            <test-case id="0-1038" name="CompareStorages_VariousData(&quot;32 GB eMMC&quot;,34359738368L,True)" fullname="Retriever4.Tests.NumbersValidationTests.CompareStorages_VariousData(&quot;32 GB eMMC&quot;,34359738368L,True)" methodname="CompareStorages_VariousData" classname="Retriever4.Tests.NumbersValidationTests" runstate="Runnable" seed="1431195418" result="Passed" start-time="2018-07-26 00:32:18Z" end-time="2018-07-26 00:32:18Z" duration="0.000187" asserts="1" />
            <test-case id="0-1039" name="CompareStorages_VariousData(&quot;16 GB eMMC&quot;,17179869184L,True)" fullname="Retriever4.Tests.NumbersValidationTests.CompareStorages_VariousData(&quot;16 GB eMMC&quot;,17179869184L,True)" methodname="CompareStorages_VariousData" classname="Retriever4.Tests.NumbersValidationTests" runstate="Runnable" seed="1671459109" result="Passed" start-time="2018-07-26 00:32:18Z" end-time="2018-07-26 00:32:18Z" duration="0.000202" asserts="1" />
            <test-case id="0-1040" name="CompareStorages_VariousData(&quot;320 GB HDD&quot;,343597383680L,True)" fullname="Retriever4.Tests.NumbersValidationTests.CompareStorages_VariousData(&quot;320 GB HDD&quot;,343597383680L,True)" methodname="CompareStorages_VariousData" classname="Retriever4.Tests.NumbersValidationTests" runstate="Runnable" seed="916330804" result="Passed" start-time="2018-07-26 00:32:18Z" end-time="2018-07-26 00:32:18Z" duration="0.000149" asserts="1" />
            <test-case id="0-1041" name="CompareStorages_VariousData(&quot;500 GB HDD&quot;,536870912000L,True)" fullname="Retriever4.Tests.NumbersValidationTests.CompareStorages_VariousData(&quot;500 GB HDD&quot;,536870912000L,True)" methodname="CompareStorages_VariousData" classname="Retriever4.Tests.NumbersValidationTests" runstate="Runnable" seed="612083272" result="Passed" start-time="2018-07-26 00:32:18Z" end-time="2018-07-26 00:32:18Z" duration="0.000186" asserts="1" />
            <test-case id="0-1042" name="CompareStorages_VariousData(&quot;640 GB SSHD&quot;,687194767360L,True)" fullname="Retriever4.Tests.NumbersValidationTests.CompareStorages_VariousData(&quot;640 GB SSHD&quot;,687194767360L,True)" methodname="CompareStorages_VariousData" classname="Retriever4.Tests.NumbersValidationTests" runstate="Runnable" seed="1441289969" result="Passed" start-time="2018-07-26 00:32:18Z" end-time="2018-07-26 00:32:18Z" duration="0.000173" asserts="1" />
            <test-case id="0-1043" name="CompareStorages_VariousData(&quot;750 GB SSHD&quot;,805306368000L,True)" fullname="Retriever4.Tests.NumbersValidationTests.CompareStorages_VariousData(&quot;750 GB SSHD&quot;,805306368000L,True)" methodname="CompareStorages_VariousData" classname="Retriever4.Tests.NumbersValidationTests" runstate="Runnable" seed="621181394" result="Passed" start-time="2018-07-26 00:32:18Z" end-time="2018-07-26 00:32:18Z" duration="0.000212" asserts="1" />
            <test-case id="0-1044" name="CompareStorages_VariousData(&quot;1 TB HDD&quot;,1099511627776L,True)" fullname="Retriever4.Tests.NumbersValidationTests.CompareStorages_VariousData(&quot;1 TB HDD&quot;,1099511627776L,True)" methodname="CompareStorages_VariousData" classname="Retriever4.Tests.NumbersValidationTests" runstate="Runnable" seed="499105119" result="Passed" start-time="2018-07-26 00:32:18Z" end-time="2018-07-26 00:32:18Z" duration="0.000273" asserts="1" />
            <test-case id="0-1045" name="CompareStorages_VariousData(&quot;1,5 TB DHDD&quot;,1649267441664L,True)" fullname="Retriever4.Tests.NumbersValidationTests.CompareStorages_VariousData(&quot;1,5 TB DHDD&quot;,1649267441664L,True)" methodname="CompareStorages_VariousData" classname="Retriever4.Tests.NumbersValidationTests" runstate="Runnable" seed="154189177" result="Passed" start-time="2018-07-26 00:32:18Z" end-time="2018-07-26 00:32:18Z" duration="0.000245" asserts="1" />
            <test-case id="0-1046" name="CompareStorages_VariousData(&quot;2 TB HDD&quot;,2199023255552L,True)" fullname="Retriever4.Tests.NumbersValidationTests.CompareStorages_VariousData(&quot;2 TB HDD&quot;,2199023255552L,True)" methodname="CompareStorages_VariousData" classname="Retriever4.Tests.NumbersValidationTests" runstate="Runnable" seed="2018168024" result="Passed" start-time="2018-07-26 00:32:18Z" end-time="2018-07-26 00:32:18Z" duration="0.000211" asserts="1" />
            <test-case id="0-1047" name="CompareStorages_VariousData(&quot;0,5 TB HDD&quot;,549755813888L,True)" fullname="Retriever4.Tests.NumbersValidationTests.CompareStorages_VariousData(&quot;0,5 TB HDD&quot;,549755813888L,True)" methodname="CompareStorages_VariousData" classname="Retriever4.Tests.NumbersValidationTests" runstate="Runnable" seed="1331999549" result="Passed" start-time="2018-07-26 00:32:18Z" end-time="2018-07-26 00:32:18Z" duration="0.000158" asserts="1" />
            <test-case id="0-1048" name="CompareStorages_VariousData(&quot;0,5 TB HDD&quot;,1099511627776L,False)" fullname="Retriever4.Tests.NumbersValidationTests.CompareStorages_VariousData(&quot;0,5 TB HDD&quot;,1099511627776L,False)" methodname="CompareStorages_VariousData" classname="Retriever4.Tests.NumbersValidationTests" runstate="Runnable" seed="1672077634" result="Passed" start-time="2018-07-26 00:32:18Z" end-time="2018-07-26 00:32:18Z" duration="0.000158" asserts="1" />
            <test-case id="0-1049" name="CompareStorages_VariousData(&quot;320 GB HDD&quot;,274877906944L,False)" fullname="Retriever4.Tests.NumbersValidationTests.CompareStorages_VariousData(&quot;320 GB HDD&quot;,274877906944L,False)" methodname="CompareStorages_VariousData" classname="Retriever4.Tests.NumbersValidationTests" runstate="Runnable" seed="1632250065" result="Passed" start-time="2018-07-26 00:32:18Z" end-time="2018-07-26 00:32:18Z" duration="0.000157" asserts="1" />
            <test-case id="0-1050" name="CompareStorages_VariousData(&quot;16 GB eMMC&quot;,34359738368L,False)" fullname="Retriever4.Tests.NumbersValidationTests.CompareStorages_VariousData(&quot;16 GB eMMC&quot;,34359738368L,False)" methodname="CompareStorages_VariousData" classname="Retriever4.Tests.NumbersValidationTests" runstate="Runnable" seed="1111997416" result="Passed" start-time="2018-07-26 00:32:18Z" end-time="2018-07-26 00:32:18Z" duration="0.000158" asserts="1" />
          </test-suite>
          <test-suite type="ParameterizedMethod" id="0-1034" name="CompareWearlevel_LogicTest" fullname="Retriever4.Tests.NumbersValidationTests.CompareWearlevel_LogicTest" classname="Retriever4.Tests.NumbersValidationTests" runstate="Runnable" testcasecount="6" result="Passed" start-time="2018-07-26 00:32:18Z" end-time="2018-07-26 00:32:18Z" duration="0.000889" total="6" passed="6" failed="0" warnings="0" inconclusive="0" skipped="0" asserts="6">
            <test-case id="0-1028" name="CompareWearlevel_LogicTest(-13,12,True)" fullname="Retriever4.Tests.NumbersValidationTests.CompareWearlevel_LogicTest(-13,12,True)" methodname="CompareWearlevel_LogicTest" classname="Retriever4.Tests.NumbersValidationTests" runstate="Runnable" seed="41375944" result="Passed" start-time="2018-07-26 00:32:18Z" end-time="2018-07-26 00:32:18Z" duration="0.000320" asserts="1" />
            <test-case id="0-1029" name="CompareWearlevel_LogicTest(0,12,True)" fullname="Retriever4.Tests.NumbersValidationTests.CompareWearlevel_LogicTest(0,12,True)" methodname="CompareWearlevel_LogicTest" classname="Retriever4.Tests.NumbersValidationTests" runstate="Runnable" seed="784607795" result="Passed" start-time="2018-07-26 00:32:18Z" end-time="2018-07-26 00:32:18Z" duration="0.000119" asserts="1" />
            <test-case id="0-1030" name="CompareWearlevel_LogicTest(7.8d,12,True)" fullname="Retriever4.Tests.NumbersValidationTests.CompareWearlevel_LogicTest(7.8d,12,True)" methodname="CompareWearlevel_LogicTest" classname="Retriever4.Tests.NumbersValidationTests" runstate="Runnable" seed="1907446315" result="Passed" start-time="2018-07-26 00:32:18Z" end-time="2018-07-26 00:32:18Z" duration="0.000098" asserts="1" />
            <test-case id="0-1031" name="CompareWearlevel_LogicTest(12,12,True)" fullname="Retriever4.Tests.NumbersValidationTests.CompareWearlevel_LogicTest(12,12,True)" methodname="CompareWearlevel_LogicTest" classname="Retriever4.Tests.NumbersValidationTests" runstate="Runnable" seed="1346700695" result="Passed" start-time="2018-07-26 00:32:18Z" end-time="2018-07-26 00:32:18Z" duration="0.000068" asserts="1" />
            <test-case id="0-1032" name="CompareWearlevel_LogicTest(12.01d,12,False)" fullname="Retriever4.Tests.NumbersValidationTests.CompareWearlevel_LogicTest(12.01d,12,False)" methodname="CompareWearlevel_LogicTest" classname="Retriever4.Tests.NumbersValidationTests" runstate="Runnable" seed="1122199874" result="Passed" start-time="2018-07-26 00:32:18Z" end-time="2018-07-26 00:32:18Z" duration="0.000107" asserts="1" />
            <test-case id="0-1033" name="CompareWearlevel_LogicTest(14,12,False)" fullname="Retriever4.Tests.NumbersValidationTests.CompareWearlevel_LogicTest(14,12,False)" methodname="CompareWearlevel_LogicTest" classname="Retriever4.Tests.NumbersValidationTests" runstate="Runnable" seed="1651311361" result="Passed" start-time="2018-07-26 00:32:18Z" end-time="2018-07-26 00:32:18Z" duration="0.000095" asserts="1" />
          </test-suite>
        </test-suite>
        <test-suite type="TestFixture" id="0-1058" name="ObjectsValidationTests" fullname="Retriever4.Tests.ObjectsValidationTests" classname="Retriever4.Tests.ObjectsValidationTests" runstate="Runnable" testcasecount="7" result="Passed" start-time="2018-07-26 00:32:18Z" end-time="2018-07-26 00:32:18Z" duration="0.007755" total="7" passed="7" failed="0" warnings="0" inconclusive="0" skipped="0" asserts="7">
          <test-case id="0-1062" name="CheckFieldsForNulls__CheckingObjectWithUnacceptableNullFieldsWithIgnoredFileds_NullFiledsAreIgnored" fullname="Retriever4.Tests.ObjectsValidationTests.CheckFieldsForNulls__CheckingObjectWithUnacceptableNullFieldsWithIgnoredFileds_NullFiledsAreIgnored" methodname="CheckFieldsForNulls__CheckingObjectWithUnacceptableNullFieldsWithIgnoredFileds_NullFiledsAreIgnored" classname="Retriever4.Tests.ObjectsValidationTests" runstate="Runnable" seed="437256976" result="Passed" start-time="2018-07-26 00:32:18Z" end-time="2018-07-26 00:32:18Z" duration="0.003231" asserts="1" />
          <test-case id="0-1063" name="CheckFieldsForNulls__IgnoredFieldsArrayContainsNullWithCorrectlyFilledObject_ThrowsException" fullname="Retriever4.Tests.ObjectsValidationTests.CheckFieldsForNulls__IgnoredFieldsArrayContainsNullWithCorrectlyFilledObject_ThrowsException" methodname="CheckFieldsForNulls__IgnoredFieldsArrayContainsNullWithCorrectlyFilledObject_ThrowsException" classname="Retriever4.Tests.ObjectsValidationTests" runstate="Runnable" seed="1579562464" result="Passed" start-time="2018-07-26 00:32:18Z" end-time="2018-07-26 00:32:18Z" duration="0.001121" asserts="1" />
          <test-case id="0-1064" name="CheckFieldsForNulls__IgnoredFieldsArrayContainsNullWithUncorrectlyFilledObject_ThrowsException" fullname="Retriever4.Tests.ObjectsValidationTests.CheckFieldsForNulls__IgnoredFieldsArrayContainsNullWithUncorrectlyFilledObject_ThrowsException" methodname="CheckFieldsForNulls__IgnoredFieldsArrayContainsNullWithUncorrectlyFilledObject_ThrowsException" classname="Retriever4.Tests.ObjectsValidationTests" runstate="Runnable" seed="2084607555" result="Passed" start-time="2018-07-26 00:32:18Z" end-time="2018-07-26 00:32:18Z" duration="0.000492" asserts="1" />
          <test-case id="0-1059" name="CheckFieldsForNulls_CheckingCorrectlyFilledConfiguration" fullname="Retriever4.Tests.ObjectsValidationTests.CheckFieldsForNulls_CheckingCorrectlyFilledConfiguration" methodname="CheckFieldsForNulls_CheckingCorrectlyFilledConfiguration" classname="Retriever4.Tests.ObjectsValidationTests" runstate="Runnable" seed="1909736079" result="Passed" start-time="2018-07-26 00:32:18Z" end-time="2018-07-26 00:32:18Z" duration="0.000174" asserts="1" />
          <test-case id="0-1065" name="CheckFieldsForNulls_CheckingObjectFilledByNulls" fullname="Retriever4.Tests.ObjectsValidationTests.CheckFieldsForNulls_CheckingObjectFilledByNulls" methodname="CheckFieldsForNulls_CheckingObjectFilledByNulls" classname="Retriever4.Tests.ObjectsValidationTests" runstate="Runnable" seed="538175030" result="Passed" start-time="2018-07-26 00:32:18Z" end-time="2018-07-26 00:32:18Z" duration="0.001130" asserts="1" />
          <test-case id="0-1060" name="CheckFieldsForNulls_CheckingObjectWithNullFields" fullname="Retriever4.Tests.ObjectsValidationTests.CheckFieldsForNulls_CheckingObjectWithNullFields" methodname="CheckFieldsForNulls_CheckingObjectWithNullFields" classname="Retriever4.Tests.ObjectsValidationTests" runstate="Runnable" seed="790642274" result="Passed" start-time="2018-07-26 00:32:18Z" end-time="2018-07-26 00:32:18Z" duration="0.000206" asserts="1" />
          <test-case id="0-1061" name="CheckFieldsForNulls_NullObject_ThrowsException" fullname="Retriever4.Tests.ObjectsValidationTests.CheckFieldsForNulls_NullObject_ThrowsException" methodname="CheckFieldsForNulls_NullObject_ThrowsException" classname="Retriever4.Tests.ObjectsValidationTests" runstate="Runnable" seed="2007610120" result="Passed" start-time="2018-07-26 00:32:18Z" end-time="2018-07-26 00:32:18Z" duration="0.001072" asserts="1" />
        </test-suite>
        <test-suite type="TestFixture" id="0-1016" name="ProgramValidationTests" fullname="Retriever4.Tests.ProgramValidationTests" classname="Retriever4.Tests.ProgramValidationTests" runstate="Runnable" testcasecount="10" result="Passed" start-time="2018-07-26 00:32:18Z" end-time="2018-07-26 00:32:18Z" duration="0.057822" total="10" passed="10" failed="0" warnings="0" inconclusive="0" skipped="0" asserts="10">
          <test-case id="0-1017" name="ProgramInitialization_AllValidParameters_ReturnsTrue" fullname="Retriever4.Tests.ProgramValidationTests.ProgramInitialization_AllValidParameters_ReturnsTrue" methodname="ProgramInitialization_AllValidParameters_ReturnsTrue" classname="Retriever4.Tests.ProgramValidationTests" runstate="Runnable" seed="534928489" result="Passed" start-time="2018-07-26 00:32:18Z" end-time="2018-07-26 00:32:18Z" duration="0.018696" asserts="1" />
          <test-case id="0-1018" name="ProgramInitialization_ConfigFileDoesntExists_ReturnsFalse" fullname="Retriever4.Tests.ProgramValidationTests.ProgramInitialization_ConfigFileDoesntExists_ReturnsFalse" methodname="ProgramInitialization_ConfigFileDoesntExists_ReturnsFalse" classname="Retriever4.Tests.ProgramValidationTests" runstate="Runnable" seed="1264837225" result="Passed" start-time="2018-07-26 00:32:18Z" end-time="2018-07-26 00:32:18Z" duration="0.005660" asserts="1">
            <output><![CDATA[Naciśnięcie dowolnego przycisku zamknie aplikację.
]]></output>
          </test-case>
          <test-case id="0-1020" name="ProgramInitialization_ConfigFileEmpty_ReturnsFalse" fullname="Retriever4.Tests.ProgramValidationTests.ProgramInitialization_ConfigFileEmpty_ReturnsFalse" methodname="ProgramInitialization_ConfigFileEmpty_ReturnsFalse" classname="Retriever4.Tests.ProgramValidationTests" runstate="Runnable" seed="101018364" result="Passed" start-time="2018-07-26 00:32:18Z" end-time="2018-07-26 00:32:18Z" duration="0.003596" asserts="1">
            <output><![CDATA[Naciśnięcie dowolnego przycisku zamknie aplikację.
]]></output>
          </test-case>
          <test-case id="0-1019" name="ProgramInitialization_ConfigFileInvalid_ReturnsFalse" fullname="Retriever4.Tests.ProgramValidationTests.ProgramInitialization_ConfigFileInvalid_ReturnsFalse" methodname="ProgramInitialization_ConfigFileInvalid_ReturnsFalse" classname="Retriever4.Tests.ProgramValidationTests" runstate="Runnable" seed="288796917" result="Passed" start-time="2018-07-26 00:32:18Z" end-time="2018-07-26 00:32:18Z" duration="0.005134" asserts="1">
            <output><![CDATA[Naciśnięcie dowolnego przycisku zamknie aplikację.
]]></output>
          </test-case>
          <test-case id="0-1021" name="ProgramInitialization_DatabaseFileDoesntExsists_ReturnsFalse" fullname="Retriever4.Tests.ProgramValidationTests.ProgramInitialization_DatabaseFileDoesntExsists_ReturnsFalse" methodname="ProgramInitialization_DatabaseFileDoesntExsists_ReturnsFalse" classname="Retriever4.Tests.ProgramValidationTests" runstate="Runnable" seed="884548271" result="Passed" start-time="2018-07-26 00:32:18Z" end-time="2018-07-26 00:32:18Z" duration="0.004155" asserts="1">
            <output><![CDATA[Naciśnięcie dowolnego przycisku zamknie aplikację.
]]></output>
          </test-case>
          <test-case id="0-1024" name="ProgramInitialization_HashesAreDifferent_ReturnsTrue" fullname="Retriever4.Tests.ProgramValidationTests.ProgramInitialization_HashesAreDifferent_ReturnsTrue" methodname="ProgramInitialization_HashesAreDifferent_ReturnsTrue" classname="Retriever4.Tests.ProgramValidationTests" runstate="Runnable" seed="1675549066" result="Passed" start-time="2018-07-26 00:32:18Z" end-time="2018-07-26 00:32:18Z" duration="0.004388" asserts="1" />
          <test-case id="0-1025" name="ProgramInitialization_ModelFileDoesntExists_ReturnsTrue" fullname="Retriever4.Tests.ProgramValidationTests.ProgramInitialization_ModelFileDoesntExists_ReturnsTrue" methodname="ProgramInitialization_ModelFileDoesntExists_ReturnsTrue" classname="Retriever4.Tests.ProgramValidationTests" runstate="Runnable" seed="1306109744" result="Passed" start-time="2018-07-26 00:32:18Z" end-time="2018-07-26 00:32:18Z" duration="0.003202" asserts="1" />
          <test-case id="0-1026" name="ProgramInitialization_ModelFileEmpty_ReturnsTrue" fullname="Retriever4.Tests.ProgramValidationTests.ProgramInitialization_ModelFileEmpty_ReturnsTrue" methodname="ProgramInitialization_ModelFileEmpty_ReturnsTrue" classname="Retriever4.Tests.ProgramValidationTests" runstate="Runnable" seed="164451065" result="Passed" start-time="2018-07-26 00:32:18Z" end-time="2018-07-26 00:32:18Z" duration="0.004306" asserts="1" />
          <test-case id="0-1022" name="ProgramInitialization_SHA1FileDoesntExists_ReturnsTrue" fullname="Retriever4.Tests.ProgramValidationTests.ProgramInitialization_SHA1FileDoesntExists_ReturnsTrue" methodname="ProgramInitialization_SHA1FileDoesntExists_ReturnsTrue" classname="Retriever4.Tests.ProgramValidationTests" runstate="Runnable" seed="725894272" result="Passed" start-time="2018-07-26 00:32:18Z" end-time="2018-07-26 00:32:18Z" duration="0.004132" asserts="1" />
          <test-case id="0-1023" name="ProgramInitialization_SHA1FileEmpty_ReturnsTrue" fullname="Retriever4.Tests.ProgramValidationTests.ProgramInitialization_SHA1FileEmpty_ReturnsTrue" methodname="ProgramInitialization_SHA1FileEmpty_ReturnsTrue" classname="Retriever4.Tests.ProgramValidationTests" runstate="Runnable" seed="277257624" result="Passed" start-time="2018-07-26 00:32:18Z" end-time="2018-07-26 00:32:18Z" duration="0.004022" asserts="1" />
        </test-suite>
        <test-suite type="TestFixture" id="0-1066" name="StringValidationTests" fullname="Retriever4.Tests.StringValidationTests" classname="Retriever4.Tests.StringValidationTests" runstate="Runnable" testcasecount="54" result="Skipped" label="Ignored" site="Child" start-time="2018-07-26 00:32:18Z" end-time="2018-07-26 00:32:18Z" duration="0.041369" total="54" passed="49" failed="0" warnings="0" inconclusive="0" skipped="5" asserts="49">
          <reason>
            <message><![CDATA[One or more child tests were ignored]]></message>
          </reason>
          <test-suite type="ParameterizedMethod" id="0-1088" name="CompareCPUs_ArgumentIsNull_ThrowsException" fullname="Retriever4.Tests.StringValidationTests.CompareCPUs_ArgumentIsNull_ThrowsException" classname="Retriever4.Tests.StringValidationTests" runstate="Runnable" testcasecount="6" result="Passed" start-time="2018-07-26 00:32:18Z" end-time="2018-07-26 00:32:18Z" duration="0.003038" total="6" passed="6" failed="0" warnings="0" inconclusive="0" skipped="0" asserts="6">
            <test-case id="0-1082" name="CompareCPUs_ArgumentIsNull_ThrowsException(&quot;Test&quot;,&quot;&quot;)" fullname="Retriever4.Tests.StringValidationTests.CompareCPUs_ArgumentIsNull_ThrowsException(&quot;Test&quot;,&quot;&quot;)" methodname="CompareCPUs_ArgumentIsNull_ThrowsException" classname="Retriever4.Tests.StringValidationTests" runstate="Runnable" seed="217723725" result="Passed" start-time="2018-07-26 00:32:18Z" end-time="2018-07-26 00:32:18Z" duration="0.001676" asserts="1" />
            <test-case id="0-1083" name="CompareCPUs_ArgumentIsNull_ThrowsException(&quot;Test&quot;,null)" fullname="Retriever4.Tests.StringValidationTests.CompareCPUs_ArgumentIsNull_ThrowsException(&quot;Test&quot;,null)" methodname="CompareCPUs_ArgumentIsNull_ThrowsException" classname="Retriever4.Tests.StringValidationTests" runstate="Runnable" seed="190366223" result="Passed" start-time="2018-07-26 00:32:18Z" end-time="2018-07-26 00:32:18Z" duration="0.000450" asserts="1" />
            <test-case id="0-1084" name="CompareCPUs_ArgumentIsNull_ThrowsException(&quot;&quot;,&quot;Test&quot;)" fullname="Retriever4.Tests.StringValidationTests.CompareCPUs_ArgumentIsNull_ThrowsException(&quot;&quot;,&quot;Test&quot;)" methodname="CompareCPUs_ArgumentIsNull_ThrowsException" classname="Retriever4.Tests.StringValidationTests" runstate="Runnable" seed="394167422" result="Passed" start-time="2018-07-26 00:32:18Z" end-time="2018-07-26 00:32:18Z" duration="0.000195" asserts="1" />
            <test-case id="0-1085" name="CompareCPUs_ArgumentIsNull_ThrowsException(null,&quot;Test&quot;)" fullname="Retriever4.Tests.StringValidationTests.CompareCPUs_ArgumentIsNull_ThrowsException(null,&quot;Test&quot;)" methodname="CompareCPUs_ArgumentIsNull_ThrowsException" classname="Retriever4.Tests.StringValidationTests" runstate="Runnable" seed="416111784" result="Passed" start-time="2018-07-26 00:32:18Z" end-time="2018-07-26 00:32:18Z" duration="0.000177" asserts="1" />
            <test-case id="0-1086" name="CompareCPUs_ArgumentIsNull_ThrowsException(&quot;&quot;,&quot;&quot;)" fullname="Retriever4.Tests.StringValidationTests.CompareCPUs_ArgumentIsNull_ThrowsException(&quot;&quot;,&quot;&quot;)" methodname="CompareCPUs_ArgumentIsNull_ThrowsException" classname="Retriever4.Tests.StringValidationTests" runstate="Runnable" seed="1445065555" result="Passed" start-time="2018-07-26 00:32:18Z" end-time="2018-07-26 00:32:18Z" duration="0.000208" asserts="1" />
            <test-case id="0-1087" name="CompareCPUs_ArgumentIsNull_ThrowsException(null,null)" fullname="Retriever4.Tests.StringValidationTests.CompareCPUs_ArgumentIsNull_ThrowsException(null,null)" methodname="CompareCPUs_ArgumentIsNull_ThrowsException" classname="Retriever4.Tests.StringValidationTests" runstate="Runnable" seed="1238867700" result="Passed" start-time="2018-07-26 00:32:18Z" end-time="2018-07-26 00:32:18Z" duration="0.000184" asserts="1" />
          </test-suite>
          <test-suite type="ParameterizedMethod" id="0-1081" name="CompareCPUs_VariousData_ReturnsTrue" fullname="Retriever4.Tests.StringValidationTests.CompareCPUs_VariousData_ReturnsTrue" classname="Retriever4.Tests.StringValidationTests" runstate="Runnable" testcasecount="14" result="Passed" start-time="2018-07-26 00:32:18Z" end-time="2018-07-26 00:32:18Z" duration="0.004016" total="14" passed="14" failed="0" warnings="0" inconclusive="0" skipped="0" asserts="14">
            <test-case id="0-1067" name="CompareCPUs_VariousData_ReturnsTrue(&quot;i5-7200U&quot;,&quot;GeniueIntel Intel&lt;R&gt; Core&lt;TM&gt; i5-7200U CPU @ 2.50GHz&quot;)" fullname="Retriever4.Tests.StringValidationTests.CompareCPUs_VariousData_ReturnsTrue(&quot;i5-7200U&quot;,&quot;GeniueIntel Intel&lt;R&gt; Core&lt;TM&gt; i5-7200U CPU @ 2.50GHz&quot;)" methodname="CompareCPUs_VariousData_ReturnsTrue" classname="Retriever4.Tests.StringValidationTests" runstate="Runnable" seed="1818795270" result="Passed" start-time="2018-07-26 00:32:18Z" end-time="2018-07-26 00:32:18Z" duration="0.000388" asserts="1" />
            <test-case id="0-1068" name="CompareCPUs_VariousData_ReturnsTrue(&quot;Pentium 4415U&quot;,&quot;GeniueIntel Intel&lt;R&gt; Pentium&lt;TM&gt; CPU 4415U @ 2.30GHz&quot;)" fullname="Retriever4.Tests.StringValidationTests.CompareCPUs_VariousData_ReturnsTrue(&quot;Pentium 4415U&quot;,&quot;GeniueIntel Intel&lt;R&gt; Pentium&lt;TM&gt; CPU 4415U @ 2.30GHz&quot;)" methodname="CompareCPUs_VariousData_ReturnsTrue" classname="Retriever4.Tests.StringValidationTests" runstate="Runnable" seed="1680543611" result="Passed" start-time="2018-07-26 00:32:18Z" end-time="2018-07-26 00:32:18Z" duration="0.000155" asserts="1" />
            <test-case id="0-1069" name="CompareCPUs_VariousData_ReturnsTrue(&quot;i3-7100U&quot;,&quot;GeniueIntel Intel&lt;R&gt; Core&lt;TM&gt; i3-7100U CPU @ 2.40GHz&quot;)" fullname="Retriever4.Tests.StringValidationTests.CompareCPUs_VariousData_ReturnsTrue(&quot;i3-7100U&quot;,&quot;GeniueIntel Intel&lt;R&gt; Core&lt;TM&gt; i3-7100U CPU @ 2.40GHz&quot;)" methodname="CompareCPUs_VariousData_ReturnsTrue" classname="Retriever4.Tests.StringValidationTests" runstate="Runnable" seed="1509447061" result="Passed" start-time="2018-07-26 00:32:18Z" end-time="2018-07-26 00:32:18Z" duration="0.000265" asserts="1" />
            <test-case id="0-1070" name="CompareCPUs_VariousData_ReturnsTrue(&quot;i7-8550U&quot;,&quot;GeniueIntel Intel&lt;R&gt; Core&lt;TM&gt; i7-8550U CPU @ 1.80GHz&quot;)" fullname="Retriever4.Tests.StringValidationTests.CompareCPUs_VariousData_ReturnsTrue(&quot;i7-8550U&quot;,&quot;GeniueIntel Intel&lt;R&gt; Core&lt;TM&gt; i7-8550U CPU @ 1.80GHz&quot;)" methodname="CompareCPUs_VariousData_ReturnsTrue" classname="Retriever4.Tests.StringValidationTests" runstate="Runnable" seed="923142449" result="Passed" start-time="2018-07-26 00:32:18Z" end-time="2018-07-26 00:32:18Z" duration="0.000196" asserts="1" />
            <test-case id="0-1071" name="CompareCPUs_VariousData_ReturnsTrue(&quot;Atom x5-Z8350&quot;,&quot;GeniueIntel Intel&lt;R&gt; Atom&lt;TM&gt; x5-Z8350 CPU @ 1.44GHz&quot;)" fullname="Retriever4.Tests.StringValidationTests.CompareCPUs_VariousData_ReturnsTrue(&quot;Atom x5-Z8350&quot;,&quot;GeniueIntel Intel&lt;R&gt; Atom&lt;TM&gt; x5-Z8350 CPU @ 1.44GHz&quot;)" methodname="CompareCPUs_VariousData_ReturnsTrue" classname="Retriever4.Tests.StringValidationTests" runstate="Runnable" seed="1993930319" result="Passed" start-time="2018-07-26 00:32:18Z" end-time="2018-07-26 00:32:18Z" duration="0.000271" asserts="1" />
            <test-case id="0-1072" name="CompareCPUs_VariousData_ReturnsTrue(&quot;Celeron N3060&quot;,&quot;GeniueIntel Intel&lt;R&gt; Celeron&lt;TM&gt; N3060 CPU @ 1.60GHz&quot;)" fullname="Retriever4.Tests.StringValidationTests.CompareCPUs_VariousData_ReturnsTrue(&quot;Celeron N3060&quot;,&quot;GeniueIntel Intel&lt;R&gt; Celeron&lt;TM&gt; N3060 CPU @ 1.60GHz&quot;)" methodname="CompareCPUs_VariousData_ReturnsTrue" classname="Retriever4.Tests.StringValidationTests" runstate="Runnable" seed="1708968765" result="Passed" start-time="2018-07-26 00:32:18Z" end-time="2018-07-26 00:32:18Z" duration="0.000181" asserts="1" />
            <test-case id="0-1073" name="CompareCPUs_VariousData_ReturnsTrue(&quot;Pentium N3700&quot;,&quot;GeniueIntel Intel&lt;R&gt; Pentium&lt;TM&gt; N3700 CPU @ 1.60GHz&quot;)" fullname="Retriever4.Tests.StringValidationTests.CompareCPUs_VariousData_ReturnsTrue(&quot;Pentium N3700&quot;,&quot;GeniueIntel Intel&lt;R&gt; Pentium&lt;TM&gt; N3700 CPU @ 1.60GHz&quot;)" methodname="CompareCPUs_VariousData_ReturnsTrue" classname="Retriever4.Tests.StringValidationTests" runstate="Runnable" seed="247499727" result="Passed" start-time="2018-07-26 00:32:18Z" end-time="2018-07-26 00:32:18Z" duration="0.000215" asserts="1" />
            <test-case id="0-1074" name="CompareCPUs_VariousData_ReturnsTrue(&quot;i3-6006U&quot;,&quot;GeniueIntel Intel&lt;R&gt; Core&lt;TM&gt; i3-6006U CPU @ 2.00GHz&quot;)" fullname="Retriever4.Tests.StringValidationTests.CompareCPUs_VariousData_ReturnsTrue(&quot;i3-6006U&quot;,&quot;GeniueIntel Intel&lt;R&gt; Core&lt;TM&gt; i3-6006U CPU @ 2.00GHz&quot;)" methodname="CompareCPUs_VariousData_ReturnsTrue" classname="Retriever4.Tests.StringValidationTests" runstate="Runnable" seed="1313552453" result="Passed" start-time="2018-07-26 00:32:18Z" end-time="2018-07-26 00:32:18Z" duration="0.000229" asserts="1" />
            <test-case id="0-1075" name="CompareCPUs_VariousData_ReturnsTrue(&quot;Pentium 4405U&quot;,&quot;GeniueIntel Intel&lt;R&gt; Pentium&lt;TM&gt; CPU 4405U @ 2.10GHz&quot;)" fullname="Retriever4.Tests.StringValidationTests.CompareCPUs_VariousData_ReturnsTrue(&quot;Pentium 4405U&quot;,&quot;GeniueIntel Intel&lt;R&gt; Pentium&lt;TM&gt; CPU 4405U @ 2.10GHz&quot;)" methodname="CompareCPUs_VariousData_ReturnsTrue" classname="Retriever4.Tests.StringValidationTests" runstate="Runnable" seed="663982842" result="Passed" start-time="2018-07-26 00:32:18Z" end-time="2018-07-26 00:32:18Z" duration="0.000451" asserts="1" />
            <test-case id="0-1076" name="CompareCPUs_VariousData_ReturnsTrue(&quot;Atom Z3735F&quot;,&quot;GeniueIntel Intel&lt;R&gt; Atom&lt;TM&gt; CPU Z3735F @ 1.33GHz&quot;)" fullname="Retriever4.Tests.StringValidationTests.CompareCPUs_VariousData_ReturnsTrue(&quot;Atom Z3735F&quot;,&quot;GeniueIntel Intel&lt;R&gt; Atom&lt;TM&gt; CPU Z3735F @ 1.33GHz&quot;)" methodname="CompareCPUs_VariousData_ReturnsTrue" classname="Retriever4.Tests.StringValidationTests" runstate="Runnable" seed="328101783" result="Passed" start-time="2018-07-26 00:32:18Z" end-time="2018-07-26 00:32:18Z" duration="0.000237" asserts="1" />
            <test-case id="0-1077" name="CompareCPUs_VariousData_ReturnsTrue(&quot;i7-6700HQ&quot;,&quot;GeniueIntel Intel&lt;R&gt; Core&lt;TM&gt; i7-6700HQ CPU @ 2.60GHz&quot;)" fullname="Retriever4.Tests.StringValidationTests.CompareCPUs_VariousData_ReturnsTrue(&quot;i7-6700HQ&quot;,&quot;GeniueIntel Intel&lt;R&gt; Core&lt;TM&gt; i7-6700HQ CPU @ 2.60GHz&quot;)" methodname="CompareCPUs_VariousData_ReturnsTrue" classname="Retriever4.Tests.StringValidationTests" runstate="Runnable" seed="870692664" result="Passed" start-time="2018-07-26 00:32:18Z" end-time="2018-07-26 00:32:18Z" duration="0.000233" asserts="1" />
            <test-case id="0-1078" name="CompareCPUs_VariousData_ReturnsTrue(&quot;Celeron N3150&quot;,&quot;GeniueIntel Intel&lt;R&gt; Celeron&lt;TM&gt; CPU N3150 @ 1.60GHz&quot;)" fullname="Retriever4.Tests.StringValidationTests.CompareCPUs_VariousData_ReturnsTrue(&quot;Celeron N3150&quot;,&quot;GeniueIntel Intel&lt;R&gt; Celeron&lt;TM&gt; CPU N3150 @ 1.60GHz&quot;)" methodname="CompareCPUs_VariousData_ReturnsTrue" classname="Retriever4.Tests.StringValidationTests" runstate="Runnable" seed="1872918882" result="Passed" start-time="2018-07-26 00:32:18Z" end-time="2018-07-26 00:32:18Z" duration="0.000332" asserts="1" />
            <test-case id="0-1079" name="CompareCPUs_VariousData_ReturnsTrue(&quot;Pentium N4200&quot;,&quot;GeniueIntel Intel&lt;R&gt; Pentium&lt;TM&gt; CPU N4200 @ 1.10GHz&quot;)" fullname="Retriever4.Tests.StringValidationTests.CompareCPUs_VariousData_ReturnsTrue(&quot;Pentium N4200&quot;,&quot;GeniueIntel Intel&lt;R&gt; Pentium&lt;TM&gt; CPU N4200 @ 1.10GHz&quot;)" methodname="CompareCPUs_VariousData_ReturnsTrue" classname="Retriever4.Tests.StringValidationTests" runstate="Runnable" seed="856953090" result="Passed" start-time="2018-07-26 00:32:18Z" end-time="2018-07-26 00:32:18Z" duration="0.000307" asserts="1" />
            <test-case id="0-1080" name="CompareCPUs_VariousData_ReturnsTrue(&quot;Intel Celeron N2808&quot;,&quot;GeniueIntel Intel&lt;R&gt; Celeron&lt;TM&gt; CPU N2808 @ 1.58GHz&quot;)" fullname="Retriever4.Tests.StringValidationTests.CompareCPUs_VariousData_ReturnsTrue(&quot;Intel Celeron N2808&quot;,&quot;GeniueIntel Intel&lt;R&gt; Celeron&lt;TM&gt; CPU N2808 @ 1.58GHz&quot;)" methodname="CompareCPUs_VariousData_ReturnsTrue" classname="Retriever4.Tests.StringValidationTests" runstate="Runnable" seed="1305783483" result="Passed" start-time="2018-07-26 00:32:18Z" end-time="2018-07-26 00:32:18Z" duration="0.000341" asserts="1" />
          </test-suite>
          <test-suite type="ParameterizedMethod" id="0-1118" name="CompareMainboardModel_ArgumentIsNull_ThrowsException" fullname="Retriever4.Tests.StringValidationTests.CompareMainboardModel_ArgumentIsNull_ThrowsException" classname="Retriever4.Tests.StringValidationTests" runstate="Runnable" testcasecount="6" result="Passed" start-time="2018-07-26 00:32:18Z" end-time="2018-07-26 00:32:18Z" duration="0.006078" total="6" passed="6" failed="0" warnings="0" inconclusive="0" skipped="0" asserts="6">
            <test-case id="0-1112" name="CompareMainboardModel_ArgumentIsNull_ThrowsException(&quot;Test&quot;,&quot;&quot;)" fullname="Retriever4.Tests.StringValidationTests.CompareMainboardModel_ArgumentIsNull_ThrowsException(&quot;Test&quot;,&quot;&quot;)" methodname="CompareMainboardModel_ArgumentIsNull_ThrowsException" classname="Retriever4.Tests.StringValidationTests" runstate="Runnable" seed="1697960015" result="Passed" start-time="2018-07-26 00:32:18Z" end-time="2018-07-26 00:32:18Z" duration="0.004164" asserts="1" />
            <test-case id="0-1113" name="CompareMainboardModel_ArgumentIsNull_ThrowsException(&quot;Test&quot;,null)" fullname="Retriever4.Tests.StringValidationTests.CompareMainboardModel_ArgumentIsNull_ThrowsException(&quot;Test&quot;,null)" methodname="CompareMainboardModel_ArgumentIsNull_ThrowsException" classname="Retriever4.Tests.StringValidationTests" runstate="Runnable" seed="470284102" result="Passed" start-time="2018-07-26 00:32:18Z" end-time="2018-07-26 00:32:18Z" duration="0.000456" asserts="1" />
            <test-case id="0-1114" name="CompareMainboardModel_ArgumentIsNull_ThrowsException(&quot;&quot;,&quot;Test&quot;)" fullname="Retriever4.Tests.StringValidationTests.CompareMainboardModel_ArgumentIsNull_ThrowsException(&quot;&quot;,&quot;Test&quot;)" methodname="CompareMainboardModel_ArgumentIsNull_ThrowsException" classname="Retriever4.Tests.StringValidationTests" runstate="Runnable" seed="188062626" result="Passed" start-time="2018-07-26 00:32:18Z" end-time="2018-07-26 00:32:18Z" duration="0.000316" asserts="1" />
            <test-case id="0-1115" name="CompareMainboardModel_ArgumentIsNull_ThrowsException(null,&quot;Test&quot;)" fullname="Retriever4.Tests.StringValidationTests.CompareMainboardModel_ArgumentIsNull_ThrowsException(null,&quot;Test&quot;)" methodname="CompareMainboardModel_ArgumentIsNull_ThrowsException" classname="Retriever4.Tests.StringValidationTests" runstate="Runnable" seed="2104311276" result="Passed" start-time="2018-07-26 00:32:18Z" end-time="2018-07-26 00:32:18Z" duration="0.000323" asserts="1" />
            <test-case id="0-1116" name="CompareMainboardModel_ArgumentIsNull_ThrowsException(&quot;&quot;,&quot;&quot;)" fullname="Retriever4.Tests.StringValidationTests.CompareMainboardModel_ArgumentIsNull_ThrowsException(&quot;&quot;,&quot;&quot;)" methodname="CompareMainboardModel_ArgumentIsNull_ThrowsException" classname="Retriever4.Tests.StringValidationTests" runstate="Runnable" seed="1880046851" result="Passed" start-time="2018-07-26 00:32:18Z" end-time="2018-07-26 00:32:18Z" duration="0.000309" asserts="1" />
            <test-case id="0-1117" name="CompareMainboardModel_ArgumentIsNull_ThrowsException(null,null)" fullname="Retriever4.Tests.StringValidationTests.CompareMainboardModel_ArgumentIsNull_ThrowsException(null,null)" methodname="CompareMainboardModel_ArgumentIsNull_ThrowsException" classname="Retriever4.Tests.StringValidationTests" runstate="Runnable" seed="1935448782" result="Passed" start-time="2018-07-26 00:32:18Z" end-time="2018-07-26 00:32:18Z" duration="0.000254" asserts="1" />
          </test-suite>
          <test-suite type="ParameterizedMethod" id="0-1111" name="CompareMainboardModel_VariousData_ReturnsTrue" fullname="Retriever4.Tests.StringValidationTests.CompareMainboardModel_VariousData_ReturnsTrue" classname="Retriever4.Tests.StringValidationTests" runstate="Runnable" testcasecount="22" result="Skipped" label="Ignored" site="Child" start-time="2018-07-26 00:32:18Z" end-time="2018-07-26 00:32:18Z" duration="0.024691" total="22" passed="17" failed="0" warnings="0" inconclusive="0" skipped="5" asserts="17">
            <reason>
              <message><![CDATA[One or more child tests were ignored]]></message>
            </reason>
            <test-case id="0-1089" name="CompareMainboardModel_VariousData_ReturnsTrue(&quot;E15KR&quot;,&quot;E15KR&quot;)" fullname="Retriever4.Tests.StringValidationTests.CompareMainboardModel_VariousData_ReturnsTrue(&quot;E15KR&quot;,&quot;E15KR&quot;)" methodname="CompareMainboardModel_VariousData_ReturnsTrue" classname="Retriever4.Tests.StringValidationTests" runstate="Runnable" seed="943286770" result="Passed" start-time="2018-07-26 00:32:18Z" end-time="2018-07-26 00:32:18Z" duration="0.010410" asserts="1" />
            <test-case id="0-1090" name="CompareMainboardModel_VariousData_ReturnsTrue(&quot;E15K&quot;,&quot;E15KUN&quot;)" fullname="Retriever4.Tests.StringValidationTests.CompareMainboardModel_VariousData_ReturnsTrue(&quot;E15K&quot;,&quot;E15KUN&quot;)" methodname="CompareMainboardModel_VariousData_ReturnsTrue" classname="Retriever4.Tests.StringValidationTests" runstate="Runnable" seed="24241595" result="Passed" start-time="2018-07-26 00:32:18Z" end-time="2018-07-26 00:32:18Z" duration="0.000442" asserts="1" />
            <test-case id="0-1091" name="CompareMainboardModel_VariousData_ReturnsTrue(&quot;E15K&quot;,&quot;E15K&quot;)" fullname="Retriever4.Tests.StringValidationTests.CompareMainboardModel_VariousData_ReturnsTrue(&quot;E15K&quot;,&quot;E15K&quot;)" methodname="CompareMainboardModel_VariousData_ReturnsTrue" classname="Retriever4.Tests.StringValidationTests" runstate="Runnable" seed="338954469" result="Passed" start-time="2018-07-26 00:32:18Z" end-time="2018-07-26 00:32:18Z" duration="0.000300" asserts="1" />
            <test-case id="0-1092" name="CompareMainboardModel_VariousData_ReturnsTrue(&quot;D17K&quot;,&quot;D17KUN&quot;)" fullname="Retriever4.Tests.StringValidationTests.CompareMainboardModel_VariousData_ReturnsTrue(&quot;D17K&quot;,&quot;D17KUN&quot;)" methodname="CompareMainboardModel_VariousData_ReturnsTrue" classname="Retriever4.Tests.StringValidationTests" runstate="Runnable" seed="1228303504" result="Passed" start-time="2018-07-26 00:32:18Z" end-time="2018-07-26 00:32:18Z" duration="0.000327" asserts="1" />
            <test-case id="0-1093" name="CompareMainboardModel_VariousData_ReturnsTrue(&quot;D17KxR&quot;,&quot;D17KR&quot;)" fullname="Retriever4.Tests.StringValidationTests.CompareMainboardModel_VariousData_ReturnsTrue(&quot;D17KxR&quot;,&quot;D17KR&quot;)" methodname="CompareMainboardModel_VariousData_ReturnsTrue" classname="Retriever4.Tests.StringValidationTests" runstate="Runnable" seed="660487666" result="Passed" start-time="2018-07-26 00:32:18Z" end-time="2018-07-26 00:32:18Z" duration="0.000299" asserts="1" />
            <test-case id="0-1094" name="CompareMainboardModel_VariousData_ReturnsTrue(&quot;Nt16H&quot;,&quot;NT16H&quot;)" fullname="Retriever4.Tests.StringValidationTests.CompareMainboardModel_VariousData_ReturnsTrue(&quot;Nt16H&quot;,&quot;NT16H&quot;)" methodname="CompareMainboardModel_VariousData_ReturnsTrue" classname="Retriever4.Tests.StringValidationTests" runstate="Runnable" seed="489324721" result="Passed" start-time="2018-07-26 00:32:18Z" end-time="2018-07-26 00:32:18Z" duration="0.000750" asserts="1" />
            <test-case id="0-1095" name="CompareMainboardModel_VariousData_ReturnsTrue(&quot;E15K&quot;,&quot;E15KGN&quot;)" fullname="Retriever4.Tests.StringValidationTests.CompareMainboardModel_VariousData_ReturnsTrue(&quot;E15K&quot;,&quot;E15KGN&quot;)" methodname="CompareMainboardModel_VariousData_ReturnsTrue" classname="Retriever4.Tests.StringValidationTests" runstate="Runnable" seed="752230027" result="Passed" start-time="2018-07-26 00:32:18Z" end-time="2018-07-26 00:32:18Z" duration="0.000354" asserts="1" />
            <test-case id="0-1096" name="CompareMainboardModel_VariousData_ReturnsTrue(&quot;E15S&quot;,&quot;E15SIN&quot;)" fullname="Retriever4.Tests.StringValidationTests.CompareMainboardModel_VariousData_ReturnsTrue(&quot;E15S&quot;,&quot;E15SIN&quot;)" methodname="CompareMainboardModel_VariousData_ReturnsTrue" classname="Retriever4.Tests.StringValidationTests" runstate="Runnable" seed="853502560" result="Passed" start-time="2018-07-26 00:32:18Z" end-time="2018-07-26 00:32:18Z" duration="0.000385" asserts="1" />
            <test-case id="0-1097" name="CompareMainboardModel_VariousData_ReturnsTrue(&quot;Wingman&quot;,&quot;3165 3ND&quot;)" fullname="Retriever4.Tests.StringValidationTests.CompareMainboardModel_VariousData_ReturnsTrue(&quot;Wingman&quot;,&quot;3165 3ND&quot;)" methodname="CompareMainboardModel_VariousData_ReturnsTrue" classname="Retriever4.Tests.StringValidationTests" runstate="Ignored" seed="1114331430" result="Skipped" label="Ignored" start-time="2018-07-26 00:32:18Z" end-time="2018-07-26 00:32:18Z" duration="0.001441" asserts="0">
              <properties>
                <property name="_SKIPREASON" value="Potrzebna porpawka w bazie danych" />
              </properties>
              <reason>
                <message><![CDATA[Potrzebna porpawka w bazie danych]]></message>
              </reason>
            </test-case>
            <test-case id="0-1098" name="CompareMainboardModel_VariousData_ReturnsTrue(&quot;Polo 2&quot;,&quot;MA50LU&quot;)" fullname="Retriever4.Tests.StringValidationTests.CompareMainboardModel_VariousData_ReturnsTrue(&quot;Polo 2&quot;,&quot;MA50LU&quot;)" methodname="CompareMainboardModel_VariousData_ReturnsTrue" classname="Retriever4.Tests.StringValidationTests" runstate="Ignored" seed="275211161" result="Skipped" label="Ignored" start-time="2018-07-26 00:32:18Z" end-time="2018-07-26 00:32:18Z" duration="0.000019" asserts="0">
              <properties>
                <property name="_SKIPREASON" value="Potrzebna porpawka w bazie danych" />
              </properties>
              <reason>
                <message><![CDATA[Potrzebna porpawka w bazie danych]]></message>
              </reason>
            </test-case>
            <test-case id="0-1099" name="CompareMainboardModel_VariousData_ReturnsTrue(&quot;D17KxR&quot;,&quot;D17KGR&quot;)" fullname="Retriever4.Tests.StringValidationTests.CompareMainboardModel_VariousData_ReturnsTrue(&quot;D17KxR&quot;,&quot;D17KGR&quot;)" methodname="CompareMainboardModel_VariousData_ReturnsTrue" classname="Retriever4.Tests.StringValidationTests" runstate="Runnable" seed="1350594008" result="Passed" start-time="2018-07-26 00:32:18Z" end-time="2018-07-26 00:32:18Z" duration="0.000554" asserts="1" />
            <test-case id="0-1100" name="CompareMainboardModel_VariousData_ReturnsTrue(&quot;WMBT1031&quot;,&quot;CNB PEAQ P1211T MD60011&quot;)" fullname="Retriever4.Tests.StringValidationTests.CompareMainboardModel_VariousData_ReturnsTrue(&quot;WMBT1031&quot;,&quot;CNB PEAQ P1211T MD60011&quot;)" methodname="CompareMainboardModel_VariousData_ReturnsTrue" classname="Retriever4.Tests.StringValidationTests" runstate="Ignored" seed="1034334377" result="Skipped" label="Ignored" start-time="2018-07-26 00:32:18Z" end-time="2018-07-26 00:32:18Z" duration="0.000006" asserts="0">
              <properties>
                <property name="_SKIPREASON" value="Potrzebna porpawka w bazie danych" />
              </properties>
              <reason>
                <message><![CDATA[Potrzebna porpawka w bazie danych]]></message>
              </reason>
            </test-case>
            <test-case id="0-1101" name="CompareMainboardModel_VariousData_ReturnsTrue(&quot;P670RE1M&quot;,&quot;P670RE1M&quot;)" fullname="Retriever4.Tests.StringValidationTests.CompareMainboardModel_VariousData_ReturnsTrue(&quot;P670RE1M&quot;,&quot;P670RE1M&quot;)" methodname="CompareMainboardModel_VariousData_ReturnsTrue" classname="Retriever4.Tests.StringValidationTests" runstate="Runnable" seed="178057252" result="Passed" start-time="2018-07-26 00:32:18Z" end-time="2018-07-26 00:32:18Z" duration="0.000521" asserts="1" />
            <test-case id="0-1102" name="CompareMainboardModel_VariousData_ReturnsTrue(&quot;P670RE1-M&quot;,&quot;P670RE1M&quot;)" fullname="Retriever4.Tests.StringValidationTests.CompareMainboardModel_VariousData_ReturnsTrue(&quot;P670RE1-M&quot;,&quot;P670RE1M&quot;)" methodname="CompareMainboardModel_VariousData_ReturnsTrue" classname="Retriever4.Tests.StringValidationTests" runstate="Runnable" seed="981917152" result="Passed" start-time="2018-07-26 00:32:18Z" end-time="2018-07-26 00:32:18Z" duration="0.001256" asserts="1" />
            <test-case id="0-1103" name="CompareMainboardModel_VariousData_ReturnsTrue(&quot;NSBW1x02&quot;,&quot;NSBW1402&quot;)" fullname="Retriever4.Tests.StringValidationTests.CompareMainboardModel_VariousData_ReturnsTrue(&quot;NSBW1x02&quot;,&quot;NSBW1402&quot;)" methodname="CompareMainboardModel_VariousData_ReturnsTrue" classname="Retriever4.Tests.StringValidationTests" runstate="Runnable" seed="246590871" result="Passed" start-time="2018-07-26 00:32:18Z" end-time="2018-07-26 00:32:18Z" duration="0.000390" asserts="1" />
            <test-case id="0-1104" name="CompareMainboardModel_VariousData_ReturnsTrue(&quot;WMBT1031&quot;,&quot;WMBT8931&quot;)" fullname="Retriever4.Tests.StringValidationTests.CompareMainboardModel_VariousData_ReturnsTrue(&quot;WMBT1031&quot;,&quot;WMBT8931&quot;)" methodname="CompareMainboardModel_VariousData_ReturnsTrue" classname="Retriever4.Tests.StringValidationTests" runstate="Ignored" seed="1662725923" result="Skipped" label="Ignored" start-time="2018-07-26 00:32:18Z" end-time="2018-07-26 00:32:18Z" duration="0.000003" asserts="0">
              <properties>
                <property name="_SKIPREASON" value="Potrzebna porpawka w bazie danych" />
              </properties>
              <reason>
                <message><![CDATA[Potrzebna porpawka w bazie danych]]></message>
              </reason>
            </test-case>
            <test-case id="0-1105" name="CompareMainboardModel_VariousData_ReturnsTrue(&quot;NT13A&quot;,&quot;NT13A&quot;)" fullname="Retriever4.Tests.StringValidationTests.CompareMainboardModel_VariousData_ReturnsTrue(&quot;NT13A&quot;,&quot;NT13A&quot;)" methodname="CompareMainboardModel_VariousData_ReturnsTrue" classname="Retriever4.Tests.StringValidationTests" runstate="Runnable" seed="1842110327" result="Passed" start-time="2018-07-26 00:32:18Z" end-time="2018-07-26 00:32:18Z" duration="0.000331" asserts="1" />
            <test-case id="0-1106" name="CompareMainboardModel_VariousData_ReturnsTrue(&quot;Skoda&quot;,&quot;E1232T&quot;)" fullname="Retriever4.Tests.StringValidationTests.CompareMainboardModel_VariousData_ReturnsTrue(&quot;Skoda&quot;,&quot;E1232T&quot;)" methodname="CompareMainboardModel_VariousData_ReturnsTrue" classname="Retriever4.Tests.StringValidationTests" runstate="Ignored" seed="1430189245" result="Skipped" label="Ignored" start-time="2018-07-26 00:32:18Z" end-time="2018-07-26 00:32:18Z" duration="0.000002" asserts="0">
              <properties>
                <property name="_SKIPREASON" value="Potrzebna porpawka w bazie danych" />
              </properties>
              <reason>
                <message><![CDATA[Potrzebna porpawka w bazie danych]]></message>
              </reason>
            </test-case>
            <test-case id="0-1107" name="CompareMainboardModel_VariousData_ReturnsTrue(&quot;D17KxR&quot;,&quot;D17KRR&quot;)" fullname="Retriever4.Tests.StringValidationTests.CompareMainboardModel_VariousData_ReturnsTrue(&quot;D17KxR&quot;,&quot;D17KRR&quot;)" methodname="CompareMainboardModel_VariousData_ReturnsTrue" classname="Retriever4.Tests.StringValidationTests" runstate="Runnable" seed="1188878242" result="Passed" start-time="2018-07-26 00:32:18Z" end-time="2018-07-26 00:32:18Z" duration="0.000376" asserts="1" />
            <test-case id="0-1108" name="CompareMainboardModel_VariousData_ReturnsTrue(&quot;D17S&quot;,&quot;D17SFN&quot;)" fullname="Retriever4.Tests.StringValidationTests.CompareMainboardModel_VariousData_ReturnsTrue(&quot;D17S&quot;,&quot;D17SFN&quot;)" methodname="CompareMainboardModel_VariousData_ReturnsTrue" classname="Retriever4.Tests.StringValidationTests" runstate="Runnable" seed="214764518" result="Passed" start-time="2018-07-26 00:32:18Z" end-time="2018-07-26 00:32:18Z" duration="0.004861" asserts="1" />
            <test-case id="0-1109" name="CompareMainboardModel_VariousData_ReturnsTrue(&quot;NSSL1502&quot;,&quot;NSSL1502&quot;)" fullname="Retriever4.Tests.StringValidationTests.CompareMainboardModel_VariousData_ReturnsTrue(&quot;NSSL1502&quot;,&quot;NSSL1502&quot;)" methodname="CompareMainboardModel_VariousData_ReturnsTrue" classname="Retriever4.Tests.StringValidationTests" runstate="Runnable" seed="2127818629" result="Passed" start-time="2018-07-26 00:32:18Z" end-time="2018-07-26 00:32:18Z" duration="0.000546" asserts="1" />
            <test-case id="0-1110" name="CompareMainboardModel_VariousData_ReturnsTrue(&quot;NSBW1x02&quot;,&quot;NSBW1502&quot;)" fullname="Retriever4.Tests.StringValidationTests.CompareMainboardModel_VariousData_ReturnsTrue(&quot;NSBW1x02&quot;,&quot;NSBW1502&quot;)" methodname="CompareMainboardModel_VariousData_ReturnsTrue" classname="Retriever4.Tests.StringValidationTests" runstate="Runnable" seed="200552221" result="Passed" start-time="2018-07-26 00:32:18Z" end-time="2018-07-26 00:32:18Z" duration="0.000527" asserts="1" />
          </test-suite>
          <test-suite type="ParameterizedMethod" id="0-1125" name="CompareStrings_ArgumentIsNull_ThrowsException" fullname="Retriever4.Tests.StringValidationTests.CompareStrings_ArgumentIsNull_ThrowsException" classname="Retriever4.Tests.StringValidationTests" runstate="Runnable" testcasecount="6" result="Passed" start-time="2018-07-26 00:32:18Z" end-time="2018-07-26 00:32:18Z" duration="0.003290" total="6" passed="6" failed="0" warnings="0" inconclusive="0" skipped="0" asserts="6">
            <test-case id="0-1119" name="CompareStrings_ArgumentIsNull_ThrowsException(&quot;Test&quot;,&quot;&quot;)" fullname="Retriever4.Tests.StringValidationTests.CompareStrings_ArgumentIsNull_ThrowsException(&quot;Test&quot;,&quot;&quot;)" methodname="CompareStrings_ArgumentIsNull_ThrowsException" classname="Retriever4.Tests.StringValidationTests" runstate="Runnable" seed="1790976068" result="Passed" start-time="2018-07-26 00:32:18Z" end-time="2018-07-26 00:32:18Z" duration="0.001459" asserts="1" />
            <test-case id="0-1120" name="CompareStrings_ArgumentIsNull_ThrowsException(&quot;Test&quot;,null)" fullname="Retriever4.Tests.StringValidationTests.CompareStrings_ArgumentIsNull_ThrowsException(&quot;Test&quot;,null)" methodname="CompareStrings_ArgumentIsNull_ThrowsException" classname="Retriever4.Tests.StringValidationTests" runstate="Runnable" seed="680720262" result="Passed" start-time="2018-07-26 00:32:18Z" end-time="2018-07-26 00:32:18Z" duration="0.000429" asserts="1" />
            <test-case id="0-1121" name="CompareStrings_ArgumentIsNull_ThrowsException(&quot;&quot;,&quot;Test&quot;)" fullname="Retriever4.Tests.StringValidationTests.CompareStrings_ArgumentIsNull_ThrowsException(&quot;&quot;,&quot;Test&quot;)" methodname="CompareStrings_ArgumentIsNull_ThrowsException" classname="Retriever4.Tests.StringValidationTests" runstate="Runnable" seed="696929438" result="Passed" start-time="2018-07-26 00:32:18Z" end-time="2018-07-26 00:32:18Z" duration="0.000239" asserts="1" />
            <test-case id="0-1122" name="CompareStrings_ArgumentIsNull_ThrowsException(null,&quot;Test&quot;)" fullname="Retriever4.Tests.StringValidationTests.CompareStrings_ArgumentIsNull_ThrowsException(null,&quot;Test&quot;)" methodname="CompareStrings_ArgumentIsNull_ThrowsException" classname="Retriever4.Tests.StringValidationTests" runstate="Runnable" seed="1868910950" result="Passed" start-time="2018-07-26 00:32:18Z" end-time="2018-07-26 00:32:18Z" duration="0.000299" asserts="1" />
            <test-case id="0-1123" name="CompareStrings_ArgumentIsNull_ThrowsException(&quot;&quot;,&quot;&quot;)" fullname="Retriever4.Tests.StringValidationTests.CompareStrings_ArgumentIsNull_ThrowsException(&quot;&quot;,&quot;&quot;)" methodname="CompareStrings_ArgumentIsNull_ThrowsException" classname="Retriever4.Tests.StringValidationTests" runstate="Runnable" seed="149368740" result="Passed" start-time="2018-07-26 00:32:18Z" end-time="2018-07-26 00:32:18Z" duration="0.000262" asserts="1" />
            <test-case id="0-1124" name="CompareStrings_ArgumentIsNull_ThrowsException(null,null)" fullname="Retriever4.Tests.StringValidationTests.CompareStrings_ArgumentIsNull_ThrowsException(null,null)" methodname="CompareStrings_ArgumentIsNull_ThrowsException" classname="Retriever4.Tests.StringValidationTests" runstate="Runnable" seed="897317365" result="Passed" start-time="2018-07-26 00:32:18Z" end-time="2018-07-26 00:32:18Z" duration="0.000290" asserts="1" />
          </test-suite>
        </test-suite>
        <test-suite type="TestFixture" id="0-1126" name="TypeValidationTests" fullname="Retriever4.Tests.TypeValidationTests" classname="Retriever4.Tests.TypeValidationTests" runstate="Runnable" testcasecount="10" result="Passed" start-time="2018-07-26 00:32:18Z" end-time="2018-07-26 00:32:18Z" duration="0.007127" total="10" passed="10" failed="0" warnings="0" inconclusive="0" skipped="0" asserts="10">
          <test-case id="0-1136" name="IsNullable_BasicType_ReturnsFalse" fullname="Retriever4.Tests.TypeValidationTests.IsNullable_BasicType_ReturnsFalse" methodname="IsNullable_BasicType_ReturnsFalse" classname="Retriever4.Tests.TypeValidationTests" runstate="Runnable" seed="431778722" result="Passed" start-time="2018-07-26 00:32:18Z" end-time="2018-07-26 00:32:18Z" duration="0.001058" asserts="1" />
          <test-case id="0-1137" name="IsNullable_BasicTypeWithNullValue_ReturnTrue" fullname="Retriever4.Tests.TypeValidationTests.IsNullable_BasicTypeWithNullValue_ReturnTrue" methodname="IsNullable_BasicTypeWithNullValue_ReturnTrue" classname="Retriever4.Tests.TypeValidationTests" runstate="Runnable" seed="1897000485" result="Passed" start-time="2018-07-26 00:32:18Z" end-time="2018-07-26 00:32:18Z" duration="0.000717" asserts="1" />
          <test-case id="0-1134" name="IsNullable_NullableType_ReturnsTrue" fullname="Retriever4.Tests.TypeValidationTests.IsNullable_NullableType_ReturnsTrue" methodname="IsNullable_NullableType_ReturnsTrue" classname="Retriever4.Tests.TypeValidationTests" runstate="Runnable" seed="545518085" result="Passed" start-time="2018-07-26 00:32:18Z" end-time="2018-07-26 00:32:18Z" duration="0.001569" asserts="1" />
          <test-case id="0-1135" name="IsNullable_NullableTypeWithNullValue_ReturnsTrue" fullname="Retriever4.Tests.TypeValidationTests.IsNullable_NullableTypeWithNullValue_ReturnsTrue" methodname="IsNullable_NullableTypeWithNullValue_ReturnsTrue" classname="Retriever4.Tests.TypeValidationTests" runstate="Runnable" seed="957810351" result="Passed" start-time="2018-07-26 00:32:18Z" end-time="2018-07-26 00:32:18Z" duration="0.000917" asserts="1" />
          <test-case id="0-1133" name="IsNumericType_NullParameter_ThrowsException" fullname="Retriever4.Tests.TypeValidationTests.IsNumericType_NullParameter_ThrowsException" methodname="IsNumericType_NullParameter_ThrowsException" classname="Retriever4.Tests.TypeValidationTests" runstate="Runnable" seed="539838130" result="Passed" start-time="2018-07-26 00:32:18Z" end-time="2018-07-26 00:32:18Z" duration="0.001493" asserts="1" />
          <test-suite type="ParameterizedMethod" id="0-1132" name="IsNumericType_VariousTypes" fullname="Retriever4.Tests.TypeValidationTests.IsNumericType_VariousTypes" classname="Retriever4.Tests.TypeValidationTests" runstate="Runnable" testcasecount="5" result="Passed" start-time="2018-07-26 00:32:18Z" end-time="2018-07-26 00:32:18Z" duration="0.001031" total="5" passed="5" failed="0" warnings="0" inconclusive="0" skipped="0" asserts="5">
            <test-case id="0-1127" name="IsNumericType_VariousTypes(13,True)" fullname="Retriever4.Tests.TypeValidationTests.IsNumericType_VariousTypes(13,True)" methodname="IsNumericType_VariousTypes" classname="Retriever4.Tests.TypeValidationTests" runstate="Runnable" seed="1317770552" result="Passed" start-time="2018-07-26 00:32:18Z" end-time="2018-07-26 00:32:18Z" duration="0.000272" asserts="1" />
            <test-case id="0-1128" name="IsNumericType_VariousTypes(-5,True)" fullname="Retriever4.Tests.TypeValidationTests.IsNumericType_VariousTypes(-5,True)" methodname="IsNumericType_VariousTypes" classname="Retriever4.Tests.TypeValidationTests" runstate="Runnable" seed="2120917972" result="Passed" start-time="2018-07-26 00:32:18Z" end-time="2018-07-26 00:32:18Z" duration="0.000136" asserts="1" />
            <test-case id="0-1129" name="IsNumericType_VariousTypes(&quot;lol&quot;,False)" fullname="Retriever4.Tests.TypeValidationTests.IsNumericType_VariousTypes(&quot;lol&quot;,False)" methodname="IsNumericType_VariousTypes" classname="Retriever4.Tests.TypeValidationTests" runstate="Runnable" seed="1370075828" result="Passed" start-time="2018-07-26 00:32:18Z" end-time="2018-07-26 00:32:18Z" duration="0.000228" asserts="1" />
            <test-case id="0-1130" name="IsNumericType_VariousTypes('h',False)" fullname="Retriever4.Tests.TypeValidationTests.IsNumericType_VariousTypes('h',False)" methodname="IsNumericType_VariousTypes" classname="Retriever4.Tests.TypeValidationTests" runstate="Runnable" seed="773365899" result="Passed" start-time="2018-07-26 00:32:18Z" end-time="2018-07-26 00:32:18Z" duration="0.000117" asserts="1" />
            <test-case id="0-1131" name="IsNumericType_VariousTypes(15342.5432d,True)" fullname="Retriever4.Tests.TypeValidationTests.IsNumericType_VariousTypes(15342.5432d,True)" methodname="IsNumericType_VariousTypes" classname="Retriever4.Tests.TypeValidationTests" runstate="Runnable" seed="7593402" result="Passed" start-time="2018-07-26 00:32:18Z" end-time="2018-07-26 00:32:18Z" duration="0.000114" asserts="1" />
          </test-suite>
        </test-suite>
      </test-suite>
    </test-suite>
  </test-suite>
</test-run>