<?xml version="1.0" encoding="utf-8" standalone="no"?>
<test-run id="2" testcasecount="117" result="Failed" total="117" passed="107" failed="5" inconclusive="0" skipped="5" asserts="112" engine-version="3.8.0.0" clr-version="4.0.30319.42000" start-time="2018-08-17 04:59:06Z" end-time="2018-08-17 04:59:07Z" duration="1.873371">
  <command-line><![CDATA[nunit3-console.exe  C:\Users\Duch003\source\repos\Retriever4\Retriever4.Tests\\bin\Debug\Retriever4.Tests.dll]]></command-line>
  <test-suite type="Assembly" id="0-1133" name="Retriever4.Tests.dll" fullname="C:\Users\Duch003\source\repos\Retriever4\Retriever4.Tests\bin\Debug\Retriever4.Tests.dll" runstate="Runnable" testcasecount="117" result="Failed" site="Child" start-time="2018-08-17 04:59:07Z" end-time="2018-08-17 04:59:07Z" duration="0.453898" total="117" passed="107" failed="5" warnings="0" inconclusive="0" skipped="5" asserts="112">
    <environment framework-version="3.10.1.0" clr-version="4.0.30319.42000" os-version="Microsoft Windows NT 10.0.17134.0" platform="Win32NT" cwd="C:\Users\Duch003\source\repos\Retriever4\packages\NUnit.ConsoleRunner.3.8.0\tools" machine-name="DESKTOP-H9P79KU" user="Duch003" user-domain="DESKTOP-H9P79KU" culture="en-GB" uiculture="en-GB" os-architecture="x64" />
    <settings>
      <setting name="DisposeRunners" value="True" />
      <setting name="WorkDirectory" value="C:\Users\Duch003\source\repos\Retriever4\packages\NUnit.ConsoleRunner.3.8.0\tools" />
      <setting name="ImageRuntimeVersion" value="4.0.30319" />
      <setting name="ImageTargetFrameworkName" value=".NETFramework,Version=v4.0" />
      <setting name="ImageRequiresX86" value="False" />
      <setting name="ImageRequiresDefaultAppDomainAssemblyResolver" value="False" />
      <setting name="NumberOfTestWorkers" value="8" />
    </settings>
    <properties>
      <property name="_PID" value="2564" />
      <property name="_APPDOMAIN" value="domain-" />
    </properties>
    <failure>
      <message><![CDATA[One or more child tests had errors]]></message>
    </failure>
    <test-suite type="TestSuite" id="0-1134" name="Retriever4" fullname="Retriever4" runstate="Runnable" testcasecount="117" result="Failed" site="Child" start-time="2018-08-17 04:59:07Z" end-time="2018-08-17 04:59:07Z" duration="0.408424" total="117" passed="107" failed="5" warnings="0" inconclusive="0" skipped="5" asserts="112">
      <failure>
        <message><![CDATA[One or more child tests had errors]]></message>
      </failure>
      <test-suite type="TestSuite" id="0-1135" name="Tests" fullname="Retriever4.Tests" runstate="Runnable" testcasecount="117" result="Failed" site="Child" start-time="2018-08-17 04:59:07Z" end-time="2018-08-17 04:59:07Z" duration="0.407560" total="117" passed="107" failed="5" warnings="0" inconclusive="0" skipped="5" asserts="112">
        <failure>
          <message><![CDATA[One or more child tests had errors]]></message>
        </failure>
        <test-suite type="TestFixture" id="0-1000" name="DetectDeviceModelTests" fullname="Retriever4.Tests.DetectDeviceModelTests" classname="Retriever4.Tests.DetectDeviceModelTests" runstate="Runnable" testcasecount="19" result="Passed" start-time="2018-08-17 04:59:07Z" end-time="2018-08-17 04:59:07Z" duration="0.221912" total="19" passed="19" failed="0" warnings="0" inconclusive="0" skipped="0" asserts="19">
          <test-suite type="ParameterizedMethod" id="0-1019" name="DetectDeviceModel_FindModelLogic_ReturnsTrue" fullname="Retriever4.Tests.DetectDeviceModelTests.DetectDeviceModel_FindModelLogic_ReturnsTrue" classname="Retriever4.Tests.DetectDeviceModelTests" runstate="Runnable" testcasecount="3" result="Passed" start-time="2018-08-17 04:59:07Z" end-time="2018-08-17 04:59:07Z" duration="0.181404" total="3" passed="3" failed="0" warnings="0" inconclusive="0" skipped="0" asserts="3">
            <test-case id="0-1016" name="DetectDeviceModel_FindModelLogic_ReturnsTrue(&quot;99850&quot;,&quot;99850&quot;,1)" fullname="Retriever4.Tests.DetectDeviceModelTests.DetectDeviceModel_FindModelLogic_ReturnsTrue(&quot;99850&quot;,&quot;99850&quot;,1)" methodname="DetectDeviceModel_FindModelLogic_ReturnsTrue" classname="Retriever4.Tests.DetectDeviceModelTests" runstate="Runnable" seed="809014383" result="Passed" start-time="2018-08-17 04:59:07Z" end-time="2018-08-17 04:59:07Z" duration="0.166044" asserts="1" />
            <test-case id="0-1017" name="DetectDeviceModel_FindModelLogic_ReturnsTrue(&quot;43215&quot;,null,-1)" fullname="Retriever4.Tests.DetectDeviceModelTests.DetectDeviceModel_FindModelLogic_ReturnsTrue(&quot;43215&quot;,null,-1)" methodname="DetectDeviceModel_FindModelLogic_ReturnsTrue" classname="Retriever4.Tests.DetectDeviceModelTests" runstate="Runnable" seed="1635816683" result="Passed" start-time="2018-08-17 04:59:07Z" end-time="2018-08-17 04:59:07Z" duration="0.002435" asserts="1" />
            <test-case id="0-1018" name="DetectDeviceModel_FindModelLogic_ReturnsTrue(&quot;UnfitString&quot;,null,0)" fullname="Retriever4.Tests.DetectDeviceModelTests.DetectDeviceModel_FindModelLogic_ReturnsTrue(&quot;UnfitString&quot;,null,0)" methodname="DetectDeviceModel_FindModelLogic_ReturnsTrue" classname="Retriever4.Tests.DetectDeviceModelTests" runstate="Runnable" seed="1423952696" result="Passed" start-time="2018-08-17 04:59:07Z" end-time="2018-08-17 04:59:07Z" duration="0.001301" asserts="1" />
          </test-suite>
          <test-case id="0-1021" name="DetectDeviceModel_FindModelNullList_ThrowsException" fullname="Retriever4.Tests.DetectDeviceModelTests.DetectDeviceModel_FindModelNullList_ThrowsException" methodname="DetectDeviceModel_FindModelNullList_ThrowsException" classname="Retriever4.Tests.DetectDeviceModelTests" runstate="Runnable" seed="651930330" result="Passed" start-time="2018-08-17 04:59:07Z" end-time="2018-08-17 04:59:07Z" duration="0.024054" asserts="1" />
          <test-case id="0-1020" name="DetectDeviceModel_FindModelNullRaw_ThrowsException" fullname="Retriever4.Tests.DetectDeviceModelTests.DetectDeviceModel_FindModelNullRaw_ThrowsException" methodname="DetectDeviceModel_FindModelNullRaw_ThrowsException" classname="Retriever4.Tests.DetectDeviceModelTests" runstate="Runnable" seed="917333504" result="Passed" start-time="2018-08-17 04:59:07Z" end-time="2018-08-17 04:59:07Z" duration="0.001184" asserts="1" />
          <test-suite type="ParameterizedMethod" id="0-1015" name="DetectDeviceModel_PatternsDetectionTests" fullname="Retriever4.Tests.DetectDeviceModelTests.DetectDeviceModel_PatternsDetectionTests" classname="Retriever4.Tests.DetectDeviceModelTests" runstate="Runnable" testcasecount="14" result="Passed" start-time="2018-08-17 04:59:07Z" end-time="2018-08-17 04:59:07Z" duration="0.004597" total="14" passed="14" failed="0" warnings="0" inconclusive="0" skipped="0" asserts="14">
            <test-case id="0-1001" name="DetectDeviceModel_PatternsDetectionTests(&quot;99850&quot;,&quot;99850&quot;)" fullname="Retriever4.Tests.DetectDeviceModelTests.DetectDeviceModel_PatternsDetectionTests(&quot;99850&quot;,&quot;99850&quot;)" methodname="DetectDeviceModel_PatternsDetectionTests" classname="Retriever4.Tests.DetectDeviceModelTests" runstate="Runnable" seed="1364140123" result="Passed" start-time="2018-08-17 04:59:07Z" end-time="2018-08-17 04:59:07Z" duration="0.000515" asserts="1" />
            <test-case id="0-1002" name="DetectDeviceModel_PatternsDetectionTests(&quot;C1010-I01B3&quot;,&quot;C1010-I01B3&quot;)" fullname="Retriever4.Tests.DetectDeviceModelTests.DetectDeviceModel_PatternsDetectionTests(&quot;C1010-I01B3&quot;,&quot;C1010-I01B3&quot;)" methodname="DetectDeviceModel_PatternsDetectionTests" classname="Retriever4.Tests.DetectDeviceModelTests" runstate="Runnable" seed="1777666770" result="Passed" start-time="2018-08-17 04:59:07Z" end-time="2018-08-17 04:59:07Z" duration="0.000315" asserts="1" />
            <test-case id="0-1003" name="DetectDeviceModel_PatternsDetectionTests(&quot;S1415-I2N1S&quot;,&quot;S1415-I2N1S&quot;)" fullname="Retriever4.Tests.DetectDeviceModelTests.DetectDeviceModel_PatternsDetectionTests(&quot;S1415-I2N1S&quot;,&quot;S1415-I2N1S&quot;)" methodname="DetectDeviceModel_PatternsDetectionTests" classname="Retriever4.Tests.DetectDeviceModelTests" runstate="Runnable" seed="2102828286" result="Passed" start-time="2018-08-17 04:59:07Z" end-time="2018-08-17 04:59:07Z" duration="0.000284" asserts="1" />
            <test-case id="0-1004" name="DetectDeviceModel_PatternsDetectionTests(&quot;C2015-I5N1&quot;,&quot;C2015-I5N1&quot;)" fullname="Retriever4.Tests.DetectDeviceModelTests.DetectDeviceModel_PatternsDetectionTests(&quot;C2015-I5N1&quot;,&quot;C2015-I5N1&quot;)" methodname="DetectDeviceModel_PatternsDetectionTests" classname="Retriever4.Tests.DetectDeviceModelTests" runstate="Runnable" seed="2113381262" result="Passed" start-time="2018-08-17 04:59:07Z" end-time="2018-08-17 04:59:07Z" duration="0.000303" asserts="1" />
            <test-case id="0-1005" name="DetectDeviceModel_PatternsDetectionTests(&quot;S1115-IMNL&quot;,&quot;S1115-IMNL&quot;)" fullname="Retriever4.Tests.DetectDeviceModelTests.DetectDeviceModel_PatternsDetectionTests(&quot;S1115-IMNL&quot;,&quot;S1115-IMNL&quot;)" methodname="DetectDeviceModel_PatternsDetectionTests" classname="Retriever4.Tests.DetectDeviceModelTests" runstate="Runnable" seed="458059807" result="Passed" start-time="2018-08-17 04:59:07Z" end-time="2018-08-17 04:59:07Z" duration="0.000269" asserts="1" />
            <test-case id="0-1006" name="DetectDeviceModel_PatternsDetectionTests(&quot;P1115-I5CH&quot;,&quot;P1115-I5CH&quot;)" fullname="Retriever4.Tests.DetectDeviceModelTests.DetectDeviceModel_PatternsDetectionTests(&quot;P1115-I5CH&quot;,&quot;P1115-I5CH&quot;)" methodname="DetectDeviceModel_PatternsDetectionTests" classname="Retriever4.Tests.DetectDeviceModelTests" runstate="Runnable" seed="2020445449" result="Passed" start-time="2018-08-17 04:59:07Z" end-time="2018-08-17 04:59:07Z" duration="0.000276" asserts="1" />
            <test-case id="0-1007" name="DetectDeviceModel_PatternsDetectionTests(&quot;C1008-I01N&quot;,&quot;C1008-I01N&quot;)" fullname="Retriever4.Tests.DetectDeviceModelTests.DetectDeviceModel_PatternsDetectionTests(&quot;C1008-I01N&quot;,&quot;C1008-I01N&quot;)" methodname="DetectDeviceModel_PatternsDetectionTests" classname="Retriever4.Tests.DetectDeviceModelTests" runstate="Runnable" seed="793813437" result="Passed" start-time="2018-08-17 04:59:07Z" end-time="2018-08-17 04:59:07Z" duration="0.000290" asserts="1" />
            <test-case id="0-1008" name="DetectDeviceModel_PatternsDetectionTests(&quot;S1115-IM2N&quot;,&quot;S1115-IM2N&quot;)" fullname="Retriever4.Tests.DetectDeviceModelTests.DetectDeviceModel_PatternsDetectionTests(&quot;S1115-IM2N&quot;,&quot;S1115-IM2N&quot;)" methodname="DetectDeviceModel_PatternsDetectionTests" classname="Retriever4.Tests.DetectDeviceModelTests" runstate="Runnable" seed="827029107" result="Passed" start-time="2018-08-17 04:59:07Z" end-time="2018-08-17 04:59:07Z" duration="0.000273" asserts="1" />
            <test-case id="0-1009" name="DetectDeviceModel_PatternsDetectionTests(&quot;S1415-I1C&quot;,&quot;S1415-I1C&quot;)" fullname="Retriever4.Tests.DetectDeviceModelTests.DetectDeviceModel_PatternsDetectionTests(&quot;S1415-I1C&quot;,&quot;S1415-I1C&quot;)" methodname="DetectDeviceModel_PatternsDetectionTests" classname="Retriever4.Tests.DetectDeviceModelTests" runstate="Runnable" seed="756091201" result="Passed" start-time="2018-08-17 04:59:07Z" end-time="2018-08-17 04:59:07Z" duration="0.000292" asserts="1" />
            <test-case id="0-1010" name="DetectDeviceModel_PatternsDetectionTests(&quot;S1414-I1BI S&quot;,&quot;S1414-I1BI S&quot;)" fullname="Retriever4.Tests.DetectDeviceModelTests.DetectDeviceModel_PatternsDetectionTests(&quot;S1414-I1BI S&quot;,&quot;S1414-I1BI S&quot;)" methodname="DetectDeviceModel_PatternsDetectionTests" classname="Retriever4.Tests.DetectDeviceModelTests" runstate="Runnable" seed="1767644627" result="Passed" start-time="2018-08-17 04:59:07Z" end-time="2018-08-17 04:59:07Z" duration="0.000258" asserts="1" />
            <test-case id="0-1011" name="DetectDeviceModel_PatternsDetectionTests(&quot;PNB S1414-I1BI S&quot;,&quot;S1414-I1BI S&quot;)" fullname="Retriever4.Tests.DetectDeviceModelTests.DetectDeviceModel_PatternsDetectionTests(&quot;PNB S1414-I1BI S&quot;,&quot;S1414-I1BI S&quot;)" methodname="DetectDeviceModel_PatternsDetectionTests" classname="Retriever4.Tests.DetectDeviceModelTests" runstate="Runnable" seed="1603732752" result="Passed" start-time="2018-08-17 04:59:07Z" end-time="2018-08-17 04:59:07Z" duration="0.000268" asserts="1" />
            <test-case id="0-1012" name="DetectDeviceModel_PatternsDetectionTests(&quot;CNB MEDION S1415-I1C&quot;,&quot;S1415-I1C&quot;)" fullname="Retriever4.Tests.DetectDeviceModelTests.DetectDeviceModel_PatternsDetectionTests(&quot;CNB MEDION S1415-I1C&quot;,&quot;S1415-I1C&quot;)" methodname="DetectDeviceModel_PatternsDetectionTests" classname="Retriever4.Tests.DetectDeviceModelTests" runstate="Runnable" seed="1145750376" result="Passed" start-time="2018-08-17 04:59:07Z" end-time="2018-08-17 04:59:07Z" duration="0.000315" asserts="1" />
            <test-case id="0-1013" name="DetectDeviceModel_PatternsDetectionTests(&quot;PEAQC2015-I5N1&quot;,&quot;C2015-I5N1&quot;)" fullname="Retriever4.Tests.DetectDeviceModelTests.DetectDeviceModel_PatternsDetectionTests(&quot;PEAQC2015-I5N1&quot;,&quot;C2015-I5N1&quot;)" methodname="DetectDeviceModel_PatternsDetectionTests" classname="Retriever4.Tests.DetectDeviceModelTests" runstate="Runnable" seed="698738777" result="Passed" start-time="2018-08-17 04:59:07Z" end-time="2018-08-17 04:59:07Z" duration="0.000300" asserts="1" />
            <test-case id="0-1014" name="DetectDeviceModel_PatternsDetectionTests(&quot;S1415-I1C PEAQ&quot;,&quot;S1415-I1C&quot;)" fullname="Retriever4.Tests.DetectDeviceModelTests.DetectDeviceModel_PatternsDetectionTests(&quot;S1415-I1C PEAQ&quot;,&quot;S1415-I1C&quot;)" methodname="DetectDeviceModel_PatternsDetectionTests" classname="Retriever4.Tests.DetectDeviceModelTests" runstate="Runnable" seed="1813431271" result="Passed" start-time="2018-08-17 04:59:07Z" end-time="2018-08-17 04:59:07Z" duration="0.000302" asserts="1" />
          </test-suite>
        </test-suite>
        <test-suite type="TestFixture" id="0-1022" name="NumbersValidationTests" fullname="Retriever4.Tests.NumbersValidationTests" classname="Retriever4.Tests.NumbersValidationTests" runstate="Runnable" testcasecount="27" result="Passed" start-time="2018-08-17 04:59:07Z" end-time="2018-08-17 04:59:07Z" duration="0.014867" total="27" passed="27" failed="0" warnings="0" inconclusive="0" skipped="0" asserts="27">
          <test-suite type="ParameterizedMethod" id="0-1052" name="CompareStorages_DatabaseArgumentIsNullOrRealValueIsNegative_ThrowsException" fullname="Retriever4.Tests.NumbersValidationTests.CompareStorages_DatabaseArgumentIsNullOrRealValueIsNegative_ThrowsException" classname="Retriever4.Tests.NumbersValidationTests" runstate="Runnable" testcasecount="5" result="Passed" start-time="2018-08-17 04:59:07Z" end-time="2018-08-17 04:59:07Z" duration="0.007500" total="5" passed="5" failed="0" warnings="0" inconclusive="0" skipped="0" asserts="5">
            <test-case id="0-1047" name="CompareStorages_DatabaseArgumentIsNullOrRealValueIsNegative_ThrowsException(&quot;&quot;,100)" fullname="Retriever4.Tests.NumbersValidationTests.CompareStorages_DatabaseArgumentIsNullOrRealValueIsNegative_ThrowsException(&quot;&quot;,100)" methodname="CompareStorages_DatabaseArgumentIsNullOrRealValueIsNegative_ThrowsException" classname="Retriever4.Tests.NumbersValidationTests" runstate="Runnable" seed="1020757698" result="Passed" start-time="2018-08-17 04:59:07Z" end-time="2018-08-17 04:59:07Z" duration="0.006357" asserts="1" />
            <test-case id="0-1048" name="CompareStorages_DatabaseArgumentIsNullOrRealValueIsNegative_ThrowsException(null,100)" fullname="Retriever4.Tests.NumbersValidationTests.CompareStorages_DatabaseArgumentIsNullOrRealValueIsNegative_ThrowsException(null,100)" methodname="CompareStorages_DatabaseArgumentIsNullOrRealValueIsNegative_ThrowsException" classname="Retriever4.Tests.NumbersValidationTests" runstate="Runnable" seed="278128457" result="Passed" start-time="2018-08-17 04:59:07Z" end-time="2018-08-17 04:59:07Z" duration="0.000291" asserts="1" />
            <test-case id="0-1049" name="CompareStorages_DatabaseArgumentIsNullOrRealValueIsNegative_ThrowsException(&quot;Test&quot;,-3)" fullname="Retriever4.Tests.NumbersValidationTests.CompareStorages_DatabaseArgumentIsNullOrRealValueIsNegative_ThrowsException(&quot;Test&quot;,-3)" methodname="CompareStorages_DatabaseArgumentIsNullOrRealValueIsNegative_ThrowsException" classname="Retriever4.Tests.NumbersValidationTests" runstate="Runnable" seed="294366116" result="Passed" start-time="2018-08-17 04:59:07Z" end-time="2018-08-17 04:59:07Z" duration="0.000240" asserts="1" />
            <test-case id="0-1050" name="CompareStorages_DatabaseArgumentIsNullOrRealValueIsNegative_ThrowsException(&quot;&quot;,-6)" fullname="Retriever4.Tests.NumbersValidationTests.CompareStorages_DatabaseArgumentIsNullOrRealValueIsNegative_ThrowsException(&quot;&quot;,-6)" methodname="CompareStorages_DatabaseArgumentIsNullOrRealValueIsNegative_ThrowsException" classname="Retriever4.Tests.NumbersValidationTests" runstate="Runnable" seed="493242383" result="Passed" start-time="2018-08-17 04:59:07Z" end-time="2018-08-17 04:59:07Z" duration="0.000230" asserts="1" />
            <test-case id="0-1051" name="CompareStorages_DatabaseArgumentIsNullOrRealValueIsNegative_ThrowsException(null,-9)" fullname="Retriever4.Tests.NumbersValidationTests.CompareStorages_DatabaseArgumentIsNullOrRealValueIsNegative_ThrowsException(null,-9)" methodname="CompareStorages_DatabaseArgumentIsNullOrRealValueIsNegative_ThrowsException" classname="Retriever4.Tests.NumbersValidationTests" runstate="Runnable" seed="1365725023" result="Passed" start-time="2018-08-17 04:59:07Z" end-time="2018-08-17 04:59:07Z" duration="0.000226" asserts="1" />
          </test-suite>
          <test-suite type="ParameterizedMethod" id="0-1046" name="CompareStorages_VariousData" fullname="Retriever4.Tests.NumbersValidationTests.CompareStorages_VariousData" classname="Retriever4.Tests.NumbersValidationTests" runstate="Runnable" testcasecount="16" result="Passed" start-time="2018-08-17 04:59:07Z" end-time="2018-08-17 04:59:07Z" duration="0.005880" total="16" passed="16" failed="0" warnings="0" inconclusive="0" skipped="0" asserts="16">
            <test-case id="0-1030" name="CompareStorages_VariousData(&quot;256 GB SSD&quot;,274877906944L,True)" fullname="Retriever4.Tests.NumbersValidationTests.CompareStorages_VariousData(&quot;256 GB SSD&quot;,274877906944L,True)" methodname="CompareStorages_VariousData" classname="Retriever4.Tests.NumbersValidationTests" runstate="Runnable" seed="1119991096" result="Passed" start-time="2018-08-17 04:59:07Z" end-time="2018-08-17 04:59:07Z" duration="0.001376" asserts="1" />
            <test-case id="0-1031" name="CompareStorages_VariousData(&quot;128 GB SSD&quot;,137438953472L,True)" fullname="Retriever4.Tests.NumbersValidationTests.CompareStorages_VariousData(&quot;128 GB SSD&quot;,137438953472L,True)" methodname="CompareStorages_VariousData" classname="Retriever4.Tests.NumbersValidationTests" runstate="Runnable" seed="1399628921" result="Passed" start-time="2018-08-17 04:59:07Z" end-time="2018-08-17 04:59:07Z" duration="0.000309" asserts="1" />
            <test-case id="0-1032" name="CompareStorages_VariousData(&quot;64 GB eMMC&quot;,68719476736L,True)" fullname="Retriever4.Tests.NumbersValidationTests.CompareStorages_VariousData(&quot;64 GB eMMC&quot;,68719476736L,True)" methodname="CompareStorages_VariousData" classname="Retriever4.Tests.NumbersValidationTests" runstate="Runnable" seed="1928585057" result="Passed" start-time="2018-08-17 04:59:07Z" end-time="2018-08-17 04:59:07Z" duration="0.000286" asserts="1" />
            <test-case id="0-1033" name="CompareStorages_VariousData(&quot;32 GB eMMC&quot;,34359738368L,True)" fullname="Retriever4.Tests.NumbersValidationTests.CompareStorages_VariousData(&quot;32 GB eMMC&quot;,34359738368L,True)" methodname="CompareStorages_VariousData" classname="Retriever4.Tests.NumbersValidationTests" runstate="Runnable" seed="462886771" result="Passed" start-time="2018-08-17 04:59:07Z" end-time="2018-08-17 04:59:07Z" duration="0.000278" asserts="1" />
            <test-case id="0-1034" name="CompareStorages_VariousData(&quot;16 GB eMMC&quot;,17179869184L,True)" fullname="Retriever4.Tests.NumbersValidationTests.CompareStorages_VariousData(&quot;16 GB eMMC&quot;,17179869184L,True)" methodname="CompareStorages_VariousData" classname="Retriever4.Tests.NumbersValidationTests" runstate="Runnable" seed="818171572" result="Passed" start-time="2018-08-17 04:59:07Z" end-time="2018-08-17 04:59:07Z" duration="0.000277" asserts="1" />
            <test-case id="0-1035" name="CompareStorages_VariousData(&quot;320 GB HDD&quot;,343597383680L,True)" fullname="Retriever4.Tests.NumbersValidationTests.CompareStorages_VariousData(&quot;320 GB HDD&quot;,343597383680L,True)" methodname="CompareStorages_VariousData" classname="Retriever4.Tests.NumbersValidationTests" runstate="Runnable" seed="746745765" result="Passed" start-time="2018-08-17 04:59:07Z" end-time="2018-08-17 04:59:07Z" duration="0.000280" asserts="1" />
            <test-case id="0-1036" name="CompareStorages_VariousData(&quot;500 GB HDD&quot;,536870912000L,True)" fullname="Retriever4.Tests.NumbersValidationTests.CompareStorages_VariousData(&quot;500 GB HDD&quot;,536870912000L,True)" methodname="CompareStorages_VariousData" classname="Retriever4.Tests.NumbersValidationTests" runstate="Runnable" seed="1931643806" result="Passed" start-time="2018-08-17 04:59:07Z" end-time="2018-08-17 04:59:07Z" duration="0.000278" asserts="1" />
            <test-case id="0-1037" name="CompareStorages_VariousData(&quot;640 GB SSHD&quot;,687194767360L,True)" fullname="Retriever4.Tests.NumbersValidationTests.CompareStorages_VariousData(&quot;640 GB SSHD&quot;,687194767360L,True)" methodname="CompareStorages_VariousData" classname="Retriever4.Tests.NumbersValidationTests" runstate="Runnable" seed="1317349996" result="Passed" start-time="2018-08-17 04:59:07Z" end-time="2018-08-17 04:59:07Z" duration="0.000278" asserts="1" />
            <test-case id="0-1038" name="CompareStorages_VariousData(&quot;750 GB SSHD&quot;,805306368000L,True)" fullname="Retriever4.Tests.NumbersValidationTests.CompareStorages_VariousData(&quot;750 GB SSHD&quot;,805306368000L,True)" methodname="CompareStorages_VariousData" classname="Retriever4.Tests.NumbersValidationTests" runstate="Runnable" seed="762629418" result="Passed" start-time="2018-08-17 04:59:07Z" end-time="2018-08-17 04:59:07Z" duration="0.000276" asserts="1" />
            <test-case id="0-1039" name="CompareStorages_VariousData(&quot;1 TB HDD&quot;,1099511627776L,True)" fullname="Retriever4.Tests.NumbersValidationTests.CompareStorages_VariousData(&quot;1 TB HDD&quot;,1099511627776L,True)" methodname="CompareStorages_VariousData" classname="Retriever4.Tests.NumbersValidationTests" runstate="Runnable" seed="112659917" result="Passed" start-time="2018-08-17 04:59:07Z" end-time="2018-08-17 04:59:07Z" duration="0.000280" asserts="1" />
            <test-case id="0-1040" name="CompareStorages_VariousData(&quot;1,5 TB DHDD&quot;,1649267441664L,True)" fullname="Retriever4.Tests.NumbersValidationTests.CompareStorages_VariousData(&quot;1,5 TB DHDD&quot;,1649267441664L,True)" methodname="CompareStorages_VariousData" classname="Retriever4.Tests.NumbersValidationTests" runstate="Runnable" seed="1191644843" result="Passed" start-time="2018-08-17 04:59:07Z" end-time="2018-08-17 04:59:07Z" duration="0.000279" asserts="1" />
            <test-case id="0-1041" name="CompareStorages_VariousData(&quot;2 TB HDD&quot;,2199023255552L,True)" fullname="Retriever4.Tests.NumbersValidationTests.CompareStorages_VariousData(&quot;2 TB HDD&quot;,2199023255552L,True)" methodname="CompareStorages_VariousData" classname="Retriever4.Tests.NumbersValidationTests" runstate="Runnable" seed="1872035593" result="Passed" start-time="2018-08-17 04:59:07Z" end-time="2018-08-17 04:59:07Z" duration="0.000276" asserts="1" />
            <test-case id="0-1042" name="CompareStorages_VariousData(&quot;0,5 TB HDD&quot;,549755813888L,True)" fullname="Retriever4.Tests.NumbersValidationTests.CompareStorages_VariousData(&quot;0,5 TB HDD&quot;,549755813888L,True)" methodname="CompareStorages_VariousData" classname="Retriever4.Tests.NumbersValidationTests" runstate="Runnable" seed="534470271" result="Passed" start-time="2018-08-17 04:59:07Z" end-time="2018-08-17 04:59:07Z" duration="0.000279" asserts="1" />
            <test-case id="0-1043" name="CompareStorages_VariousData(&quot;0,5 TB HDD&quot;,1099511627776L,False)" fullname="Retriever4.Tests.NumbersValidationTests.CompareStorages_VariousData(&quot;0,5 TB HDD&quot;,1099511627776L,False)" methodname="CompareStorages_VariousData" classname="Retriever4.Tests.NumbersValidationTests" runstate="Runnable" seed="921153026" result="Passed" start-time="2018-08-17 04:59:07Z" end-time="2018-08-17 04:59:07Z" duration="0.000279" asserts="1" />
            <test-case id="0-1044" name="CompareStorages_VariousData(&quot;320 GB HDD&quot;,274877906944L,False)" fullname="Retriever4.Tests.NumbersValidationTests.CompareStorages_VariousData(&quot;320 GB HDD&quot;,274877906944L,False)" methodname="CompareStorages_VariousData" classname="Retriever4.Tests.NumbersValidationTests" runstate="Runnable" seed="363141007" result="Passed" start-time="2018-08-17 04:59:07Z" end-time="2018-08-17 04:59:07Z" duration="0.000279" asserts="1" />
            <test-case id="0-1045" name="CompareStorages_VariousData(&quot;16 GB eMMC&quot;,34359738368L,False)" fullname="Retriever4.Tests.NumbersValidationTests.CompareStorages_VariousData(&quot;16 GB eMMC&quot;,34359738368L,False)" methodname="CompareStorages_VariousData" classname="Retriever4.Tests.NumbersValidationTests" runstate="Runnable" seed="723694247" result="Passed" start-time="2018-08-17 04:59:07Z" end-time="2018-08-17 04:59:07Z" duration="0.000276" asserts="1" />
          </test-suite>
          <test-suite type="ParameterizedMethod" id="0-1029" name="CompareWearlevel_LogicTest" fullname="Retriever4.Tests.NumbersValidationTests.CompareWearlevel_LogicTest" classname="Retriever4.Tests.NumbersValidationTests" runstate="Runnable" testcasecount="6" result="Passed" start-time="2018-08-17 04:59:07Z" end-time="2018-08-17 04:59:07Z" duration="0.001206" total="6" passed="6" failed="0" warnings="0" inconclusive="0" skipped="0" asserts="6">
            <test-case id="0-1023" name="CompareWearlevel_LogicTest(-13,12,True)" fullname="Retriever4.Tests.NumbersValidationTests.CompareWearlevel_LogicTest(-13,12,True)" methodname="CompareWearlevel_LogicTest" classname="Retriever4.Tests.NumbersValidationTests" runstate="Runnable" seed="638715649" result="Passed" start-time="2018-08-17 04:59:07Z" end-time="2018-08-17 04:59:07Z" duration="0.000460" asserts="1" />
            <test-case id="0-1024" name="CompareWearlevel_LogicTest(0,12,True)" fullname="Retriever4.Tests.NumbersValidationTests.CompareWearlevel_LogicTest(0,12,True)" methodname="CompareWearlevel_LogicTest" classname="Retriever4.Tests.NumbersValidationTests" runstate="Runnable" seed="874314877" result="Passed" start-time="2018-08-17 04:59:07Z" end-time="2018-08-17 04:59:07Z" duration="0.000140" asserts="1" />
            <test-case id="0-1025" name="CompareWearlevel_LogicTest(7.8d,12,True)" fullname="Retriever4.Tests.NumbersValidationTests.CompareWearlevel_LogicTest(7.8d,12,True)" methodname="CompareWearlevel_LogicTest" classname="Retriever4.Tests.NumbersValidationTests" runstate="Runnable" seed="2040322325" result="Passed" start-time="2018-08-17 04:59:07Z" end-time="2018-08-17 04:59:07Z" duration="0.000120" asserts="1" />
            <test-case id="0-1026" name="CompareWearlevel_LogicTest(12,12,True)" fullname="Retriever4.Tests.NumbersValidationTests.CompareWearlevel_LogicTest(12,12,True)" methodname="CompareWearlevel_LogicTest" classname="Retriever4.Tests.NumbersValidationTests" runstate="Runnable" seed="316874534" result="Passed" start-time="2018-08-17 04:59:07Z" end-time="2018-08-17 04:59:07Z" duration="0.000119" asserts="1" />
            <test-case id="0-1027" name="CompareWearlevel_LogicTest(12.01d,12,False)" fullname="Retriever4.Tests.NumbersValidationTests.CompareWearlevel_LogicTest(12.01d,12,False)" methodname="CompareWearlevel_LogicTest" classname="Retriever4.Tests.NumbersValidationTests" runstate="Runnable" seed="888846322" result="Passed" start-time="2018-08-17 04:59:07Z" end-time="2018-08-17 04:59:07Z" duration="0.000119" asserts="1" />
            <test-case id="0-1028" name="CompareWearlevel_LogicTest(14,12,False)" fullname="Retriever4.Tests.NumbersValidationTests.CompareWearlevel_LogicTest(14,12,False)" methodname="CompareWearlevel_LogicTest" classname="Retriever4.Tests.NumbersValidationTests" runstate="Runnable" seed="631543792" result="Passed" start-time="2018-08-17 04:59:07Z" end-time="2018-08-17 04:59:07Z" duration="0.000122" asserts="1" />
          </test-suite>
        </test-suite>
        <test-suite type="TestFixture" id="0-1053" name="ObjectsValidationTests" fullname="Retriever4.Tests.ObjectsValidationTests" classname="Retriever4.Tests.ObjectsValidationTests" runstate="Runnable" testcasecount="7" result="Failed" site="Child" start-time="2018-08-17 04:59:07Z" end-time="2018-08-17 04:59:07Z" duration="0.116592" total="7" passed="5" failed="2" warnings="0" inconclusive="0" skipped="0" asserts="7">
          <failure>
            <message><![CDATA[One or more child tests had errors]]></message>
          </failure>
          <test-case id="0-1057" name="CheckFieldsForNulls__CheckingObjectWithUnacceptableNullFieldsWithIgnoredFileds_NullFiledsAreIgnored" fullname="Retriever4.Tests.ObjectsValidationTests.CheckFieldsForNulls__CheckingObjectWithUnacceptableNullFieldsWithIgnoredFileds_NullFiledsAreIgnored" methodname="CheckFieldsForNulls__CheckingObjectWithUnacceptableNullFieldsWithIgnoredFileds_NullFiledsAreIgnored" classname="Retriever4.Tests.ObjectsValidationTests" runstate="Runnable" seed="1274496328" result="Failed" start-time="2018-08-17 04:59:07Z" end-time="2018-08-17 04:59:07Z" duration="0.107596" asserts="1">
            <failure>
              <message><![CDATA[  Expected: True
  But was:  False
]]></message>
              <stack-trace><![CDATA[   at Retriever4.Tests.ObjectsValidationTests.CheckFieldsForNulls__CheckingObjectWithUnacceptableNullFieldsWithIgnoredFileds_NullFiledsAreIgnored() in C:\Users\Duch003\source\repos\Retriever4\Retriever4.Tests\ObjectsValidationTests.cs:line 52
]]></stack-trace>
            </failure>
            <assertions>
              <assertion result="Failed">
                <message><![CDATA[  Expected: True
  But was:  False
]]></message>
                <stack-trace><![CDATA[   at Retriever4.Tests.ObjectsValidationTests.CheckFieldsForNulls__CheckingObjectWithUnacceptableNullFieldsWithIgnoredFileds_NullFiledsAreIgnored() in C:\Users\Duch003\source\repos\Retriever4\Retriever4.Tests\ObjectsValidationTests.cs:line 52
]]></stack-trace>
              </assertion>
            </assertions>
          </test-case>
          <test-case id="0-1058" name="CheckFieldsForNulls__IgnoredFieldsArrayContainsNullWithCorrectlyFilledObject_ThrowsException" fullname="Retriever4.Tests.ObjectsValidationTests.CheckFieldsForNulls__IgnoredFieldsArrayContainsNullWithCorrectlyFilledObject_ThrowsException" methodname="CheckFieldsForNulls__IgnoredFieldsArrayContainsNullWithCorrectlyFilledObject_ThrowsException" classname="Retriever4.Tests.ObjectsValidationTests" runstate="Runnable" seed="1298913752" result="Passed" start-time="2018-08-17 04:59:07Z" end-time="2018-08-17 04:59:07Z" duration="0.001862" asserts="1" />
          <test-case id="0-1059" name="CheckFieldsForNulls__IgnoredFieldsArrayContainsNullWithUncorrectlyFilledObject_ThrowsException" fullname="Retriever4.Tests.ObjectsValidationTests.CheckFieldsForNulls__IgnoredFieldsArrayContainsNullWithUncorrectlyFilledObject_ThrowsException" methodname="CheckFieldsForNulls__IgnoredFieldsArrayContainsNullWithUncorrectlyFilledObject_ThrowsException" classname="Retriever4.Tests.ObjectsValidationTests" runstate="Runnable" seed="855712382" result="Passed" start-time="2018-08-17 04:59:07Z" end-time="2018-08-17 04:59:07Z" duration="0.000926" asserts="1" />
          <test-case id="0-1054" name="CheckFieldsForNulls_CheckingCorrectlyFilledConfiguration" fullname="Retriever4.Tests.ObjectsValidationTests.CheckFieldsForNulls_CheckingCorrectlyFilledConfiguration" methodname="CheckFieldsForNulls_CheckingCorrectlyFilledConfiguration" classname="Retriever4.Tests.ObjectsValidationTests" runstate="Runnable" seed="1982689213" result="Failed" start-time="2018-08-17 04:59:07Z" end-time="2018-08-17 04:59:07Z" duration="0.001821" asserts="1">
            <failure>
              <message><![CDATA[  Expected: True
  But was:  False
]]></message>
              <stack-trace><![CDATA[   at Retriever4.Tests.ObjectsValidationTests.CheckFieldsForNulls_CheckingCorrectlyFilledConfiguration() in C:\Users\Duch003\source\repos\Retriever4\Retriever4.Tests\ObjectsValidationTests.cs:line 18
]]></stack-trace>
            </failure>
            <assertions>
              <assertion result="Failed">
                <message><![CDATA[  Expected: True
  But was:  False
]]></message>
                <stack-trace><![CDATA[   at Retriever4.Tests.ObjectsValidationTests.CheckFieldsForNulls_CheckingCorrectlyFilledConfiguration() in C:\Users\Duch003\source\repos\Retriever4\Retriever4.Tests\ObjectsValidationTests.cs:line 18
]]></stack-trace>
              </assertion>
            </assertions>
          </test-case>
          <test-case id="0-1060" name="CheckFieldsForNulls_CheckingObjectFilledByNulls" fullname="Retriever4.Tests.ObjectsValidationTests.CheckFieldsForNulls_CheckingObjectFilledByNulls" methodname="CheckFieldsForNulls_CheckingObjectFilledByNulls" classname="Retriever4.Tests.ObjectsValidationTests" runstate="Runnable" seed="2074739243" result="Passed" start-time="2018-08-17 04:59:07Z" end-time="2018-08-17 04:59:07Z" duration="0.002397" asserts="1" />
          <test-case id="0-1055" name="CheckFieldsForNulls_CheckingObjectWithNullFields" fullname="Retriever4.Tests.ObjectsValidationTests.CheckFieldsForNulls_CheckingObjectWithNullFields" methodname="CheckFieldsForNulls_CheckingObjectWithNullFields" classname="Retriever4.Tests.ObjectsValidationTests" runstate="Runnable" seed="1040557573" result="Passed" start-time="2018-08-17 04:59:07Z" end-time="2018-08-17 04:59:07Z" duration="0.000359" asserts="1" />
          <test-case id="0-1056" name="CheckFieldsForNulls_NullObject_ThrowsException" fullname="Retriever4.Tests.ObjectsValidationTests.CheckFieldsForNulls_NullObject_ThrowsException" methodname="CheckFieldsForNulls_NullObject_ThrowsException" classname="Retriever4.Tests.ObjectsValidationTests" runstate="Runnable" seed="1097183283" result="Passed" start-time="2018-08-17 04:59:07Z" end-time="2018-08-17 04:59:07Z" duration="0.001292" asserts="1" />
        </test-suite>
        <test-suite type="TestFixture" id="0-1061" name="StringValidationTests" fullname="Retriever4.Tests.StringValidationTests" classname="Retriever4.Tests.StringValidationTests" runstate="Runnable" testcasecount="54" result="Failed" site="Child" start-time="2018-08-17 04:59:07Z" end-time="2018-08-17 04:59:07Z" duration="0.036561" total="54" passed="46" failed="3" warnings="0" inconclusive="0" skipped="5" asserts="49">
          <failure>
            <message><![CDATA[One or more child tests had errors]]></message>
          </failure>
          <test-suite type="ParameterizedMethod" id="0-1083" name="CompareCPUs_ArgumentIsNull_ThrowsException" fullname="Retriever4.Tests.StringValidationTests.CompareCPUs_ArgumentIsNull_ThrowsException" classname="Retriever4.Tests.StringValidationTests" runstate="Runnable" testcasecount="6" result="Passed" start-time="2018-08-17 04:59:07Z" end-time="2018-08-17 04:59:07Z" duration="0.003372" total="6" passed="6" failed="0" warnings="0" inconclusive="0" skipped="0" asserts="6">
            <test-case id="0-1077" name="CompareCPUs_ArgumentIsNull_ThrowsException(&quot;Test&quot;,&quot;&quot;)" fullname="Retriever4.Tests.StringValidationTests.CompareCPUs_ArgumentIsNull_ThrowsException(&quot;Test&quot;,&quot;&quot;)" methodname="CompareCPUs_ArgumentIsNull_ThrowsException" classname="Retriever4.Tests.StringValidationTests" runstate="Runnable" seed="449073017" result="Passed" start-time="2018-08-17 04:59:07Z" end-time="2018-08-17 04:59:07Z" duration="0.001751" asserts="1" />
            <test-case id="0-1078" name="CompareCPUs_ArgumentIsNull_ThrowsException(&quot;Test&quot;,null)" fullname="Retriever4.Tests.StringValidationTests.CompareCPUs_ArgumentIsNull_ThrowsException(&quot;Test&quot;,null)" methodname="CompareCPUs_ArgumentIsNull_ThrowsException" classname="Retriever4.Tests.StringValidationTests" runstate="Runnable" seed="1121871879" result="Passed" start-time="2018-08-17 04:59:07Z" end-time="2018-08-17 04:59:07Z" duration="0.000324" asserts="1" />
            <test-case id="0-1079" name="CompareCPUs_ArgumentIsNull_ThrowsException(&quot;&quot;,&quot;Test&quot;)" fullname="Retriever4.Tests.StringValidationTests.CompareCPUs_ArgumentIsNull_ThrowsException(&quot;&quot;,&quot;Test&quot;)" methodname="CompareCPUs_ArgumentIsNull_ThrowsException" classname="Retriever4.Tests.StringValidationTests" runstate="Runnable" seed="2103166051" result="Passed" start-time="2018-08-17 04:59:07Z" end-time="2018-08-17 04:59:07Z" duration="0.000263" asserts="1" />
            <test-case id="0-1080" name="CompareCPUs_ArgumentIsNull_ThrowsException(null,&quot;Test&quot;)" fullname="Retriever4.Tests.StringValidationTests.CompareCPUs_ArgumentIsNull_ThrowsException(null,&quot;Test&quot;)" methodname="CompareCPUs_ArgumentIsNull_ThrowsException" classname="Retriever4.Tests.StringValidationTests" runstate="Runnable" seed="155096417" result="Passed" start-time="2018-08-17 04:59:07Z" end-time="2018-08-17 04:59:07Z" duration="0.000256" asserts="1" />
            <test-case id="0-1081" name="CompareCPUs_ArgumentIsNull_ThrowsException(&quot;&quot;,&quot;&quot;)" fullname="Retriever4.Tests.StringValidationTests.CompareCPUs_ArgumentIsNull_ThrowsException(&quot;&quot;,&quot;&quot;)" methodname="CompareCPUs_ArgumentIsNull_ThrowsException" classname="Retriever4.Tests.StringValidationTests" runstate="Runnable" seed="1559291279" result="Passed" start-time="2018-08-17 04:59:07Z" end-time="2018-08-17 04:59:07Z" duration="0.000251" asserts="1" />
            <test-case id="0-1082" name="CompareCPUs_ArgumentIsNull_ThrowsException(null,null)" fullname="Retriever4.Tests.StringValidationTests.CompareCPUs_ArgumentIsNull_ThrowsException(null,null)" methodname="CompareCPUs_ArgumentIsNull_ThrowsException" classname="Retriever4.Tests.StringValidationTests" runstate="Runnable" seed="101554360" result="Passed" start-time="2018-08-17 04:59:07Z" end-time="2018-08-17 04:59:07Z" duration="0.000354" asserts="1" />
          </test-suite>
          <test-suite type="ParameterizedMethod" id="0-1076" name="CompareCPUs_VariousData_ReturnsTrue" fullname="Retriever4.Tests.StringValidationTests.CompareCPUs_VariousData_ReturnsTrue" classname="Retriever4.Tests.StringValidationTests" runstate="Runnable" testcasecount="14" result="Passed" start-time="2018-08-17 04:59:07Z" end-time="2018-08-17 04:59:07Z" duration="0.005543" total="14" passed="14" failed="0" warnings="0" inconclusive="0" skipped="0" asserts="14">
            <test-case id="0-1062" name="CompareCPUs_VariousData_ReturnsTrue(&quot;i5-7200U&quot;,&quot;GeniueIntel Intel&lt;R&gt; Core&lt;TM&gt; i5-7200U CPU @ 2.50GHz&quot;)" fullname="Retriever4.Tests.StringValidationTests.CompareCPUs_VariousData_ReturnsTrue(&quot;i5-7200U&quot;,&quot;GeniueIntel Intel&lt;R&gt; Core&lt;TM&gt; i5-7200U CPU @ 2.50GHz&quot;)" methodname="CompareCPUs_VariousData_ReturnsTrue" classname="Retriever4.Tests.StringValidationTests" runstate="Runnable" seed="1045914497" result="Passed" start-time="2018-08-17 04:59:07Z" end-time="2018-08-17 04:59:07Z" duration="0.000656" asserts="1" />
            <test-case id="0-1063" name="CompareCPUs_VariousData_ReturnsTrue(&quot;Pentium 4415U&quot;,&quot;GeniueIntel Intel&lt;R&gt; Pentium&lt;TM&gt; CPU 4415U @ 2.30GHz&quot;)" fullname="Retriever4.Tests.StringValidationTests.CompareCPUs_VariousData_ReturnsTrue(&quot;Pentium 4415U&quot;,&quot;GeniueIntel Intel&lt;R&gt; Pentium&lt;TM&gt; CPU 4415U @ 2.30GHz&quot;)" methodname="CompareCPUs_VariousData_ReturnsTrue" classname="Retriever4.Tests.StringValidationTests" runstate="Runnable" seed="2104212966" result="Passed" start-time="2018-08-17 04:59:07Z" end-time="2018-08-17 04:59:07Z" duration="0.000283" asserts="1" />
            <test-case id="0-1064" name="CompareCPUs_VariousData_ReturnsTrue(&quot;i3-7100U&quot;,&quot;GeniueIntel Intel&lt;R&gt; Core&lt;TM&gt; i3-7100U CPU @ 2.40GHz&quot;)" fullname="Retriever4.Tests.StringValidationTests.CompareCPUs_VariousData_ReturnsTrue(&quot;i3-7100U&quot;,&quot;GeniueIntel Intel&lt;R&gt; Core&lt;TM&gt; i3-7100U CPU @ 2.40GHz&quot;)" methodname="CompareCPUs_VariousData_ReturnsTrue" classname="Retriever4.Tests.StringValidationTests" runstate="Runnable" seed="763586827" result="Passed" start-time="2018-08-17 04:59:07Z" end-time="2018-08-17 04:59:07Z" duration="0.000259" asserts="1" />
            <test-case id="0-1065" name="CompareCPUs_VariousData_ReturnsTrue(&quot;i7-8550U&quot;,&quot;GeniueIntel Intel&lt;R&gt; Core&lt;TM&gt; i7-8550U CPU @ 1.80GHz&quot;)" fullname="Retriever4.Tests.StringValidationTests.CompareCPUs_VariousData_ReturnsTrue(&quot;i7-8550U&quot;,&quot;GeniueIntel Intel&lt;R&gt; Core&lt;TM&gt; i7-8550U CPU @ 1.80GHz&quot;)" methodname="CompareCPUs_VariousData_ReturnsTrue" classname="Retriever4.Tests.StringValidationTests" runstate="Runnable" seed="1710682816" result="Passed" start-time="2018-08-17 04:59:07Z" end-time="2018-08-17 04:59:07Z" duration="0.000255" asserts="1" />
            <test-case id="0-1066" name="CompareCPUs_VariousData_ReturnsTrue(&quot;Atom x5-Z8350&quot;,&quot;GeniueIntel Intel&lt;R&gt; Atom&lt;TM&gt; x5-Z8350 CPU @ 1.44GHz&quot;)" fullname="Retriever4.Tests.StringValidationTests.CompareCPUs_VariousData_ReturnsTrue(&quot;Atom x5-Z8350&quot;,&quot;GeniueIntel Intel&lt;R&gt; Atom&lt;TM&gt; x5-Z8350 CPU @ 1.44GHz&quot;)" methodname="CompareCPUs_VariousData_ReturnsTrue" classname="Retriever4.Tests.StringValidationTests" runstate="Runnable" seed="1694565002" result="Passed" start-time="2018-08-17 04:59:07Z" end-time="2018-08-17 04:59:07Z" duration="0.000258" asserts="1" />
            <test-case id="0-1067" name="CompareCPUs_VariousData_ReturnsTrue(&quot;Celeron N3060&quot;,&quot;GeniueIntel Intel&lt;R&gt; Celeron&lt;TM&gt; N3060 CPU @ 1.60GHz&quot;)" fullname="Retriever4.Tests.StringValidationTests.CompareCPUs_VariousData_ReturnsTrue(&quot;Celeron N3060&quot;,&quot;GeniueIntel Intel&lt;R&gt; Celeron&lt;TM&gt; N3060 CPU @ 1.60GHz&quot;)" methodname="CompareCPUs_VariousData_ReturnsTrue" classname="Retriever4.Tests.StringValidationTests" runstate="Runnable" seed="979336222" result="Passed" start-time="2018-08-17 04:59:07Z" end-time="2018-08-17 04:59:07Z" duration="0.000254" asserts="1" />
            <test-case id="0-1068" name="CompareCPUs_VariousData_ReturnsTrue(&quot;Pentium N3700&quot;,&quot;GeniueIntel Intel&lt;R&gt; Pentium&lt;TM&gt; N3700 CPU @ 1.60GHz&quot;)" fullname="Retriever4.Tests.StringValidationTests.CompareCPUs_VariousData_ReturnsTrue(&quot;Pentium N3700&quot;,&quot;GeniueIntel Intel&lt;R&gt; Pentium&lt;TM&gt; N3700 CPU @ 1.60GHz&quot;)" methodname="CompareCPUs_VariousData_ReturnsTrue" classname="Retriever4.Tests.StringValidationTests" runstate="Runnable" seed="617191426" result="Passed" start-time="2018-08-17 04:59:07Z" end-time="2018-08-17 04:59:07Z" duration="0.000255" asserts="1" />
            <test-case id="0-1069" name="CompareCPUs_VariousData_ReturnsTrue(&quot;i3-6006U&quot;,&quot;GeniueIntel Intel&lt;R&gt; Core&lt;TM&gt; i3-6006U CPU @ 2.00GHz&quot;)" fullname="Retriever4.Tests.StringValidationTests.CompareCPUs_VariousData_ReturnsTrue(&quot;i3-6006U&quot;,&quot;GeniueIntel Intel&lt;R&gt; Core&lt;TM&gt; i3-6006U CPU @ 2.00GHz&quot;)" methodname="CompareCPUs_VariousData_ReturnsTrue" classname="Retriever4.Tests.StringValidationTests" runstate="Runnable" seed="1131323612" result="Passed" start-time="2018-08-17 04:59:07Z" end-time="2018-08-17 04:59:07Z" duration="0.000256" asserts="1" />
            <test-case id="0-1070" name="CompareCPUs_VariousData_ReturnsTrue(&quot;Pentium 4405U&quot;,&quot;GeniueIntel Intel&lt;R&gt; Pentium&lt;TM&gt; CPU 4405U @ 2.10GHz&quot;)" fullname="Retriever4.Tests.StringValidationTests.CompareCPUs_VariousData_ReturnsTrue(&quot;Pentium 4405U&quot;,&quot;GeniueIntel Intel&lt;R&gt; Pentium&lt;TM&gt; CPU 4405U @ 2.10GHz&quot;)" methodname="CompareCPUs_VariousData_ReturnsTrue" classname="Retriever4.Tests.StringValidationTests" runstate="Runnable" seed="1186106510" result="Passed" start-time="2018-08-17 04:59:07Z" end-time="2018-08-17 04:59:07Z" duration="0.000254" asserts="1" />
            <test-case id="0-1071" name="CompareCPUs_VariousData_ReturnsTrue(&quot;Atom Z3735F&quot;,&quot;GeniueIntel Intel&lt;R&gt; Atom&lt;TM&gt; CPU Z3735F @ 1.33GHz&quot;)" fullname="Retriever4.Tests.StringValidationTests.CompareCPUs_VariousData_ReturnsTrue(&quot;Atom Z3735F&quot;,&quot;GeniueIntel Intel&lt;R&gt; Atom&lt;TM&gt; CPU Z3735F @ 1.33GHz&quot;)" methodname="CompareCPUs_VariousData_ReturnsTrue" classname="Retriever4.Tests.StringValidationTests" runstate="Runnable" seed="926325342" result="Passed" start-time="2018-08-17 04:59:07Z" end-time="2018-08-17 04:59:07Z" duration="0.000253" asserts="1" />
            <test-case id="0-1072" name="CompareCPUs_VariousData_ReturnsTrue(&quot;i7-6700HQ&quot;,&quot;GeniueIntel Intel&lt;R&gt; Core&lt;TM&gt; i7-6700HQ CPU @ 2.60GHz&quot;)" fullname="Retriever4.Tests.StringValidationTests.CompareCPUs_VariousData_ReturnsTrue(&quot;i7-6700HQ&quot;,&quot;GeniueIntel Intel&lt;R&gt; Core&lt;TM&gt; i7-6700HQ CPU @ 2.60GHz&quot;)" methodname="CompareCPUs_VariousData_ReturnsTrue" classname="Retriever4.Tests.StringValidationTests" runstate="Runnable" seed="2083434946" result="Passed" start-time="2018-08-17 04:59:07Z" end-time="2018-08-17 04:59:07Z" duration="0.000253" asserts="1" />
            <test-case id="0-1073" name="CompareCPUs_VariousData_ReturnsTrue(&quot;Celeron N3150&quot;,&quot;GeniueIntel Intel&lt;R&gt; Celeron&lt;TM&gt; CPU N3150 @ 1.60GHz&quot;)" fullname="Retriever4.Tests.StringValidationTests.CompareCPUs_VariousData_ReturnsTrue(&quot;Celeron N3150&quot;,&quot;GeniueIntel Intel&lt;R&gt; Celeron&lt;TM&gt; CPU N3150 @ 1.60GHz&quot;)" methodname="CompareCPUs_VariousData_ReturnsTrue" classname="Retriever4.Tests.StringValidationTests" runstate="Runnable" seed="113224010" result="Passed" start-time="2018-08-17 04:59:07Z" end-time="2018-08-17 04:59:07Z" duration="0.000257" asserts="1" />
            <test-case id="0-1074" name="CompareCPUs_VariousData_ReturnsTrue(&quot;Pentium N4200&quot;,&quot;GeniueIntel Intel&lt;R&gt; Pentium&lt;TM&gt; CPU N4200 @ 1.10GHz&quot;)" fullname="Retriever4.Tests.StringValidationTests.CompareCPUs_VariousData_ReturnsTrue(&quot;Pentium N4200&quot;,&quot;GeniueIntel Intel&lt;R&gt; Pentium&lt;TM&gt; CPU N4200 @ 1.10GHz&quot;)" methodname="CompareCPUs_VariousData_ReturnsTrue" classname="Retriever4.Tests.StringValidationTests" runstate="Runnable" seed="1005435853" result="Passed" start-time="2018-08-17 04:59:07Z" end-time="2018-08-17 04:59:07Z" duration="0.000256" asserts="1" />
            <test-case id="0-1075" name="CompareCPUs_VariousData_ReturnsTrue(&quot;Intel Celeron N2808&quot;,&quot;GeniueIntel Intel&lt;R&gt; Celeron&lt;TM&gt; CPU N2808 @ 1.58GHz&quot;)" fullname="Retriever4.Tests.StringValidationTests.CompareCPUs_VariousData_ReturnsTrue(&quot;Intel Celeron N2808&quot;,&quot;GeniueIntel Intel&lt;R&gt; Celeron&lt;TM&gt; CPU N2808 @ 1.58GHz&quot;)" methodname="CompareCPUs_VariousData_ReturnsTrue" classname="Retriever4.Tests.StringValidationTests" runstate="Runnable" seed="778341601" result="Passed" start-time="2018-08-17 04:59:07Z" end-time="2018-08-17 04:59:07Z" duration="0.001517" asserts="1" />
          </test-suite>
          <test-suite type="ParameterizedMethod" id="0-1113" name="CompareMainboardModel_ArgumentIsNull_ThrowsException" fullname="Retriever4.Tests.StringValidationTests.CompareMainboardModel_ArgumentIsNull_ThrowsException" classname="Retriever4.Tests.StringValidationTests" runstate="Runnable" testcasecount="6" result="Passed" start-time="2018-08-17 04:59:07Z" end-time="2018-08-17 04:59:07Z" duration="0.003202" total="6" passed="6" failed="0" warnings="0" inconclusive="0" skipped="0" asserts="6">
            <test-case id="0-1107" name="CompareMainboardModel_ArgumentIsNull_ThrowsException(&quot;Test&quot;,&quot;&quot;)" fullname="Retriever4.Tests.StringValidationTests.CompareMainboardModel_ArgumentIsNull_ThrowsException(&quot;Test&quot;,&quot;&quot;)" methodname="CompareMainboardModel_ArgumentIsNull_ThrowsException" classname="Retriever4.Tests.StringValidationTests" runstate="Runnable" seed="1469201300" result="Passed" start-time="2018-08-17 04:59:07Z" end-time="2018-08-17 04:59:07Z" duration="0.001718" asserts="1" />
            <test-case id="0-1108" name="CompareMainboardModel_ArgumentIsNull_ThrowsException(&quot;Test&quot;,null)" fullname="Retriever4.Tests.StringValidationTests.CompareMainboardModel_ArgumentIsNull_ThrowsException(&quot;Test&quot;,null)" methodname="CompareMainboardModel_ArgumentIsNull_ThrowsException" classname="Retriever4.Tests.StringValidationTests" runstate="Runnable" seed="303449268" result="Passed" start-time="2018-08-17 04:59:07Z" end-time="2018-08-17 04:59:07Z" duration="0.000295" asserts="1" />
            <test-case id="0-1109" name="CompareMainboardModel_ArgumentIsNull_ThrowsException(&quot;&quot;,&quot;Test&quot;)" fullname="Retriever4.Tests.StringValidationTests.CompareMainboardModel_ArgumentIsNull_ThrowsException(&quot;&quot;,&quot;Test&quot;)" methodname="CompareMainboardModel_ArgumentIsNull_ThrowsException" classname="Retriever4.Tests.StringValidationTests" runstate="Runnable" seed="1780806095" result="Passed" start-time="2018-08-17 04:59:07Z" end-time="2018-08-17 04:59:07Z" duration="0.000275" asserts="1" />
            <test-case id="0-1110" name="CompareMainboardModel_ArgumentIsNull_ThrowsException(null,&quot;Test&quot;)" fullname="Retriever4.Tests.StringValidationTests.CompareMainboardModel_ArgumentIsNull_ThrowsException(null,&quot;Test&quot;)" methodname="CompareMainboardModel_ArgumentIsNull_ThrowsException" classname="Retriever4.Tests.StringValidationTests" runstate="Runnable" seed="1397033054" result="Passed" start-time="2018-08-17 04:59:07Z" end-time="2018-08-17 04:59:07Z" duration="0.000261" asserts="1" />
            <test-case id="0-1111" name="CompareMainboardModel_ArgumentIsNull_ThrowsException(&quot;&quot;,&quot;&quot;)" fullname="Retriever4.Tests.StringValidationTests.CompareMainboardModel_ArgumentIsNull_ThrowsException(&quot;&quot;,&quot;&quot;)" methodname="CompareMainboardModel_ArgumentIsNull_ThrowsException" classname="Retriever4.Tests.StringValidationTests" runstate="Runnable" seed="1037778125" result="Passed" start-time="2018-08-17 04:59:07Z" end-time="2018-08-17 04:59:07Z" duration="0.000253" asserts="1" />
            <test-case id="0-1112" name="CompareMainboardModel_ArgumentIsNull_ThrowsException(null,null)" fullname="Retriever4.Tests.StringValidationTests.CompareMainboardModel_ArgumentIsNull_ThrowsException(null,null)" methodname="CompareMainboardModel_ArgumentIsNull_ThrowsException" classname="Retriever4.Tests.StringValidationTests" runstate="Runnable" seed="1710344437" result="Passed" start-time="2018-08-17 04:59:07Z" end-time="2018-08-17 04:59:07Z" duration="0.000249" asserts="1" />
          </test-suite>
          <test-suite type="ParameterizedMethod" id="0-1106" name="CompareMainboardModel_VariousData_ReturnsTrue" fullname="Retriever4.Tests.StringValidationTests.CompareMainboardModel_VariousData_ReturnsTrue" classname="Retriever4.Tests.StringValidationTests" runstate="Runnable" testcasecount="22" result="Failed" site="Child" start-time="2018-08-17 04:59:07Z" end-time="2018-08-17 04:59:07Z" duration="0.020697" total="22" passed="14" failed="3" warnings="0" inconclusive="0" skipped="5" asserts="17">
            <failure>
              <message><![CDATA[One or more child tests had errors]]></message>
            </failure>
            <test-case id="0-1084" name="CompareMainboardModel_VariousData_ReturnsTrue(&quot;E15KR&quot;,&quot;E15KR&quot;)" fullname="Retriever4.Tests.StringValidationTests.CompareMainboardModel_VariousData_ReturnsTrue(&quot;E15KR&quot;,&quot;E15KR&quot;)" methodname="CompareMainboardModel_VariousData_ReturnsTrue" classname="Retriever4.Tests.StringValidationTests" runstate="Runnable" seed="1705945395" result="Passed" start-time="2018-08-17 04:59:07Z" end-time="2018-08-17 04:59:07Z" duration="0.005038" asserts="1" />
            <test-case id="0-1085" name="CompareMainboardModel_VariousData_ReturnsTrue(&quot;E15K&quot;,&quot;E15KUN&quot;)" fullname="Retriever4.Tests.StringValidationTests.CompareMainboardModel_VariousData_ReturnsTrue(&quot;E15K&quot;,&quot;E15KUN&quot;)" methodname="CompareMainboardModel_VariousData_ReturnsTrue" classname="Retriever4.Tests.StringValidationTests" runstate="Runnable" seed="1612551800" result="Passed" start-time="2018-08-17 04:59:07Z" end-time="2018-08-17 04:59:07Z" duration="0.000475" asserts="1" />
            <test-case id="0-1086" name="CompareMainboardModel_VariousData_ReturnsTrue(&quot;E15K&quot;,&quot;E15K&quot;)" fullname="Retriever4.Tests.StringValidationTests.CompareMainboardModel_VariousData_ReturnsTrue(&quot;E15K&quot;,&quot;E15K&quot;)" methodname="CompareMainboardModel_VariousData_ReturnsTrue" classname="Retriever4.Tests.StringValidationTests" runstate="Runnable" seed="429839708" result="Passed" start-time="2018-08-17 04:59:07Z" end-time="2018-08-17 04:59:07Z" duration="0.000427" asserts="1" />
            <test-case id="0-1087" name="CompareMainboardModel_VariousData_ReturnsTrue(&quot;D17K&quot;,&quot;D17KUN&quot;)" fullname="Retriever4.Tests.StringValidationTests.CompareMainboardModel_VariousData_ReturnsTrue(&quot;D17K&quot;,&quot;D17KUN&quot;)" methodname="CompareMainboardModel_VariousData_ReturnsTrue" classname="Retriever4.Tests.StringValidationTests" runstate="Runnable" seed="1399888461" result="Passed" start-time="2018-08-17 04:59:07Z" end-time="2018-08-17 04:59:07Z" duration="0.000449" asserts="1" />
            <test-case id="0-1088" name="CompareMainboardModel_VariousData_ReturnsTrue(&quot;D17K*R&quot;,&quot;D17KR&quot;)" fullname="Retriever4.Tests.StringValidationTests.CompareMainboardModel_VariousData_ReturnsTrue(&quot;D17K*R&quot;,&quot;D17KR&quot;)" methodname="CompareMainboardModel_VariousData_ReturnsTrue" classname="Retriever4.Tests.StringValidationTests" runstate="Runnable" seed="1674772991" result="Passed" start-time="2018-08-17 04:59:07Z" end-time="2018-08-17 04:59:07Z" duration="0.001378" asserts="1" />
            <test-case id="0-1089" name="CompareMainboardModel_VariousData_ReturnsTrue(&quot;Nt16H&quot;,&quot;NT16H&quot;)" fullname="Retriever4.Tests.StringValidationTests.CompareMainboardModel_VariousData_ReturnsTrue(&quot;Nt16H&quot;,&quot;NT16H&quot;)" methodname="CompareMainboardModel_VariousData_ReturnsTrue" classname="Retriever4.Tests.StringValidationTests" runstate="Runnable" seed="2109291073" result="Passed" start-time="2018-08-17 04:59:07Z" end-time="2018-08-17 04:59:07Z" duration="0.001976" asserts="1" />
            <test-case id="0-1090" name="CompareMainboardModel_VariousData_ReturnsTrue(&quot;E15K&quot;,&quot;E15KGN&quot;)" fullname="Retriever4.Tests.StringValidationTests.CompareMainboardModel_VariousData_ReturnsTrue(&quot;E15K&quot;,&quot;E15KGN&quot;)" methodname="CompareMainboardModel_VariousData_ReturnsTrue" classname="Retriever4.Tests.StringValidationTests" runstate="Runnable" seed="276269244" result="Passed" start-time="2018-08-17 04:59:07Z" end-time="2018-08-17 04:59:07Z" duration="0.000513" asserts="1" />
            <test-case id="0-1091" name="CompareMainboardModel_VariousData_ReturnsTrue(&quot;E15S&quot;,&quot;E15SIN&quot;)" fullname="Retriever4.Tests.StringValidationTests.CompareMainboardModel_VariousData_ReturnsTrue(&quot;E15S&quot;,&quot;E15SIN&quot;)" methodname="CompareMainboardModel_VariousData_ReturnsTrue" classname="Retriever4.Tests.StringValidationTests" runstate="Runnable" seed="1384158059" result="Passed" start-time="2018-08-17 04:59:07Z" end-time="2018-08-17 04:59:07Z" duration="0.000437" asserts="1" />
            <test-case id="0-1092" name="CompareMainboardModel_VariousData_ReturnsTrue(&quot;Wingman&quot;,&quot;3165 3ND&quot;)" fullname="Retriever4.Tests.StringValidationTests.CompareMainboardModel_VariousData_ReturnsTrue(&quot;Wingman&quot;,&quot;3165 3ND&quot;)" methodname="CompareMainboardModel_VariousData_ReturnsTrue" classname="Retriever4.Tests.StringValidationTests" runstate="Ignored" seed="1786291240" result="Skipped" label="Ignored" start-time="2018-08-17 04:59:07Z" end-time="2018-08-17 04:59:07Z" duration="0.001609" asserts="0">
              <properties>
                <property name="_SKIPREASON" value="Potrzebna porpawka w bazie danych" />
              </properties>
              <reason>
                <message><![CDATA[Potrzebna porpawka w bazie danych]]></message>
              </reason>
            </test-case>
            <test-case id="0-1093" name="CompareMainboardModel_VariousData_ReturnsTrue(&quot;Polo 2&quot;,&quot;MA50LU&quot;)" fullname="Retriever4.Tests.StringValidationTests.CompareMainboardModel_VariousData_ReturnsTrue(&quot;Polo 2&quot;,&quot;MA50LU&quot;)" methodname="CompareMainboardModel_VariousData_ReturnsTrue" classname="Retriever4.Tests.StringValidationTests" runstate="Ignored" seed="1720644996" result="Skipped" label="Ignored" start-time="2018-08-17 04:59:07Z" end-time="2018-08-17 04:59:07Z" duration="0.000022" asserts="0">
              <properties>
                <property name="_SKIPREASON" value="Potrzebna porpawka w bazie danych" />
              </properties>
              <reason>
                <message><![CDATA[Potrzebna porpawka w bazie danych]]></message>
              </reason>
            </test-case>
            <test-case id="0-1094" name="CompareMainboardModel_VariousData_ReturnsTrue(&quot;D17K*R&quot;,&quot;D17KGR&quot;)" fullname="Retriever4.Tests.StringValidationTests.CompareMainboardModel_VariousData_ReturnsTrue(&quot;D17K*R&quot;,&quot;D17KGR&quot;)" methodname="CompareMainboardModel_VariousData_ReturnsTrue" classname="Retriever4.Tests.StringValidationTests" runstate="Runnable" seed="812959794" result="Failed" start-time="2018-08-17 04:59:07Z" end-time="2018-08-17 04:59:07Z" duration="0.002027" asserts="1">
              <failure>
                <message><![CDATA[  Expected: True
  But was:  False
]]></message>
                <stack-trace><![CDATA[   at Retriever4.Tests.StringValidationTests.CompareMainboardModel_VariousData_ReturnsTrue(String db, String real) in C:\Users\Duch003\source\repos\Retriever4\Retriever4.Tests\StringValidationTests.cs:line 66
]]></stack-trace>
              </failure>
              <assertions>
                <assertion result="Failed">
                  <message><![CDATA[  Expected: True
  But was:  False
]]></message>
                  <stack-trace><![CDATA[   at Retriever4.Tests.StringValidationTests.CompareMainboardModel_VariousData_ReturnsTrue(String db, String real) in C:\Users\Duch003\source\repos\Retriever4\Retriever4.Tests\StringValidationTests.cs:line 66
]]></stack-trace>
                </assertion>
              </assertions>
            </test-case>
            <test-case id="0-1095" name="CompareMainboardModel_VariousData_ReturnsTrue(&quot;WMBT1031&quot;,&quot;CNB PEAQ P1211T MD60011&quot;)" fullname="Retriever4.Tests.StringValidationTests.CompareMainboardModel_VariousData_ReturnsTrue(&quot;WMBT1031&quot;,&quot;CNB PEAQ P1211T MD60011&quot;)" methodname="CompareMainboardModel_VariousData_ReturnsTrue" classname="Retriever4.Tests.StringValidationTests" runstate="Ignored" seed="1441494652" result="Skipped" label="Ignored" start-time="2018-08-17 04:59:07Z" end-time="2018-08-17 04:59:07Z" duration="0.000006" asserts="0">
              <properties>
                <property name="_SKIPREASON" value="Potrzebna porpawka w bazie danych" />
              </properties>
              <reason>
                <message><![CDATA[Potrzebna porpawka w bazie danych]]></message>
              </reason>
            </test-case>
            <test-case id="0-1096" name="CompareMainboardModel_VariousData_ReturnsTrue(&quot;P670RE1M&quot;,&quot;P670RE1M&quot;)" fullname="Retriever4.Tests.StringValidationTests.CompareMainboardModel_VariousData_ReturnsTrue(&quot;P670RE1M&quot;,&quot;P670RE1M&quot;)" methodname="CompareMainboardModel_VariousData_ReturnsTrue" classname="Retriever4.Tests.StringValidationTests" runstate="Runnable" seed="1788177377" result="Passed" start-time="2018-08-17 04:59:07Z" end-time="2018-08-17 04:59:07Z" duration="0.000469" asserts="1" />
            <test-case id="0-1097" name="CompareMainboardModel_VariousData_ReturnsTrue(&quot;P670RE1-M&quot;,&quot;P670RE1M&quot;)" fullname="Retriever4.Tests.StringValidationTests.CompareMainboardModel_VariousData_ReturnsTrue(&quot;P670RE1-M&quot;,&quot;P670RE1M&quot;)" methodname="CompareMainboardModel_VariousData_ReturnsTrue" classname="Retriever4.Tests.StringValidationTests" runstate="Runnable" seed="904279038" result="Passed" start-time="2018-08-17 04:59:07Z" end-time="2018-08-17 04:59:07Z" duration="0.000423" asserts="1" />
            <test-case id="0-1098" name="CompareMainboardModel_VariousData_ReturnsTrue(&quot;NSBW1*02&quot;,&quot;NSBW1402&quot;)" fullname="Retriever4.Tests.StringValidationTests.CompareMainboardModel_VariousData_ReturnsTrue(&quot;NSBW1*02&quot;,&quot;NSBW1402&quot;)" methodname="CompareMainboardModel_VariousData_ReturnsTrue" classname="Retriever4.Tests.StringValidationTests" runstate="Runnable" seed="643532825" result="Failed" start-time="2018-08-17 04:59:07Z" end-time="2018-08-17 04:59:07Z" duration="0.001567" asserts="1">
              <failure>
                <message><![CDATA[  Expected: True
  But was:  False
]]></message>
                <stack-trace><![CDATA[   at Retriever4.Tests.StringValidationTests.CompareMainboardModel_VariousData_ReturnsTrue(String db, String real) in C:\Users\Duch003\source\repos\Retriever4\Retriever4.Tests\StringValidationTests.cs:line 66
]]></stack-trace>
              </failure>
              <assertions>
                <assertion result="Failed">
                  <message><![CDATA[  Expected: True
  But was:  False
]]></message>
                  <stack-trace><![CDATA[   at Retriever4.Tests.StringValidationTests.CompareMainboardModel_VariousData_ReturnsTrue(String db, String real) in C:\Users\Duch003\source\repos\Retriever4\Retriever4.Tests\StringValidationTests.cs:line 66
]]></stack-trace>
                </assertion>
              </assertions>
            </test-case>
            <test-case id="0-1099" name="CompareMainboardModel_VariousData_ReturnsTrue(&quot;WMBT1031&quot;,&quot;WMBT8931&quot;)" fullname="Retriever4.Tests.StringValidationTests.CompareMainboardModel_VariousData_ReturnsTrue(&quot;WMBT1031&quot;,&quot;WMBT8931&quot;)" methodname="CompareMainboardModel_VariousData_ReturnsTrue" classname="Retriever4.Tests.StringValidationTests" runstate="Ignored" seed="354712583" result="Skipped" label="Ignored" start-time="2018-08-17 04:59:07Z" end-time="2018-08-17 04:59:07Z" duration="0.000007" asserts="0">
              <properties>
                <property name="_SKIPREASON" value="Potrzebna porpawka w bazie danych" />
              </properties>
              <reason>
                <message><![CDATA[Potrzebna porpawka w bazie danych]]></message>
              </reason>
            </test-case>
            <test-case id="0-1100" name="CompareMainboardModel_VariousData_ReturnsTrue(&quot;NT13A&quot;,&quot;NT13A&quot;)" fullname="Retriever4.Tests.StringValidationTests.CompareMainboardModel_VariousData_ReturnsTrue(&quot;NT13A&quot;,&quot;NT13A&quot;)" methodname="CompareMainboardModel_VariousData_ReturnsTrue" classname="Retriever4.Tests.StringValidationTests" runstate="Runnable" seed="1704079418" result="Passed" start-time="2018-08-17 04:59:07Z" end-time="2018-08-17 04:59:07Z" duration="0.000459" asserts="1" />
            <test-case id="0-1101" name="CompareMainboardModel_VariousData_ReturnsTrue(&quot;Skoda&quot;,&quot;E1232T&quot;)" fullname="Retriever4.Tests.StringValidationTests.CompareMainboardModel_VariousData_ReturnsTrue(&quot;Skoda&quot;,&quot;E1232T&quot;)" methodname="CompareMainboardModel_VariousData_ReturnsTrue" classname="Retriever4.Tests.StringValidationTests" runstate="Ignored" seed="1879173076" result="Skipped" label="Ignored" start-time="2018-08-17 04:59:07Z" end-time="2018-08-17 04:59:07Z" duration="0.000003" asserts="0">
              <properties>
                <property name="_SKIPREASON" value="Potrzebna porpawka w bazie danych" />
              </properties>
              <reason>
                <message><![CDATA[Potrzebna porpawka w bazie danych]]></message>
              </reason>
            </test-case>
            <test-case id="0-1102" name="CompareMainboardModel_VariousData_ReturnsTrue(&quot;D17K*R&quot;,&quot;D17KRR&quot;)" fullname="Retriever4.Tests.StringValidationTests.CompareMainboardModel_VariousData_ReturnsTrue(&quot;D17K*R&quot;,&quot;D17KRR&quot;)" methodname="CompareMainboardModel_VariousData_ReturnsTrue" classname="Retriever4.Tests.StringValidationTests" runstate="Runnable" seed="777913953" result="Passed" start-time="2018-08-17 04:59:07Z" end-time="2018-08-17 04:59:07Z" duration="0.000425" asserts="1" />
            <test-case id="0-1103" name="CompareMainboardModel_VariousData_ReturnsTrue(&quot;D17S&quot;,&quot;D17SFN&quot;)" fullname="Retriever4.Tests.StringValidationTests.CompareMainboardModel_VariousData_ReturnsTrue(&quot;D17S&quot;,&quot;D17SFN&quot;)" methodname="CompareMainboardModel_VariousData_ReturnsTrue" classname="Retriever4.Tests.StringValidationTests" runstate="Runnable" seed="115958475" result="Passed" start-time="2018-08-17 04:59:07Z" end-time="2018-08-17 04:59:07Z" duration="0.000425" asserts="1" />
            <test-case id="0-1104" name="CompareMainboardModel_VariousData_ReturnsTrue(&quot;NSSL1502&quot;,&quot;NSSL1502&quot;)" fullname="Retriever4.Tests.StringValidationTests.CompareMainboardModel_VariousData_ReturnsTrue(&quot;NSSL1502&quot;,&quot;NSSL1502&quot;)" methodname="CompareMainboardModel_VariousData_ReturnsTrue" classname="Retriever4.Tests.StringValidationTests" runstate="Runnable" seed="2083705212" result="Passed" start-time="2018-08-17 04:59:07Z" end-time="2018-08-17 04:59:07Z" duration="0.000427" asserts="1" />
            <test-case id="0-1105" name="CompareMainboardModel_VariousData_ReturnsTrue(&quot;NSBW1x02&quot;,&quot;NSBW1502&quot;)" fullname="Retriever4.Tests.StringValidationTests.CompareMainboardModel_VariousData_ReturnsTrue(&quot;NSBW1x02&quot;,&quot;NSBW1502&quot;)" methodname="CompareMainboardModel_VariousData_ReturnsTrue" classname="Retriever4.Tests.StringValidationTests" runstate="Runnable" seed="704932353" result="Failed" start-time="2018-08-17 04:59:07Z" end-time="2018-08-17 04:59:07Z" duration="0.001576" asserts="1">
              <failure>
                <message><![CDATA[  Expected: True
  But was:  False
]]></message>
                <stack-trace><![CDATA[   at Retriever4.Tests.StringValidationTests.CompareMainboardModel_VariousData_ReturnsTrue(String db, String real) in C:\Users\Duch003\source\repos\Retriever4\Retriever4.Tests\StringValidationTests.cs:line 66
]]></stack-trace>
              </failure>
              <assertions>
                <assertion result="Failed">
                  <message><![CDATA[  Expected: True
  But was:  False
]]></message>
                  <stack-trace><![CDATA[   at Retriever4.Tests.StringValidationTests.CompareMainboardModel_VariousData_ReturnsTrue(String db, String real) in C:\Users\Duch003\source\repos\Retriever4\Retriever4.Tests\StringValidationTests.cs:line 66
]]></stack-trace>
                </assertion>
              </assertions>
            </test-case>
          </test-suite>
          <test-suite type="ParameterizedMethod" id="0-1120" name="CompareStrings_ArgumentIsNull_ThrowsException" fullname="Retriever4.Tests.StringValidationTests.CompareStrings_ArgumentIsNull_ThrowsException" classname="Retriever4.Tests.StringValidationTests" runstate="Runnable" testcasecount="6" result="Passed" start-time="2018-08-17 04:59:07Z" end-time="2018-08-17 04:59:07Z" duration="0.003428" total="6" passed="6" failed="0" warnings="0" inconclusive="0" skipped="0" asserts="6">
            <test-case id="0-1114" name="CompareStrings_ArgumentIsNull_ThrowsException(&quot;Test&quot;,&quot;&quot;)" fullname="Retriever4.Tests.StringValidationTests.CompareStrings_ArgumentIsNull_ThrowsException(&quot;Test&quot;,&quot;&quot;)" methodname="CompareStrings_ArgumentIsNull_ThrowsException" classname="Retriever4.Tests.StringValidationTests" runstate="Runnable" seed="1740367977" result="Passed" start-time="2018-08-17 04:59:07Z" end-time="2018-08-17 04:59:07Z" duration="0.001536" asserts="1" />
            <test-case id="0-1115" name="CompareStrings_ArgumentIsNull_ThrowsException(&quot;Test&quot;,null)" fullname="Retriever4.Tests.StringValidationTests.CompareStrings_ArgumentIsNull_ThrowsException(&quot;Test&quot;,null)" methodname="CompareStrings_ArgumentIsNull_ThrowsException" classname="Retriever4.Tests.StringValidationTests" runstate="Runnable" seed="323956365" result="Passed" start-time="2018-08-17 04:59:07Z" end-time="2018-08-17 04:59:07Z" duration="0.000471" asserts="1" />
            <test-case id="0-1116" name="CompareStrings_ArgumentIsNull_ThrowsException(&quot;&quot;,&quot;Test&quot;)" fullname="Retriever4.Tests.StringValidationTests.CompareStrings_ArgumentIsNull_ThrowsException(&quot;&quot;,&quot;Test&quot;)" methodname="CompareStrings_ArgumentIsNull_ThrowsException" classname="Retriever4.Tests.StringValidationTests" runstate="Runnable" seed="277184242" result="Passed" start-time="2018-08-17 04:59:07Z" end-time="2018-08-17 04:59:07Z" duration="0.000443" asserts="1" />
            <test-case id="0-1117" name="CompareStrings_ArgumentIsNull_ThrowsException(null,&quot;Test&quot;)" fullname="Retriever4.Tests.StringValidationTests.CompareStrings_ArgumentIsNull_ThrowsException(null,&quot;Test&quot;)" methodname="CompareStrings_ArgumentIsNull_ThrowsException" classname="Retriever4.Tests.StringValidationTests" runstate="Runnable" seed="925099628" result="Passed" start-time="2018-08-17 04:59:07Z" end-time="2018-08-17 04:59:07Z" duration="0.000276" asserts="1" />
            <test-case id="0-1118" name="CompareStrings_ArgumentIsNull_ThrowsException(&quot;&quot;,&quot;&quot;)" fullname="Retriever4.Tests.StringValidationTests.CompareStrings_ArgumentIsNull_ThrowsException(&quot;&quot;,&quot;&quot;)" methodname="CompareStrings_ArgumentIsNull_ThrowsException" classname="Retriever4.Tests.StringValidationTests" runstate="Runnable" seed="1957863117" result="Passed" start-time="2018-08-17 04:59:07Z" end-time="2018-08-17 04:59:07Z" duration="0.000261" asserts="1" />
            <test-case id="0-1119" name="CompareStrings_ArgumentIsNull_ThrowsException(null,null)" fullname="Retriever4.Tests.StringValidationTests.CompareStrings_ArgumentIsNull_ThrowsException(null,null)" methodname="CompareStrings_ArgumentIsNull_ThrowsException" classname="Retriever4.Tests.StringValidationTests" runstate="Runnable" seed="710630573" result="Passed" start-time="2018-08-17 04:59:07Z" end-time="2018-08-17 04:59:07Z" duration="0.000262" asserts="1" />
          </test-suite>
        </test-suite>
        <test-suite type="TestFixture" id="0-1121" name="TypeValidationTests" fullname="Retriever4.Tests.TypeValidationTests" classname="Retriever4.Tests.TypeValidationTests" runstate="Runnable" testcasecount="10" result="Passed" start-time="2018-08-17 04:59:07Z" end-time="2018-08-17 04:59:07Z" duration="0.006778" total="10" passed="10" failed="0" warnings="0" inconclusive="0" skipped="0" asserts="10">
          <test-case id="0-1131" name="IsNullable_BasicType_ReturnsFalse" fullname="Retriever4.Tests.TypeValidationTests.IsNullable_BasicType_ReturnsFalse" methodname="IsNullable_BasicType_ReturnsFalse" classname="Retriever4.Tests.TypeValidationTests" runstate="Runnable" seed="798086665" result="Passed" start-time="2018-08-17 04:59:07Z" end-time="2018-08-17 04:59:07Z" duration="0.001020" asserts="1" />
          <test-case id="0-1132" name="IsNullable_BasicTypeWithNullValue_ReturnTrue" fullname="Retriever4.Tests.TypeValidationTests.IsNullable_BasicTypeWithNullValue_ReturnTrue" methodname="IsNullable_BasicTypeWithNullValue_ReturnTrue" classname="Retriever4.Tests.TypeValidationTests" runstate="Runnable" seed="576422309" result="Passed" start-time="2018-08-17 04:59:07Z" end-time="2018-08-17 04:59:07Z" duration="0.001830" asserts="1" />
          <test-case id="0-1129" name="IsNullable_NullableType_ReturnsTrue" fullname="Retriever4.Tests.TypeValidationTests.IsNullable_NullableType_ReturnsTrue" methodname="IsNullable_NullableType_ReturnsTrue" classname="Retriever4.Tests.TypeValidationTests" runstate="Runnable" seed="1983002534" result="Passed" start-time="2018-08-17 04:59:07Z" end-time="2018-08-17 04:59:07Z" duration="0.000613" asserts="1" />
          <test-case id="0-1130" name="IsNullable_NullableTypeWithNullValue_ReturnsTrue" fullname="Retriever4.Tests.TypeValidationTests.IsNullable_NullableTypeWithNullValue_ReturnsTrue" methodname="IsNullable_NullableTypeWithNullValue_ReturnsTrue" classname="Retriever4.Tests.TypeValidationTests" runstate="Runnable" seed="692790717" result="Passed" start-time="2018-08-17 04:59:07Z" end-time="2018-08-17 04:59:07Z" duration="0.000559" asserts="1" />
          <test-case id="0-1128" name="IsNumericType_NullParameter_ThrowsException" fullname="Retriever4.Tests.TypeValidationTests.IsNumericType_NullParameter_ThrowsException" methodname="IsNumericType_NullParameter_ThrowsException" classname="Retriever4.Tests.TypeValidationTests" runstate="Runnable" seed="549759770" result="Passed" start-time="2018-08-17 04:59:07Z" end-time="2018-08-17 04:59:07Z" duration="0.001455" asserts="1" />
          <test-suite type="ParameterizedMethod" id="0-1127" name="IsNumericType_VariousTypes" fullname="Retriever4.Tests.TypeValidationTests.IsNumericType_VariousTypes" classname="Retriever4.Tests.TypeValidationTests" runstate="Runnable" testcasecount="5" result="Passed" start-time="2018-08-17 04:59:07Z" end-time="2018-08-17 04:59:07Z" duration="0.000932" total="5" passed="5" failed="0" warnings="0" inconclusive="0" skipped="0" asserts="5">
            <test-case id="0-1122" name="IsNumericType_VariousTypes(13,True)" fullname="Retriever4.Tests.TypeValidationTests.IsNumericType_VariousTypes(13,True)" methodname="IsNumericType_VariousTypes" classname="Retriever4.Tests.TypeValidationTests" runstate="Runnable" seed="67495899" result="Passed" start-time="2018-08-17 04:59:07Z" end-time="2018-08-17 04:59:07Z" duration="0.000317" asserts="1" />
            <test-case id="0-1123" name="IsNumericType_VariousTypes(-5,True)" fullname="Retriever4.Tests.TypeValidationTests.IsNumericType_VariousTypes(-5,True)" methodname="IsNumericType_VariousTypes" classname="Retriever4.Tests.TypeValidationTests" runstate="Runnable" seed="267166267" result="Passed" start-time="2018-08-17 04:59:07Z" end-time="2018-08-17 04:59:07Z" duration="0.000129" asserts="1" />
            <test-case id="0-1124" name="IsNumericType_VariousTypes(&quot;lol&quot;,False)" fullname="Retriever4.Tests.TypeValidationTests.IsNumericType_VariousTypes(&quot;lol&quot;,False)" methodname="IsNumericType_VariousTypes" classname="Retriever4.Tests.TypeValidationTests" runstate="Runnable" seed="1361543997" result="Passed" start-time="2018-08-17 04:59:07Z" end-time="2018-08-17 04:59:07Z" duration="0.000109" asserts="1" />
            <test-case id="0-1125" name="IsNumericType_VariousTypes('h',False)" fullname="Retriever4.Tests.TypeValidationTests.IsNumericType_VariousTypes('h',False)" methodname="IsNumericType_VariousTypes" classname="Retriever4.Tests.TypeValidationTests" runstate="Runnable" seed="699629648" result="Passed" start-time="2018-08-17 04:59:07Z" end-time="2018-08-17 04:59:07Z" duration="0.000110" asserts="1" />
            <test-case id="0-1126" name="IsNumericType_VariousTypes(15342.5432d,True)" fullname="Retriever4.Tests.TypeValidationTests.IsNumericType_VariousTypes(15342.5432d,True)" methodname="IsNumericType_VariousTypes" classname="Retriever4.Tests.TypeValidationTests" runstate="Runnable" seed="1922385496" result="Passed" start-time="2018-08-17 04:59:07Z" end-time="2018-08-17 04:59:07Z" duration="0.000123" asserts="1" />
          </test-suite>
        </test-suite>
      </test-suite>
    </test-suite>
  </test-suite>
</test-run>