<?xml version="1.0" encoding="utf-8" standalone="no"?>
<test-run id="2" testcasecount="122" result="Skipped" label="Ignored" total="122" passed="117" failed="0" inconclusive="0" skipped="5" asserts="117" engine-version="3.8.0.0" clr-version="4.0.30319.42000" start-time="2018-07-26 12:20:09Z" end-time="2018-07-26 12:20:11Z" duration="2.068369">
  <command-line><![CDATA[nunit3-console.exe  C:\Users\Duch003\source\repos\Retriever4\Retriever4.Tests\\bin\Debug\Retriever4.Tests.dll]]></command-line>
  <test-suite type="Assembly" id="0-1138" name="Retriever4.Tests.dll" fullname="C:\Users\Duch003\source\repos\Retriever4\Retriever4.Tests\bin\Debug\Retriever4.Tests.dll" runstate="Runnable" testcasecount="122" result="Skipped" label="Ignored" site="Child" start-time="2018-07-26 12:20:10Z" end-time="2018-07-26 12:20:11Z" duration="0.413633" total="122" passed="117" failed="0" warnings="0" inconclusive="0" skipped="5" asserts="117">
    <environment framework-version="3.10.1.0" clr-version="4.0.30319.42000" os-version="Microsoft Windows NT 10.0.17134.0" platform="Win32NT" cwd="C:\Users\Duch003\source\repos\Retriever4\packages\NUnit.ConsoleRunner.3.8.0\tools" machine-name="DESKTOP-H9P79KU" user="Duch003" user-domain="DESKTOP-H9P79KU" culture="en-GB" uiculture="en-GB" os-architecture="x64" />
    <settings>
      <setting name="DisposeRunners" value="True" />
      <setting name="WorkDirectory" value="C:\Users\Duch003\source\repos\Retriever4\packages\NUnit.ConsoleRunner.3.8.0\tools" />
      <setting name="ImageRuntimeVersion" value="4.0.30319" />
      <setting name="ImageTargetFrameworkName" value=".NETFramework,Version=v4.0" />
      <setting name="ImageRequiresX86" value="False" />
      <setting name="ImageRequiresDefaultAppDomainAssemblyResolver" value="False" />
      <setting name="NumberOfTestWorkers" value="8" />
    </settings>
    <properties>
      <property name="_PID" value="15972" />
      <property name="_APPDOMAIN" value="domain-" />
    </properties>
    <reason>
      <message><![CDATA[One or more child tests were ignored]]></message>
    </reason>
    <test-suite type="TestSuite" id="0-1139" name="Retriever4" fullname="Retriever4" runstate="Runnable" testcasecount="122" result="Skipped" label="Ignored" site="Child" start-time="2018-07-26 12:20:10Z" end-time="2018-07-26 12:20:11Z" duration="0.376461" total="122" passed="117" failed="0" warnings="0" inconclusive="0" skipped="5" asserts="117">
      <reason>
        <message><![CDATA[One or more child tests were ignored]]></message>
      </reason>
      <test-suite type="TestSuite" id="0-1140" name="Tests" fullname="Retriever4.Tests" runstate="Runnable" testcasecount="122" result="Skipped" label="Ignored" site="Child" start-time="2018-07-26 12:20:10Z" end-time="2018-07-26 12:20:11Z" duration="0.375652" total="122" passed="117" failed="0" warnings="0" inconclusive="0" skipped="5" asserts="117">
        <reason>
          <message><![CDATA[One or more child tests were ignored]]></message>
        </reason>
        <test-suite type="TestFixture" id="0-1000" name="DetectDeviceModelTests" fullname="Retriever4.Tests.DetectDeviceModelTests" classname="Retriever4.Tests.DetectDeviceModelTests" runstate="Runnable" testcasecount="14" result="Passed" start-time="2018-07-26 12:20:10Z" end-time="2018-07-26 12:20:11Z" duration="0.093547" total="14" passed="14" failed="0" warnings="0" inconclusive="0" skipped="0" asserts="14">
          <test-suite type="ParameterizedMethod" id="0-1015" name="DetectDeviceModel_PatternsDetectionTests" fullname="Retriever4.Tests.DetectDeviceModelTests.DetectDeviceModel_PatternsDetectionTests" classname="Retriever4.Tests.DetectDeviceModelTests" runstate="Runnable" testcasecount="14" result="Passed" start-time="2018-07-26 12:20:10Z" end-time="2018-07-26 12:20:11Z" duration="0.082759" total="14" passed="14" failed="0" warnings="0" inconclusive="0" skipped="0" asserts="14">
            <test-case id="0-1001" name="DetectDeviceModel_PatternsDetectionTests(&quot;99850&quot;,&quot;99850&quot;)" fullname="Retriever4.Tests.DetectDeviceModelTests.DetectDeviceModel_PatternsDetectionTests(&quot;99850&quot;,&quot;99850&quot;)" methodname="DetectDeviceModel_PatternsDetectionTests" classname="Retriever4.Tests.DetectDeviceModelTests" runstate="Runnable" seed="1128840968" result="Passed" start-time="2018-07-26 12:20:10Z" end-time="2018-07-26 12:20:10Z" duration="0.062219" asserts="1" />
            <test-case id="0-1002" name="DetectDeviceModel_PatternsDetectionTests(&quot;C1010-I01B3&quot;,&quot;C1010-I01B3&quot;)" fullname="Retriever4.Tests.DetectDeviceModelTests.DetectDeviceModel_PatternsDetectionTests(&quot;C1010-I01B3&quot;,&quot;C1010-I01B3&quot;)" methodname="DetectDeviceModel_PatternsDetectionTests" classname="Retriever4.Tests.DetectDeviceModelTests" runstate="Runnable" seed="1558782766" result="Passed" start-time="2018-07-26 12:20:10Z" end-time="2018-07-26 12:20:10Z" duration="0.003938" asserts="1" />
            <test-case id="0-1003" name="DetectDeviceModel_PatternsDetectionTests(&quot;S1415-I2N1S&quot;,&quot;S1415-I2N1S&quot;)" fullname="Retriever4.Tests.DetectDeviceModelTests.DetectDeviceModel_PatternsDetectionTests(&quot;S1415-I2N1S&quot;,&quot;S1415-I2N1S&quot;)" methodname="DetectDeviceModel_PatternsDetectionTests" classname="Retriever4.Tests.DetectDeviceModelTests" runstate="Runnable" seed="48612295" result="Passed" start-time="2018-07-26 12:20:10Z" end-time="2018-07-26 12:20:10Z" duration="0.000318" asserts="1" />
            <test-case id="0-1004" name="DetectDeviceModel_PatternsDetectionTests(&quot;C2015-I5N1&quot;,&quot;C2015-I5N1&quot;)" fullname="Retriever4.Tests.DetectDeviceModelTests.DetectDeviceModel_PatternsDetectionTests(&quot;C2015-I5N1&quot;,&quot;C2015-I5N1&quot;)" methodname="DetectDeviceModel_PatternsDetectionTests" classname="Retriever4.Tests.DetectDeviceModelTests" runstate="Runnable" seed="418263774" result="Passed" start-time="2018-07-26 12:20:10Z" end-time="2018-07-26 12:20:10Z" duration="0.000330" asserts="1" />
            <test-case id="0-1005" name="DetectDeviceModel_PatternsDetectionTests(&quot;S1115-IMNL&quot;,&quot;S1115-IMNL&quot;)" fullname="Retriever4.Tests.DetectDeviceModelTests.DetectDeviceModel_PatternsDetectionTests(&quot;S1115-IMNL&quot;,&quot;S1115-IMNL&quot;)" methodname="DetectDeviceModel_PatternsDetectionTests" classname="Retriever4.Tests.DetectDeviceModelTests" runstate="Runnable" seed="1162518123" result="Passed" start-time="2018-07-26 12:20:10Z" end-time="2018-07-26 12:20:10Z" duration="0.000275" asserts="1" />
            <test-case id="0-1006" name="DetectDeviceModel_PatternsDetectionTests(&quot;P1115-I5CH&quot;,&quot;P1115-I5CH&quot;)" fullname="Retriever4.Tests.DetectDeviceModelTests.DetectDeviceModel_PatternsDetectionTests(&quot;P1115-I5CH&quot;,&quot;P1115-I5CH&quot;)" methodname="DetectDeviceModel_PatternsDetectionTests" classname="Retriever4.Tests.DetectDeviceModelTests" runstate="Runnable" seed="206824187" result="Passed" start-time="2018-07-26 12:20:10Z" end-time="2018-07-26 12:20:10Z" duration="0.000291" asserts="1" />
            <test-case id="0-1007" name="DetectDeviceModel_PatternsDetectionTests(&quot;C1008-I01N&quot;,&quot;C1008-I01N&quot;)" fullname="Retriever4.Tests.DetectDeviceModelTests.DetectDeviceModel_PatternsDetectionTests(&quot;C1008-I01N&quot;,&quot;C1008-I01N&quot;)" methodname="DetectDeviceModel_PatternsDetectionTests" classname="Retriever4.Tests.DetectDeviceModelTests" runstate="Runnable" seed="982578939" result="Passed" start-time="2018-07-26 12:20:10Z" end-time="2018-07-26 12:20:10Z" duration="0.000293" asserts="1" />
            <test-case id="0-1008" name="DetectDeviceModel_PatternsDetectionTests(&quot;S1115-IM2N&quot;,&quot;S1115-IM2N&quot;)" fullname="Retriever4.Tests.DetectDeviceModelTests.DetectDeviceModel_PatternsDetectionTests(&quot;S1115-IM2N&quot;,&quot;S1115-IM2N&quot;)" methodname="DetectDeviceModel_PatternsDetectionTests" classname="Retriever4.Tests.DetectDeviceModelTests" runstate="Runnable" seed="1990953095" result="Passed" start-time="2018-07-26 12:20:10Z" end-time="2018-07-26 12:20:10Z" duration="0.000300" asserts="1" />
            <test-case id="0-1009" name="DetectDeviceModel_PatternsDetectionTests(&quot;S1415-I1C&quot;,&quot;S1415-I1C&quot;)" fullname="Retriever4.Tests.DetectDeviceModelTests.DetectDeviceModel_PatternsDetectionTests(&quot;S1415-I1C&quot;,&quot;S1415-I1C&quot;)" methodname="DetectDeviceModel_PatternsDetectionTests" classname="Retriever4.Tests.DetectDeviceModelTests" runstate="Runnable" seed="1500043928" result="Passed" start-time="2018-07-26 12:20:10Z" end-time="2018-07-26 12:20:10Z" duration="0.000313" asserts="1" />
            <test-case id="0-1010" name="DetectDeviceModel_PatternsDetectionTests(&quot;S1414-I1BI S&quot;,&quot;S1414-I1BI S&quot;)" fullname="Retriever4.Tests.DetectDeviceModelTests.DetectDeviceModel_PatternsDetectionTests(&quot;S1414-I1BI S&quot;,&quot;S1414-I1BI S&quot;)" methodname="DetectDeviceModel_PatternsDetectionTests" classname="Retriever4.Tests.DetectDeviceModelTests" runstate="Runnable" seed="304671742" result="Passed" start-time="2018-07-26 12:20:10Z" end-time="2018-07-26 12:20:10Z" duration="0.000276" asserts="1" />
            <test-case id="0-1011" name="DetectDeviceModel_PatternsDetectionTests(&quot;PNB S1414-I1BI S&quot;,&quot;S1414-I1BI S&quot;)" fullname="Retriever4.Tests.DetectDeviceModelTests.DetectDeviceModel_PatternsDetectionTests(&quot;PNB S1414-I1BI S&quot;,&quot;S1414-I1BI S&quot;)" methodname="DetectDeviceModel_PatternsDetectionTests" classname="Retriever4.Tests.DetectDeviceModelTests" runstate="Runnable" seed="696155490" result="Passed" start-time="2018-07-26 12:20:10Z" end-time="2018-07-26 12:20:10Z" duration="0.000271" asserts="1" />
            <test-case id="0-1012" name="DetectDeviceModel_PatternsDetectionTests(&quot;CNB MEDION S1415-I1C&quot;,&quot;S1415-I1C&quot;)" fullname="Retriever4.Tests.DetectDeviceModelTests.DetectDeviceModel_PatternsDetectionTests(&quot;CNB MEDION S1415-I1C&quot;,&quot;S1415-I1C&quot;)" methodname="DetectDeviceModel_PatternsDetectionTests" classname="Retriever4.Tests.DetectDeviceModelTests" runstate="Runnable" seed="164478311" result="Passed" start-time="2018-07-26 12:20:10Z" end-time="2018-07-26 12:20:10Z" duration="0.000306" asserts="1" />
            <test-case id="0-1013" name="DetectDeviceModel_PatternsDetectionTests(&quot;PEAQC2015-I5N1&quot;,&quot;C2015-I5N1&quot;)" fullname="Retriever4.Tests.DetectDeviceModelTests.DetectDeviceModel_PatternsDetectionTests(&quot;PEAQC2015-I5N1&quot;,&quot;C2015-I5N1&quot;)" methodname="DetectDeviceModel_PatternsDetectionTests" classname="Retriever4.Tests.DetectDeviceModelTests" runstate="Runnable" seed="1418832418" result="Passed" start-time="2018-07-26 12:20:10Z" end-time="2018-07-26 12:20:10Z" duration="0.000296" asserts="1" />
            <test-case id="0-1014" name="DetectDeviceModel_PatternsDetectionTests(&quot;S1415-I1C PEAQ&quot;,&quot;S1415-I1C&quot;)" fullname="Retriever4.Tests.DetectDeviceModelTests.DetectDeviceModel_PatternsDetectionTests(&quot;S1415-I1C PEAQ&quot;,&quot;S1415-I1C&quot;)" methodname="DetectDeviceModel_PatternsDetectionTests" classname="Retriever4.Tests.DetectDeviceModelTests" runstate="Runnable" seed="2099768457" result="Passed" start-time="2018-07-26 12:20:10Z" end-time="2018-07-26 12:20:10Z" duration="0.000295" asserts="1" />
          </test-suite>
        </test-suite>
        <test-suite type="TestFixture" id="0-1027" name="NumbersValidationTests" fullname="Retriever4.Tests.NumbersValidationTests" classname="Retriever4.Tests.NumbersValidationTests" runstate="Runnable" testcasecount="27" result="Passed" start-time="2018-07-26 12:20:11Z" end-time="2018-07-26 12:20:11Z" duration="0.054464" total="27" passed="27" failed="0" warnings="0" inconclusive="0" skipped="0" asserts="27">
          <test-suite type="ParameterizedMethod" id="0-1057" name="CompareStorages_DatabaseArgumentIsNullOrRealValueIsNegative_ThrowsException" fullname="Retriever4.Tests.NumbersValidationTests.CompareStorages_DatabaseArgumentIsNullOrRealValueIsNegative_ThrowsException" classname="Retriever4.Tests.NumbersValidationTests" runstate="Runnable" testcasecount="5" result="Passed" start-time="2018-07-26 12:20:11Z" end-time="2018-07-26 12:20:11Z" duration="0.041233" total="5" passed="5" failed="0" warnings="0" inconclusive="0" skipped="0" asserts="5">
            <test-case id="0-1052" name="CompareStorages_DatabaseArgumentIsNullOrRealValueIsNegative_ThrowsException(&quot;&quot;,100)" fullname="Retriever4.Tests.NumbersValidationTests.CompareStorages_DatabaseArgumentIsNullOrRealValueIsNegative_ThrowsException(&quot;&quot;,100)" methodname="CompareStorages_DatabaseArgumentIsNullOrRealValueIsNegative_ThrowsException" classname="Retriever4.Tests.NumbersValidationTests" runstate="Runnable" seed="945348246" result="Passed" start-time="2018-07-26 12:20:11Z" end-time="2018-07-26 12:20:11Z" duration="0.039293" asserts="1" />
            <test-case id="0-1053" name="CompareStorages_DatabaseArgumentIsNullOrRealValueIsNegative_ThrowsException(null,100)" fullname="Retriever4.Tests.NumbersValidationTests.CompareStorages_DatabaseArgumentIsNullOrRealValueIsNegative_ThrowsException(null,100)" methodname="CompareStorages_DatabaseArgumentIsNullOrRealValueIsNegative_ThrowsException" classname="Retriever4.Tests.NumbersValidationTests" runstate="Runnable" seed="1616699760" result="Passed" start-time="2018-07-26 12:20:11Z" end-time="2018-07-26 12:20:11Z" duration="0.000577" asserts="1" />
            <test-case id="0-1054" name="CompareStorages_DatabaseArgumentIsNullOrRealValueIsNegative_ThrowsException(&quot;Test&quot;,-3)" fullname="Retriever4.Tests.NumbersValidationTests.CompareStorages_DatabaseArgumentIsNullOrRealValueIsNegative_ThrowsException(&quot;Test&quot;,-3)" methodname="CompareStorages_DatabaseArgumentIsNullOrRealValueIsNegative_ThrowsException" classname="Retriever4.Tests.NumbersValidationTests" runstate="Runnable" seed="923068578" result="Passed" start-time="2018-07-26 12:20:11Z" end-time="2018-07-26 12:20:11Z" duration="0.000400" asserts="1" />
            <test-case id="0-1055" name="CompareStorages_DatabaseArgumentIsNullOrRealValueIsNegative_ThrowsException(&quot;&quot;,-6)" fullname="Retriever4.Tests.NumbersValidationTests.CompareStorages_DatabaseArgumentIsNullOrRealValueIsNegative_ThrowsException(&quot;&quot;,-6)" methodname="CompareStorages_DatabaseArgumentIsNullOrRealValueIsNegative_ThrowsException" classname="Retriever4.Tests.NumbersValidationTests" runstate="Runnable" seed="948143953" result="Passed" start-time="2018-07-26 12:20:11Z" end-time="2018-07-26 12:20:11Z" duration="0.000372" asserts="1" />
            <test-case id="0-1056" name="CompareStorages_DatabaseArgumentIsNullOrRealValueIsNegative_ThrowsException(null,-9)" fullname="Retriever4.Tests.NumbersValidationTests.CompareStorages_DatabaseArgumentIsNullOrRealValueIsNegative_ThrowsException(null,-9)" methodname="CompareStorages_DatabaseArgumentIsNullOrRealValueIsNegative_ThrowsException" classname="Retriever4.Tests.NumbersValidationTests" runstate="Runnable" seed="1890374843" result="Passed" start-time="2018-07-26 12:20:11Z" end-time="2018-07-26 12:20:11Z" duration="0.000381" asserts="1" />
          </test-suite>
          <test-suite type="ParameterizedMethod" id="0-1051" name="CompareStorages_VariousData" fullname="Retriever4.Tests.NumbersValidationTests.CompareStorages_VariousData" classname="Retriever4.Tests.NumbersValidationTests" runstate="Runnable" testcasecount="16" result="Passed" start-time="2018-07-26 12:20:11Z" end-time="2018-07-26 12:20:11Z" duration="0.010704" total="16" passed="16" failed="0" warnings="0" inconclusive="0" skipped="0" asserts="16">
            <test-case id="0-1035" name="CompareStorages_VariousData(&quot;256 GB SSD&quot;,274877906944L,True)" fullname="Retriever4.Tests.NumbersValidationTests.CompareStorages_VariousData(&quot;256 GB SSD&quot;,274877906944L,True)" methodname="CompareStorages_VariousData" classname="Retriever4.Tests.NumbersValidationTests" runstate="Runnable" seed="619984048" result="Passed" start-time="2018-07-26 12:20:11Z" end-time="2018-07-26 12:20:11Z" duration="0.002182" asserts="1" />
            <test-case id="0-1036" name="CompareStorages_VariousData(&quot;128 GB SSD&quot;,137438953472L,True)" fullname="Retriever4.Tests.NumbersValidationTests.CompareStorages_VariousData(&quot;128 GB SSD&quot;,137438953472L,True)" methodname="CompareStorages_VariousData" classname="Retriever4.Tests.NumbersValidationTests" runstate="Runnable" seed="1087255164" result="Passed" start-time="2018-07-26 12:20:11Z" end-time="2018-07-26 12:20:11Z" duration="0.000785" asserts="1" />
            <test-case id="0-1037" name="CompareStorages_VariousData(&quot;64 GB eMMC&quot;,68719476736L,True)" fullname="Retriever4.Tests.NumbersValidationTests.CompareStorages_VariousData(&quot;64 GB eMMC&quot;,68719476736L,True)" methodname="CompareStorages_VariousData" classname="Retriever4.Tests.NumbersValidationTests" runstate="Runnable" seed="1067636882" result="Passed" start-time="2018-07-26 12:20:11Z" end-time="2018-07-26 12:20:11Z" duration="0.000504" asserts="1" />
            <test-case id="0-1038" name="CompareStorages_VariousData(&quot;32 GB eMMC&quot;,34359738368L,True)" fullname="Retriever4.Tests.NumbersValidationTests.CompareStorages_VariousData(&quot;32 GB eMMC&quot;,34359738368L,True)" methodname="CompareStorages_VariousData" classname="Retriever4.Tests.NumbersValidationTests" runstate="Runnable" seed="1557959307" result="Passed" start-time="2018-07-26 12:20:11Z" end-time="2018-07-26 12:20:11Z" duration="0.000511" asserts="1" />
            <test-case id="0-1039" name="CompareStorages_VariousData(&quot;16 GB eMMC&quot;,17179869184L,True)" fullname="Retriever4.Tests.NumbersValidationTests.CompareStorages_VariousData(&quot;16 GB eMMC&quot;,17179869184L,True)" methodname="CompareStorages_VariousData" classname="Retriever4.Tests.NumbersValidationTests" runstate="Runnable" seed="689689172" result="Passed" start-time="2018-07-26 12:20:11Z" end-time="2018-07-26 12:20:11Z" duration="0.000485" asserts="1" />
            <test-case id="0-1040" name="CompareStorages_VariousData(&quot;320 GB HDD&quot;,343597383680L,True)" fullname="Retriever4.Tests.NumbersValidationTests.CompareStorages_VariousData(&quot;320 GB HDD&quot;,343597383680L,True)" methodname="CompareStorages_VariousData" classname="Retriever4.Tests.NumbersValidationTests" runstate="Runnable" seed="819398322" result="Passed" start-time="2018-07-26 12:20:11Z" end-time="2018-07-26 12:20:11Z" duration="0.000502" asserts="1" />
            <test-case id="0-1041" name="CompareStorages_VariousData(&quot;500 GB HDD&quot;,536870912000L,True)" fullname="Retriever4.Tests.NumbersValidationTests.CompareStorages_VariousData(&quot;500 GB HDD&quot;,536870912000L,True)" methodname="CompareStorages_VariousData" classname="Retriever4.Tests.NumbersValidationTests" runstate="Runnable" seed="656102759" result="Passed" start-time="2018-07-26 12:20:11Z" end-time="2018-07-26 12:20:11Z" duration="0.000483" asserts="1" />
            <test-case id="0-1042" name="CompareStorages_VariousData(&quot;640 GB SSHD&quot;,687194767360L,True)" fullname="Retriever4.Tests.NumbersValidationTests.CompareStorages_VariousData(&quot;640 GB SSHD&quot;,687194767360L,True)" methodname="CompareStorages_VariousData" classname="Retriever4.Tests.NumbersValidationTests" runstate="Runnable" seed="628203615" result="Passed" start-time="2018-07-26 12:20:11Z" end-time="2018-07-26 12:20:11Z" duration="0.000549" asserts="1" />
            <test-case id="0-1043" name="CompareStorages_VariousData(&quot;750 GB SSHD&quot;,805306368000L,True)" fullname="Retriever4.Tests.NumbersValidationTests.CompareStorages_VariousData(&quot;750 GB SSHD&quot;,805306368000L,True)" methodname="CompareStorages_VariousData" classname="Retriever4.Tests.NumbersValidationTests" runstate="Runnable" seed="550300749" result="Passed" start-time="2018-07-26 12:20:11Z" end-time="2018-07-26 12:20:11Z" duration="0.000486" asserts="1" />
            <test-case id="0-1044" name="CompareStorages_VariousData(&quot;1 TB HDD&quot;,1099511627776L,True)" fullname="Retriever4.Tests.NumbersValidationTests.CompareStorages_VariousData(&quot;1 TB HDD&quot;,1099511627776L,True)" methodname="CompareStorages_VariousData" classname="Retriever4.Tests.NumbersValidationTests" runstate="Runnable" seed="1769389609" result="Passed" start-time="2018-07-26 12:20:11Z" end-time="2018-07-26 12:20:11Z" duration="0.000493" asserts="1" />
            <test-case id="0-1045" name="CompareStorages_VariousData(&quot;1,5 TB DHDD&quot;,1649267441664L,True)" fullname="Retriever4.Tests.NumbersValidationTests.CompareStorages_VariousData(&quot;1,5 TB DHDD&quot;,1649267441664L,True)" methodname="CompareStorages_VariousData" classname="Retriever4.Tests.NumbersValidationTests" runstate="Runnable" seed="304359987" result="Passed" start-time="2018-07-26 12:20:11Z" end-time="2018-07-26 12:20:11Z" duration="0.000508" asserts="1" />
            <test-case id="0-1046" name="CompareStorages_VariousData(&quot;2 TB HDD&quot;,2199023255552L,True)" fullname="Retriever4.Tests.NumbersValidationTests.CompareStorages_VariousData(&quot;2 TB HDD&quot;,2199023255552L,True)" methodname="CompareStorages_VariousData" classname="Retriever4.Tests.NumbersValidationTests" runstate="Runnable" seed="204065023" result="Passed" start-time="2018-07-26 12:20:11Z" end-time="2018-07-26 12:20:11Z" duration="0.000659" asserts="1" />
            <test-case id="0-1047" name="CompareStorages_VariousData(&quot;0,5 TB HDD&quot;,549755813888L,True)" fullname="Retriever4.Tests.NumbersValidationTests.CompareStorages_VariousData(&quot;0,5 TB HDD&quot;,549755813888L,True)" methodname="CompareStorages_VariousData" classname="Retriever4.Tests.NumbersValidationTests" runstate="Runnable" seed="832574336" result="Passed" start-time="2018-07-26 12:20:11Z" end-time="2018-07-26 12:20:11Z" duration="0.000515" asserts="1" />
            <test-case id="0-1048" name="CompareStorages_VariousData(&quot;0,5 TB HDD&quot;,1099511627776L,False)" fullname="Retriever4.Tests.NumbersValidationTests.CompareStorages_VariousData(&quot;0,5 TB HDD&quot;,1099511627776L,False)" methodname="CompareStorages_VariousData" classname="Retriever4.Tests.NumbersValidationTests" runstate="Runnable" seed="2131679623" result="Passed" start-time="2018-07-26 12:20:11Z" end-time="2018-07-26 12:20:11Z" duration="0.000501" asserts="1" />
            <test-case id="0-1049" name="CompareStorages_VariousData(&quot;320 GB HDD&quot;,274877906944L,False)" fullname="Retriever4.Tests.NumbersValidationTests.CompareStorages_VariousData(&quot;320 GB HDD&quot;,274877906944L,False)" methodname="CompareStorages_VariousData" classname="Retriever4.Tests.NumbersValidationTests" runstate="Runnable" seed="1866313574" result="Passed" start-time="2018-07-26 12:20:11Z" end-time="2018-07-26 12:20:11Z" duration="0.000525" asserts="1" />
            <test-case id="0-1050" name="CompareStorages_VariousData(&quot;16 GB eMMC&quot;,34359738368L,False)" fullname="Retriever4.Tests.NumbersValidationTests.CompareStorages_VariousData(&quot;16 GB eMMC&quot;,34359738368L,False)" methodname="CompareStorages_VariousData" classname="Retriever4.Tests.NumbersValidationTests" runstate="Runnable" seed="313242162" result="Passed" start-time="2018-07-26 12:20:11Z" end-time="2018-07-26 12:20:11Z" duration="0.000487" asserts="1" />
          </test-suite>
          <test-suite type="ParameterizedMethod" id="0-1034" name="CompareWearlevel_LogicTest" fullname="Retriever4.Tests.NumbersValidationTests.CompareWearlevel_LogicTest" classname="Retriever4.Tests.NumbersValidationTests" runstate="Runnable" testcasecount="6" result="Passed" start-time="2018-07-26 12:20:11Z" end-time="2018-07-26 12:20:11Z" duration="0.002207" total="6" passed="6" failed="0" warnings="0" inconclusive="0" skipped="0" asserts="6">
            <test-case id="0-1028" name="CompareWearlevel_LogicTest(-13,12,True)" fullname="Retriever4.Tests.NumbersValidationTests.CompareWearlevel_LogicTest(-13,12,True)" methodname="CompareWearlevel_LogicTest" classname="Retriever4.Tests.NumbersValidationTests" runstate="Runnable" seed="521045239" result="Passed" start-time="2018-07-26 12:20:11Z" end-time="2018-07-26 12:20:11Z" duration="0.000892" asserts="1" />
            <test-case id="0-1029" name="CompareWearlevel_LogicTest(0,12,True)" fullname="Retriever4.Tests.NumbersValidationTests.CompareWearlevel_LogicTest(0,12,True)" methodname="CompareWearlevel_LogicTest" classname="Retriever4.Tests.NumbersValidationTests" runstate="Runnable" seed="812583862" result="Passed" start-time="2018-07-26 12:20:11Z" end-time="2018-07-26 12:20:11Z" duration="0.000243" asserts="1" />
            <test-case id="0-1030" name="CompareWearlevel_LogicTest(7.8d,12,True)" fullname="Retriever4.Tests.NumbersValidationTests.CompareWearlevel_LogicTest(7.8d,12,True)" methodname="CompareWearlevel_LogicTest" classname="Retriever4.Tests.NumbersValidationTests" runstate="Runnable" seed="1096134117" result="Passed" start-time="2018-07-26 12:20:11Z" end-time="2018-07-26 12:20:11Z" duration="0.000207" asserts="1" />
            <test-case id="0-1031" name="CompareWearlevel_LogicTest(12,12,True)" fullname="Retriever4.Tests.NumbersValidationTests.CompareWearlevel_LogicTest(12,12,True)" methodname="CompareWearlevel_LogicTest" classname="Retriever4.Tests.NumbersValidationTests" runstate="Runnable" seed="1425611777" result="Passed" start-time="2018-07-26 12:20:11Z" end-time="2018-07-26 12:20:11Z" duration="0.000224" asserts="1" />
            <test-case id="0-1032" name="CompareWearlevel_LogicTest(12.01d,12,False)" fullname="Retriever4.Tests.NumbersValidationTests.CompareWearlevel_LogicTest(12.01d,12,False)" methodname="CompareWearlevel_LogicTest" classname="Retriever4.Tests.NumbersValidationTests" runstate="Runnable" seed="1123631937" result="Passed" start-time="2018-07-26 12:20:11Z" end-time="2018-07-26 12:20:11Z" duration="0.000206" asserts="1" />
            <test-case id="0-1033" name="CompareWearlevel_LogicTest(14,12,False)" fullname="Retriever4.Tests.NumbersValidationTests.CompareWearlevel_LogicTest(14,12,False)" methodname="CompareWearlevel_LogicTest" classname="Retriever4.Tests.NumbersValidationTests" runstate="Runnable" seed="1178928125" result="Passed" start-time="2018-07-26 12:20:11Z" end-time="2018-07-26 12:20:11Z" duration="0.000219" asserts="1" />
          </test-suite>
        </test-suite>
        <test-suite type="TestFixture" id="0-1058" name="ObjectsValidationTests" fullname="Retriever4.Tests.ObjectsValidationTests" classname="Retriever4.Tests.ObjectsValidationTests" runstate="Runnable" testcasecount="7" result="Passed" start-time="2018-07-26 12:20:11Z" end-time="2018-07-26 12:20:11Z" duration="0.022675" total="7" passed="7" failed="0" warnings="0" inconclusive="0" skipped="0" asserts="7">
          <test-case id="0-1062" name="CheckFieldsForNulls__CheckingObjectWithUnacceptableNullFieldsWithIgnoredFileds_NullFiledsAreIgnored" fullname="Retriever4.Tests.ObjectsValidationTests.CheckFieldsForNulls__CheckingObjectWithUnacceptableNullFieldsWithIgnoredFileds_NullFiledsAreIgnored" methodname="CheckFieldsForNulls__CheckingObjectWithUnacceptableNullFieldsWithIgnoredFileds_NullFiledsAreIgnored" classname="Retriever4.Tests.ObjectsValidationTests" runstate="Runnable" seed="73708129" result="Passed" start-time="2018-07-26 12:20:11Z" end-time="2018-07-26 12:20:11Z" duration="0.006904" asserts="1" />
          <test-case id="0-1063" name="CheckFieldsForNulls__IgnoredFieldsArrayContainsNullWithCorrectlyFilledObject_ThrowsException" fullname="Retriever4.Tests.ObjectsValidationTests.CheckFieldsForNulls__IgnoredFieldsArrayContainsNullWithCorrectlyFilledObject_ThrowsException" methodname="CheckFieldsForNulls__IgnoredFieldsArrayContainsNullWithCorrectlyFilledObject_ThrowsException" classname="Retriever4.Tests.ObjectsValidationTests" runstate="Runnable" seed="2110414552" result="Passed" start-time="2018-07-26 12:20:11Z" end-time="2018-07-26 12:20:11Z" duration="0.007014" asserts="1" />
          <test-case id="0-1064" name="CheckFieldsForNulls__IgnoredFieldsArrayContainsNullWithUncorrectlyFilledObject_ThrowsException" fullname="Retriever4.Tests.ObjectsValidationTests.CheckFieldsForNulls__IgnoredFieldsArrayContainsNullWithUncorrectlyFilledObject_ThrowsException" methodname="CheckFieldsForNulls__IgnoredFieldsArrayContainsNullWithUncorrectlyFilledObject_ThrowsException" classname="Retriever4.Tests.ObjectsValidationTests" runstate="Runnable" seed="2039859077" result="Passed" start-time="2018-07-26 12:20:11Z" end-time="2018-07-26 12:20:11Z" duration="0.001535" asserts="1" />
          <test-case id="0-1059" name="CheckFieldsForNulls_CheckingCorrectlyFilledConfiguration" fullname="Retriever4.Tests.ObjectsValidationTests.CheckFieldsForNulls_CheckingCorrectlyFilledConfiguration" methodname="CheckFieldsForNulls_CheckingCorrectlyFilledConfiguration" classname="Retriever4.Tests.ObjectsValidationTests" runstate="Runnable" seed="1179386370" result="Passed" start-time="2018-07-26 12:20:11Z" end-time="2018-07-26 12:20:11Z" duration="0.000749" asserts="1" />
          <test-case id="0-1065" name="CheckFieldsForNulls_CheckingObjectFilledByNulls" fullname="Retriever4.Tests.ObjectsValidationTests.CheckFieldsForNulls_CheckingObjectFilledByNulls" methodname="CheckFieldsForNulls_CheckingObjectFilledByNulls" classname="Retriever4.Tests.ObjectsValidationTests" runstate="Runnable" seed="1298951551" result="Passed" start-time="2018-07-26 12:20:11Z" end-time="2018-07-26 12:20:11Z" duration="0.003529" asserts="1" />
          <test-case id="0-1060" name="CheckFieldsForNulls_CheckingObjectWithNullFields" fullname="Retriever4.Tests.ObjectsValidationTests.CheckFieldsForNulls_CheckingObjectWithNullFields" methodname="CheckFieldsForNulls_CheckingObjectWithNullFields" classname="Retriever4.Tests.ObjectsValidationTests" runstate="Runnable" seed="939211620" result="Passed" start-time="2018-07-26 12:20:11Z" end-time="2018-07-26 12:20:11Z" duration="0.000614" asserts="1" />
          <test-case id="0-1061" name="CheckFieldsForNulls_NullObject_ThrowsException" fullname="Retriever4.Tests.ObjectsValidationTests.CheckFieldsForNulls_NullObject_ThrowsException" methodname="CheckFieldsForNulls_NullObject_ThrowsException" classname="Retriever4.Tests.ObjectsValidationTests" runstate="Runnable" seed="336135250" result="Passed" start-time="2018-07-26 12:20:11Z" end-time="2018-07-26 12:20:11Z" duration="0.001708" asserts="1" />
        </test-suite>
        <test-suite type="TestFixture" id="0-1016" name="ProgramValidationTests" fullname="Retriever4.Tests.ProgramValidationTests" classname="Retriever4.Tests.ProgramValidationTests" runstate="Runnable" testcasecount="10" result="Passed" start-time="2018-07-26 12:20:11Z" end-time="2018-07-26 12:20:11Z" duration="0.114715" total="10" passed="10" failed="0" warnings="0" inconclusive="0" skipped="0" asserts="10">
          <test-case id="0-1017" name="ProgramInitialization_AllValidParameters_ReturnsTrue" fullname="Retriever4.Tests.ProgramValidationTests.ProgramInitialization_AllValidParameters_ReturnsTrue" methodname="ProgramInitialization_AllValidParameters_ReturnsTrue" classname="Retriever4.Tests.ProgramValidationTests" runstate="Runnable" seed="1902417765" result="Passed" start-time="2018-07-26 12:20:11Z" end-time="2018-07-26 12:20:11Z" duration="0.033614" asserts="1" />
          <test-case id="0-1018" name="ProgramInitialization_ConfigFileDoesntExists_ReturnsFalse" fullname="Retriever4.Tests.ProgramValidationTests.ProgramInitialization_ConfigFileDoesntExists_ReturnsFalse" methodname="ProgramInitialization_ConfigFileDoesntExists_ReturnsFalse" classname="Retriever4.Tests.ProgramValidationTests" runstate="Runnable" seed="1764031255" result="Passed" start-time="2018-07-26 12:20:11Z" end-time="2018-07-26 12:20:11Z" duration="0.009172" asserts="1">
            <output><![CDATA[Naciśnięcie dowolnego przycisku zamknie aplikację.
]]></output>
          </test-case>
          <test-case id="0-1020" name="ProgramInitialization_ConfigFileEmpty_ReturnsFalse" fullname="Retriever4.Tests.ProgramValidationTests.ProgramInitialization_ConfigFileEmpty_ReturnsFalse" methodname="ProgramInitialization_ConfigFileEmpty_ReturnsFalse" classname="Retriever4.Tests.ProgramValidationTests" runstate="Runnable" seed="1595034622" result="Passed" start-time="2018-07-26 12:20:11Z" end-time="2018-07-26 12:20:11Z" duration="0.008750" asserts="1">
            <output><![CDATA[Naciśnięcie dowolnego przycisku zamknie aplikację.
]]></output>
          </test-case>
          <test-case id="0-1019" name="ProgramInitialization_ConfigFileInvalid_ReturnsFalse" fullname="Retriever4.Tests.ProgramValidationTests.ProgramInitialization_ConfigFileInvalid_ReturnsFalse" methodname="ProgramInitialization_ConfigFileInvalid_ReturnsFalse" classname="Retriever4.Tests.ProgramValidationTests" runstate="Runnable" seed="113265149" result="Passed" start-time="2018-07-26 12:20:11Z" end-time="2018-07-26 12:20:11Z" duration="0.009446" asserts="1">
            <output><![CDATA[Naciśnięcie dowolnego przycisku zamknie aplikację.
]]></output>
          </test-case>
          <test-case id="0-1021" name="ProgramInitialization_DatabaseFileDoesntExsists_ReturnsFalse" fullname="Retriever4.Tests.ProgramValidationTests.ProgramInitialization_DatabaseFileDoesntExsists_ReturnsFalse" methodname="ProgramInitialization_DatabaseFileDoesntExsists_ReturnsFalse" classname="Retriever4.Tests.ProgramValidationTests" runstate="Runnable" seed="785690981" result="Passed" start-time="2018-07-26 12:20:11Z" end-time="2018-07-26 12:20:11Z" duration="0.008162" asserts="1">
            <output><![CDATA[Naciśnięcie dowolnego przycisku zamknie aplikację.
]]></output>
          </test-case>
          <test-case id="0-1024" name="ProgramInitialization_HashesAreDifferent_ReturnsTrue" fullname="Retriever4.Tests.ProgramValidationTests.ProgramInitialization_HashesAreDifferent_ReturnsTrue" methodname="ProgramInitialization_HashesAreDifferent_ReturnsTrue" classname="Retriever4.Tests.ProgramValidationTests" runstate="Runnable" seed="767974869" result="Passed" start-time="2018-07-26 12:20:11Z" end-time="2018-07-26 12:20:11Z" duration="0.009937" asserts="1" />
          <test-case id="0-1025" name="ProgramInitialization_ModelFileDoesntExists_ReturnsTrue" fullname="Retriever4.Tests.ProgramValidationTests.ProgramInitialization_ModelFileDoesntExists_ReturnsTrue" methodname="ProgramInitialization_ModelFileDoesntExists_ReturnsTrue" classname="Retriever4.Tests.ProgramValidationTests" runstate="Runnable" seed="904344323" result="Passed" start-time="2018-07-26 12:20:11Z" end-time="2018-07-26 12:20:11Z" duration="0.009324" asserts="1" />
          <test-case id="0-1026" name="ProgramInitialization_ModelFileEmpty_ReturnsTrue" fullname="Retriever4.Tests.ProgramValidationTests.ProgramInitialization_ModelFileEmpty_ReturnsTrue" methodname="ProgramInitialization_ModelFileEmpty_ReturnsTrue" classname="Retriever4.Tests.ProgramValidationTests" runstate="Runnable" seed="815537762" result="Passed" start-time="2018-07-26 12:20:11Z" end-time="2018-07-26 12:20:11Z" duration="0.008607" asserts="1" />
          <test-case id="0-1022" name="ProgramInitialization_SHA1FileDoesntExists_ReturnsTrue" fullname="Retriever4.Tests.ProgramValidationTests.ProgramInitialization_SHA1FileDoesntExists_ReturnsTrue" methodname="ProgramInitialization_SHA1FileDoesntExists_ReturnsTrue" classname="Retriever4.Tests.ProgramValidationTests" runstate="Runnable" seed="427620341" result="Passed" start-time="2018-07-26 12:20:11Z" end-time="2018-07-26 12:20:11Z" duration="0.008267" asserts="1" />
          <test-case id="0-1023" name="ProgramInitialization_SHA1FileEmpty_ReturnsTrue" fullname="Retriever4.Tests.ProgramValidationTests.ProgramInitialization_SHA1FileEmpty_ReturnsTrue" methodname="ProgramInitialization_SHA1FileEmpty_ReturnsTrue" classname="Retriever4.Tests.ProgramValidationTests" runstate="Runnable" seed="2053314168" result="Passed" start-time="2018-07-26 12:20:11Z" end-time="2018-07-26 12:20:11Z" duration="0.008703" asserts="1" />
        </test-suite>
        <test-suite type="TestFixture" id="0-1066" name="StringValidationTests" fullname="Retriever4.Tests.StringValidationTests" classname="Retriever4.Tests.StringValidationTests" runstate="Runnable" testcasecount="54" result="Skipped" label="Ignored" site="Child" start-time="2018-07-26 12:20:11Z" end-time="2018-07-26 12:20:11Z" duration="0.067681" total="54" passed="49" failed="0" warnings="0" inconclusive="0" skipped="5" asserts="49">
          <reason>
            <message><![CDATA[One or more child tests were ignored]]></message>
          </reason>
          <test-suite type="ParameterizedMethod" id="0-1088" name="CompareCPUs_ArgumentIsNull_ThrowsException" fullname="Retriever4.Tests.StringValidationTests.CompareCPUs_ArgumentIsNull_ThrowsException" classname="Retriever4.Tests.StringValidationTests" runstate="Runnable" testcasecount="6" result="Passed" start-time="2018-07-26 12:20:11Z" end-time="2018-07-26 12:20:11Z" duration="0.005656" total="6" passed="6" failed="0" warnings="0" inconclusive="0" skipped="0" asserts="6">
            <test-case id="0-1082" name="CompareCPUs_ArgumentIsNull_ThrowsException(&quot;Test&quot;,&quot;&quot;)" fullname="Retriever4.Tests.StringValidationTests.CompareCPUs_ArgumentIsNull_ThrowsException(&quot;Test&quot;,&quot;&quot;)" methodname="CompareCPUs_ArgumentIsNull_ThrowsException" classname="Retriever4.Tests.StringValidationTests" runstate="Runnable" seed="330488393" result="Passed" start-time="2018-07-26 12:20:11Z" end-time="2018-07-26 12:20:11Z" duration="0.003319" asserts="1" />
            <test-case id="0-1083" name="CompareCPUs_ArgumentIsNull_ThrowsException(&quot;Test&quot;,null)" fullname="Retriever4.Tests.StringValidationTests.CompareCPUs_ArgumentIsNull_ThrowsException(&quot;Test&quot;,null)" methodname="CompareCPUs_ArgumentIsNull_ThrowsException" classname="Retriever4.Tests.StringValidationTests" runstate="Runnable" seed="251951931" result="Passed" start-time="2018-07-26 12:20:11Z" end-time="2018-07-26 12:20:11Z" duration="0.000467" asserts="1" />
            <test-case id="0-1084" name="CompareCPUs_ArgumentIsNull_ThrowsException(&quot;&quot;,&quot;Test&quot;)" fullname="Retriever4.Tests.StringValidationTests.CompareCPUs_ArgumentIsNull_ThrowsException(&quot;&quot;,&quot;Test&quot;)" methodname="CompareCPUs_ArgumentIsNull_ThrowsException" classname="Retriever4.Tests.StringValidationTests" runstate="Runnable" seed="363036430" result="Passed" start-time="2018-07-26 12:20:11Z" end-time="2018-07-26 12:20:11Z" duration="0.000407" asserts="1" />
            <test-case id="0-1085" name="CompareCPUs_ArgumentIsNull_ThrowsException(null,&quot;Test&quot;)" fullname="Retriever4.Tests.StringValidationTests.CompareCPUs_ArgumentIsNull_ThrowsException(null,&quot;Test&quot;)" methodname="CompareCPUs_ArgumentIsNull_ThrowsException" classname="Retriever4.Tests.StringValidationTests" runstate="Runnable" seed="1817464960" result="Passed" start-time="2018-07-26 12:20:11Z" end-time="2018-07-26 12:20:11Z" duration="0.000427" asserts="1" />
            <test-case id="0-1086" name="CompareCPUs_ArgumentIsNull_ThrowsException(&quot;&quot;,&quot;&quot;)" fullname="Retriever4.Tests.StringValidationTests.CompareCPUs_ArgumentIsNull_ThrowsException(&quot;&quot;,&quot;&quot;)" methodname="CompareCPUs_ArgumentIsNull_ThrowsException" classname="Retriever4.Tests.StringValidationTests" runstate="Runnable" seed="558033373" result="Passed" start-time="2018-07-26 12:20:11Z" end-time="2018-07-26 12:20:11Z" duration="0.000394" asserts="1" />
            <test-case id="0-1087" name="CompareCPUs_ArgumentIsNull_ThrowsException(null,null)" fullname="Retriever4.Tests.StringValidationTests.CompareCPUs_ArgumentIsNull_ThrowsException(null,null)" methodname="CompareCPUs_ArgumentIsNull_ThrowsException" classname="Retriever4.Tests.StringValidationTests" runstate="Runnable" seed="142165516" result="Passed" start-time="2018-07-26 12:20:11Z" end-time="2018-07-26 12:20:11Z" duration="0.000385" asserts="1" />
          </test-suite>
          <test-suite type="ParameterizedMethod" id="0-1081" name="CompareCPUs_VariousData_ReturnsTrue" fullname="Retriever4.Tests.StringValidationTests.CompareCPUs_VariousData_ReturnsTrue" classname="Retriever4.Tests.StringValidationTests" runstate="Runnable" testcasecount="14" result="Passed" start-time="2018-07-26 12:20:11Z" end-time="2018-07-26 12:20:11Z" duration="0.006863" total="14" passed="14" failed="0" warnings="0" inconclusive="0" skipped="0" asserts="14">
            <test-case id="0-1067" name="CompareCPUs_VariousData_ReturnsTrue(&quot;i5-7200U&quot;,&quot;GeniueIntel Intel&lt;R&gt; Core&lt;TM&gt; i5-7200U CPU @ 2.50GHz&quot;)" fullname="Retriever4.Tests.StringValidationTests.CompareCPUs_VariousData_ReturnsTrue(&quot;i5-7200U&quot;,&quot;GeniueIntel Intel&lt;R&gt; Core&lt;TM&gt; i5-7200U CPU @ 2.50GHz&quot;)" methodname="CompareCPUs_VariousData_ReturnsTrue" classname="Retriever4.Tests.StringValidationTests" runstate="Runnable" seed="396130397" result="Passed" start-time="2018-07-26 12:20:11Z" end-time="2018-07-26 12:20:11Z" duration="0.000938" asserts="1" />
            <test-case id="0-1068" name="CompareCPUs_VariousData_ReturnsTrue(&quot;Pentium 4415U&quot;,&quot;GeniueIntel Intel&lt;R&gt; Pentium&lt;TM&gt; CPU 4415U @ 2.30GHz&quot;)" fullname="Retriever4.Tests.StringValidationTests.CompareCPUs_VariousData_ReturnsTrue(&quot;Pentium 4415U&quot;,&quot;GeniueIntel Intel&lt;R&gt; Pentium&lt;TM&gt; CPU 4415U @ 2.30GHz&quot;)" methodname="CompareCPUs_VariousData_ReturnsTrue" classname="Retriever4.Tests.StringValidationTests" runstate="Runnable" seed="540522004" result="Passed" start-time="2018-07-26 12:20:11Z" end-time="2018-07-26 12:20:11Z" duration="0.000396" asserts="1" />
            <test-case id="0-1069" name="CompareCPUs_VariousData_ReturnsTrue(&quot;i3-7100U&quot;,&quot;GeniueIntel Intel&lt;R&gt; Core&lt;TM&gt; i3-7100U CPU @ 2.40GHz&quot;)" fullname="Retriever4.Tests.StringValidationTests.CompareCPUs_VariousData_ReturnsTrue(&quot;i3-7100U&quot;,&quot;GeniueIntel Intel&lt;R&gt; Core&lt;TM&gt; i3-7100U CPU @ 2.40GHz&quot;)" methodname="CompareCPUs_VariousData_ReturnsTrue" classname="Retriever4.Tests.StringValidationTests" runstate="Runnable" seed="32361242" result="Passed" start-time="2018-07-26 12:20:11Z" end-time="2018-07-26 12:20:11Z" duration="0.000368" asserts="1" />
            <test-case id="0-1070" name="CompareCPUs_VariousData_ReturnsTrue(&quot;i7-8550U&quot;,&quot;GeniueIntel Intel&lt;R&gt; Core&lt;TM&gt; i7-8550U CPU @ 1.80GHz&quot;)" fullname="Retriever4.Tests.StringValidationTests.CompareCPUs_VariousData_ReturnsTrue(&quot;i7-8550U&quot;,&quot;GeniueIntel Intel&lt;R&gt; Core&lt;TM&gt; i7-8550U CPU @ 1.80GHz&quot;)" methodname="CompareCPUs_VariousData_ReturnsTrue" classname="Retriever4.Tests.StringValidationTests" runstate="Runnable" seed="924743913" result="Passed" start-time="2018-07-26 12:20:11Z" end-time="2018-07-26 12:20:11Z" duration="0.000366" asserts="1" />
            <test-case id="0-1071" name="CompareCPUs_VariousData_ReturnsTrue(&quot;Atom x5-Z8350&quot;,&quot;GeniueIntel Intel&lt;R&gt; Atom&lt;TM&gt; x5-Z8350 CPU @ 1.44GHz&quot;)" fullname="Retriever4.Tests.StringValidationTests.CompareCPUs_VariousData_ReturnsTrue(&quot;Atom x5-Z8350&quot;,&quot;GeniueIntel Intel&lt;R&gt; Atom&lt;TM&gt; x5-Z8350 CPU @ 1.44GHz&quot;)" methodname="CompareCPUs_VariousData_ReturnsTrue" classname="Retriever4.Tests.StringValidationTests" runstate="Runnable" seed="615018279" result="Passed" start-time="2018-07-26 12:20:11Z" end-time="2018-07-26 12:20:11Z" duration="0.000362" asserts="1" />
            <test-case id="0-1072" name="CompareCPUs_VariousData_ReturnsTrue(&quot;Celeron N3060&quot;,&quot;GeniueIntel Intel&lt;R&gt; Celeron&lt;TM&gt; N3060 CPU @ 1.60GHz&quot;)" fullname="Retriever4.Tests.StringValidationTests.CompareCPUs_VariousData_ReturnsTrue(&quot;Celeron N3060&quot;,&quot;GeniueIntel Intel&lt;R&gt; Celeron&lt;TM&gt; N3060 CPU @ 1.60GHz&quot;)" methodname="CompareCPUs_VariousData_ReturnsTrue" classname="Retriever4.Tests.StringValidationTests" runstate="Runnable" seed="1182322234" result="Passed" start-time="2018-07-26 12:20:11Z" end-time="2018-07-26 12:20:11Z" duration="0.000366" asserts="1" />
            <test-case id="0-1073" name="CompareCPUs_VariousData_ReturnsTrue(&quot;Pentium N3700&quot;,&quot;GeniueIntel Intel&lt;R&gt; Pentium&lt;TM&gt; N3700 CPU @ 1.60GHz&quot;)" fullname="Retriever4.Tests.StringValidationTests.CompareCPUs_VariousData_ReturnsTrue(&quot;Pentium N3700&quot;,&quot;GeniueIntel Intel&lt;R&gt; Pentium&lt;TM&gt; N3700 CPU @ 1.60GHz&quot;)" methodname="CompareCPUs_VariousData_ReturnsTrue" classname="Retriever4.Tests.StringValidationTests" runstate="Runnable" seed="269932718" result="Passed" start-time="2018-07-26 12:20:11Z" end-time="2018-07-26 12:20:11Z" duration="0.000363" asserts="1" />
            <test-case id="0-1074" name="CompareCPUs_VariousData_ReturnsTrue(&quot;i3-6006U&quot;,&quot;GeniueIntel Intel&lt;R&gt; Core&lt;TM&gt; i3-6006U CPU @ 2.00GHz&quot;)" fullname="Retriever4.Tests.StringValidationTests.CompareCPUs_VariousData_ReturnsTrue(&quot;i3-6006U&quot;,&quot;GeniueIntel Intel&lt;R&gt; Core&lt;TM&gt; i3-6006U CPU @ 2.00GHz&quot;)" methodname="CompareCPUs_VariousData_ReturnsTrue" classname="Retriever4.Tests.StringValidationTests" runstate="Runnable" seed="1937954032" result="Passed" start-time="2018-07-26 12:20:11Z" end-time="2018-07-26 12:20:11Z" duration="0.000369" asserts="1" />
            <test-case id="0-1075" name="CompareCPUs_VariousData_ReturnsTrue(&quot;Pentium 4405U&quot;,&quot;GeniueIntel Intel&lt;R&gt; Pentium&lt;TM&gt; CPU 4405U @ 2.10GHz&quot;)" fullname="Retriever4.Tests.StringValidationTests.CompareCPUs_VariousData_ReturnsTrue(&quot;Pentium 4405U&quot;,&quot;GeniueIntel Intel&lt;R&gt; Pentium&lt;TM&gt; CPU 4405U @ 2.10GHz&quot;)" methodname="CompareCPUs_VariousData_ReturnsTrue" classname="Retriever4.Tests.StringValidationTests" runstate="Runnable" seed="1536702458" result="Passed" start-time="2018-07-26 12:20:11Z" end-time="2018-07-26 12:20:11Z" duration="0.000372" asserts="1" />
            <test-case id="0-1076" name="CompareCPUs_VariousData_ReturnsTrue(&quot;Atom Z3735F&quot;,&quot;GeniueIntel Intel&lt;R&gt; Atom&lt;TM&gt; CPU Z3735F @ 1.33GHz&quot;)" fullname="Retriever4.Tests.StringValidationTests.CompareCPUs_VariousData_ReturnsTrue(&quot;Atom Z3735F&quot;,&quot;GeniueIntel Intel&lt;R&gt; Atom&lt;TM&gt; CPU Z3735F @ 1.33GHz&quot;)" methodname="CompareCPUs_VariousData_ReturnsTrue" classname="Retriever4.Tests.StringValidationTests" runstate="Runnable" seed="1333539035" result="Passed" start-time="2018-07-26 12:20:11Z" end-time="2018-07-26 12:20:11Z" duration="0.000362" asserts="1" />
            <test-case id="0-1077" name="CompareCPUs_VariousData_ReturnsTrue(&quot;i7-6700HQ&quot;,&quot;GeniueIntel Intel&lt;R&gt; Core&lt;TM&gt; i7-6700HQ CPU @ 2.60GHz&quot;)" fullname="Retriever4.Tests.StringValidationTests.CompareCPUs_VariousData_ReturnsTrue(&quot;i7-6700HQ&quot;,&quot;GeniueIntel Intel&lt;R&gt; Core&lt;TM&gt; i7-6700HQ CPU @ 2.60GHz&quot;)" methodname="CompareCPUs_VariousData_ReturnsTrue" classname="Retriever4.Tests.StringValidationTests" runstate="Runnable" seed="235099137" result="Passed" start-time="2018-07-26 12:20:11Z" end-time="2018-07-26 12:20:11Z" duration="0.000365" asserts="1" />
            <test-case id="0-1078" name="CompareCPUs_VariousData_ReturnsTrue(&quot;Celeron N3150&quot;,&quot;GeniueIntel Intel&lt;R&gt; Celeron&lt;TM&gt; CPU N3150 @ 1.60GHz&quot;)" fullname="Retriever4.Tests.StringValidationTests.CompareCPUs_VariousData_ReturnsTrue(&quot;Celeron N3150&quot;,&quot;GeniueIntel Intel&lt;R&gt; Celeron&lt;TM&gt; CPU N3150 @ 1.60GHz&quot;)" methodname="CompareCPUs_VariousData_ReturnsTrue" classname="Retriever4.Tests.StringValidationTests" runstate="Runnable" seed="154820922" result="Passed" start-time="2018-07-26 12:20:11Z" end-time="2018-07-26 12:20:11Z" duration="0.000386" asserts="1" />
            <test-case id="0-1079" name="CompareCPUs_VariousData_ReturnsTrue(&quot;Pentium N4200&quot;,&quot;GeniueIntel Intel&lt;R&gt; Pentium&lt;TM&gt; CPU N4200 @ 1.10GHz&quot;)" fullname="Retriever4.Tests.StringValidationTests.CompareCPUs_VariousData_ReturnsTrue(&quot;Pentium N4200&quot;,&quot;GeniueIntel Intel&lt;R&gt; Pentium&lt;TM&gt; CPU N4200 @ 1.10GHz&quot;)" methodname="CompareCPUs_VariousData_ReturnsTrue" classname="Retriever4.Tests.StringValidationTests" runstate="Runnable" seed="186818233" result="Passed" start-time="2018-07-26 12:20:11Z" end-time="2018-07-26 12:20:11Z" duration="0.000833" asserts="1" />
            <test-case id="0-1080" name="CompareCPUs_VariousData_ReturnsTrue(&quot;Intel Celeron N2808&quot;,&quot;GeniueIntel Intel&lt;R&gt; Celeron&lt;TM&gt; CPU N2808 @ 1.58GHz&quot;)" fullname="Retriever4.Tests.StringValidationTests.CompareCPUs_VariousData_ReturnsTrue(&quot;Intel Celeron N2808&quot;,&quot;GeniueIntel Intel&lt;R&gt; Celeron&lt;TM&gt; CPU N2808 @ 1.58GHz&quot;)" methodname="CompareCPUs_VariousData_ReturnsTrue" classname="Retriever4.Tests.StringValidationTests" runstate="Runnable" seed="286547723" result="Passed" start-time="2018-07-26 12:20:11Z" end-time="2018-07-26 12:20:11Z" duration="0.000579" asserts="1" />
          </test-suite>
          <test-suite type="ParameterizedMethod" id="0-1118" name="CompareMainboardModel_ArgumentIsNull_ThrowsException" fullname="Retriever4.Tests.StringValidationTests.CompareMainboardModel_ArgumentIsNull_ThrowsException" classname="Retriever4.Tests.StringValidationTests" runstate="Runnable" testcasecount="6" result="Passed" start-time="2018-07-26 12:20:11Z" end-time="2018-07-26 12:20:11Z" duration="0.004943" total="6" passed="6" failed="0" warnings="0" inconclusive="0" skipped="0" asserts="6">
            <test-case id="0-1112" name="CompareMainboardModel_ArgumentIsNull_ThrowsException(&quot;Test&quot;,&quot;&quot;)" fullname="Retriever4.Tests.StringValidationTests.CompareMainboardModel_ArgumentIsNull_ThrowsException(&quot;Test&quot;,&quot;&quot;)" methodname="CompareMainboardModel_ArgumentIsNull_ThrowsException" classname="Retriever4.Tests.StringValidationTests" runstate="Runnable" seed="323818700" result="Passed" start-time="2018-07-26 12:20:11Z" end-time="2018-07-26 12:20:11Z" duration="0.002657" asserts="1" />
            <test-case id="0-1113" name="CompareMainboardModel_ArgumentIsNull_ThrowsException(&quot;Test&quot;,null)" fullname="Retriever4.Tests.StringValidationTests.CompareMainboardModel_ArgumentIsNull_ThrowsException(&quot;Test&quot;,null)" methodname="CompareMainboardModel_ArgumentIsNull_ThrowsException" classname="Retriever4.Tests.StringValidationTests" runstate="Runnable" seed="1040748759" result="Passed" start-time="2018-07-26 12:20:11Z" end-time="2018-07-26 12:20:11Z" duration="0.000454" asserts="1" />
            <test-case id="0-1114" name="CompareMainboardModel_ArgumentIsNull_ThrowsException(&quot;&quot;,&quot;Test&quot;)" fullname="Retriever4.Tests.StringValidationTests.CompareMainboardModel_ArgumentIsNull_ThrowsException(&quot;&quot;,&quot;Test&quot;)" methodname="CompareMainboardModel_ArgumentIsNull_ThrowsException" classname="Retriever4.Tests.StringValidationTests" runstate="Runnable" seed="261335852" result="Passed" start-time="2018-07-26 12:20:11Z" end-time="2018-07-26 12:20:11Z" duration="0.000423" asserts="1" />
            <test-case id="0-1115" name="CompareMainboardModel_ArgumentIsNull_ThrowsException(null,&quot;Test&quot;)" fullname="Retriever4.Tests.StringValidationTests.CompareMainboardModel_ArgumentIsNull_ThrowsException(null,&quot;Test&quot;)" methodname="CompareMainboardModel_ArgumentIsNull_ThrowsException" classname="Retriever4.Tests.StringValidationTests" runstate="Runnable" seed="223662467" result="Passed" start-time="2018-07-26 12:20:11Z" end-time="2018-07-26 12:20:11Z" duration="0.000390" asserts="1" />
            <test-case id="0-1116" name="CompareMainboardModel_ArgumentIsNull_ThrowsException(&quot;&quot;,&quot;&quot;)" fullname="Retriever4.Tests.StringValidationTests.CompareMainboardModel_ArgumentIsNull_ThrowsException(&quot;&quot;,&quot;&quot;)" methodname="CompareMainboardModel_ArgumentIsNull_ThrowsException" classname="Retriever4.Tests.StringValidationTests" runstate="Runnable" seed="380575057" result="Passed" start-time="2018-07-26 12:20:11Z" end-time="2018-07-26 12:20:11Z" duration="0.000394" asserts="1" />
            <test-case id="0-1117" name="CompareMainboardModel_ArgumentIsNull_ThrowsException(null,null)" fullname="Retriever4.Tests.StringValidationTests.CompareMainboardModel_ArgumentIsNull_ThrowsException(null,null)" methodname="CompareMainboardModel_ArgumentIsNull_ThrowsException" classname="Retriever4.Tests.StringValidationTests" runstate="Runnable" seed="979545515" result="Passed" start-time="2018-07-26 12:20:11Z" end-time="2018-07-26 12:20:11Z" duration="0.000382" asserts="1" />
          </test-suite>
          <test-suite type="ParameterizedMethod" id="0-1111" name="CompareMainboardModel_VariousData_ReturnsTrue" fullname="Retriever4.Tests.StringValidationTests.CompareMainboardModel_VariousData_ReturnsTrue" classname="Retriever4.Tests.StringValidationTests" runstate="Runnable" testcasecount="22" result="Skipped" label="Ignored" site="Child" start-time="2018-07-26 12:20:11Z" end-time="2018-07-26 12:20:11Z" duration="0.043908" total="22" passed="17" failed="0" warnings="0" inconclusive="0" skipped="5" asserts="17">
            <reason>
              <message><![CDATA[One or more child tests were ignored]]></message>
            </reason>
            <test-case id="0-1089" name="CompareMainboardModel_VariousData_ReturnsTrue(&quot;E15KR&quot;,&quot;E15KR&quot;)" fullname="Retriever4.Tests.StringValidationTests.CompareMainboardModel_VariousData_ReturnsTrue(&quot;E15KR&quot;,&quot;E15KR&quot;)" methodname="CompareMainboardModel_VariousData_ReturnsTrue" classname="Retriever4.Tests.StringValidationTests" runstate="Runnable" seed="1153164225" result="Passed" start-time="2018-07-26 12:20:11Z" end-time="2018-07-26 12:20:11Z" duration="0.019055" asserts="1" />
            <test-case id="0-1090" name="CompareMainboardModel_VariousData_ReturnsTrue(&quot;E15K&quot;,&quot;E15KUN&quot;)" fullname="Retriever4.Tests.StringValidationTests.CompareMainboardModel_VariousData_ReturnsTrue(&quot;E15K&quot;,&quot;E15KUN&quot;)" methodname="CompareMainboardModel_VariousData_ReturnsTrue" classname="Retriever4.Tests.StringValidationTests" runstate="Runnable" seed="668876735" result="Passed" start-time="2018-07-26 12:20:11Z" end-time="2018-07-26 12:20:11Z" duration="0.000938" asserts="1" />
            <test-case id="0-1091" name="CompareMainboardModel_VariousData_ReturnsTrue(&quot;E15K&quot;,&quot;E15K&quot;)" fullname="Retriever4.Tests.StringValidationTests.CompareMainboardModel_VariousData_ReturnsTrue(&quot;E15K&quot;,&quot;E15K&quot;)" methodname="CompareMainboardModel_VariousData_ReturnsTrue" classname="Retriever4.Tests.StringValidationTests" runstate="Runnable" seed="1432279443" result="Passed" start-time="2018-07-26 12:20:11Z" end-time="2018-07-26 12:20:11Z" duration="0.000979" asserts="1" />
            <test-case id="0-1092" name="CompareMainboardModel_VariousData_ReturnsTrue(&quot;D17K&quot;,&quot;D17KUN&quot;)" fullname="Retriever4.Tests.StringValidationTests.CompareMainboardModel_VariousData_ReturnsTrue(&quot;D17K&quot;,&quot;D17KUN&quot;)" methodname="CompareMainboardModel_VariousData_ReturnsTrue" classname="Retriever4.Tests.StringValidationTests" runstate="Runnable" seed="892782743" result="Passed" start-time="2018-07-26 12:20:11Z" end-time="2018-07-26 12:20:11Z" duration="0.001327" asserts="1" />
            <test-case id="0-1093" name="CompareMainboardModel_VariousData_ReturnsTrue(&quot;D17KxR&quot;,&quot;D17KR&quot;)" fullname="Retriever4.Tests.StringValidationTests.CompareMainboardModel_VariousData_ReturnsTrue(&quot;D17KxR&quot;,&quot;D17KR&quot;)" methodname="CompareMainboardModel_VariousData_ReturnsTrue" classname="Retriever4.Tests.StringValidationTests" runstate="Runnable" seed="1633671518" result="Passed" start-time="2018-07-26 12:20:11Z" end-time="2018-07-26 12:20:11Z" duration="0.000670" asserts="1" />
            <test-case id="0-1094" name="CompareMainboardModel_VariousData_ReturnsTrue(&quot;Nt16H&quot;,&quot;NT16H&quot;)" fullname="Retriever4.Tests.StringValidationTests.CompareMainboardModel_VariousData_ReturnsTrue(&quot;Nt16H&quot;,&quot;NT16H&quot;)" methodname="CompareMainboardModel_VariousData_ReturnsTrue" classname="Retriever4.Tests.StringValidationTests" runstate="Runnable" seed="396765952" result="Passed" start-time="2018-07-26 12:20:11Z" end-time="2018-07-26 12:20:11Z" duration="0.001346" asserts="1" />
            <test-case id="0-1095" name="CompareMainboardModel_VariousData_ReturnsTrue(&quot;E15K&quot;,&quot;E15KGN&quot;)" fullname="Retriever4.Tests.StringValidationTests.CompareMainboardModel_VariousData_ReturnsTrue(&quot;E15K&quot;,&quot;E15KGN&quot;)" methodname="CompareMainboardModel_VariousData_ReturnsTrue" classname="Retriever4.Tests.StringValidationTests" runstate="Runnable" seed="1748599083" result="Passed" start-time="2018-07-26 12:20:11Z" end-time="2018-07-26 12:20:11Z" duration="0.000655" asserts="1" />
            <test-case id="0-1096" name="CompareMainboardModel_VariousData_ReturnsTrue(&quot;E15S&quot;,&quot;E15SIN&quot;)" fullname="Retriever4.Tests.StringValidationTests.CompareMainboardModel_VariousData_ReturnsTrue(&quot;E15S&quot;,&quot;E15SIN&quot;)" methodname="CompareMainboardModel_VariousData_ReturnsTrue" classname="Retriever4.Tests.StringValidationTests" runstate="Runnable" seed="76345249" result="Passed" start-time="2018-07-26 12:20:11Z" end-time="2018-07-26 12:20:11Z" duration="0.007646" asserts="1" />
            <test-case id="0-1097" name="CompareMainboardModel_VariousData_ReturnsTrue(&quot;Wingman&quot;,&quot;3165 3ND&quot;)" fullname="Retriever4.Tests.StringValidationTests.CompareMainboardModel_VariousData_ReturnsTrue(&quot;Wingman&quot;,&quot;3165 3ND&quot;)" methodname="CompareMainboardModel_VariousData_ReturnsTrue" classname="Retriever4.Tests.StringValidationTests" runstate="Ignored" seed="1818622173" result="Skipped" label="Ignored" start-time="2018-07-26 12:20:11Z" end-time="2018-07-26 12:20:11Z" duration="0.003013" asserts="0">
              <properties>
                <property name="_SKIPREASON" value="Potrzebna porpawka w bazie danych" />
              </properties>
              <reason>
                <message><![CDATA[Potrzebna porpawka w bazie danych]]></message>
              </reason>
            </test-case>
            <test-case id="0-1098" name="CompareMainboardModel_VariousData_ReturnsTrue(&quot;Polo 2&quot;,&quot;MA50LU&quot;)" fullname="Retriever4.Tests.StringValidationTests.CompareMainboardModel_VariousData_ReturnsTrue(&quot;Polo 2&quot;,&quot;MA50LU&quot;)" methodname="CompareMainboardModel_VariousData_ReturnsTrue" classname="Retriever4.Tests.StringValidationTests" runstate="Ignored" seed="1800955802" result="Skipped" label="Ignored" start-time="2018-07-26 12:20:11Z" end-time="2018-07-26 12:20:11Z" duration="0.000026" asserts="0">
              <properties>
                <property name="_SKIPREASON" value="Potrzebna porpawka w bazie danych" />
              </properties>
              <reason>
                <message><![CDATA[Potrzebna porpawka w bazie danych]]></message>
              </reason>
            </test-case>
            <test-case id="0-1099" name="CompareMainboardModel_VariousData_ReturnsTrue(&quot;D17KxR&quot;,&quot;D17KGR&quot;)" fullname="Retriever4.Tests.StringValidationTests.CompareMainboardModel_VariousData_ReturnsTrue(&quot;D17KxR&quot;,&quot;D17KGR&quot;)" methodname="CompareMainboardModel_VariousData_ReturnsTrue" classname="Retriever4.Tests.StringValidationTests" runstate="Runnable" seed="1233978785" result="Passed" start-time="2018-07-26 12:20:11Z" end-time="2018-07-26 12:20:11Z" duration="0.000790" asserts="1" />
            <test-case id="0-1100" name="CompareMainboardModel_VariousData_ReturnsTrue(&quot;WMBT1031&quot;,&quot;CNB PEAQ P1211T MD60011&quot;)" fullname="Retriever4.Tests.StringValidationTests.CompareMainboardModel_VariousData_ReturnsTrue(&quot;WMBT1031&quot;,&quot;CNB PEAQ P1211T MD60011&quot;)" methodname="CompareMainboardModel_VariousData_ReturnsTrue" classname="Retriever4.Tests.StringValidationTests" runstate="Ignored" seed="436640313" result="Skipped" label="Ignored" start-time="2018-07-26 12:20:11Z" end-time="2018-07-26 12:20:11Z" duration="0.000006" asserts="0">
              <properties>
                <property name="_SKIPREASON" value="Potrzebna porpawka w bazie danych" />
              </properties>
              <reason>
                <message><![CDATA[Potrzebna porpawka w bazie danych]]></message>
              </reason>
            </test-case>
            <test-case id="0-1101" name="CompareMainboardModel_VariousData_ReturnsTrue(&quot;P670RE1M&quot;,&quot;P670RE1M&quot;)" fullname="Retriever4.Tests.StringValidationTests.CompareMainboardModel_VariousData_ReturnsTrue(&quot;P670RE1M&quot;,&quot;P670RE1M&quot;)" methodname="CompareMainboardModel_VariousData_ReturnsTrue" classname="Retriever4.Tests.StringValidationTests" runstate="Runnable" seed="1237173278" result="Passed" start-time="2018-07-26 12:20:11Z" end-time="2018-07-26 12:20:11Z" duration="0.000648" asserts="1" />
            <test-case id="0-1102" name="CompareMainboardModel_VariousData_ReturnsTrue(&quot;P670RE1-M&quot;,&quot;P670RE1M&quot;)" fullname="Retriever4.Tests.StringValidationTests.CompareMainboardModel_VariousData_ReturnsTrue(&quot;P670RE1-M&quot;,&quot;P670RE1M&quot;)" methodname="CompareMainboardModel_VariousData_ReturnsTrue" classname="Retriever4.Tests.StringValidationTests" runstate="Runnable" seed="696422454" result="Passed" start-time="2018-07-26 12:20:11Z" end-time="2018-07-26 12:20:11Z" duration="0.002100" asserts="1" />
            <test-case id="0-1103" name="CompareMainboardModel_VariousData_ReturnsTrue(&quot;NSBW1x02&quot;,&quot;NSBW1402&quot;)" fullname="Retriever4.Tests.StringValidationTests.CompareMainboardModel_VariousData_ReturnsTrue(&quot;NSBW1x02&quot;,&quot;NSBW1402&quot;)" methodname="CompareMainboardModel_VariousData_ReturnsTrue" classname="Retriever4.Tests.StringValidationTests" runstate="Runnable" seed="1956756969" result="Passed" start-time="2018-07-26 12:20:11Z" end-time="2018-07-26 12:20:11Z" duration="0.000701" asserts="1" />
            <test-case id="0-1104" name="CompareMainboardModel_VariousData_ReturnsTrue(&quot;WMBT1031&quot;,&quot;WMBT8931&quot;)" fullname="Retriever4.Tests.StringValidationTests.CompareMainboardModel_VariousData_ReturnsTrue(&quot;WMBT1031&quot;,&quot;WMBT8931&quot;)" methodname="CompareMainboardModel_VariousData_ReturnsTrue" classname="Retriever4.Tests.StringValidationTests" runstate="Ignored" seed="602858482" result="Skipped" label="Ignored" start-time="2018-07-26 12:20:11Z" end-time="2018-07-26 12:20:11Z" duration="0.000007" asserts="0">
              <properties>
                <property name="_SKIPREASON" value="Potrzebna porpawka w bazie danych" />
              </properties>
              <reason>
                <message><![CDATA[Potrzebna porpawka w bazie danych]]></message>
              </reason>
            </test-case>
            <test-case id="0-1105" name="CompareMainboardModel_VariousData_ReturnsTrue(&quot;NT13A&quot;,&quot;NT13A&quot;)" fullname="Retriever4.Tests.StringValidationTests.CompareMainboardModel_VariousData_ReturnsTrue(&quot;NT13A&quot;,&quot;NT13A&quot;)" methodname="CompareMainboardModel_VariousData_ReturnsTrue" classname="Retriever4.Tests.StringValidationTests" runstate="Runnable" seed="316770007" result="Passed" start-time="2018-07-26 12:20:11Z" end-time="2018-07-26 12:20:11Z" duration="0.000639" asserts="1" />
            <test-case id="0-1106" name="CompareMainboardModel_VariousData_ReturnsTrue(&quot;Skoda&quot;,&quot;E1232T&quot;)" fullname="Retriever4.Tests.StringValidationTests.CompareMainboardModel_VariousData_ReturnsTrue(&quot;Skoda&quot;,&quot;E1232T&quot;)" methodname="CompareMainboardModel_VariousData_ReturnsTrue" classname="Retriever4.Tests.StringValidationTests" runstate="Ignored" seed="340204217" result="Skipped" label="Ignored" start-time="2018-07-26 12:20:11Z" end-time="2018-07-26 12:20:11Z" duration="0.000005" asserts="0">
              <properties>
                <property name="_SKIPREASON" value="Potrzebna porpawka w bazie danych" />
              </properties>
              <reason>
                <message><![CDATA[Potrzebna porpawka w bazie danych]]></message>
              </reason>
            </test-case>
            <test-case id="0-1107" name="CompareMainboardModel_VariousData_ReturnsTrue(&quot;D17KxR&quot;,&quot;D17KRR&quot;)" fullname="Retriever4.Tests.StringValidationTests.CompareMainboardModel_VariousData_ReturnsTrue(&quot;D17KxR&quot;,&quot;D17KRR&quot;)" methodname="CompareMainboardModel_VariousData_ReturnsTrue" classname="Retriever4.Tests.StringValidationTests" runstate="Runnable" seed="1323127724" result="Passed" start-time="2018-07-26 12:20:11Z" end-time="2018-07-26 12:20:11Z" duration="0.000619" asserts="1" />
            <test-case id="0-1108" name="CompareMainboardModel_VariousData_ReturnsTrue(&quot;D17S&quot;,&quot;D17SFN&quot;)" fullname="Retriever4.Tests.StringValidationTests.CompareMainboardModel_VariousData_ReturnsTrue(&quot;D17S&quot;,&quot;D17SFN&quot;)" methodname="CompareMainboardModel_VariousData_ReturnsTrue" classname="Retriever4.Tests.StringValidationTests" runstate="Runnable" seed="1983452372" result="Passed" start-time="2018-07-26 12:20:11Z" end-time="2018-07-26 12:20:11Z" duration="0.000639" asserts="1" />
            <test-case id="0-1109" name="CompareMainboardModel_VariousData_ReturnsTrue(&quot;NSSL1502&quot;,&quot;NSSL1502&quot;)" fullname="Retriever4.Tests.StringValidationTests.CompareMainboardModel_VariousData_ReturnsTrue(&quot;NSSL1502&quot;,&quot;NSSL1502&quot;)" methodname="CompareMainboardModel_VariousData_ReturnsTrue" classname="Retriever4.Tests.StringValidationTests" runstate="Runnable" seed="2081830334" result="Passed" start-time="2018-07-26 12:20:11Z" end-time="2018-07-26 12:20:11Z" duration="0.000644" asserts="1" />
            <test-case id="0-1110" name="CompareMainboardModel_VariousData_ReturnsTrue(&quot;NSBW1x02&quot;,&quot;NSBW1502&quot;)" fullname="Retriever4.Tests.StringValidationTests.CompareMainboardModel_VariousData_ReturnsTrue(&quot;NSBW1x02&quot;,&quot;NSBW1502&quot;)" methodname="CompareMainboardModel_VariousData_ReturnsTrue" classname="Retriever4.Tests.StringValidationTests" runstate="Runnable" seed="54378476" result="Passed" start-time="2018-07-26 12:20:11Z" end-time="2018-07-26 12:20:11Z" duration="0.000629" asserts="1" />
          </test-suite>
          <test-suite type="ParameterizedMethod" id="0-1125" name="CompareStrings_ArgumentIsNull_ThrowsException" fullname="Retriever4.Tests.StringValidationTests.CompareStrings_ArgumentIsNull_ThrowsException" classname="Retriever4.Tests.StringValidationTests" runstate="Runnable" testcasecount="6" result="Passed" start-time="2018-07-26 12:20:11Z" end-time="2018-07-26 12:20:11Z" duration="0.005739" total="6" passed="6" failed="0" warnings="0" inconclusive="0" skipped="0" asserts="6">
            <test-case id="0-1119" name="CompareStrings_ArgumentIsNull_ThrowsException(&quot;Test&quot;,&quot;&quot;)" fullname="Retriever4.Tests.StringValidationTests.CompareStrings_ArgumentIsNull_ThrowsException(&quot;Test&quot;,&quot;&quot;)" methodname="CompareStrings_ArgumentIsNull_ThrowsException" classname="Retriever4.Tests.StringValidationTests" runstate="Runnable" seed="1770614985" result="Passed" start-time="2018-07-26 12:20:11Z" end-time="2018-07-26 12:20:11Z" duration="0.002439" asserts="1" />
            <test-case id="0-1120" name="CompareStrings_ArgumentIsNull_ThrowsException(&quot;Test&quot;,null)" fullname="Retriever4.Tests.StringValidationTests.CompareStrings_ArgumentIsNull_ThrowsException(&quot;Test&quot;,null)" methodname="CompareStrings_ArgumentIsNull_ThrowsException" classname="Retriever4.Tests.StringValidationTests" runstate="Runnable" seed="53686024" result="Passed" start-time="2018-07-26 12:20:11Z" end-time="2018-07-26 12:20:11Z" duration="0.000525" asserts="1" />
            <test-case id="0-1121" name="CompareStrings_ArgumentIsNull_ThrowsException(&quot;&quot;,&quot;Test&quot;)" fullname="Retriever4.Tests.StringValidationTests.CompareStrings_ArgumentIsNull_ThrowsException(&quot;&quot;,&quot;Test&quot;)" methodname="CompareStrings_ArgumentIsNull_ThrowsException" classname="Retriever4.Tests.StringValidationTests" runstate="Runnable" seed="541263860" result="Passed" start-time="2018-07-26 12:20:11Z" end-time="2018-07-26 12:20:11Z" duration="0.000958" asserts="1" />
            <test-case id="0-1122" name="CompareStrings_ArgumentIsNull_ThrowsException(null,&quot;Test&quot;)" fullname="Retriever4.Tests.StringValidationTests.CompareStrings_ArgumentIsNull_ThrowsException(null,&quot;Test&quot;)" methodname="CompareStrings_ArgumentIsNull_ThrowsException" classname="Retriever4.Tests.StringValidationTests" runstate="Runnable" seed="663398879" result="Passed" start-time="2018-07-26 12:20:11Z" end-time="2018-07-26 12:20:11Z" duration="0.000642" asserts="1" />
            <test-case id="0-1123" name="CompareStrings_ArgumentIsNull_ThrowsException(&quot;&quot;,&quot;&quot;)" fullname="Retriever4.Tests.StringValidationTests.CompareStrings_ArgumentIsNull_ThrowsException(&quot;&quot;,&quot;&quot;)" methodname="CompareStrings_ArgumentIsNull_ThrowsException" classname="Retriever4.Tests.StringValidationTests" runstate="Runnable" seed="946953325" result="Passed" start-time="2018-07-26 12:20:11Z" end-time="2018-07-26 12:20:11Z" duration="0.000444" asserts="1" />
            <test-case id="0-1124" name="CompareStrings_ArgumentIsNull_ThrowsException(null,null)" fullname="Retriever4.Tests.StringValidationTests.CompareStrings_ArgumentIsNull_ThrowsException(null,null)" methodname="CompareStrings_ArgumentIsNull_ThrowsException" classname="Retriever4.Tests.StringValidationTests" runstate="Runnable" seed="923080053" result="Passed" start-time="2018-07-26 12:20:11Z" end-time="2018-07-26 12:20:11Z" duration="0.000437" asserts="1" />
          </test-suite>
        </test-suite>
        <test-suite type="TestFixture" id="0-1126" name="TypeValidationTests" fullname="Retriever4.Tests.TypeValidationTests" classname="Retriever4.Tests.TypeValidationTests" runstate="Runnable" testcasecount="10" result="Passed" start-time="2018-07-26 12:20:11Z" end-time="2018-07-26 12:20:11Z" duration="0.011811" total="10" passed="10" failed="0" warnings="0" inconclusive="0" skipped="0" asserts="10">
          <test-case id="0-1136" name="IsNullable_BasicType_ReturnsFalse" fullname="Retriever4.Tests.TypeValidationTests.IsNullable_BasicType_ReturnsFalse" methodname="IsNullable_BasicType_ReturnsFalse" classname="Retriever4.Tests.TypeValidationTests" runstate="Runnable" seed="780135925" result="Passed" start-time="2018-07-26 12:20:11Z" end-time="2018-07-26 12:20:11Z" duration="0.001516" asserts="1" />
          <test-case id="0-1137" name="IsNullable_BasicTypeWithNullValue_ReturnTrue" fullname="Retriever4.Tests.TypeValidationTests.IsNullable_BasicTypeWithNullValue_ReturnTrue" methodname="IsNullable_BasicTypeWithNullValue_ReturnTrue" classname="Retriever4.Tests.TypeValidationTests" runstate="Runnable" seed="1454971999" result="Passed" start-time="2018-07-26 12:20:11Z" end-time="2018-07-26 12:20:11Z" duration="0.001026" asserts="1" />
          <test-case id="0-1134" name="IsNullable_NullableType_ReturnsTrue" fullname="Retriever4.Tests.TypeValidationTests.IsNullable_NullableType_ReturnsTrue" methodname="IsNullable_NullableType_ReturnsTrue" classname="Retriever4.Tests.TypeValidationTests" runstate="Runnable" seed="889372642" result="Passed" start-time="2018-07-26 12:20:11Z" end-time="2018-07-26 12:20:11Z" duration="0.001110" asserts="1" />
          <test-case id="0-1135" name="IsNullable_NullableTypeWithNullValue_ReturnsTrue" fullname="Retriever4.Tests.TypeValidationTests.IsNullable_NullableTypeWithNullValue_ReturnsTrue" methodname="IsNullable_NullableTypeWithNullValue_ReturnsTrue" classname="Retriever4.Tests.TypeValidationTests" runstate="Runnable" seed="1011600442" result="Passed" start-time="2018-07-26 12:20:11Z" end-time="2018-07-26 12:20:11Z" duration="0.002836" asserts="1" />
          <test-case id="0-1133" name="IsNumericType_NullParameter_ThrowsException" fullname="Retriever4.Tests.TypeValidationTests.IsNumericType_NullParameter_ThrowsException" methodname="IsNumericType_NullParameter_ThrowsException" classname="Retriever4.Tests.TypeValidationTests" runstate="Runnable" seed="608969991" result="Passed" start-time="2018-07-26 12:20:11Z" end-time="2018-07-26 12:20:11Z" duration="0.002456" asserts="1" />
          <test-suite type="ParameterizedMethod" id="0-1132" name="IsNumericType_VariousTypes" fullname="Retriever4.Tests.TypeValidationTests.IsNumericType_VariousTypes" classname="Retriever4.Tests.TypeValidationTests" runstate="Runnable" testcasecount="5" result="Passed" start-time="2018-07-26 12:20:11Z" end-time="2018-07-26 12:20:11Z" duration="0.002251" total="5" passed="5" failed="0" warnings="0" inconclusive="0" skipped="0" asserts="5">
            <test-case id="0-1127" name="IsNumericType_VariousTypes(13,True)" fullname="Retriever4.Tests.TypeValidationTests.IsNumericType_VariousTypes(13,True)" methodname="IsNumericType_VariousTypes" classname="Retriever4.Tests.TypeValidationTests" runstate="Runnable" seed="1432762312" result="Passed" start-time="2018-07-26 12:20:11Z" end-time="2018-07-26 12:20:11Z" duration="0.001077" asserts="1" />
            <test-case id="0-1128" name="IsNumericType_VariousTypes(-5,True)" fullname="Retriever4.Tests.TypeValidationTests.IsNumericType_VariousTypes(-5,True)" methodname="IsNumericType_VariousTypes" classname="Retriever4.Tests.TypeValidationTests" runstate="Runnable" seed="1748950495" result="Passed" start-time="2018-07-26 12:20:11Z" end-time="2018-07-26 12:20:11Z" duration="0.000260" asserts="1" />
            <test-case id="0-1129" name="IsNumericType_VariousTypes(&quot;lol&quot;,False)" fullname="Retriever4.Tests.TypeValidationTests.IsNumericType_VariousTypes(&quot;lol&quot;,False)" methodname="IsNumericType_VariousTypes" classname="Retriever4.Tests.TypeValidationTests" runstate="Runnable" seed="872469108" result="Passed" start-time="2018-07-26 12:20:11Z" end-time="2018-07-26 12:20:11Z" duration="0.000233" asserts="1" />
            <test-case id="0-1130" name="IsNumericType_VariousTypes('h',False)" fullname="Retriever4.Tests.TypeValidationTests.IsNumericType_VariousTypes('h',False)" methodname="IsNumericType_VariousTypes" classname="Retriever4.Tests.TypeValidationTests" runstate="Runnable" seed="1074512408" result="Passed" start-time="2018-07-26 12:20:11Z" end-time="2018-07-26 12:20:11Z" duration="0.000176" asserts="1" />
            <test-case id="0-1131" name="IsNumericType_VariousTypes(15342.5432d,True)" fullname="Retriever4.Tests.TypeValidationTests.IsNumericType_VariousTypes(15342.5432d,True)" methodname="IsNumericType_VariousTypes" classname="Retriever4.Tests.TypeValidationTests" runstate="Runnable" seed="2141222528" result="Passed" start-time="2018-07-26 12:20:11Z" end-time="2018-07-26 12:20:11Z" duration="0.000179" asserts="1" />
          </test-suite>
        </test-suite>
      </test-suite>
    </test-suite>
  </test-suite>
</test-run>