<?xml version="1.0" encoding="utf-8" standalone="no"?>
<test-run id="2" testcasecount="117" result="Skipped" label="Ignored" total="117" passed="112" failed="0" inconclusive="0" skipped="5" asserts="112" engine-version="3.8.0.0" clr-version="4.0.30319.42000" start-time="2018-07-27 10:40:05Z" end-time="2018-07-27 10:40:06Z" duration="1.731292">
  <command-line><![CDATA[nunit3-console.exe  C:\Users\Duch003\source\repos\Retriever4\Retriever4.Tests\\bin\Debug\Retriever4.Tests.dll]]></command-line>
  <test-suite type="Assembly" id="0-1133" name="Retriever4.Tests.dll" fullname="C:\Users\Duch003\source\repos\Retriever4\Retriever4.Tests\bin\Debug\Retriever4.Tests.dll" runstate="Runnable" testcasecount="117" result="Skipped" label="Ignored" site="Child" start-time="2018-07-27 10:40:06Z" end-time="2018-07-27 10:40:06Z" duration="0.248100" total="117" passed="112" failed="0" warnings="0" inconclusive="0" skipped="5" asserts="112">
    <environment framework-version="3.10.1.0" clr-version="4.0.30319.42000" os-version="Microsoft Windows NT 10.0.17134.0" platform="Win32NT" cwd="C:\Users\Duch003\source\repos\Retriever4\packages\NUnit.ConsoleRunner.3.8.0\tools" machine-name="DESKTOP-H9P79KU" user="Duch003" user-domain="DESKTOP-H9P79KU" culture="en-GB" uiculture="en-GB" os-architecture="x64" />
    <settings>
      <setting name="DisposeRunners" value="True" />
      <setting name="WorkDirectory" value="C:\Users\Duch003\source\repos\Retriever4\packages\NUnit.ConsoleRunner.3.8.0\tools" />
      <setting name="ImageRuntimeVersion" value="4.0.30319" />
      <setting name="ImageTargetFrameworkName" value=".NETFramework,Version=v4.0" />
      <setting name="ImageRequiresX86" value="False" />
      <setting name="ImageRequiresDefaultAppDomainAssemblyResolver" value="False" />
      <setting name="NumberOfTestWorkers" value="8" />
    </settings>
    <properties>
      <property name="_PID" value="6716" />
      <property name="_APPDOMAIN" value="domain-" />
    </properties>
    <reason>
      <message><![CDATA[One or more child tests were ignored]]></message>
    </reason>
    <test-suite type="TestSuite" id="0-1134" name="Retriever4" fullname="Retriever4" runstate="Runnable" testcasecount="117" result="Skipped" label="Ignored" site="Child" start-time="2018-07-27 10:40:06Z" end-time="2018-07-27 10:40:06Z" duration="0.210090" total="117" passed="112" failed="0" warnings="0" inconclusive="0" skipped="5" asserts="112">
      <reason>
        <message><![CDATA[One or more child tests were ignored]]></message>
      </reason>
      <test-suite type="TestSuite" id="0-1135" name="Tests" fullname="Retriever4.Tests" runstate="Runnable" testcasecount="117" result="Skipped" label="Ignored" site="Child" start-time="2018-07-27 10:40:06Z" end-time="2018-07-27 10:40:06Z" duration="0.209275" total="117" passed="112" failed="0" warnings="0" inconclusive="0" skipped="5" asserts="112">
        <reason>
          <message><![CDATA[One or more child tests were ignored]]></message>
        </reason>
        <test-suite type="TestFixture" id="0-1000" name="DetectDeviceModelTests" fullname="Retriever4.Tests.DetectDeviceModelTests" classname="Retriever4.Tests.DetectDeviceModelTests" runstate="Runnable" testcasecount="19" result="Passed" start-time="2018-07-27 10:40:06Z" end-time="2018-07-27 10:40:06Z" duration="0.128688" total="19" passed="19" failed="0" warnings="0" inconclusive="0" skipped="0" asserts="19">
          <test-suite type="ParameterizedMethod" id="0-1019" name="DetectDeviceModel_FindModelLogic_ReturnsTrue" fullname="Retriever4.Tests.DetectDeviceModelTests.DetectDeviceModel_FindModelLogic_ReturnsTrue" classname="Retriever4.Tests.DetectDeviceModelTests" runstate="Runnable" testcasecount="3" result="Passed" start-time="2018-07-27 10:40:06Z" end-time="2018-07-27 10:40:06Z" duration="0.088666" total="3" passed="3" failed="0" warnings="0" inconclusive="0" skipped="0" asserts="3">
            <test-case id="0-1016" name="DetectDeviceModel_FindModelLogic_ReturnsTrue(&quot;99850&quot;,&quot;99850&quot;,1)" fullname="Retriever4.Tests.DetectDeviceModelTests.DetectDeviceModel_FindModelLogic_ReturnsTrue(&quot;99850&quot;,&quot;99850&quot;,1)" methodname="DetectDeviceModel_FindModelLogic_ReturnsTrue" classname="Retriever4.Tests.DetectDeviceModelTests" runstate="Runnable" seed="1991762189" result="Passed" start-time="2018-07-27 10:40:06Z" end-time="2018-07-27 10:40:06Z" duration="0.072094" asserts="1" />
            <test-case id="0-1017" name="DetectDeviceModel_FindModelLogic_ReturnsTrue(&quot;43215&quot;,null,-1)" fullname="Retriever4.Tests.DetectDeviceModelTests.DetectDeviceModel_FindModelLogic_ReturnsTrue(&quot;43215&quot;,null,-1)" methodname="DetectDeviceModel_FindModelLogic_ReturnsTrue" classname="Retriever4.Tests.DetectDeviceModelTests" runstate="Runnable" seed="1691308334" result="Passed" start-time="2018-07-27 10:40:06Z" end-time="2018-07-27 10:40:06Z" duration="0.002491" asserts="1" />
            <test-case id="0-1018" name="DetectDeviceModel_FindModelLogic_ReturnsTrue(&quot;UnfitString&quot;,null,0)" fullname="Retriever4.Tests.DetectDeviceModelTests.DetectDeviceModel_FindModelLogic_ReturnsTrue(&quot;UnfitString&quot;,null,0)" methodname="DetectDeviceModel_FindModelLogic_ReturnsTrue" classname="Retriever4.Tests.DetectDeviceModelTests" runstate="Runnable" seed="1574726981" result="Passed" start-time="2018-07-27 10:40:06Z" end-time="2018-07-27 10:40:06Z" duration="0.001251" asserts="1" />
          </test-suite>
          <test-case id="0-1021" name="DetectDeviceModel_FindModelNullList_ThrowsException" fullname="Retriever4.Tests.DetectDeviceModelTests.DetectDeviceModel_FindModelNullList_ThrowsException" methodname="DetectDeviceModel_FindModelNullList_ThrowsException" classname="Retriever4.Tests.DetectDeviceModelTests" runstate="Runnable" seed="214430965" result="Passed" start-time="2018-07-27 10:40:06Z" end-time="2018-07-27 10:40:06Z" duration="0.023761" asserts="1" />
          <test-case id="0-1020" name="DetectDeviceModel_FindModelNullRaw_ThrowsException" fullname="Retriever4.Tests.DetectDeviceModelTests.DetectDeviceModel_FindModelNullRaw_ThrowsException" methodname="DetectDeviceModel_FindModelNullRaw_ThrowsException" classname="Retriever4.Tests.DetectDeviceModelTests" runstate="Runnable" seed="1879266206" result="Passed" start-time="2018-07-27 10:40:06Z" end-time="2018-07-27 10:40:06Z" duration="0.001208" asserts="1" />
          <test-suite type="ParameterizedMethod" id="0-1015" name="DetectDeviceModel_PatternsDetectionTests" fullname="Retriever4.Tests.DetectDeviceModelTests.DetectDeviceModel_PatternsDetectionTests" classname="Retriever4.Tests.DetectDeviceModelTests" runstate="Runnable" testcasecount="14" result="Passed" start-time="2018-07-27 10:40:06Z" end-time="2018-07-27 10:40:06Z" duration="0.004627" total="14" passed="14" failed="0" warnings="0" inconclusive="0" skipped="0" asserts="14">
            <test-case id="0-1001" name="DetectDeviceModel_PatternsDetectionTests(&quot;99850&quot;,&quot;99850&quot;)" fullname="Retriever4.Tests.DetectDeviceModelTests.DetectDeviceModel_PatternsDetectionTests(&quot;99850&quot;,&quot;99850&quot;)" methodname="DetectDeviceModel_PatternsDetectionTests" classname="Retriever4.Tests.DetectDeviceModelTests" runstate="Runnable" seed="1148259776" result="Passed" start-time="2018-07-27 10:40:06Z" end-time="2018-07-27 10:40:06Z" duration="0.000508" asserts="1" />
            <test-case id="0-1002" name="DetectDeviceModel_PatternsDetectionTests(&quot;C1010-I01B3&quot;,&quot;C1010-I01B3&quot;)" fullname="Retriever4.Tests.DetectDeviceModelTests.DetectDeviceModel_PatternsDetectionTests(&quot;C1010-I01B3&quot;,&quot;C1010-I01B3&quot;)" methodname="DetectDeviceModel_PatternsDetectionTests" classname="Retriever4.Tests.DetectDeviceModelTests" runstate="Runnable" seed="754443772" result="Passed" start-time="2018-07-27 10:40:06Z" end-time="2018-07-27 10:40:06Z" duration="0.000306" asserts="1" />
            <test-case id="0-1003" name="DetectDeviceModel_PatternsDetectionTests(&quot;S1415-I2N1S&quot;,&quot;S1415-I2N1S&quot;)" fullname="Retriever4.Tests.DetectDeviceModelTests.DetectDeviceModel_PatternsDetectionTests(&quot;S1415-I2N1S&quot;,&quot;S1415-I2N1S&quot;)" methodname="DetectDeviceModel_PatternsDetectionTests" classname="Retriever4.Tests.DetectDeviceModelTests" runstate="Runnable" seed="735445452" result="Passed" start-time="2018-07-27 10:40:06Z" end-time="2018-07-27 10:40:06Z" duration="0.000287" asserts="1" />
            <test-case id="0-1004" name="DetectDeviceModel_PatternsDetectionTests(&quot;C2015-I5N1&quot;,&quot;C2015-I5N1&quot;)" fullname="Retriever4.Tests.DetectDeviceModelTests.DetectDeviceModel_PatternsDetectionTests(&quot;C2015-I5N1&quot;,&quot;C2015-I5N1&quot;)" methodname="DetectDeviceModel_PatternsDetectionTests" classname="Retriever4.Tests.DetectDeviceModelTests" runstate="Runnable" seed="276302234" result="Passed" start-time="2018-07-27 10:40:06Z" end-time="2018-07-27 10:40:06Z" duration="0.000287" asserts="1" />
            <test-case id="0-1005" name="DetectDeviceModel_PatternsDetectionTests(&quot;S1115-IMNL&quot;,&quot;S1115-IMNL&quot;)" fullname="Retriever4.Tests.DetectDeviceModelTests.DetectDeviceModel_PatternsDetectionTests(&quot;S1115-IMNL&quot;,&quot;S1115-IMNL&quot;)" methodname="DetectDeviceModel_PatternsDetectionTests" classname="Retriever4.Tests.DetectDeviceModelTests" runstate="Runnable" seed="2095432846" result="Passed" start-time="2018-07-27 10:40:06Z" end-time="2018-07-27 10:40:06Z" duration="0.000276" asserts="1" />
            <test-case id="0-1006" name="DetectDeviceModel_PatternsDetectionTests(&quot;P1115-I5CH&quot;,&quot;P1115-I5CH&quot;)" fullname="Retriever4.Tests.DetectDeviceModelTests.DetectDeviceModel_PatternsDetectionTests(&quot;P1115-I5CH&quot;,&quot;P1115-I5CH&quot;)" methodname="DetectDeviceModel_PatternsDetectionTests" classname="Retriever4.Tests.DetectDeviceModelTests" runstate="Runnable" seed="1843648569" result="Passed" start-time="2018-07-27 10:40:06Z" end-time="2018-07-27 10:40:06Z" duration="0.000294" asserts="1" />
            <test-case id="0-1007" name="DetectDeviceModel_PatternsDetectionTests(&quot;C1008-I01N&quot;,&quot;C1008-I01N&quot;)" fullname="Retriever4.Tests.DetectDeviceModelTests.DetectDeviceModel_PatternsDetectionTests(&quot;C1008-I01N&quot;,&quot;C1008-I01N&quot;)" methodname="DetectDeviceModel_PatternsDetectionTests" classname="Retriever4.Tests.DetectDeviceModelTests" runstate="Runnable" seed="2124127250" result="Passed" start-time="2018-07-27 10:40:06Z" end-time="2018-07-27 10:40:06Z" duration="0.000287" asserts="1" />
            <test-case id="0-1008" name="DetectDeviceModel_PatternsDetectionTests(&quot;S1115-IM2N&quot;,&quot;S1115-IM2N&quot;)" fullname="Retriever4.Tests.DetectDeviceModelTests.DetectDeviceModel_PatternsDetectionTests(&quot;S1115-IM2N&quot;,&quot;S1115-IM2N&quot;)" methodname="DetectDeviceModel_PatternsDetectionTests" classname="Retriever4.Tests.DetectDeviceModelTests" runstate="Runnable" seed="416671151" result="Passed" start-time="2018-07-27 10:40:06Z" end-time="2018-07-27 10:40:06Z" duration="0.000283" asserts="1" />
            <test-case id="0-1009" name="DetectDeviceModel_PatternsDetectionTests(&quot;S1415-I1C&quot;,&quot;S1415-I1C&quot;)" fullname="Retriever4.Tests.DetectDeviceModelTests.DetectDeviceModel_PatternsDetectionTests(&quot;S1415-I1C&quot;,&quot;S1415-I1C&quot;)" methodname="DetectDeviceModel_PatternsDetectionTests" classname="Retriever4.Tests.DetectDeviceModelTests" runstate="Runnable" seed="17029830" result="Passed" start-time="2018-07-27 10:40:06Z" end-time="2018-07-27 10:40:06Z" duration="0.000286" asserts="1" />
            <test-case id="0-1010" name="DetectDeviceModel_PatternsDetectionTests(&quot;S1414-I1BI S&quot;,&quot;S1414-I1BI S&quot;)" fullname="Retriever4.Tests.DetectDeviceModelTests.DetectDeviceModel_PatternsDetectionTests(&quot;S1414-I1BI S&quot;,&quot;S1414-I1BI S&quot;)" methodname="DetectDeviceModel_PatternsDetectionTests" classname="Retriever4.Tests.DetectDeviceModelTests" runstate="Runnable" seed="259941220" result="Passed" start-time="2018-07-27 10:40:06Z" end-time="2018-07-27 10:40:06Z" duration="0.000305" asserts="1" />
            <test-case id="0-1011" name="DetectDeviceModel_PatternsDetectionTests(&quot;PNB S1414-I1BI S&quot;,&quot;S1414-I1BI S&quot;)" fullname="Retriever4.Tests.DetectDeviceModelTests.DetectDeviceModel_PatternsDetectionTests(&quot;PNB S1414-I1BI S&quot;,&quot;S1414-I1BI S&quot;)" methodname="DetectDeviceModel_PatternsDetectionTests" classname="Retriever4.Tests.DetectDeviceModelTests" runstate="Runnable" seed="800908334" result="Passed" start-time="2018-07-27 10:40:06Z" end-time="2018-07-27 10:40:06Z" duration="0.000267" asserts="1" />
            <test-case id="0-1012" name="DetectDeviceModel_PatternsDetectionTests(&quot;CNB MEDION S1415-I1C&quot;,&quot;S1415-I1C&quot;)" fullname="Retriever4.Tests.DetectDeviceModelTests.DetectDeviceModel_PatternsDetectionTests(&quot;CNB MEDION S1415-I1C&quot;,&quot;S1415-I1C&quot;)" methodname="DetectDeviceModel_PatternsDetectionTests" classname="Retriever4.Tests.DetectDeviceModelTests" runstate="Runnable" seed="133483231" result="Passed" start-time="2018-07-27 10:40:06Z" end-time="2018-07-27 10:40:06Z" duration="0.000313" asserts="1" />
            <test-case id="0-1013" name="DetectDeviceModel_PatternsDetectionTests(&quot;PEAQC2015-I5N1&quot;,&quot;C2015-I5N1&quot;)" fullname="Retriever4.Tests.DetectDeviceModelTests.DetectDeviceModel_PatternsDetectionTests(&quot;PEAQC2015-I5N1&quot;,&quot;C2015-I5N1&quot;)" methodname="DetectDeviceModel_PatternsDetectionTests" classname="Retriever4.Tests.DetectDeviceModelTests" runstate="Runnable" seed="1718024032" result="Passed" start-time="2018-07-27 10:40:06Z" end-time="2018-07-27 10:40:06Z" duration="0.000304" asserts="1" />
            <test-case id="0-1014" name="DetectDeviceModel_PatternsDetectionTests(&quot;S1415-I1C PEAQ&quot;,&quot;S1415-I1C&quot;)" fullname="Retriever4.Tests.DetectDeviceModelTests.DetectDeviceModel_PatternsDetectionTests(&quot;S1415-I1C PEAQ&quot;,&quot;S1415-I1C&quot;)" methodname="DetectDeviceModel_PatternsDetectionTests" classname="Retriever4.Tests.DetectDeviceModelTests" runstate="Runnable" seed="594640500" result="Passed" start-time="2018-07-27 10:40:06Z" end-time="2018-07-27 10:40:06Z" duration="0.000296" asserts="1" />
          </test-suite>
        </test-suite>
        <test-suite type="TestFixture" id="0-1022" name="NumbersValidationTests" fullname="Retriever4.Tests.NumbersValidationTests" classname="Retriever4.Tests.NumbersValidationTests" runstate="Runnable" testcasecount="27" result="Passed" start-time="2018-07-27 10:40:06Z" end-time="2018-07-27 10:40:06Z" duration="0.015493" total="27" passed="27" failed="0" warnings="0" inconclusive="0" skipped="0" asserts="27">
          <test-suite type="ParameterizedMethod" id="0-1052" name="CompareStorages_DatabaseArgumentIsNullOrRealValueIsNegative_ThrowsException" fullname="Retriever4.Tests.NumbersValidationTests.CompareStorages_DatabaseArgumentIsNullOrRealValueIsNegative_ThrowsException" classname="Retriever4.Tests.NumbersValidationTests" runstate="Runnable" testcasecount="5" result="Passed" start-time="2018-07-27 10:40:06Z" end-time="2018-07-27 10:40:06Z" duration="0.007258" total="5" passed="5" failed="0" warnings="0" inconclusive="0" skipped="0" asserts="5">
            <test-case id="0-1047" name="CompareStorages_DatabaseArgumentIsNullOrRealValueIsNegative_ThrowsException(&quot;&quot;,100)" fullname="Retriever4.Tests.NumbersValidationTests.CompareStorages_DatabaseArgumentIsNullOrRealValueIsNegative_ThrowsException(&quot;&quot;,100)" methodname="CompareStorages_DatabaseArgumentIsNullOrRealValueIsNegative_ThrowsException" classname="Retriever4.Tests.NumbersValidationTests" runstate="Runnable" seed="1456582620" result="Passed" start-time="2018-07-27 10:40:06Z" end-time="2018-07-27 10:40:06Z" duration="0.006027" asserts="1" />
            <test-case id="0-1048" name="CompareStorages_DatabaseArgumentIsNullOrRealValueIsNegative_ThrowsException(null,100)" fullname="Retriever4.Tests.NumbersValidationTests.CompareStorages_DatabaseArgumentIsNullOrRealValueIsNegative_ThrowsException(null,100)" methodname="CompareStorages_DatabaseArgumentIsNullOrRealValueIsNegative_ThrowsException" classname="Retriever4.Tests.NumbersValidationTests" runstate="Runnable" seed="886227694" result="Passed" start-time="2018-07-27 10:40:06Z" end-time="2018-07-27 10:40:06Z" duration="0.000305" asserts="1" />
            <test-case id="0-1049" name="CompareStorages_DatabaseArgumentIsNullOrRealValueIsNegative_ThrowsException(&quot;Test&quot;,-3)" fullname="Retriever4.Tests.NumbersValidationTests.CompareStorages_DatabaseArgumentIsNullOrRealValueIsNegative_ThrowsException(&quot;Test&quot;,-3)" methodname="CompareStorages_DatabaseArgumentIsNullOrRealValueIsNegative_ThrowsException" classname="Retriever4.Tests.NumbersValidationTests" runstate="Runnable" seed="1398717955" result="Passed" start-time="2018-07-27 10:40:06Z" end-time="2018-07-27 10:40:06Z" duration="0.000269" asserts="1" />
            <test-case id="0-1050" name="CompareStorages_DatabaseArgumentIsNullOrRealValueIsNegative_ThrowsException(&quot;&quot;,-6)" fullname="Retriever4.Tests.NumbersValidationTests.CompareStorages_DatabaseArgumentIsNullOrRealValueIsNegative_ThrowsException(&quot;&quot;,-6)" methodname="CompareStorages_DatabaseArgumentIsNullOrRealValueIsNegative_ThrowsException" classname="Retriever4.Tests.NumbersValidationTests" runstate="Runnable" seed="17973424" result="Passed" start-time="2018-07-27 10:40:06Z" end-time="2018-07-27 10:40:06Z" duration="0.000240" asserts="1" />
            <test-case id="0-1051" name="CompareStorages_DatabaseArgumentIsNullOrRealValueIsNegative_ThrowsException(null,-9)" fullname="Retriever4.Tests.NumbersValidationTests.CompareStorages_DatabaseArgumentIsNullOrRealValueIsNegative_ThrowsException(null,-9)" methodname="CompareStorages_DatabaseArgumentIsNullOrRealValueIsNegative_ThrowsException" classname="Retriever4.Tests.NumbersValidationTests" runstate="Runnable" seed="1293113780" result="Passed" start-time="2018-07-27 10:40:06Z" end-time="2018-07-27 10:40:06Z" duration="0.000246" asserts="1" />
          </test-suite>
          <test-suite type="ParameterizedMethod" id="0-1046" name="CompareStorages_VariousData" fullname="Retriever4.Tests.NumbersValidationTests.CompareStorages_VariousData" classname="Retriever4.Tests.NumbersValidationTests" runstate="Runnable" testcasecount="16" result="Passed" start-time="2018-07-27 10:40:06Z" end-time="2018-07-27 10:40:06Z" duration="0.006091" total="16" passed="16" failed="0" warnings="0" inconclusive="0" skipped="0" asserts="16">
            <test-case id="0-1030" name="CompareStorages_VariousData(&quot;256 GB SSD&quot;,274877906944L,True)" fullname="Retriever4.Tests.NumbersValidationTests.CompareStorages_VariousData(&quot;256 GB SSD&quot;,274877906944L,True)" methodname="CompareStorages_VariousData" classname="Retriever4.Tests.NumbersValidationTests" runstate="Runnable" seed="1637109088" result="Passed" start-time="2018-07-27 10:40:06Z" end-time="2018-07-27 10:40:06Z" duration="0.001333" asserts="1" />
            <test-case id="0-1031" name="CompareStorages_VariousData(&quot;128 GB SSD&quot;,137438953472L,True)" fullname="Retriever4.Tests.NumbersValidationTests.CompareStorages_VariousData(&quot;128 GB SSD&quot;,137438953472L,True)" methodname="CompareStorages_VariousData" classname="Retriever4.Tests.NumbersValidationTests" runstate="Runnable" seed="1312903029" result="Passed" start-time="2018-07-27 10:40:06Z" end-time="2018-07-27 10:40:06Z" duration="0.000325" asserts="1" />
            <test-case id="0-1032" name="CompareStorages_VariousData(&quot;64 GB eMMC&quot;,68719476736L,True)" fullname="Retriever4.Tests.NumbersValidationTests.CompareStorages_VariousData(&quot;64 GB eMMC&quot;,68719476736L,True)" methodname="CompareStorages_VariousData" classname="Retriever4.Tests.NumbersValidationTests" runstate="Runnable" seed="183978764" result="Passed" start-time="2018-07-27 10:40:06Z" end-time="2018-07-27 10:40:06Z" duration="0.000290" asserts="1" />
            <test-case id="0-1033" name="CompareStorages_VariousData(&quot;32 GB eMMC&quot;,34359738368L,True)" fullname="Retriever4.Tests.NumbersValidationTests.CompareStorages_VariousData(&quot;32 GB eMMC&quot;,34359738368L,True)" methodname="CompareStorages_VariousData" classname="Retriever4.Tests.NumbersValidationTests" runstate="Runnable" seed="1240304665" result="Passed" start-time="2018-07-27 10:40:06Z" end-time="2018-07-27 10:40:06Z" duration="0.000284" asserts="1" />
            <test-case id="0-1034" name="CompareStorages_VariousData(&quot;16 GB eMMC&quot;,17179869184L,True)" fullname="Retriever4.Tests.NumbersValidationTests.CompareStorages_VariousData(&quot;16 GB eMMC&quot;,17179869184L,True)" methodname="CompareStorages_VariousData" classname="Retriever4.Tests.NumbersValidationTests" runstate="Runnable" seed="567074711" result="Passed" start-time="2018-07-27 10:40:06Z" end-time="2018-07-27 10:40:06Z" duration="0.000292" asserts="1" />
            <test-case id="0-1035" name="CompareStorages_VariousData(&quot;320 GB HDD&quot;,343597383680L,True)" fullname="Retriever4.Tests.NumbersValidationTests.CompareStorages_VariousData(&quot;320 GB HDD&quot;,343597383680L,True)" methodname="CompareStorages_VariousData" classname="Retriever4.Tests.NumbersValidationTests" runstate="Runnable" seed="871779590" result="Passed" start-time="2018-07-27 10:40:06Z" end-time="2018-07-27 10:40:06Z" duration="0.000305" asserts="1" />
            <test-case id="0-1036" name="CompareStorages_VariousData(&quot;500 GB HDD&quot;,536870912000L,True)" fullname="Retriever4.Tests.NumbersValidationTests.CompareStorages_VariousData(&quot;500 GB HDD&quot;,536870912000L,True)" methodname="CompareStorages_VariousData" classname="Retriever4.Tests.NumbersValidationTests" runstate="Runnable" seed="965120305" result="Passed" start-time="2018-07-27 10:40:06Z" end-time="2018-07-27 10:40:06Z" duration="0.000286" asserts="1" />
            <test-case id="0-1037" name="CompareStorages_VariousData(&quot;640 GB SSHD&quot;,687194767360L,True)" fullname="Retriever4.Tests.NumbersValidationTests.CompareStorages_VariousData(&quot;640 GB SSHD&quot;,687194767360L,True)" methodname="CompareStorages_VariousData" classname="Retriever4.Tests.NumbersValidationTests" runstate="Runnable" seed="457555523" result="Passed" start-time="2018-07-27 10:40:06Z" end-time="2018-07-27 10:40:06Z" duration="0.000296" asserts="1" />
            <test-case id="0-1038" name="CompareStorages_VariousData(&quot;750 GB SSHD&quot;,805306368000L,True)" fullname="Retriever4.Tests.NumbersValidationTests.CompareStorages_VariousData(&quot;750 GB SSHD&quot;,805306368000L,True)" methodname="CompareStorages_VariousData" classname="Retriever4.Tests.NumbersValidationTests" runstate="Runnable" seed="1612134750" result="Passed" start-time="2018-07-27 10:40:06Z" end-time="2018-07-27 10:40:06Z" duration="0.000292" asserts="1" />
            <test-case id="0-1039" name="CompareStorages_VariousData(&quot;1 TB HDD&quot;,1099511627776L,True)" fullname="Retriever4.Tests.NumbersValidationTests.CompareStorages_VariousData(&quot;1 TB HDD&quot;,1099511627776L,True)" methodname="CompareStorages_VariousData" classname="Retriever4.Tests.NumbersValidationTests" runstate="Runnable" seed="1758161653" result="Passed" start-time="2018-07-27 10:40:06Z" end-time="2018-07-27 10:40:06Z" duration="0.000287" asserts="1" />
            <test-case id="0-1040" name="CompareStorages_VariousData(&quot;1,5 TB DHDD&quot;,1649267441664L,True)" fullname="Retriever4.Tests.NumbersValidationTests.CompareStorages_VariousData(&quot;1,5 TB DHDD&quot;,1649267441664L,True)" methodname="CompareStorages_VariousData" classname="Retriever4.Tests.NumbersValidationTests" runstate="Runnable" seed="215594331" result="Passed" start-time="2018-07-27 10:40:06Z" end-time="2018-07-27 10:40:06Z" duration="0.000293" asserts="1" />
            <test-case id="0-1041" name="CompareStorages_VariousData(&quot;2 TB HDD&quot;,2199023255552L,True)" fullname="Retriever4.Tests.NumbersValidationTests.CompareStorages_VariousData(&quot;2 TB HDD&quot;,2199023255552L,True)" methodname="CompareStorages_VariousData" classname="Retriever4.Tests.NumbersValidationTests" runstate="Runnable" seed="284714728" result="Passed" start-time="2018-07-27 10:40:06Z" end-time="2018-07-27 10:40:06Z" duration="0.000287" asserts="1" />
            <test-case id="0-1042" name="CompareStorages_VariousData(&quot;0,5 TB HDD&quot;,549755813888L,True)" fullname="Retriever4.Tests.NumbersValidationTests.CompareStorages_VariousData(&quot;0,5 TB HDD&quot;,549755813888L,True)" methodname="CompareStorages_VariousData" classname="Retriever4.Tests.NumbersValidationTests" runstate="Runnable" seed="451819771" result="Passed" start-time="2018-07-27 10:40:06Z" end-time="2018-07-27 10:40:06Z" duration="0.000325" asserts="1" />
            <test-case id="0-1043" name="CompareStorages_VariousData(&quot;0,5 TB HDD&quot;,1099511627776L,False)" fullname="Retriever4.Tests.NumbersValidationTests.CompareStorages_VariousData(&quot;0,5 TB HDD&quot;,1099511627776L,False)" methodname="CompareStorages_VariousData" classname="Retriever4.Tests.NumbersValidationTests" runstate="Runnable" seed="1834373108" result="Passed" start-time="2018-07-27 10:40:06Z" end-time="2018-07-27 10:40:06Z" duration="0.000312" asserts="1" />
            <test-case id="0-1044" name="CompareStorages_VariousData(&quot;320 GB HDD&quot;,274877906944L,False)" fullname="Retriever4.Tests.NumbersValidationTests.CompareStorages_VariousData(&quot;320 GB HDD&quot;,274877906944L,False)" methodname="CompareStorages_VariousData" classname="Retriever4.Tests.NumbersValidationTests" runstate="Runnable" seed="1531591828" result="Passed" start-time="2018-07-27 10:40:06Z" end-time="2018-07-27 10:40:06Z" duration="0.000287" asserts="1" />
            <test-case id="0-1045" name="CompareStorages_VariousData(&quot;16 GB eMMC&quot;,34359738368L,False)" fullname="Retriever4.Tests.NumbersValidationTests.CompareStorages_VariousData(&quot;16 GB eMMC&quot;,34359738368L,False)" methodname="CompareStorages_VariousData" classname="Retriever4.Tests.NumbersValidationTests" runstate="Runnable" seed="1317381942" result="Passed" start-time="2018-07-27 10:40:06Z" end-time="2018-07-27 10:40:06Z" duration="0.000298" asserts="1" />
          </test-suite>
          <test-suite type="ParameterizedMethod" id="0-1029" name="CompareWearlevel_LogicTest" fullname="Retriever4.Tests.NumbersValidationTests.CompareWearlevel_LogicTest" classname="Retriever4.Tests.NumbersValidationTests" runstate="Runnable" testcasecount="6" result="Passed" start-time="2018-07-27 10:40:06Z" end-time="2018-07-27 10:40:06Z" duration="0.001851" total="6" passed="6" failed="0" warnings="0" inconclusive="0" skipped="0" asserts="6">
            <test-case id="0-1023" name="CompareWearlevel_LogicTest(-13,12,True)" fullname="Retriever4.Tests.NumbersValidationTests.CompareWearlevel_LogicTest(-13,12,True)" methodname="CompareWearlevel_LogicTest" classname="Retriever4.Tests.NumbersValidationTests" runstate="Runnable" seed="1780677668" result="Passed" start-time="2018-07-27 10:40:06Z" end-time="2018-07-27 10:40:06Z" duration="0.000581" asserts="1" />
            <test-case id="0-1024" name="CompareWearlevel_LogicTest(0,12,True)" fullname="Retriever4.Tests.NumbersValidationTests.CompareWearlevel_LogicTest(0,12,True)" methodname="CompareWearlevel_LogicTest" classname="Retriever4.Tests.NumbersValidationTests" runstate="Runnable" seed="941841943" result="Passed" start-time="2018-07-27 10:40:06Z" end-time="2018-07-27 10:40:06Z" duration="0.000267" asserts="1" />
            <test-case id="0-1025" name="CompareWearlevel_LogicTest(7.8d,12,True)" fullname="Retriever4.Tests.NumbersValidationTests.CompareWearlevel_LogicTest(7.8d,12,True)" methodname="CompareWearlevel_LogicTest" classname="Retriever4.Tests.NumbersValidationTests" runstate="Runnable" seed="1171346358" result="Passed" start-time="2018-07-27 10:40:06Z" end-time="2018-07-27 10:40:06Z" duration="0.000234" asserts="1" />
            <test-case id="0-1026" name="CompareWearlevel_LogicTest(12,12,True)" fullname="Retriever4.Tests.NumbersValidationTests.CompareWearlevel_LogicTest(12,12,True)" methodname="CompareWearlevel_LogicTest" classname="Retriever4.Tests.NumbersValidationTests" runstate="Runnable" seed="702984998" result="Passed" start-time="2018-07-27 10:40:06Z" end-time="2018-07-27 10:40:06Z" duration="0.000223" asserts="1" />
            <test-case id="0-1027" name="CompareWearlevel_LogicTest(12.01d,12,False)" fullname="Retriever4.Tests.NumbersValidationTests.CompareWearlevel_LogicTest(12.01d,12,False)" methodname="CompareWearlevel_LogicTest" classname="Retriever4.Tests.NumbersValidationTests" runstate="Runnable" seed="1568920408" result="Passed" start-time="2018-07-27 10:40:06Z" end-time="2018-07-27 10:40:06Z" duration="0.000224" asserts="1" />
            <test-case id="0-1028" name="CompareWearlevel_LogicTest(14,12,False)" fullname="Retriever4.Tests.NumbersValidationTests.CompareWearlevel_LogicTest(14,12,False)" methodname="CompareWearlevel_LogicTest" classname="Retriever4.Tests.NumbersValidationTests" runstate="Runnable" seed="1499638553" result="Passed" start-time="2018-07-27 10:40:06Z" end-time="2018-07-27 10:40:06Z" duration="0.000153" asserts="1" />
          </test-suite>
        </test-suite>
        <test-suite type="TestFixture" id="0-1053" name="ObjectsValidationTests" fullname="Retriever4.Tests.ObjectsValidationTests" classname="Retriever4.Tests.ObjectsValidationTests" runstate="Runnable" testcasecount="7" result="Passed" start-time="2018-07-27 10:40:06Z" end-time="2018-07-27 10:40:06Z" duration="0.010396" total="7" passed="7" failed="0" warnings="0" inconclusive="0" skipped="0" asserts="7">
          <test-case id="0-1057" name="CheckFieldsForNulls__CheckingObjectWithUnacceptableNullFieldsWithIgnoredFileds_NullFiledsAreIgnored" fullname="Retriever4.Tests.ObjectsValidationTests.CheckFieldsForNulls__CheckingObjectWithUnacceptableNullFieldsWithIgnoredFileds_NullFiledsAreIgnored" methodname="CheckFieldsForNulls__CheckingObjectWithUnacceptableNullFieldsWithIgnoredFileds_NullFiledsAreIgnored" classname="Retriever4.Tests.ObjectsValidationTests" runstate="Runnable" seed="772480732" result="Passed" start-time="2018-07-27 10:40:06Z" end-time="2018-07-27 10:40:06Z" duration="0.003546" asserts="1" />
          <test-case id="0-1058" name="CheckFieldsForNulls__IgnoredFieldsArrayContainsNullWithCorrectlyFilledObject_ThrowsException" fullname="Retriever4.Tests.ObjectsValidationTests.CheckFieldsForNulls__IgnoredFieldsArrayContainsNullWithCorrectlyFilledObject_ThrowsException" methodname="CheckFieldsForNulls__IgnoredFieldsArrayContainsNullWithCorrectlyFilledObject_ThrowsException" classname="Retriever4.Tests.ObjectsValidationTests" runstate="Runnable" seed="604213910" result="Passed" start-time="2018-07-27 10:40:06Z" end-time="2018-07-27 10:40:06Z" duration="0.001664" asserts="1" />
          <test-case id="0-1059" name="CheckFieldsForNulls__IgnoredFieldsArrayContainsNullWithUncorrectlyFilledObject_ThrowsException" fullname="Retriever4.Tests.ObjectsValidationTests.CheckFieldsForNulls__IgnoredFieldsArrayContainsNullWithUncorrectlyFilledObject_ThrowsException" methodname="CheckFieldsForNulls__IgnoredFieldsArrayContainsNullWithUncorrectlyFilledObject_ThrowsException" classname="Retriever4.Tests.ObjectsValidationTests" runstate="Runnable" seed="805997924" result="Passed" start-time="2018-07-27 10:40:06Z" end-time="2018-07-27 10:40:06Z" duration="0.000938" asserts="1" />
          <test-case id="0-1054" name="CheckFieldsForNulls_CheckingCorrectlyFilledConfiguration" fullname="Retriever4.Tests.ObjectsValidationTests.CheckFieldsForNulls_CheckingCorrectlyFilledConfiguration" methodname="CheckFieldsForNulls_CheckingCorrectlyFilledConfiguration" classname="Retriever4.Tests.ObjectsValidationTests" runstate="Runnable" seed="199750507" result="Passed" start-time="2018-07-27 10:40:06Z" end-time="2018-07-27 10:40:06Z" duration="0.000316" asserts="1" />
          <test-case id="0-1060" name="CheckFieldsForNulls_CheckingObjectFilledByNulls" fullname="Retriever4.Tests.ObjectsValidationTests.CheckFieldsForNulls_CheckingObjectFilledByNulls" methodname="CheckFieldsForNulls_CheckingObjectFilledByNulls" classname="Retriever4.Tests.ObjectsValidationTests" runstate="Runnable" seed="2049949188" result="Passed" start-time="2018-07-27 10:40:06Z" end-time="2018-07-27 10:40:06Z" duration="0.001892" asserts="1" />
          <test-case id="0-1055" name="CheckFieldsForNulls_CheckingObjectWithNullFields" fullname="Retriever4.Tests.ObjectsValidationTests.CheckFieldsForNulls_CheckingObjectWithNullFields" methodname="CheckFieldsForNulls_CheckingObjectWithNullFields" classname="Retriever4.Tests.ObjectsValidationTests" runstate="Runnable" seed="1884214294" result="Passed" start-time="2018-07-27 10:40:06Z" end-time="2018-07-27 10:40:06Z" duration="0.000327" asserts="1" />
          <test-case id="0-1056" name="CheckFieldsForNulls_NullObject_ThrowsException" fullname="Retriever4.Tests.ObjectsValidationTests.CheckFieldsForNulls_NullObject_ThrowsException" methodname="CheckFieldsForNulls_NullObject_ThrowsException" classname="Retriever4.Tests.ObjectsValidationTests" runstate="Runnable" seed="216190571" result="Passed" start-time="2018-07-27 10:40:06Z" end-time="2018-07-27 10:40:06Z" duration="0.001306" asserts="1" />
        </test-suite>
        <test-suite type="TestFixture" id="0-1061" name="StringValidationTests" fullname="Retriever4.Tests.StringValidationTests" classname="Retriever4.Tests.StringValidationTests" runstate="Runnable" testcasecount="54" result="Skipped" label="Ignored" site="Child" start-time="2018-07-27 10:40:06Z" end-time="2018-07-27 10:40:06Z" duration="0.038757" total="54" passed="49" failed="0" warnings="0" inconclusive="0" skipped="5" asserts="49">
          <reason>
            <message><![CDATA[One or more child tests were ignored]]></message>
          </reason>
          <test-suite type="ParameterizedMethod" id="0-1083" name="CompareCPUs_ArgumentIsNull_ThrowsException" fullname="Retriever4.Tests.StringValidationTests.CompareCPUs_ArgumentIsNull_ThrowsException" classname="Retriever4.Tests.StringValidationTests" runstate="Runnable" testcasecount="6" result="Passed" start-time="2018-07-27 10:40:06Z" end-time="2018-07-27 10:40:06Z" duration="0.003401" total="6" passed="6" failed="0" warnings="0" inconclusive="0" skipped="0" asserts="6">
            <test-case id="0-1077" name="CompareCPUs_ArgumentIsNull_ThrowsException(&quot;Test&quot;,&quot;&quot;)" fullname="Retriever4.Tests.StringValidationTests.CompareCPUs_ArgumentIsNull_ThrowsException(&quot;Test&quot;,&quot;&quot;)" methodname="CompareCPUs_ArgumentIsNull_ThrowsException" classname="Retriever4.Tests.StringValidationTests" runstate="Runnable" seed="16312" result="Passed" start-time="2018-07-27 10:40:06Z" end-time="2018-07-27 10:40:06Z" duration="0.001855" asserts="1" />
            <test-case id="0-1078" name="CompareCPUs_ArgumentIsNull_ThrowsException(&quot;Test&quot;,null)" fullname="Retriever4.Tests.StringValidationTests.CompareCPUs_ArgumentIsNull_ThrowsException(&quot;Test&quot;,null)" methodname="CompareCPUs_ArgumentIsNull_ThrowsException" classname="Retriever4.Tests.StringValidationTests" runstate="Runnable" seed="1340694584" result="Passed" start-time="2018-07-27 10:40:06Z" end-time="2018-07-27 10:40:06Z" duration="0.000314" asserts="1" />
            <test-case id="0-1079" name="CompareCPUs_ArgumentIsNull_ThrowsException(&quot;&quot;,&quot;Test&quot;)" fullname="Retriever4.Tests.StringValidationTests.CompareCPUs_ArgumentIsNull_ThrowsException(&quot;&quot;,&quot;Test&quot;)" methodname="CompareCPUs_ArgumentIsNull_ThrowsException" classname="Retriever4.Tests.StringValidationTests" runstate="Runnable" seed="105080446" result="Passed" start-time="2018-07-27 10:40:06Z" end-time="2018-07-27 10:40:06Z" duration="0.000260" asserts="1" />
            <test-case id="0-1080" name="CompareCPUs_ArgumentIsNull_ThrowsException(null,&quot;Test&quot;)" fullname="Retriever4.Tests.StringValidationTests.CompareCPUs_ArgumentIsNull_ThrowsException(null,&quot;Test&quot;)" methodname="CompareCPUs_ArgumentIsNull_ThrowsException" classname="Retriever4.Tests.StringValidationTests" runstate="Runnable" seed="888085230" result="Passed" start-time="2018-07-27 10:40:06Z" end-time="2018-07-27 10:40:06Z" duration="0.000262" asserts="1" />
            <test-case id="0-1081" name="CompareCPUs_ArgumentIsNull_ThrowsException(&quot;&quot;,&quot;&quot;)" fullname="Retriever4.Tests.StringValidationTests.CompareCPUs_ArgumentIsNull_ThrowsException(&quot;&quot;,&quot;&quot;)" methodname="CompareCPUs_ArgumentIsNull_ThrowsException" classname="Retriever4.Tests.StringValidationTests" runstate="Runnable" seed="414337356" result="Passed" start-time="2018-07-27 10:40:06Z" end-time="2018-07-27 10:40:06Z" duration="0.000251" asserts="1" />
            <test-case id="0-1082" name="CompareCPUs_ArgumentIsNull_ThrowsException(null,null)" fullname="Retriever4.Tests.StringValidationTests.CompareCPUs_ArgumentIsNull_ThrowsException(null,null)" methodname="CompareCPUs_ArgumentIsNull_ThrowsException" classname="Retriever4.Tests.StringValidationTests" runstate="Runnable" seed="330740372" result="Passed" start-time="2018-07-27 10:40:06Z" end-time="2018-07-27 10:40:06Z" duration="0.000264" asserts="1" />
          </test-suite>
          <test-suite type="ParameterizedMethod" id="0-1076" name="CompareCPUs_VariousData_ReturnsTrue" fullname="Retriever4.Tests.StringValidationTests.CompareCPUs_VariousData_ReturnsTrue" classname="Retriever4.Tests.StringValidationTests" runstate="Runnable" testcasecount="14" result="Passed" start-time="2018-07-27 10:40:06Z" end-time="2018-07-27 10:40:06Z" duration="0.005643" total="14" passed="14" failed="0" warnings="0" inconclusive="0" skipped="0" asserts="14">
            <test-case id="0-1062" name="CompareCPUs_VariousData_ReturnsTrue(&quot;i5-7200U&quot;,&quot;GeniueIntel Intel&lt;R&gt; Core&lt;TM&gt; i5-7200U CPU @ 2.50GHz&quot;)" fullname="Retriever4.Tests.StringValidationTests.CompareCPUs_VariousData_ReturnsTrue(&quot;i5-7200U&quot;,&quot;GeniueIntel Intel&lt;R&gt; Core&lt;TM&gt; i5-7200U CPU @ 2.50GHz&quot;)" methodname="CompareCPUs_VariousData_ReturnsTrue" classname="Retriever4.Tests.StringValidationTests" runstate="Runnable" seed="1265914235" result="Passed" start-time="2018-07-27 10:40:06Z" end-time="2018-07-27 10:40:06Z" duration="0.002163" asserts="1" />
            <test-case id="0-1063" name="CompareCPUs_VariousData_ReturnsTrue(&quot;Pentium 4415U&quot;,&quot;GeniueIntel Intel&lt;R&gt; Pentium&lt;TM&gt; CPU 4415U @ 2.30GHz&quot;)" fullname="Retriever4.Tests.StringValidationTests.CompareCPUs_VariousData_ReturnsTrue(&quot;Pentium 4415U&quot;,&quot;GeniueIntel Intel&lt;R&gt; Pentium&lt;TM&gt; CPU 4415U @ 2.30GHz&quot;)" methodname="CompareCPUs_VariousData_ReturnsTrue" classname="Retriever4.Tests.StringValidationTests" runstate="Runnable" seed="1065457076" result="Passed" start-time="2018-07-27 10:40:06Z" end-time="2018-07-27 10:40:06Z" duration="0.000296" asserts="1" />
            <test-case id="0-1064" name="CompareCPUs_VariousData_ReturnsTrue(&quot;i3-7100U&quot;,&quot;GeniueIntel Intel&lt;R&gt; Core&lt;TM&gt; i3-7100U CPU @ 2.40GHz&quot;)" fullname="Retriever4.Tests.StringValidationTests.CompareCPUs_VariousData_ReturnsTrue(&quot;i3-7100U&quot;,&quot;GeniueIntel Intel&lt;R&gt; Core&lt;TM&gt; i3-7100U CPU @ 2.40GHz&quot;)" methodname="CompareCPUs_VariousData_ReturnsTrue" classname="Retriever4.Tests.StringValidationTests" runstate="Runnable" seed="1866506151" result="Passed" start-time="2018-07-27 10:40:06Z" end-time="2018-07-27 10:40:06Z" duration="0.000247" asserts="1" />
            <test-case id="0-1065" name="CompareCPUs_VariousData_ReturnsTrue(&quot;i7-8550U&quot;,&quot;GeniueIntel Intel&lt;R&gt; Core&lt;TM&gt; i7-8550U CPU @ 1.80GHz&quot;)" fullname="Retriever4.Tests.StringValidationTests.CompareCPUs_VariousData_ReturnsTrue(&quot;i7-8550U&quot;,&quot;GeniueIntel Intel&lt;R&gt; Core&lt;TM&gt; i7-8550U CPU @ 1.80GHz&quot;)" methodname="CompareCPUs_VariousData_ReturnsTrue" classname="Retriever4.Tests.StringValidationTests" runstate="Runnable" seed="2038459230" result="Passed" start-time="2018-07-27 10:40:06Z" end-time="2018-07-27 10:40:06Z" duration="0.000236" asserts="1" />
            <test-case id="0-1066" name="CompareCPUs_VariousData_ReturnsTrue(&quot;Atom x5-Z8350&quot;,&quot;GeniueIntel Intel&lt;R&gt; Atom&lt;TM&gt; x5-Z8350 CPU @ 1.44GHz&quot;)" fullname="Retriever4.Tests.StringValidationTests.CompareCPUs_VariousData_ReturnsTrue(&quot;Atom x5-Z8350&quot;,&quot;GeniueIntel Intel&lt;R&gt; Atom&lt;TM&gt; x5-Z8350 CPU @ 1.44GHz&quot;)" methodname="CompareCPUs_VariousData_ReturnsTrue" classname="Retriever4.Tests.StringValidationTests" runstate="Runnable" seed="1940074739" result="Passed" start-time="2018-07-27 10:40:06Z" end-time="2018-07-27 10:40:06Z" duration="0.000238" asserts="1" />
            <test-case id="0-1067" name="CompareCPUs_VariousData_ReturnsTrue(&quot;Celeron N3060&quot;,&quot;GeniueIntel Intel&lt;R&gt; Celeron&lt;TM&gt; N3060 CPU @ 1.60GHz&quot;)" fullname="Retriever4.Tests.StringValidationTests.CompareCPUs_VariousData_ReturnsTrue(&quot;Celeron N3060&quot;,&quot;GeniueIntel Intel&lt;R&gt; Celeron&lt;TM&gt; N3060 CPU @ 1.60GHz&quot;)" methodname="CompareCPUs_VariousData_ReturnsTrue" classname="Retriever4.Tests.StringValidationTests" runstate="Runnable" seed="1411247120" result="Passed" start-time="2018-07-27 10:40:06Z" end-time="2018-07-27 10:40:06Z" duration="0.000240" asserts="1" />
            <test-case id="0-1068" name="CompareCPUs_VariousData_ReturnsTrue(&quot;Pentium N3700&quot;,&quot;GeniueIntel Intel&lt;R&gt; Pentium&lt;TM&gt; N3700 CPU @ 1.60GHz&quot;)" fullname="Retriever4.Tests.StringValidationTests.CompareCPUs_VariousData_ReturnsTrue(&quot;Pentium N3700&quot;,&quot;GeniueIntel Intel&lt;R&gt; Pentium&lt;TM&gt; N3700 CPU @ 1.60GHz&quot;)" methodname="CompareCPUs_VariousData_ReturnsTrue" classname="Retriever4.Tests.StringValidationTests" runstate="Runnable" seed="1896755215" result="Passed" start-time="2018-07-27 10:40:06Z" end-time="2018-07-27 10:40:06Z" duration="0.000251" asserts="1" />
            <test-case id="0-1069" name="CompareCPUs_VariousData_ReturnsTrue(&quot;i3-6006U&quot;,&quot;GeniueIntel Intel&lt;R&gt; Core&lt;TM&gt; i3-6006U CPU @ 2.00GHz&quot;)" fullname="Retriever4.Tests.StringValidationTests.CompareCPUs_VariousData_ReturnsTrue(&quot;i3-6006U&quot;,&quot;GeniueIntel Intel&lt;R&gt; Core&lt;TM&gt; i3-6006U CPU @ 2.00GHz&quot;)" methodname="CompareCPUs_VariousData_ReturnsTrue" classname="Retriever4.Tests.StringValidationTests" runstate="Runnable" seed="1651080026" result="Passed" start-time="2018-07-27 10:40:06Z" end-time="2018-07-27 10:40:06Z" duration="0.000239" asserts="1" />
            <test-case id="0-1070" name="CompareCPUs_VariousData_ReturnsTrue(&quot;Pentium 4405U&quot;,&quot;GeniueIntel Intel&lt;R&gt; Pentium&lt;TM&gt; CPU 4405U @ 2.10GHz&quot;)" fullname="Retriever4.Tests.StringValidationTests.CompareCPUs_VariousData_ReturnsTrue(&quot;Pentium 4405U&quot;,&quot;GeniueIntel Intel&lt;R&gt; Pentium&lt;TM&gt; CPU 4405U @ 2.10GHz&quot;)" methodname="CompareCPUs_VariousData_ReturnsTrue" classname="Retriever4.Tests.StringValidationTests" runstate="Runnable" seed="513303270" result="Passed" start-time="2018-07-27 10:40:06Z" end-time="2018-07-27 10:40:06Z" duration="0.000243" asserts="1" />
            <test-case id="0-1071" name="CompareCPUs_VariousData_ReturnsTrue(&quot;Atom Z3735F&quot;,&quot;GeniueIntel Intel&lt;R&gt; Atom&lt;TM&gt; CPU Z3735F @ 1.33GHz&quot;)" fullname="Retriever4.Tests.StringValidationTests.CompareCPUs_VariousData_ReturnsTrue(&quot;Atom Z3735F&quot;,&quot;GeniueIntel Intel&lt;R&gt; Atom&lt;TM&gt; CPU Z3735F @ 1.33GHz&quot;)" methodname="CompareCPUs_VariousData_ReturnsTrue" classname="Retriever4.Tests.StringValidationTests" runstate="Runnable" seed="2110693841" result="Passed" start-time="2018-07-27 10:40:06Z" end-time="2018-07-27 10:40:06Z" duration="0.000262" asserts="1" />
            <test-case id="0-1072" name="CompareCPUs_VariousData_ReturnsTrue(&quot;i7-6700HQ&quot;,&quot;GeniueIntel Intel&lt;R&gt; Core&lt;TM&gt; i7-6700HQ CPU @ 2.60GHz&quot;)" fullname="Retriever4.Tests.StringValidationTests.CompareCPUs_VariousData_ReturnsTrue(&quot;i7-6700HQ&quot;,&quot;GeniueIntel Intel&lt;R&gt; Core&lt;TM&gt; i7-6700HQ CPU @ 2.60GHz&quot;)" methodname="CompareCPUs_VariousData_ReturnsTrue" classname="Retriever4.Tests.StringValidationTests" runstate="Runnable" seed="772384629" result="Passed" start-time="2018-07-27 10:40:06Z" end-time="2018-07-27 10:40:06Z" duration="0.000247" asserts="1" />
            <test-case id="0-1073" name="CompareCPUs_VariousData_ReturnsTrue(&quot;Celeron N3150&quot;,&quot;GeniueIntel Intel&lt;R&gt; Celeron&lt;TM&gt; CPU N3150 @ 1.60GHz&quot;)" fullname="Retriever4.Tests.StringValidationTests.CompareCPUs_VariousData_ReturnsTrue(&quot;Celeron N3150&quot;,&quot;GeniueIntel Intel&lt;R&gt; Celeron&lt;TM&gt; CPU N3150 @ 1.60GHz&quot;)" methodname="CompareCPUs_VariousData_ReturnsTrue" classname="Retriever4.Tests.StringValidationTests" runstate="Runnable" seed="330195660" result="Passed" start-time="2018-07-27 10:40:06Z" end-time="2018-07-27 10:40:06Z" duration="0.000238" asserts="1" />
            <test-case id="0-1074" name="CompareCPUs_VariousData_ReturnsTrue(&quot;Pentium N4200&quot;,&quot;GeniueIntel Intel&lt;R&gt; Pentium&lt;TM&gt; CPU N4200 @ 1.10GHz&quot;)" fullname="Retriever4.Tests.StringValidationTests.CompareCPUs_VariousData_ReturnsTrue(&quot;Pentium N4200&quot;,&quot;GeniueIntel Intel&lt;R&gt; Pentium&lt;TM&gt; CPU N4200 @ 1.10GHz&quot;)" methodname="CompareCPUs_VariousData_ReturnsTrue" classname="Retriever4.Tests.StringValidationTests" runstate="Runnable" seed="1467515217" result="Passed" start-time="2018-07-27 10:40:06Z" end-time="2018-07-27 10:40:06Z" duration="0.000238" asserts="1" />
            <test-case id="0-1075" name="CompareCPUs_VariousData_ReturnsTrue(&quot;Intel Celeron N2808&quot;,&quot;GeniueIntel Intel&lt;R&gt; Celeron&lt;TM&gt; CPU N2808 @ 1.58GHz&quot;)" fullname="Retriever4.Tests.StringValidationTests.CompareCPUs_VariousData_ReturnsTrue(&quot;Intel Celeron N2808&quot;,&quot;GeniueIntel Intel&lt;R&gt; Celeron&lt;TM&gt; CPU N2808 @ 1.58GHz&quot;)" methodname="CompareCPUs_VariousData_ReturnsTrue" classname="Retriever4.Tests.StringValidationTests" runstate="Runnable" seed="805088238" result="Passed" start-time="2018-07-27 10:40:06Z" end-time="2018-07-27 10:40:06Z" duration="0.000237" asserts="1" />
          </test-suite>
          <test-suite type="ParameterizedMethod" id="0-1113" name="CompareMainboardModel_ArgumentIsNull_ThrowsException" fullname="Retriever4.Tests.StringValidationTests.CompareMainboardModel_ArgumentIsNull_ThrowsException" classname="Retriever4.Tests.StringValidationTests" runstate="Runnable" testcasecount="6" result="Passed" start-time="2018-07-27 10:40:06Z" end-time="2018-07-27 10:40:06Z" duration="0.003254" total="6" passed="6" failed="0" warnings="0" inconclusive="0" skipped="0" asserts="6">
            <test-case id="0-1107" name="CompareMainboardModel_ArgumentIsNull_ThrowsException(&quot;Test&quot;,&quot;&quot;)" fullname="Retriever4.Tests.StringValidationTests.CompareMainboardModel_ArgumentIsNull_ThrowsException(&quot;Test&quot;,&quot;&quot;)" methodname="CompareMainboardModel_ArgumentIsNull_ThrowsException" classname="Retriever4.Tests.StringValidationTests" runstate="Runnable" seed="1324204499" result="Passed" start-time="2018-07-27 10:40:06Z" end-time="2018-07-27 10:40:06Z" duration="0.001771" asserts="1" />
            <test-case id="0-1108" name="CompareMainboardModel_ArgumentIsNull_ThrowsException(&quot;Test&quot;,null)" fullname="Retriever4.Tests.StringValidationTests.CompareMainboardModel_ArgumentIsNull_ThrowsException(&quot;Test&quot;,null)" methodname="CompareMainboardModel_ArgumentIsNull_ThrowsException" classname="Retriever4.Tests.StringValidationTests" runstate="Runnable" seed="1752596473" result="Passed" start-time="2018-07-27 10:40:06Z" end-time="2018-07-27 10:40:06Z" duration="0.000300" asserts="1" />
            <test-case id="0-1109" name="CompareMainboardModel_ArgumentIsNull_ThrowsException(&quot;&quot;,&quot;Test&quot;)" fullname="Retriever4.Tests.StringValidationTests.CompareMainboardModel_ArgumentIsNull_ThrowsException(&quot;&quot;,&quot;Test&quot;)" methodname="CompareMainboardModel_ArgumentIsNull_ThrowsException" classname="Retriever4.Tests.StringValidationTests" runstate="Runnable" seed="651897819" result="Passed" start-time="2018-07-27 10:40:06Z" end-time="2018-07-27 10:40:06Z" duration="0.000278" asserts="1" />
            <test-case id="0-1110" name="CompareMainboardModel_ArgumentIsNull_ThrowsException(null,&quot;Test&quot;)" fullname="Retriever4.Tests.StringValidationTests.CompareMainboardModel_ArgumentIsNull_ThrowsException(null,&quot;Test&quot;)" methodname="CompareMainboardModel_ArgumentIsNull_ThrowsException" classname="Retriever4.Tests.StringValidationTests" runstate="Runnable" seed="772368835" result="Passed" start-time="2018-07-27 10:40:06Z" end-time="2018-07-27 10:40:06Z" duration="0.000251" asserts="1" />
            <test-case id="0-1111" name="CompareMainboardModel_ArgumentIsNull_ThrowsException(&quot;&quot;,&quot;&quot;)" fullname="Retriever4.Tests.StringValidationTests.CompareMainboardModel_ArgumentIsNull_ThrowsException(&quot;&quot;,&quot;&quot;)" methodname="CompareMainboardModel_ArgumentIsNull_ThrowsException" classname="Retriever4.Tests.StringValidationTests" runstate="Runnable" seed="1462044775" result="Passed" start-time="2018-07-27 10:40:06Z" end-time="2018-07-27 10:40:06Z" duration="0.000248" asserts="1" />
            <test-case id="0-1112" name="CompareMainboardModel_ArgumentIsNull_ThrowsException(null,null)" fullname="Retriever4.Tests.StringValidationTests.CompareMainboardModel_ArgumentIsNull_ThrowsException(null,null)" methodname="CompareMainboardModel_ArgumentIsNull_ThrowsException" classname="Retriever4.Tests.StringValidationTests" runstate="Runnable" seed="631805571" result="Passed" start-time="2018-07-27 10:40:06Z" end-time="2018-07-27 10:40:06Z" duration="0.000253" asserts="1" />
          </test-suite>
          <test-suite type="ParameterizedMethod" id="0-1106" name="CompareMainboardModel_VariousData_ReturnsTrue" fullname="Retriever4.Tests.StringValidationTests.CompareMainboardModel_VariousData_ReturnsTrue" classname="Retriever4.Tests.StringValidationTests" runstate="Runnable" testcasecount="22" result="Skipped" label="Ignored" site="Child" start-time="2018-07-27 10:40:06Z" end-time="2018-07-27 10:40:06Z" duration="0.023262" total="22" passed="17" failed="0" warnings="0" inconclusive="0" skipped="5" asserts="17">
            <reason>
              <message><![CDATA[One or more child tests were ignored]]></message>
            </reason>
            <test-case id="0-1084" name="CompareMainboardModel_VariousData_ReturnsTrue(&quot;E15KR&quot;,&quot;E15KR&quot;)" fullname="Retriever4.Tests.StringValidationTests.CompareMainboardModel_VariousData_ReturnsTrue(&quot;E15KR&quot;,&quot;E15KR&quot;)" methodname="CompareMainboardModel_VariousData_ReturnsTrue" classname="Retriever4.Tests.StringValidationTests" runstate="Runnable" seed="1537098597" result="Passed" start-time="2018-07-27 10:40:06Z" end-time="2018-07-27 10:40:06Z" duration="0.010875" asserts="1" />
            <test-case id="0-1085" name="CompareMainboardModel_VariousData_ReturnsTrue(&quot;E15K&quot;,&quot;E15KUN&quot;)" fullname="Retriever4.Tests.StringValidationTests.CompareMainboardModel_VariousData_ReturnsTrue(&quot;E15K&quot;,&quot;E15KUN&quot;)" methodname="CompareMainboardModel_VariousData_ReturnsTrue" classname="Retriever4.Tests.StringValidationTests" runstate="Runnable" seed="57365023" result="Passed" start-time="2018-07-27 10:40:06Z" end-time="2018-07-27 10:40:06Z" duration="0.000510" asserts="1" />
            <test-case id="0-1086" name="CompareMainboardModel_VariousData_ReturnsTrue(&quot;E15K&quot;,&quot;E15K&quot;)" fullname="Retriever4.Tests.StringValidationTests.CompareMainboardModel_VariousData_ReturnsTrue(&quot;E15K&quot;,&quot;E15K&quot;)" methodname="CompareMainboardModel_VariousData_ReturnsTrue" classname="Retriever4.Tests.StringValidationTests" runstate="Runnable" seed="1201521580" result="Passed" start-time="2018-07-27 10:40:06Z" end-time="2018-07-27 10:40:06Z" duration="0.000405" asserts="1" />
            <test-case id="0-1087" name="CompareMainboardModel_VariousData_ReturnsTrue(&quot;D17K&quot;,&quot;D17KUN&quot;)" fullname="Retriever4.Tests.StringValidationTests.CompareMainboardModel_VariousData_ReturnsTrue(&quot;D17K&quot;,&quot;D17KUN&quot;)" methodname="CompareMainboardModel_VariousData_ReturnsTrue" classname="Retriever4.Tests.StringValidationTests" runstate="Runnable" seed="1950798584" result="Passed" start-time="2018-07-27 10:40:06Z" end-time="2018-07-27 10:40:06Z" duration="0.000393" asserts="1" />
            <test-case id="0-1088" name="CompareMainboardModel_VariousData_ReturnsTrue(&quot;D17KxR&quot;,&quot;D17KR&quot;)" fullname="Retriever4.Tests.StringValidationTests.CompareMainboardModel_VariousData_ReturnsTrue(&quot;D17KxR&quot;,&quot;D17KR&quot;)" methodname="CompareMainboardModel_VariousData_ReturnsTrue" classname="Retriever4.Tests.StringValidationTests" runstate="Runnable" seed="114889585" result="Passed" start-time="2018-07-27 10:40:06Z" end-time="2018-07-27 10:40:06Z" duration="0.000405" asserts="1" />
            <test-case id="0-1089" name="CompareMainboardModel_VariousData_ReturnsTrue(&quot;Nt16H&quot;,&quot;NT16H&quot;)" fullname="Retriever4.Tests.StringValidationTests.CompareMainboardModel_VariousData_ReturnsTrue(&quot;Nt16H&quot;,&quot;NT16H&quot;)" methodname="CompareMainboardModel_VariousData_ReturnsTrue" classname="Retriever4.Tests.StringValidationTests" runstate="Runnable" seed="1153218131" result="Passed" start-time="2018-07-27 10:40:06Z" end-time="2018-07-27 10:40:06Z" duration="0.001070" asserts="1" />
            <test-case id="0-1090" name="CompareMainboardModel_VariousData_ReturnsTrue(&quot;E15K&quot;,&quot;E15KGN&quot;)" fullname="Retriever4.Tests.StringValidationTests.CompareMainboardModel_VariousData_ReturnsTrue(&quot;E15K&quot;,&quot;E15KGN&quot;)" methodname="CompareMainboardModel_VariousData_ReturnsTrue" classname="Retriever4.Tests.StringValidationTests" runstate="Runnable" seed="949753706" result="Passed" start-time="2018-07-27 10:40:06Z" end-time="2018-07-27 10:40:06Z" duration="0.000420" asserts="1" />
            <test-case id="0-1091" name="CompareMainboardModel_VariousData_ReturnsTrue(&quot;E15S&quot;,&quot;E15SIN&quot;)" fullname="Retriever4.Tests.StringValidationTests.CompareMainboardModel_VariousData_ReturnsTrue(&quot;E15S&quot;,&quot;E15SIN&quot;)" methodname="CompareMainboardModel_VariousData_ReturnsTrue" classname="Retriever4.Tests.StringValidationTests" runstate="Runnable" seed="1362881508" result="Passed" start-time="2018-07-27 10:40:06Z" end-time="2018-07-27 10:40:06Z" duration="0.000406" asserts="1" />
            <test-case id="0-1092" name="CompareMainboardModel_VariousData_ReturnsTrue(&quot;Wingman&quot;,&quot;3165 3ND&quot;)" fullname="Retriever4.Tests.StringValidationTests.CompareMainboardModel_VariousData_ReturnsTrue(&quot;Wingman&quot;,&quot;3165 3ND&quot;)" methodname="CompareMainboardModel_VariousData_ReturnsTrue" classname="Retriever4.Tests.StringValidationTests" runstate="Ignored" seed="782826806" result="Skipped" label="Ignored" start-time="2018-07-27 10:40:06Z" end-time="2018-07-27 10:40:06Z" duration="0.001815" asserts="0">
              <properties>
                <property name="_SKIPREASON" value="Potrzebna porpawka w bazie danych" />
              </properties>
              <reason>
                <message><![CDATA[Potrzebna porpawka w bazie danych]]></message>
              </reason>
            </test-case>
            <test-case id="0-1093" name="CompareMainboardModel_VariousData_ReturnsTrue(&quot;Polo 2&quot;,&quot;MA50LU&quot;)" fullname="Retriever4.Tests.StringValidationTests.CompareMainboardModel_VariousData_ReturnsTrue(&quot;Polo 2&quot;,&quot;MA50LU&quot;)" methodname="CompareMainboardModel_VariousData_ReturnsTrue" classname="Retriever4.Tests.StringValidationTests" runstate="Ignored" seed="1609422420" result="Skipped" label="Ignored" start-time="2018-07-27 10:40:06Z" end-time="2018-07-27 10:40:06Z" duration="0.000014" asserts="0">
              <properties>
                <property name="_SKIPREASON" value="Potrzebna porpawka w bazie danych" />
              </properties>
              <reason>
                <message><![CDATA[Potrzebna porpawka w bazie danych]]></message>
              </reason>
            </test-case>
            <test-case id="0-1094" name="CompareMainboardModel_VariousData_ReturnsTrue(&quot;D17KxR&quot;,&quot;D17KGR&quot;)" fullname="Retriever4.Tests.StringValidationTests.CompareMainboardModel_VariousData_ReturnsTrue(&quot;D17KxR&quot;,&quot;D17KGR&quot;)" methodname="CompareMainboardModel_VariousData_ReturnsTrue" classname="Retriever4.Tests.StringValidationTests" runstate="Runnable" seed="1443598497" result="Passed" start-time="2018-07-27 10:40:06Z" end-time="2018-07-27 10:40:06Z" duration="0.000655" asserts="1" />
            <test-case id="0-1095" name="CompareMainboardModel_VariousData_ReturnsTrue(&quot;WMBT1031&quot;,&quot;CNB PEAQ P1211T MD60011&quot;)" fullname="Retriever4.Tests.StringValidationTests.CompareMainboardModel_VariousData_ReturnsTrue(&quot;WMBT1031&quot;,&quot;CNB PEAQ P1211T MD60011&quot;)" methodname="CompareMainboardModel_VariousData_ReturnsTrue" classname="Retriever4.Tests.StringValidationTests" runstate="Ignored" seed="1105504191" result="Skipped" label="Ignored" start-time="2018-07-27 10:40:06Z" end-time="2018-07-27 10:40:06Z" duration="0.000006" asserts="0">
              <properties>
                <property name="_SKIPREASON" value="Potrzebna porpawka w bazie danych" />
              </properties>
              <reason>
                <message><![CDATA[Potrzebna porpawka w bazie danych]]></message>
              </reason>
            </test-case>
            <test-case id="0-1096" name="CompareMainboardModel_VariousData_ReturnsTrue(&quot;P670RE1M&quot;,&quot;P670RE1M&quot;)" fullname="Retriever4.Tests.StringValidationTests.CompareMainboardModel_VariousData_ReturnsTrue(&quot;P670RE1M&quot;,&quot;P670RE1M&quot;)" methodname="CompareMainboardModel_VariousData_ReturnsTrue" classname="Retriever4.Tests.StringValidationTests" runstate="Runnable" seed="1066162043" result="Passed" start-time="2018-07-27 10:40:06Z" end-time="2018-07-27 10:40:06Z" duration="0.000731" asserts="1" />
            <test-case id="0-1097" name="CompareMainboardModel_VariousData_ReturnsTrue(&quot;P670RE1-M&quot;,&quot;P670RE1M&quot;)" fullname="Retriever4.Tests.StringValidationTests.CompareMainboardModel_VariousData_ReturnsTrue(&quot;P670RE1-M&quot;,&quot;P670RE1M&quot;)" methodname="CompareMainboardModel_VariousData_ReturnsTrue" classname="Retriever4.Tests.StringValidationTests" runstate="Runnable" seed="656030231" result="Passed" start-time="2018-07-27 10:40:06Z" end-time="2018-07-27 10:40:06Z" duration="0.001345" asserts="1" />
            <test-case id="0-1098" name="CompareMainboardModel_VariousData_ReturnsTrue(&quot;NSBW1x02&quot;,&quot;NSBW1402&quot;)" fullname="Retriever4.Tests.StringValidationTests.CompareMainboardModel_VariousData_ReturnsTrue(&quot;NSBW1x02&quot;,&quot;NSBW1402&quot;)" methodname="CompareMainboardModel_VariousData_ReturnsTrue" classname="Retriever4.Tests.StringValidationTests" runstate="Runnable" seed="2075218016" result="Passed" start-time="2018-07-27 10:40:06Z" end-time="2018-07-27 10:40:06Z" duration="0.000441" asserts="1" />
            <test-case id="0-1099" name="CompareMainboardModel_VariousData_ReturnsTrue(&quot;WMBT1031&quot;,&quot;WMBT8931&quot;)" fullname="Retriever4.Tests.StringValidationTests.CompareMainboardModel_VariousData_ReturnsTrue(&quot;WMBT1031&quot;,&quot;WMBT8931&quot;)" methodname="CompareMainboardModel_VariousData_ReturnsTrue" classname="Retriever4.Tests.StringValidationTests" runstate="Ignored" seed="1070706979" result="Skipped" label="Ignored" start-time="2018-07-27 10:40:06Z" end-time="2018-07-27 10:40:06Z" duration="0.000004" asserts="0">
              <properties>
                <property name="_SKIPREASON" value="Potrzebna porpawka w bazie danych" />
              </properties>
              <reason>
                <message><![CDATA[Potrzebna porpawka w bazie danych]]></message>
              </reason>
            </test-case>
            <test-case id="0-1100" name="CompareMainboardModel_VariousData_ReturnsTrue(&quot;NT13A&quot;,&quot;NT13A&quot;)" fullname="Retriever4.Tests.StringValidationTests.CompareMainboardModel_VariousData_ReturnsTrue(&quot;NT13A&quot;,&quot;NT13A&quot;)" methodname="CompareMainboardModel_VariousData_ReturnsTrue" classname="Retriever4.Tests.StringValidationTests" runstate="Runnable" seed="898610291" result="Passed" start-time="2018-07-27 10:40:06Z" end-time="2018-07-27 10:40:06Z" duration="0.000402" asserts="1" />
            <test-case id="0-1101" name="CompareMainboardModel_VariousData_ReturnsTrue(&quot;Skoda&quot;,&quot;E1232T&quot;)" fullname="Retriever4.Tests.StringValidationTests.CompareMainboardModel_VariousData_ReturnsTrue(&quot;Skoda&quot;,&quot;E1232T&quot;)" methodname="CompareMainboardModel_VariousData_ReturnsTrue" classname="Retriever4.Tests.StringValidationTests" runstate="Ignored" seed="752562336" result="Skipped" label="Ignored" start-time="2018-07-27 10:40:06Z" end-time="2018-07-27 10:40:06Z" duration="0.000003" asserts="0">
              <properties>
                <property name="_SKIPREASON" value="Potrzebna porpawka w bazie danych" />
              </properties>
              <reason>
                <message><![CDATA[Potrzebna porpawka w bazie danych]]></message>
              </reason>
            </test-case>
            <test-case id="0-1102" name="CompareMainboardModel_VariousData_ReturnsTrue(&quot;D17KxR&quot;,&quot;D17KRR&quot;)" fullname="Retriever4.Tests.StringValidationTests.CompareMainboardModel_VariousData_ReturnsTrue(&quot;D17KxR&quot;,&quot;D17KRR&quot;)" methodname="CompareMainboardModel_VariousData_ReturnsTrue" classname="Retriever4.Tests.StringValidationTests" runstate="Runnable" seed="1007849028" result="Passed" start-time="2018-07-27 10:40:06Z" end-time="2018-07-27 10:40:06Z" duration="0.000390" asserts="1" />
            <test-case id="0-1103" name="CompareMainboardModel_VariousData_ReturnsTrue(&quot;D17S&quot;,&quot;D17SFN&quot;)" fullname="Retriever4.Tests.StringValidationTests.CompareMainboardModel_VariousData_ReturnsTrue(&quot;D17S&quot;,&quot;D17SFN&quot;)" methodname="CompareMainboardModel_VariousData_ReturnsTrue" classname="Retriever4.Tests.StringValidationTests" runstate="Runnable" seed="1717196906" result="Passed" start-time="2018-07-27 10:40:06Z" end-time="2018-07-27 10:40:06Z" duration="0.001629" asserts="1" />
            <test-case id="0-1104" name="CompareMainboardModel_VariousData_ReturnsTrue(&quot;NSSL1502&quot;,&quot;NSSL1502&quot;)" fullname="Retriever4.Tests.StringValidationTests.CompareMainboardModel_VariousData_ReturnsTrue(&quot;NSSL1502&quot;,&quot;NSSL1502&quot;)" methodname="CompareMainboardModel_VariousData_ReturnsTrue" classname="Retriever4.Tests.StringValidationTests" runstate="Runnable" seed="82864176" result="Passed" start-time="2018-07-27 10:40:06Z" end-time="2018-07-27 10:40:06Z" duration="0.000420" asserts="1" />
            <test-case id="0-1105" name="CompareMainboardModel_VariousData_ReturnsTrue(&quot;NSBW1x02&quot;,&quot;NSBW1502&quot;)" fullname="Retriever4.Tests.StringValidationTests.CompareMainboardModel_VariousData_ReturnsTrue(&quot;NSBW1x02&quot;,&quot;NSBW1502&quot;)" methodname="CompareMainboardModel_VariousData_ReturnsTrue" classname="Retriever4.Tests.StringValidationTests" runstate="Runnable" seed="1577671874" result="Passed" start-time="2018-07-27 10:40:06Z" end-time="2018-07-27 10:40:06Z" duration="0.000398" asserts="1" />
          </test-suite>
          <test-suite type="ParameterizedMethod" id="0-1120" name="CompareStrings_ArgumentIsNull_ThrowsException" fullname="Retriever4.Tests.StringValidationTests.CompareStrings_ArgumentIsNull_ThrowsException" classname="Retriever4.Tests.StringValidationTests" runstate="Runnable" testcasecount="6" result="Passed" start-time="2018-07-27 10:40:06Z" end-time="2018-07-27 10:40:06Z" duration="0.002860" total="6" passed="6" failed="0" warnings="0" inconclusive="0" skipped="0" asserts="6">
            <test-case id="0-1114" name="CompareStrings_ArgumentIsNull_ThrowsException(&quot;Test&quot;,&quot;&quot;)" fullname="Retriever4.Tests.StringValidationTests.CompareStrings_ArgumentIsNull_ThrowsException(&quot;Test&quot;,&quot;&quot;)" methodname="CompareStrings_ArgumentIsNull_ThrowsException" classname="Retriever4.Tests.StringValidationTests" runstate="Runnable" seed="717993332" result="Passed" start-time="2018-07-27 10:40:06Z" end-time="2018-07-27 10:40:06Z" duration="0.001426" asserts="1" />
            <test-case id="0-1115" name="CompareStrings_ArgumentIsNull_ThrowsException(&quot;Test&quot;,null)" fullname="Retriever4.Tests.StringValidationTests.CompareStrings_ArgumentIsNull_ThrowsException(&quot;Test&quot;,null)" methodname="CompareStrings_ArgumentIsNull_ThrowsException" classname="Retriever4.Tests.StringValidationTests" runstate="Runnable" seed="1229399172" result="Passed" start-time="2018-07-27 10:40:06Z" end-time="2018-07-27 10:40:06Z" duration="0.000288" asserts="1" />
            <test-case id="0-1116" name="CompareStrings_ArgumentIsNull_ThrowsException(&quot;&quot;,&quot;Test&quot;)" fullname="Retriever4.Tests.StringValidationTests.CompareStrings_ArgumentIsNull_ThrowsException(&quot;&quot;,&quot;Test&quot;)" methodname="CompareStrings_ArgumentIsNull_ThrowsException" classname="Retriever4.Tests.StringValidationTests" runstate="Runnable" seed="1026261166" result="Passed" start-time="2018-07-27 10:40:06Z" end-time="2018-07-27 10:40:06Z" duration="0.000256" asserts="1" />
            <test-case id="0-1117" name="CompareStrings_ArgumentIsNull_ThrowsException(null,&quot;Test&quot;)" fullname="Retriever4.Tests.StringValidationTests.CompareStrings_ArgumentIsNull_ThrowsException(null,&quot;Test&quot;)" methodname="CompareStrings_ArgumentIsNull_ThrowsException" classname="Retriever4.Tests.StringValidationTests" runstate="Runnable" seed="1698732948" result="Passed" start-time="2018-07-27 10:40:06Z" end-time="2018-07-27 10:40:06Z" duration="0.000253" asserts="1" />
            <test-case id="0-1118" name="CompareStrings_ArgumentIsNull_ThrowsException(&quot;&quot;,&quot;&quot;)" fullname="Retriever4.Tests.StringValidationTests.CompareStrings_ArgumentIsNull_ThrowsException(&quot;&quot;,&quot;&quot;)" methodname="CompareStrings_ArgumentIsNull_ThrowsException" classname="Retriever4.Tests.StringValidationTests" runstate="Runnable" seed="1087954025" result="Passed" start-time="2018-07-27 10:40:06Z" end-time="2018-07-27 10:40:06Z" duration="0.000245" asserts="1" />
            <test-case id="0-1119" name="CompareStrings_ArgumentIsNull_ThrowsException(null,null)" fullname="Retriever4.Tests.StringValidationTests.CompareStrings_ArgumentIsNull_ThrowsException(null,null)" methodname="CompareStrings_ArgumentIsNull_ThrowsException" classname="Retriever4.Tests.StringValidationTests" runstate="Runnable" seed="1221253027" result="Passed" start-time="2018-07-27 10:40:06Z" end-time="2018-07-27 10:40:06Z" duration="0.000245" asserts="1" />
          </test-suite>
        </test-suite>
        <test-suite type="TestFixture" id="0-1121" name="TypeValidationTests" fullname="Retriever4.Tests.TypeValidationTests" classname="Retriever4.Tests.TypeValidationTests" runstate="Runnable" testcasecount="10" result="Passed" start-time="2018-07-27 10:40:06Z" end-time="2018-07-27 10:40:06Z" duration="0.005398" total="10" passed="10" failed="0" warnings="0" inconclusive="0" skipped="0" asserts="10">
          <test-case id="0-1131" name="IsNullable_BasicType_ReturnsFalse" fullname="Retriever4.Tests.TypeValidationTests.IsNullable_BasicType_ReturnsFalse" methodname="IsNullable_BasicType_ReturnsFalse" classname="Retriever4.Tests.TypeValidationTests" runstate="Runnable" seed="1047304477" result="Passed" start-time="2018-07-27 10:40:06Z" end-time="2018-07-27 10:40:06Z" duration="0.000918" asserts="1" />
          <test-case id="0-1132" name="IsNullable_BasicTypeWithNullValue_ReturnTrue" fullname="Retriever4.Tests.TypeValidationTests.IsNullable_BasicTypeWithNullValue_ReturnTrue" methodname="IsNullable_BasicTypeWithNullValue_ReturnTrue" classname="Retriever4.Tests.TypeValidationTests" runstate="Runnable" seed="1638838571" result="Passed" start-time="2018-07-27 10:40:06Z" end-time="2018-07-27 10:40:06Z" duration="0.000610" asserts="1" />
          <test-case id="0-1129" name="IsNullable_NullableType_ReturnsTrue" fullname="Retriever4.Tests.TypeValidationTests.IsNullable_NullableType_ReturnsTrue" methodname="IsNullable_NullableType_ReturnsTrue" classname="Retriever4.Tests.TypeValidationTests" runstate="Runnable" seed="1695118440" result="Passed" start-time="2018-07-27 10:40:06Z" end-time="2018-07-27 10:40:06Z" duration="0.000577" asserts="1" />
          <test-case id="0-1130" name="IsNullable_NullableTypeWithNullValue_ReturnsTrue" fullname="Retriever4.Tests.TypeValidationTests.IsNullable_NullableTypeWithNullValue_ReturnsTrue" methodname="IsNullable_NullableTypeWithNullValue_ReturnsTrue" classname="Retriever4.Tests.TypeValidationTests" runstate="Runnable" seed="23751728" result="Passed" start-time="2018-07-27 10:40:06Z" end-time="2018-07-27 10:40:06Z" duration="0.000796" asserts="1" />
          <test-case id="0-1128" name="IsNumericType_NullParameter_ThrowsException" fullname="Retriever4.Tests.TypeValidationTests.IsNumericType_NullParameter_ThrowsException" methodname="IsNumericType_NullParameter_ThrowsException" classname="Retriever4.Tests.TypeValidationTests" runstate="Runnable" seed="1298521741" result="Passed" start-time="2018-07-27 10:40:06Z" end-time="2018-07-27 10:40:06Z" duration="0.001358" asserts="1" />
          <test-suite type="ParameterizedMethod" id="0-1127" name="IsNumericType_VariousTypes" fullname="Retriever4.Tests.TypeValidationTests.IsNumericType_VariousTypes" classname="Retriever4.Tests.TypeValidationTests" runstate="Runnable" testcasecount="5" result="Passed" start-time="2018-07-27 10:40:06Z" end-time="2018-07-27 10:40:06Z" duration="0.000837" total="5" passed="5" failed="0" warnings="0" inconclusive="0" skipped="0" asserts="5">
            <test-case id="0-1122" name="IsNumericType_VariousTypes(13,True)" fullname="Retriever4.Tests.TypeValidationTests.IsNumericType_VariousTypes(13,True)" methodname="IsNumericType_VariousTypes" classname="Retriever4.Tests.TypeValidationTests" runstate="Runnable" seed="155648983" result="Passed" start-time="2018-07-27 10:40:06Z" end-time="2018-07-27 10:40:06Z" duration="0.000273" asserts="1" />
            <test-case id="0-1123" name="IsNumericType_VariousTypes(-5,True)" fullname="Retriever4.Tests.TypeValidationTests.IsNumericType_VariousTypes(-5,True)" methodname="IsNumericType_VariousTypes" classname="Retriever4.Tests.TypeValidationTests" runstate="Runnable" seed="113438219" result="Passed" start-time="2018-07-27 10:40:06Z" end-time="2018-07-27 10:40:06Z" duration="0.000120" asserts="1" />
            <test-case id="0-1124" name="IsNumericType_VariousTypes(&quot;lol&quot;,False)" fullname="Retriever4.Tests.TypeValidationTests.IsNumericType_VariousTypes(&quot;lol&quot;,False)" methodname="IsNumericType_VariousTypes" classname="Retriever4.Tests.TypeValidationTests" runstate="Runnable" seed="710017308" result="Passed" start-time="2018-07-27 10:40:06Z" end-time="2018-07-27 10:40:06Z" duration="0.000104" asserts="1" />
            <test-case id="0-1125" name="IsNumericType_VariousTypes('h',False)" fullname="Retriever4.Tests.TypeValidationTests.IsNumericType_VariousTypes('h',False)" methodname="IsNumericType_VariousTypes" classname="Retriever4.Tests.TypeValidationTests" runstate="Runnable" seed="739978934" result="Passed" start-time="2018-07-27 10:40:06Z" end-time="2018-07-27 10:40:06Z" duration="0.000101" asserts="1" />
            <test-case id="0-1126" name="IsNumericType_VariousTypes(15342.5432d,True)" fullname="Retriever4.Tests.TypeValidationTests.IsNumericType_VariousTypes(15342.5432d,True)" methodname="IsNumericType_VariousTypes" classname="Retriever4.Tests.TypeValidationTests" runstate="Runnable" seed="722557755" result="Passed" start-time="2018-07-27 10:40:06Z" end-time="2018-07-27 10:40:06Z" duration="0.000104" asserts="1" />
          </test-suite>
        </test-suite>
      </test-suite>
    </test-suite>
  </test-suite>
</test-run>