<?xml version="1.0" encoding="utf-8" standalone="no"?>
<test-run id="2" testcasecount="102" result="Skipped" label="Ignored" total="102" passed="97" failed="0" inconclusive="0" skipped="5" asserts="97" engine-version="3.8.0.0" clr-version="4.0.30319.42000" start-time="2018-07-22 11:00:35Z" end-time="2018-07-22 11:00:37Z" duration="1.214242">
  <command-line><![CDATA[nunit3-console.exe  C:\Users\Duch003\source\repos\Retriever4\Retriever4.Tests\\bin\Debug\Retriever4.Tests.dll]]></command-line>
  <test-suite type="Assembly" id="0-1115" name="Retriever4.Tests.dll" fullname="C:\Users\Duch003\source\repos\Retriever4\Retriever4.Tests\bin\Debug\Retriever4.Tests.dll" runstate="Runnable" testcasecount="102" result="Skipped" label="Ignored" site="Child" start-time="2018-07-22 11:00:36Z" end-time="2018-07-22 11:00:37Z" duration="0.146803" total="102" passed="97" failed="0" warnings="0" inconclusive="0" skipped="5" asserts="97">
    <environment framework-version="3.10.1.0" clr-version="4.0.30319.42000" os-version="Microsoft Windows NT 10.0.17134.0" platform="Win32NT" cwd="C:\Users\Duch003\source\repos\Retriever4\packages\NUnit.ConsoleRunner.3.8.0\tools" machine-name="DUCH003" user="Duch003" user-domain="DUCH003" culture="en-GB" uiculture="en-GB" os-architecture="x64" />
    <settings>
      <setting name="DisposeRunners" value="True" />
      <setting name="WorkDirectory" value="C:\Users\Duch003\source\repos\Retriever4\packages\NUnit.ConsoleRunner.3.8.0\tools" />
      <setting name="ImageRuntimeVersion" value="4.0.30319" />
      <setting name="ImageTargetFrameworkName" value=".NETFramework,Version=v4.0" />
      <setting name="ImageRequiresX86" value="False" />
      <setting name="ImageRequiresDefaultAppDomainAssemblyResolver" value="False" />
      <setting name="NumberOfTestWorkers" value="8" />
    </settings>
    <properties>
      <property name="_PID" value="17460" />
      <property name="_APPDOMAIN" value="domain-" />
    </properties>
    <reason>
      <message><![CDATA[One or more child tests were ignored]]></message>
    </reason>
    <test-suite type="TestSuite" id="0-1116" name="Retriever4" fullname="Retriever4" runstate="Runnable" testcasecount="102" result="Skipped" label="Ignored" site="Child" start-time="2018-07-22 11:00:36Z" end-time="2018-07-22 11:00:37Z" duration="0.123653" total="102" passed="97" failed="0" warnings="0" inconclusive="0" skipped="5" asserts="97">
      <reason>
        <message><![CDATA[One or more child tests were ignored]]></message>
      </reason>
      <test-suite type="TestSuite" id="0-1117" name="Tests" fullname="Retriever4.Tests" runstate="Runnable" testcasecount="102" result="Skipped" label="Ignored" site="Child" start-time="2018-07-22 11:00:36Z" end-time="2018-07-22 11:00:37Z" duration="0.123147" total="102" passed="97" failed="0" warnings="0" inconclusive="0" skipped="5" asserts="97">
        <reason>
          <message><![CDATA[One or more child tests were ignored]]></message>
        </reason>
        <test-suite type="TestFixture" id="0-1000" name="DetectDeviceModelTests" fullname="Retriever4.Tests.DetectDeviceModelTests" classname="Retriever4.Tests.DetectDeviceModelTests" runstate="Runnable" testcasecount="14" result="Passed" start-time="2018-07-22 11:00:36Z" end-time="2018-07-22 11:00:37Z" duration="0.060032" total="14" passed="14" failed="0" warnings="0" inconclusive="0" skipped="0" asserts="14">
          <test-suite type="ParameterizedMethod" id="0-1015" name="DetectDeviceModel_PatternsDetectionTests" fullname="Retriever4.Tests.DetectDeviceModelTests.DetectDeviceModel_PatternsDetectionTests" classname="Retriever4.Tests.DetectDeviceModelTests" runstate="Runnable" testcasecount="14" result="Passed" start-time="2018-07-22 11:00:36Z" end-time="2018-07-22 11:00:37Z" duration="0.053988" total="14" passed="14" failed="0" warnings="0" inconclusive="0" skipped="0" asserts="14">
            <test-case id="0-1001" name="DetectDeviceModel_PatternsDetectionTests(&quot;99850&quot;,&quot;99850&quot;)" fullname="Retriever4.Tests.DetectDeviceModelTests.DetectDeviceModel_PatternsDetectionTests(&quot;99850&quot;,&quot;99850&quot;)" methodname="DetectDeviceModel_PatternsDetectionTests" classname="Retriever4.Tests.DetectDeviceModelTests" runstate="Runnable" seed="280754166" result="Passed" start-time="2018-07-22 11:00:36Z" end-time="2018-07-22 11:00:37Z" duration="0.041152" asserts="1" />
            <test-case id="0-1002" name="DetectDeviceModel_PatternsDetectionTests(&quot;C1010-I01B3&quot;,&quot;C1010-I01B3&quot;)" fullname="Retriever4.Tests.DetectDeviceModelTests.DetectDeviceModel_PatternsDetectionTests(&quot;C1010-I01B3&quot;,&quot;C1010-I01B3&quot;)" methodname="DetectDeviceModel_PatternsDetectionTests" classname="Retriever4.Tests.DetectDeviceModelTests" runstate="Runnable" seed="948728862" result="Passed" start-time="2018-07-22 11:00:37Z" end-time="2018-07-22 11:00:37Z" duration="0.002660" asserts="1" />
            <test-case id="0-1003" name="DetectDeviceModel_PatternsDetectionTests(&quot;S1415-I2N1S&quot;,&quot;S1415-I2N1S&quot;)" fullname="Retriever4.Tests.DetectDeviceModelTests.DetectDeviceModel_PatternsDetectionTests(&quot;S1415-I2N1S&quot;,&quot;S1415-I2N1S&quot;)" methodname="DetectDeviceModel_PatternsDetectionTests" classname="Retriever4.Tests.DetectDeviceModelTests" runstate="Runnable" seed="1702883645" result="Passed" start-time="2018-07-22 11:00:37Z" end-time="2018-07-22 11:00:37Z" duration="0.000155" asserts="1" />
            <test-case id="0-1004" name="DetectDeviceModel_PatternsDetectionTests(&quot;C2015-I5N1&quot;,&quot;C2015-I5N1&quot;)" fullname="Retriever4.Tests.DetectDeviceModelTests.DetectDeviceModel_PatternsDetectionTests(&quot;C2015-I5N1&quot;,&quot;C2015-I5N1&quot;)" methodname="DetectDeviceModel_PatternsDetectionTests" classname="Retriever4.Tests.DetectDeviceModelTests" runstate="Runnable" seed="175123249" result="Passed" start-time="2018-07-22 11:00:37Z" end-time="2018-07-22 11:00:37Z" duration="0.000149" asserts="1" />
            <test-case id="0-1005" name="DetectDeviceModel_PatternsDetectionTests(&quot;S1115-IMNL&quot;,&quot;S1115-IMNL&quot;)" fullname="Retriever4.Tests.DetectDeviceModelTests.DetectDeviceModel_PatternsDetectionTests(&quot;S1115-IMNL&quot;,&quot;S1115-IMNL&quot;)" methodname="DetectDeviceModel_PatternsDetectionTests" classname="Retriever4.Tests.DetectDeviceModelTests" runstate="Runnable" seed="2125125758" result="Passed" start-time="2018-07-22 11:00:37Z" end-time="2018-07-22 11:00:37Z" duration="0.000174" asserts="1" />
            <test-case id="0-1006" name="DetectDeviceModel_PatternsDetectionTests(&quot;P1115-I5CH&quot;,&quot;P1115-I5CH&quot;)" fullname="Retriever4.Tests.DetectDeviceModelTests.DetectDeviceModel_PatternsDetectionTests(&quot;P1115-I5CH&quot;,&quot;P1115-I5CH&quot;)" methodname="DetectDeviceModel_PatternsDetectionTests" classname="Retriever4.Tests.DetectDeviceModelTests" runstate="Runnable" seed="1900243065" result="Passed" start-time="2018-07-22 11:00:37Z" end-time="2018-07-22 11:00:37Z" duration="0.000144" asserts="1" />
            <test-case id="0-1007" name="DetectDeviceModel_PatternsDetectionTests(&quot;C1008-I01N&quot;,&quot;C1008-I01N&quot;)" fullname="Retriever4.Tests.DetectDeviceModelTests.DetectDeviceModel_PatternsDetectionTests(&quot;C1008-I01N&quot;,&quot;C1008-I01N&quot;)" methodname="DetectDeviceModel_PatternsDetectionTests" classname="Retriever4.Tests.DetectDeviceModelTests" runstate="Runnable" seed="1621165887" result="Passed" start-time="2018-07-22 11:00:37Z" end-time="2018-07-22 11:00:37Z" duration="0.000152" asserts="1" />
            <test-case id="0-1008" name="DetectDeviceModel_PatternsDetectionTests(&quot;S1115-IM2N&quot;,&quot;S1115-IM2N&quot;)" fullname="Retriever4.Tests.DetectDeviceModelTests.DetectDeviceModel_PatternsDetectionTests(&quot;S1115-IM2N&quot;,&quot;S1115-IM2N&quot;)" methodname="DetectDeviceModel_PatternsDetectionTests" classname="Retriever4.Tests.DetectDeviceModelTests" runstate="Runnable" seed="2031939386" result="Passed" start-time="2018-07-22 11:00:37Z" end-time="2018-07-22 11:00:37Z" duration="0.000152" asserts="1" />
            <test-case id="0-1009" name="DetectDeviceModel_PatternsDetectionTests(&quot;S1415-I1C&quot;,&quot;S1415-I1C&quot;)" fullname="Retriever4.Tests.DetectDeviceModelTests.DetectDeviceModel_PatternsDetectionTests(&quot;S1415-I1C&quot;,&quot;S1415-I1C&quot;)" methodname="DetectDeviceModel_PatternsDetectionTests" classname="Retriever4.Tests.DetectDeviceModelTests" runstate="Runnable" seed="1960918626" result="Passed" start-time="2018-07-22 11:00:37Z" end-time="2018-07-22 11:00:37Z" duration="0.000183" asserts="1" />
            <test-case id="0-1010" name="DetectDeviceModel_PatternsDetectionTests(&quot;S1414-I1BI S&quot;,&quot;S1414-I1BI S&quot;)" fullname="Retriever4.Tests.DetectDeviceModelTests.DetectDeviceModel_PatternsDetectionTests(&quot;S1414-I1BI S&quot;,&quot;S1414-I1BI S&quot;)" methodname="DetectDeviceModel_PatternsDetectionTests" classname="Retriever4.Tests.DetectDeviceModelTests" runstate="Runnable" seed="1110767936" result="Passed" start-time="2018-07-22 11:00:37Z" end-time="2018-07-22 11:00:37Z" duration="0.000143" asserts="1" />
            <test-case id="0-1011" name="DetectDeviceModel_PatternsDetectionTests(&quot;PNB S1414-I1BI S&quot;,&quot;S1414-I1BI S&quot;)" fullname="Retriever4.Tests.DetectDeviceModelTests.DetectDeviceModel_PatternsDetectionTests(&quot;PNB S1414-I1BI S&quot;,&quot;S1414-I1BI S&quot;)" methodname="DetectDeviceModel_PatternsDetectionTests" classname="Retriever4.Tests.DetectDeviceModelTests" runstate="Runnable" seed="1454374113" result="Passed" start-time="2018-07-22 11:00:37Z" end-time="2018-07-22 11:00:37Z" duration="0.000152" asserts="1" />
            <test-case id="0-1012" name="DetectDeviceModel_PatternsDetectionTests(&quot;CNB MEDION S1415-I1C&quot;,&quot;S1415-I1C&quot;)" fullname="Retriever4.Tests.DetectDeviceModelTests.DetectDeviceModel_PatternsDetectionTests(&quot;CNB MEDION S1415-I1C&quot;,&quot;S1415-I1C&quot;)" methodname="DetectDeviceModel_PatternsDetectionTests" classname="Retriever4.Tests.DetectDeviceModelTests" runstate="Runnable" seed="164001229" result="Passed" start-time="2018-07-22 11:00:37Z" end-time="2018-07-22 11:00:37Z" duration="0.000202" asserts="1" />
            <test-case id="0-1013" name="DetectDeviceModel_PatternsDetectionTests(&quot;PEAQC2015-I5N1&quot;,&quot;C2015-I5N1&quot;)" fullname="Retriever4.Tests.DetectDeviceModelTests.DetectDeviceModel_PatternsDetectionTests(&quot;PEAQC2015-I5N1&quot;,&quot;C2015-I5N1&quot;)" methodname="DetectDeviceModel_PatternsDetectionTests" classname="Retriever4.Tests.DetectDeviceModelTests" runstate="Runnable" seed="877683653" result="Passed" start-time="2018-07-22 11:00:37Z" end-time="2018-07-22 11:00:37Z" duration="0.000161" asserts="1" />
            <test-case id="0-1014" name="DetectDeviceModel_PatternsDetectionTests(&quot;S1415-I1C PEAQ&quot;,&quot;S1415-I1C&quot;)" fullname="Retriever4.Tests.DetectDeviceModelTests.DetectDeviceModel_PatternsDetectionTests(&quot;S1415-I1C PEAQ&quot;,&quot;S1415-I1C&quot;)" methodname="DetectDeviceModel_PatternsDetectionTests" classname="Retriever4.Tests.DetectDeviceModelTests" runstate="Runnable" seed="1442285063" result="Passed" start-time="2018-07-22 11:00:37Z" end-time="2018-07-22 11:00:37Z" duration="0.000162" asserts="1" />
          </test-suite>
        </test-suite>
        <test-suite type="TestFixture" id="0-1016" name="DoubleValidationTests" fullname="Retriever4.Tests.DoubleValidationTests" classname="Retriever4.Tests.DoubleValidationTests" runstate="Runnable" testcasecount="27" result="Passed" start-time="2018-07-22 11:00:37Z" end-time="2018-07-22 11:00:37Z" duration="0.025935" total="27" passed="27" failed="0" warnings="0" inconclusive="0" skipped="0" asserts="27">
          <test-suite type="ParameterizedMethod" id="0-1046" name="CompareStorages_DatabaseArgumentIsNullOrRealValueIsNegative_ThrowsException" fullname="Retriever4.Tests.DoubleValidationTests.CompareStorages_DatabaseArgumentIsNullOrRealValueIsNegative_ThrowsException" classname="Retriever4.Tests.DoubleValidationTests" runstate="Runnable" testcasecount="5" result="Passed" start-time="2018-07-22 11:00:37Z" end-time="2018-07-22 11:00:37Z" duration="0.020617" total="5" passed="5" failed="0" warnings="0" inconclusive="0" skipped="0" asserts="5">
            <test-case id="0-1041" name="CompareStorages_DatabaseArgumentIsNullOrRealValueIsNegative_ThrowsException(&quot;&quot;,100)" fullname="Retriever4.Tests.DoubleValidationTests.CompareStorages_DatabaseArgumentIsNullOrRealValueIsNegative_ThrowsException(&quot;&quot;,100)" methodname="CompareStorages_DatabaseArgumentIsNullOrRealValueIsNegative_ThrowsException" classname="Retriever4.Tests.DoubleValidationTests" runstate="Runnable" seed="1933456914" result="Passed" start-time="2018-07-22 11:00:37Z" end-time="2018-07-22 11:00:37Z" duration="0.019876" asserts="1" />
            <test-case id="0-1042" name="CompareStorages_DatabaseArgumentIsNullOrRealValueIsNegative_ThrowsException(null,100)" fullname="Retriever4.Tests.DoubleValidationTests.CompareStorages_DatabaseArgumentIsNullOrRealValueIsNegative_ThrowsException(null,100)" methodname="CompareStorages_DatabaseArgumentIsNullOrRealValueIsNegative_ThrowsException" classname="Retriever4.Tests.DoubleValidationTests" runstate="Runnable" seed="2049208946" result="Passed" start-time="2018-07-22 11:00:37Z" end-time="2018-07-22 11:00:37Z" duration="0.000211" asserts="1" />
            <test-case id="0-1043" name="CompareStorages_DatabaseArgumentIsNullOrRealValueIsNegative_ThrowsException(&quot;Test&quot;,-3)" fullname="Retriever4.Tests.DoubleValidationTests.CompareStorages_DatabaseArgumentIsNullOrRealValueIsNegative_ThrowsException(&quot;Test&quot;,-3)" methodname="CompareStorages_DatabaseArgumentIsNullOrRealValueIsNegative_ThrowsException" classname="Retriever4.Tests.DoubleValidationTests" runstate="Runnable" seed="452457691" result="Passed" start-time="2018-07-22 11:00:37Z" end-time="2018-07-22 11:00:37Z" duration="0.000149" asserts="1" />
            <test-case id="0-1044" name="CompareStorages_DatabaseArgumentIsNullOrRealValueIsNegative_ThrowsException(&quot;&quot;,-6)" fullname="Retriever4.Tests.DoubleValidationTests.CompareStorages_DatabaseArgumentIsNullOrRealValueIsNegative_ThrowsException(&quot;&quot;,-6)" methodname="CompareStorages_DatabaseArgumentIsNullOrRealValueIsNegative_ThrowsException" classname="Retriever4.Tests.DoubleValidationTests" runstate="Runnable" seed="421103854" result="Passed" start-time="2018-07-22 11:00:37Z" end-time="2018-07-22 11:00:37Z" duration="0.000146" asserts="1" />
            <test-case id="0-1045" name="CompareStorages_DatabaseArgumentIsNullOrRealValueIsNegative_ThrowsException(null,-9)" fullname="Retriever4.Tests.DoubleValidationTests.CompareStorages_DatabaseArgumentIsNullOrRealValueIsNegative_ThrowsException(null,-9)" methodname="CompareStorages_DatabaseArgumentIsNullOrRealValueIsNegative_ThrowsException" classname="Retriever4.Tests.DoubleValidationTests" runstate="Runnable" seed="830007814" result="Passed" start-time="2018-07-22 11:00:37Z" end-time="2018-07-22 11:00:37Z" duration="0.000144" asserts="1" />
          </test-suite>
          <test-suite type="ParameterizedMethod" id="0-1040" name="CompareStorages_VariousData" fullname="Retriever4.Tests.DoubleValidationTests.CompareStorages_VariousData" classname="Retriever4.Tests.DoubleValidationTests" runstate="Runnable" testcasecount="16" result="Passed" start-time="2018-07-22 11:00:37Z" end-time="2018-07-22 11:00:37Z" duration="0.004347" total="16" passed="16" failed="0" warnings="0" inconclusive="0" skipped="0" asserts="16">
            <test-case id="0-1024" name="CompareStorages_VariousData(&quot;256 GB SSD&quot;,274877906944L,True)" fullname="Retriever4.Tests.DoubleValidationTests.CompareStorages_VariousData(&quot;256 GB SSD&quot;,274877906944L,True)" methodname="CompareStorages_VariousData" classname="Retriever4.Tests.DoubleValidationTests" runstate="Runnable" seed="1264254491" result="Passed" start-time="2018-07-22 11:00:37Z" end-time="2018-07-22 11:00:37Z" duration="0.001024" asserts="1" />
            <test-case id="0-1025" name="CompareStorages_VariousData(&quot;128 GB SSD&quot;,137438953472L,True)" fullname="Retriever4.Tests.DoubleValidationTests.CompareStorages_VariousData(&quot;128 GB SSD&quot;,137438953472L,True)" methodname="CompareStorages_VariousData" classname="Retriever4.Tests.DoubleValidationTests" runstate="Runnable" seed="979248985" result="Passed" start-time="2018-07-22 11:00:37Z" end-time="2018-07-22 11:00:37Z" duration="0.000184" asserts="1" />
            <test-case id="0-1026" name="CompareStorages_VariousData(&quot;64 GB eMMC&quot;,68719476736L,True)" fullname="Retriever4.Tests.DoubleValidationTests.CompareStorages_VariousData(&quot;64 GB eMMC&quot;,68719476736L,True)" methodname="CompareStorages_VariousData" classname="Retriever4.Tests.DoubleValidationTests" runstate="Runnable" seed="1615269968" result="Passed" start-time="2018-07-22 11:00:37Z" end-time="2018-07-22 11:00:37Z" duration="0.000155" asserts="1" />
            <test-case id="0-1027" name="CompareStorages_VariousData(&quot;32 GB eMMC&quot;,34359738368L,True)" fullname="Retriever4.Tests.DoubleValidationTests.CompareStorages_VariousData(&quot;32 GB eMMC&quot;,34359738368L,True)" methodname="CompareStorages_VariousData" classname="Retriever4.Tests.DoubleValidationTests" runstate="Runnable" seed="1984936040" result="Passed" start-time="2018-07-22 11:00:37Z" end-time="2018-07-22 11:00:37Z" duration="0.000157" asserts="1" />
            <test-case id="0-1028" name="CompareStorages_VariousData(&quot;16 GB eMMC&quot;,17179869184L,True)" fullname="Retriever4.Tests.DoubleValidationTests.CompareStorages_VariousData(&quot;16 GB eMMC&quot;,17179869184L,True)" methodname="CompareStorages_VariousData" classname="Retriever4.Tests.DoubleValidationTests" runstate="Runnable" seed="690109165" result="Passed" start-time="2018-07-22 11:00:37Z" end-time="2018-07-22 11:00:37Z" duration="0.000154" asserts="1" />
            <test-case id="0-1029" name="CompareStorages_VariousData(&quot;320 GB HDD&quot;,343597383680L,True)" fullname="Retriever4.Tests.DoubleValidationTests.CompareStorages_VariousData(&quot;320 GB HDD&quot;,343597383680L,True)" methodname="CompareStorages_VariousData" classname="Retriever4.Tests.DoubleValidationTests" runstate="Runnable" seed="1218213162" result="Passed" start-time="2018-07-22 11:00:37Z" end-time="2018-07-22 11:00:37Z" duration="0.000153" asserts="1" />
            <test-case id="0-1030" name="CompareStorages_VariousData(&quot;500 GB HDD&quot;,536870912000L,True)" fullname="Retriever4.Tests.DoubleValidationTests.CompareStorages_VariousData(&quot;500 GB HDD&quot;,536870912000L,True)" methodname="CompareStorages_VariousData" classname="Retriever4.Tests.DoubleValidationTests" runstate="Runnable" seed="844708169" result="Passed" start-time="2018-07-22 11:00:37Z" end-time="2018-07-22 11:00:37Z" duration="0.000154" asserts="1" />
            <test-case id="0-1031" name="CompareStorages_VariousData(&quot;640 GB SSHD&quot;,687194767360L,True)" fullname="Retriever4.Tests.DoubleValidationTests.CompareStorages_VariousData(&quot;640 GB SSHD&quot;,687194767360L,True)" methodname="CompareStorages_VariousData" classname="Retriever4.Tests.DoubleValidationTests" runstate="Runnable" seed="835720191" result="Passed" start-time="2018-07-22 11:00:37Z" end-time="2018-07-22 11:00:37Z" duration="0.000154" asserts="1" />
            <test-case id="0-1032" name="CompareStorages_VariousData(&quot;750 GB SSHD&quot;,805306368000L,True)" fullname="Retriever4.Tests.DoubleValidationTests.CompareStorages_VariousData(&quot;750 GB SSHD&quot;,805306368000L,True)" methodname="CompareStorages_VariousData" classname="Retriever4.Tests.DoubleValidationTests" runstate="Runnable" seed="68480898" result="Passed" start-time="2018-07-22 11:00:37Z" end-time="2018-07-22 11:00:37Z" duration="0.000153" asserts="1" />
            <test-case id="0-1033" name="CompareStorages_VariousData(&quot;1 TB HDD&quot;,1099511627776L,True)" fullname="Retriever4.Tests.DoubleValidationTests.CompareStorages_VariousData(&quot;1 TB HDD&quot;,1099511627776L,True)" methodname="CompareStorages_VariousData" classname="Retriever4.Tests.DoubleValidationTests" runstate="Runnable" seed="1101166483" result="Passed" start-time="2018-07-22 11:00:37Z" end-time="2018-07-22 11:00:37Z" duration="0.000156" asserts="1" />
            <test-case id="0-1034" name="CompareStorages_VariousData(&quot;1,5 TB DHDD&quot;,1649267441664L,True)" fullname="Retriever4.Tests.DoubleValidationTests.CompareStorages_VariousData(&quot;1,5 TB DHDD&quot;,1649267441664L,True)" methodname="CompareStorages_VariousData" classname="Retriever4.Tests.DoubleValidationTests" runstate="Runnable" seed="1681652724" result="Passed" start-time="2018-07-22 11:00:37Z" end-time="2018-07-22 11:00:37Z" duration="0.000154" asserts="1" />
            <test-case id="0-1035" name="CompareStorages_VariousData(&quot;2 TB HDD&quot;,2199023255552L,True)" fullname="Retriever4.Tests.DoubleValidationTests.CompareStorages_VariousData(&quot;2 TB HDD&quot;,2199023255552L,True)" methodname="CompareStorages_VariousData" classname="Retriever4.Tests.DoubleValidationTests" runstate="Runnable" seed="1937952326" result="Passed" start-time="2018-07-22 11:00:37Z" end-time="2018-07-22 11:00:37Z" duration="0.000153" asserts="1" />
            <test-case id="0-1036" name="CompareStorages_VariousData(&quot;0,5 TB HDD&quot;,549755813888L,True)" fullname="Retriever4.Tests.DoubleValidationTests.CompareStorages_VariousData(&quot;0,5 TB HDD&quot;,549755813888L,True)" methodname="CompareStorages_VariousData" classname="Retriever4.Tests.DoubleValidationTests" runstate="Runnable" seed="258788576" result="Passed" start-time="2018-07-22 11:00:37Z" end-time="2018-07-22 11:00:37Z" duration="0.000154" asserts="1" />
            <test-case id="0-1037" name="CompareStorages_VariousData(&quot;0,5 TB HDD&quot;,1099511627776L,False)" fullname="Retriever4.Tests.DoubleValidationTests.CompareStorages_VariousData(&quot;0,5 TB HDD&quot;,1099511627776L,False)" methodname="CompareStorages_VariousData" classname="Retriever4.Tests.DoubleValidationTests" runstate="Runnable" seed="1818876234" result="Passed" start-time="2018-07-22 11:00:37Z" end-time="2018-07-22 11:00:37Z" duration="0.000169" asserts="1" />
            <test-case id="0-1038" name="CompareStorages_VariousData(&quot;320 GB HDD&quot;,274877906944L,False)" fullname="Retriever4.Tests.DoubleValidationTests.CompareStorages_VariousData(&quot;320 GB HDD&quot;,274877906944L,False)" methodname="CompareStorages_VariousData" classname="Retriever4.Tests.DoubleValidationTests" runstate="Runnable" seed="416810285" result="Passed" start-time="2018-07-22 11:00:37Z" end-time="2018-07-22 11:00:37Z" duration="0.000159" asserts="1" />
            <test-case id="0-1039" name="CompareStorages_VariousData(&quot;16 GB eMMC&quot;,34359738368L,False)" fullname="Retriever4.Tests.DoubleValidationTests.CompareStorages_VariousData(&quot;16 GB eMMC&quot;,34359738368L,False)" methodname="CompareStorages_VariousData" classname="Retriever4.Tests.DoubleValidationTests" runstate="Runnable" seed="1992052667" result="Passed" start-time="2018-07-22 11:00:37Z" end-time="2018-07-22 11:00:37Z" duration="0.000945" asserts="1" />
          </test-suite>
          <test-suite type="ParameterizedMethod" id="0-1023" name="CompareWearlevel_LogicTest" fullname="Retriever4.Tests.DoubleValidationTests.CompareWearlevel_LogicTest" classname="Retriever4.Tests.DoubleValidationTests" runstate="Runnable" testcasecount="6" result="Passed" start-time="2018-07-22 11:00:37Z" end-time="2018-07-22 11:00:37Z" duration="0.000811" total="6" passed="6" failed="0" warnings="0" inconclusive="0" skipped="0" asserts="6">
            <test-case id="0-1017" name="CompareWearlevel_LogicTest(-13,12,True)" fullname="Retriever4.Tests.DoubleValidationTests.CompareWearlevel_LogicTest(-13,12,True)" methodname="CompareWearlevel_LogicTest" classname="Retriever4.Tests.DoubleValidationTests" runstate="Runnable" seed="1934512926" result="Passed" start-time="2018-07-22 11:00:37Z" end-time="2018-07-22 11:00:37Z" duration="0.000311" asserts="1" />
            <test-case id="0-1018" name="CompareWearlevel_LogicTest(0,12,True)" fullname="Retriever4.Tests.DoubleValidationTests.CompareWearlevel_LogicTest(0,12,True)" methodname="CompareWearlevel_LogicTest" classname="Retriever4.Tests.DoubleValidationTests" runstate="Runnable" seed="722013097" result="Passed" start-time="2018-07-22 11:00:37Z" end-time="2018-07-22 11:00:37Z" duration="0.000079" asserts="1" />
            <test-case id="0-1019" name="CompareWearlevel_LogicTest(7.8d,12,True)" fullname="Retriever4.Tests.DoubleValidationTests.CompareWearlevel_LogicTest(7.8d,12,True)" methodname="CompareWearlevel_LogicTest" classname="Retriever4.Tests.DoubleValidationTests" runstate="Runnable" seed="1345815484" result="Passed" start-time="2018-07-22 11:00:37Z" end-time="2018-07-22 11:00:37Z" duration="0.000067" asserts="1" />
            <test-case id="0-1020" name="CompareWearlevel_LogicTest(12,12,True)" fullname="Retriever4.Tests.DoubleValidationTests.CompareWearlevel_LogicTest(12,12,True)" methodname="CompareWearlevel_LogicTest" classname="Retriever4.Tests.DoubleValidationTests" runstate="Runnable" seed="1741320513" result="Passed" start-time="2018-07-22 11:00:37Z" end-time="2018-07-22 11:00:37Z" duration="0.000108" asserts="1" />
            <test-case id="0-1021" name="CompareWearlevel_LogicTest(12.01d,12,False)" fullname="Retriever4.Tests.DoubleValidationTests.CompareWearlevel_LogicTest(12.01d,12,False)" methodname="CompareWearlevel_LogicTest" classname="Retriever4.Tests.DoubleValidationTests" runstate="Runnable" seed="1399971297" result="Passed" start-time="2018-07-22 11:00:37Z" end-time="2018-07-22 11:00:37Z" duration="0.000080" asserts="1" />
            <test-case id="0-1022" name="CompareWearlevel_LogicTest(14,12,False)" fullname="Retriever4.Tests.DoubleValidationTests.CompareWearlevel_LogicTest(14,12,False)" methodname="CompareWearlevel_LogicTest" classname="Retriever4.Tests.DoubleValidationTests" runstate="Runnable" seed="482624321" result="Passed" start-time="2018-07-22 11:00:37Z" end-time="2018-07-22 11:00:37Z" duration="0.000081" asserts="1" />
          </test-suite>
        </test-suite>
        <test-suite type="TestFixture" id="0-1047" name="ObjectsValidationTests" fullname="Retriever4.Tests.ObjectsValidationTests" classname="Retriever4.Tests.ObjectsValidationTests" runstate="Runnable" testcasecount="7" result="Passed" start-time="2018-07-22 11:00:37Z" end-time="2018-07-22 11:00:37Z" duration="0.007100" total="7" passed="7" failed="0" warnings="0" inconclusive="0" skipped="0" asserts="7">
          <test-case id="0-1051" name="CheckFieldsForNulls__CheckingObjectWithUnacceptableNullFieldsWithIgnoredFileds_NullFiledsAreIgnored" fullname="Retriever4.Tests.ObjectsValidationTests.CheckFieldsForNulls__CheckingObjectWithUnacceptableNullFieldsWithIgnoredFileds_NullFiledsAreIgnored" methodname="CheckFieldsForNulls__CheckingObjectWithUnacceptableNullFieldsWithIgnoredFileds_NullFiledsAreIgnored" classname="Retriever4.Tests.ObjectsValidationTests" runstate="Runnable" seed="30765821" result="Passed" start-time="2018-07-22 11:00:37Z" end-time="2018-07-22 11:00:37Z" duration="0.002957" asserts="1" />
          <test-case id="0-1052" name="CheckFieldsForNulls__IgnoredFieldsArrayContainsNullWithCorrectlyFilledObject_ThrowsException" fullname="Retriever4.Tests.ObjectsValidationTests.CheckFieldsForNulls__IgnoredFieldsArrayContainsNullWithCorrectlyFilledObject_ThrowsException" methodname="CheckFieldsForNulls__IgnoredFieldsArrayContainsNullWithCorrectlyFilledObject_ThrowsException" classname="Retriever4.Tests.ObjectsValidationTests" runstate="Runnable" seed="960168428" result="Passed" start-time="2018-07-22 11:00:37Z" end-time="2018-07-22 11:00:37Z" duration="0.000979" asserts="1" />
          <test-case id="0-1053" name="CheckFieldsForNulls__IgnoredFieldsArrayContainsNullWithUncorrectlyFilledObject_ThrowsException" fullname="Retriever4.Tests.ObjectsValidationTests.CheckFieldsForNulls__IgnoredFieldsArrayContainsNullWithUncorrectlyFilledObject_ThrowsException" methodname="CheckFieldsForNulls__IgnoredFieldsArrayContainsNullWithUncorrectlyFilledObject_ThrowsException" classname="Retriever4.Tests.ObjectsValidationTests" runstate="Runnable" seed="1367459145" result="Passed" start-time="2018-07-22 11:00:37Z" end-time="2018-07-22 11:00:37Z" duration="0.000536" asserts="1" />
          <test-case id="0-1048" name="CheckFieldsForNulls_CheckingCorrectlyFilledConfiguration" fullname="Retriever4.Tests.ObjectsValidationTests.CheckFieldsForNulls_CheckingCorrectlyFilledConfiguration" methodname="CheckFieldsForNulls_CheckingCorrectlyFilledConfiguration" classname="Retriever4.Tests.ObjectsValidationTests" runstate="Runnable" seed="1678392973" result="Passed" start-time="2018-07-22 11:00:37Z" end-time="2018-07-22 11:00:37Z" duration="0.000189" asserts="1" />
          <test-case id="0-1054" name="CheckFieldsForNulls_CheckingObjectFilledByNulls" fullname="Retriever4.Tests.ObjectsValidationTests.CheckFieldsForNulls_CheckingObjectFilledByNulls" methodname="CheckFieldsForNulls_CheckingObjectFilledByNulls" classname="Retriever4.Tests.ObjectsValidationTests" runstate="Runnable" seed="1686992779" result="Passed" start-time="2018-07-22 11:00:37Z" end-time="2018-07-22 11:00:37Z" duration="0.001314" asserts="1" />
          <test-case id="0-1049" name="CheckFieldsForNulls_CheckingObjectWithNullFields" fullname="Retriever4.Tests.ObjectsValidationTests.CheckFieldsForNulls_CheckingObjectWithNullFields" methodname="CheckFieldsForNulls_CheckingObjectWithNullFields" classname="Retriever4.Tests.ObjectsValidationTests" runstate="Runnable" seed="440378415" result="Passed" start-time="2018-07-22 11:00:37Z" end-time="2018-07-22 11:00:37Z" duration="0.000200" asserts="1" />
          <test-case id="0-1050" name="CheckFieldsForNulls_NullObject_ThrowsException" fullname="Retriever4.Tests.ObjectsValidationTests.CheckFieldsForNulls_NullObject_ThrowsException" methodname="CheckFieldsForNulls_NullObject_ThrowsException" classname="Retriever4.Tests.ObjectsValidationTests" runstate="Runnable" seed="1844568643" result="Passed" start-time="2018-07-22 11:00:37Z" end-time="2018-07-22 11:00:37Z" duration="0.000708" asserts="1" />
        </test-suite>
        <test-suite type="TestFixture" id="0-1055" name="StringValidationTests" fullname="Retriever4.Tests.StringValidationTests" classname="Retriever4.Tests.StringValidationTests" runstate="Runnable" testcasecount="54" result="Skipped" label="Ignored" site="Child" start-time="2018-07-22 11:00:37Z" end-time="2018-07-22 11:00:37Z" duration="0.023576" total="54" passed="49" failed="0" warnings="0" inconclusive="0" skipped="5" asserts="49">
          <reason>
            <message><![CDATA[One or more child tests were ignored]]></message>
          </reason>
          <test-suite type="ParameterizedMethod" id="0-1077" name="CompareCPUs_ArgumentIsNull_ThrowsException" fullname="Retriever4.Tests.StringValidationTests.CompareCPUs_ArgumentIsNull_ThrowsException" classname="Retriever4.Tests.StringValidationTests" runstate="Runnable" testcasecount="6" result="Passed" start-time="2018-07-22 11:00:37Z" end-time="2018-07-22 11:00:37Z" duration="0.002020" total="6" passed="6" failed="0" warnings="0" inconclusive="0" skipped="0" asserts="6">
            <test-case id="0-1071" name="CompareCPUs_ArgumentIsNull_ThrowsException(&quot;Test&quot;,&quot;&quot;)" fullname="Retriever4.Tests.StringValidationTests.CompareCPUs_ArgumentIsNull_ThrowsException(&quot;Test&quot;,&quot;&quot;)" methodname="CompareCPUs_ArgumentIsNull_ThrowsException" classname="Retriever4.Tests.StringValidationTests" runstate="Runnable" seed="1075334582" result="Passed" start-time="2018-07-22 11:00:37Z" end-time="2018-07-22 11:00:37Z" duration="0.001131" asserts="1" />
            <test-case id="0-1072" name="CompareCPUs_ArgumentIsNull_ThrowsException(&quot;Test&quot;,null)" fullname="Retriever4.Tests.StringValidationTests.CompareCPUs_ArgumentIsNull_ThrowsException(&quot;Test&quot;,null)" methodname="CompareCPUs_ArgumentIsNull_ThrowsException" classname="Retriever4.Tests.StringValidationTests" runstate="Runnable" seed="2004827455" result="Passed" start-time="2018-07-22 11:00:37Z" end-time="2018-07-22 11:00:37Z" duration="0.000175" asserts="1" />
            <test-case id="0-1073" name="CompareCPUs_ArgumentIsNull_ThrowsException(&quot;&quot;,&quot;Test&quot;)" fullname="Retriever4.Tests.StringValidationTests.CompareCPUs_ArgumentIsNull_ThrowsException(&quot;&quot;,&quot;Test&quot;)" methodname="CompareCPUs_ArgumentIsNull_ThrowsException" classname="Retriever4.Tests.StringValidationTests" runstate="Runnable" seed="1520837221" result="Passed" start-time="2018-07-22 11:00:37Z" end-time="2018-07-22 11:00:37Z" duration="0.000149" asserts="1" />
            <test-case id="0-1074" name="CompareCPUs_ArgumentIsNull_ThrowsException(null,&quot;Test&quot;)" fullname="Retriever4.Tests.StringValidationTests.CompareCPUs_ArgumentIsNull_ThrowsException(null,&quot;Test&quot;)" methodname="CompareCPUs_ArgumentIsNull_ThrowsException" classname="Retriever4.Tests.StringValidationTests" runstate="Runnable" seed="807343526" result="Passed" start-time="2018-07-22 11:00:37Z" end-time="2018-07-22 11:00:37Z" duration="0.000143" asserts="1" />
            <test-case id="0-1075" name="CompareCPUs_ArgumentIsNull_ThrowsException(&quot;&quot;,&quot;&quot;)" fullname="Retriever4.Tests.StringValidationTests.CompareCPUs_ArgumentIsNull_ThrowsException(&quot;&quot;,&quot;&quot;)" methodname="CompareCPUs_ArgumentIsNull_ThrowsException" classname="Retriever4.Tests.StringValidationTests" runstate="Runnable" seed="744667048" result="Passed" start-time="2018-07-22 11:00:37Z" end-time="2018-07-22 11:00:37Z" duration="0.000168" asserts="1" />
            <test-case id="0-1076" name="CompareCPUs_ArgumentIsNull_ThrowsException(null,null)" fullname="Retriever4.Tests.StringValidationTests.CompareCPUs_ArgumentIsNull_ThrowsException(null,null)" methodname="CompareCPUs_ArgumentIsNull_ThrowsException" classname="Retriever4.Tests.StringValidationTests" runstate="Runnable" seed="1896823973" result="Passed" start-time="2018-07-22 11:00:37Z" end-time="2018-07-22 11:00:37Z" duration="0.000141" asserts="1" />
          </test-suite>
          <test-suite type="ParameterizedMethod" id="0-1070" name="CompareCPUs_VariousData_ReturnsTrue" fullname="Retriever4.Tests.StringValidationTests.CompareCPUs_VariousData_ReturnsTrue" classname="Retriever4.Tests.StringValidationTests" runstate="Runnable" testcasecount="14" result="Passed" start-time="2018-07-22 11:00:37Z" end-time="2018-07-22 11:00:37Z" duration="0.003146" total="14" passed="14" failed="0" warnings="0" inconclusive="0" skipped="0" asserts="14">
            <test-case id="0-1056" name="CompareCPUs_VariousData_ReturnsTrue(&quot;i5-7200U&quot;,&quot;GeniueIntel Intel&lt;R&gt; Core&lt;TM&gt; i5-7200U CPU @ 2.50GHz&quot;)" fullname="Retriever4.Tests.StringValidationTests.CompareCPUs_VariousData_ReturnsTrue(&quot;i5-7200U&quot;,&quot;GeniueIntel Intel&lt;R&gt; Core&lt;TM&gt; i5-7200U CPU @ 2.50GHz&quot;)" methodname="CompareCPUs_VariousData_ReturnsTrue" classname="Retriever4.Tests.StringValidationTests" runstate="Runnable" seed="508799900" result="Passed" start-time="2018-07-22 11:00:37Z" end-time="2018-07-22 11:00:37Z" duration="0.000376" asserts="1" />
            <test-case id="0-1057" name="CompareCPUs_VariousData_ReturnsTrue(&quot;Pentium 4415U&quot;,&quot;GeniueIntel Intel&lt;R&gt; Pentium&lt;TM&gt; CPU 4415U @ 2.30GHz&quot;)" fullname="Retriever4.Tests.StringValidationTests.CompareCPUs_VariousData_ReturnsTrue(&quot;Pentium 4415U&quot;,&quot;GeniueIntel Intel&lt;R&gt; Pentium&lt;TM&gt; CPU 4415U @ 2.30GHz&quot;)" methodname="CompareCPUs_VariousData_ReturnsTrue" classname="Retriever4.Tests.StringValidationTests" runstate="Runnable" seed="1472922011" result="Passed" start-time="2018-07-22 11:00:37Z" end-time="2018-07-22 11:00:37Z" duration="0.000192" asserts="1" />
            <test-case id="0-1058" name="CompareCPUs_VariousData_ReturnsTrue(&quot;i3-7100U&quot;,&quot;GeniueIntel Intel&lt;R&gt; Core&lt;TM&gt; i3-7100U CPU @ 2.40GHz&quot;)" fullname="Retriever4.Tests.StringValidationTests.CompareCPUs_VariousData_ReturnsTrue(&quot;i3-7100U&quot;,&quot;GeniueIntel Intel&lt;R&gt; Core&lt;TM&gt; i3-7100U CPU @ 2.40GHz&quot;)" methodname="CompareCPUs_VariousData_ReturnsTrue" classname="Retriever4.Tests.StringValidationTests" runstate="Runnable" seed="1208197188" result="Passed" start-time="2018-07-22 11:00:37Z" end-time="2018-07-22 11:00:37Z" duration="0.000168" asserts="1" />
            <test-case id="0-1059" name="CompareCPUs_VariousData_ReturnsTrue(&quot;i7-8550U&quot;,&quot;GeniueIntel Intel&lt;R&gt; Core&lt;TM&gt; i7-8550U CPU @ 1.80GHz&quot;)" fullname="Retriever4.Tests.StringValidationTests.CompareCPUs_VariousData_ReturnsTrue(&quot;i7-8550U&quot;,&quot;GeniueIntel Intel&lt;R&gt; Core&lt;TM&gt; i7-8550U CPU @ 1.80GHz&quot;)" methodname="CompareCPUs_VariousData_ReturnsTrue" classname="Retriever4.Tests.StringValidationTests" runstate="Runnable" seed="653386208" result="Passed" start-time="2018-07-22 11:00:37Z" end-time="2018-07-22 11:00:37Z" duration="0.000136" asserts="1" />
            <test-case id="0-1060" name="CompareCPUs_VariousData_ReturnsTrue(&quot;Atom x5-Z8350&quot;,&quot;GeniueIntel Intel&lt;R&gt; Atom&lt;TM&gt; x5-Z8350 CPU @ 1.44GHz&quot;)" fullname="Retriever4.Tests.StringValidationTests.CompareCPUs_VariousData_ReturnsTrue(&quot;Atom x5-Z8350&quot;,&quot;GeniueIntel Intel&lt;R&gt; Atom&lt;TM&gt; x5-Z8350 CPU @ 1.44GHz&quot;)" methodname="CompareCPUs_VariousData_ReturnsTrue" classname="Retriever4.Tests.StringValidationTests" runstate="Runnable" seed="1471847785" result="Passed" start-time="2018-07-22 11:00:37Z" end-time="2018-07-22 11:00:37Z" duration="0.000808" asserts="1" />
            <test-case id="0-1061" name="CompareCPUs_VariousData_ReturnsTrue(&quot;Celeron N3060&quot;,&quot;GeniueIntel Intel&lt;R&gt; Celeron&lt;TM&gt; N3060 CPU @ 1.60GHz&quot;)" fullname="Retriever4.Tests.StringValidationTests.CompareCPUs_VariousData_ReturnsTrue(&quot;Celeron N3060&quot;,&quot;GeniueIntel Intel&lt;R&gt; Celeron&lt;TM&gt; N3060 CPU @ 1.60GHz&quot;)" methodname="CompareCPUs_VariousData_ReturnsTrue" classname="Retriever4.Tests.StringValidationTests" runstate="Runnable" seed="913848685" result="Passed" start-time="2018-07-22 11:00:37Z" end-time="2018-07-22 11:00:37Z" duration="0.000137" asserts="1" />
            <test-case id="0-1062" name="CompareCPUs_VariousData_ReturnsTrue(&quot;Pentium N3700&quot;,&quot;GeniueIntel Intel&lt;R&gt; Pentium&lt;TM&gt; N3700 CPU @ 1.60GHz&quot;)" fullname="Retriever4.Tests.StringValidationTests.CompareCPUs_VariousData_ReturnsTrue(&quot;Pentium N3700&quot;,&quot;GeniueIntel Intel&lt;R&gt; Pentium&lt;TM&gt; N3700 CPU @ 1.60GHz&quot;)" methodname="CompareCPUs_VariousData_ReturnsTrue" classname="Retriever4.Tests.StringValidationTests" runstate="Runnable" seed="760523829" result="Passed" start-time="2018-07-22 11:00:37Z" end-time="2018-07-22 11:00:37Z" duration="0.000137" asserts="1" />
            <test-case id="0-1063" name="CompareCPUs_VariousData_ReturnsTrue(&quot;i3-6006U&quot;,&quot;GeniueIntel Intel&lt;R&gt; Core&lt;TM&gt; i3-6006U CPU @ 2.00GHz&quot;)" fullname="Retriever4.Tests.StringValidationTests.CompareCPUs_VariousData_ReturnsTrue(&quot;i3-6006U&quot;,&quot;GeniueIntel Intel&lt;R&gt; Core&lt;TM&gt; i3-6006U CPU @ 2.00GHz&quot;)" methodname="CompareCPUs_VariousData_ReturnsTrue" classname="Retriever4.Tests.StringValidationTests" runstate="Runnable" seed="1418417159" result="Passed" start-time="2018-07-22 11:00:37Z" end-time="2018-07-22 11:00:37Z" duration="0.000131" asserts="1" />
            <test-case id="0-1064" name="CompareCPUs_VariousData_ReturnsTrue(&quot;Pentium 4405U&quot;,&quot;GeniueIntel Intel&lt;R&gt; Pentium&lt;TM&gt; CPU 4405U @ 2.10GHz&quot;)" fullname="Retriever4.Tests.StringValidationTests.CompareCPUs_VariousData_ReturnsTrue(&quot;Pentium 4405U&quot;,&quot;GeniueIntel Intel&lt;R&gt; Pentium&lt;TM&gt; CPU 4405U @ 2.10GHz&quot;)" methodname="CompareCPUs_VariousData_ReturnsTrue" classname="Retriever4.Tests.StringValidationTests" runstate="Runnable" seed="1707079570" result="Passed" start-time="2018-07-22 11:00:37Z" end-time="2018-07-22 11:00:37Z" duration="0.000129" asserts="1" />
            <test-case id="0-1065" name="CompareCPUs_VariousData_ReturnsTrue(&quot;Atom Z3735F&quot;,&quot;GeniueIntel Intel&lt;R&gt; Atom&lt;TM&gt; CPU Z3735F @ 1.33GHz&quot;)" fullname="Retriever4.Tests.StringValidationTests.CompareCPUs_VariousData_ReturnsTrue(&quot;Atom Z3735F&quot;,&quot;GeniueIntel Intel&lt;R&gt; Atom&lt;TM&gt; CPU Z3735F @ 1.33GHz&quot;)" methodname="CompareCPUs_VariousData_ReturnsTrue" classname="Retriever4.Tests.StringValidationTests" runstate="Runnable" seed="881106785" result="Passed" start-time="2018-07-22 11:00:37Z" end-time="2018-07-22 11:00:37Z" duration="0.000131" asserts="1" />
            <test-case id="0-1066" name="CompareCPUs_VariousData_ReturnsTrue(&quot;i7-6700HQ&quot;,&quot;GeniueIntel Intel&lt;R&gt; Core&lt;TM&gt; i7-6700HQ CPU @ 2.60GHz&quot;)" fullname="Retriever4.Tests.StringValidationTests.CompareCPUs_VariousData_ReturnsTrue(&quot;i7-6700HQ&quot;,&quot;GeniueIntel Intel&lt;R&gt; Core&lt;TM&gt; i7-6700HQ CPU @ 2.60GHz&quot;)" methodname="CompareCPUs_VariousData_ReturnsTrue" classname="Retriever4.Tests.StringValidationTests" runstate="Runnable" seed="591626693" result="Passed" start-time="2018-07-22 11:00:37Z" end-time="2018-07-22 11:00:37Z" duration="0.000132" asserts="1" />
            <test-case id="0-1067" name="CompareCPUs_VariousData_ReturnsTrue(&quot;Celeron N3150&quot;,&quot;GeniueIntel Intel&lt;R&gt; Celeron&lt;TM&gt; CPU N3150 @ 1.60GHz&quot;)" fullname="Retriever4.Tests.StringValidationTests.CompareCPUs_VariousData_ReturnsTrue(&quot;Celeron N3150&quot;,&quot;GeniueIntel Intel&lt;R&gt; Celeron&lt;TM&gt; CPU N3150 @ 1.60GHz&quot;)" methodname="CompareCPUs_VariousData_ReturnsTrue" classname="Retriever4.Tests.StringValidationTests" runstate="Runnable" seed="1306503482" result="Passed" start-time="2018-07-22 11:00:37Z" end-time="2018-07-22 11:00:37Z" duration="0.000177" asserts="1" />
            <test-case id="0-1068" name="CompareCPUs_VariousData_ReturnsTrue(&quot;Pentium N4200&quot;,&quot;GeniueIntel Intel&lt;R&gt; Pentium&lt;TM&gt; CPU N4200 @ 1.10GHz&quot;)" fullname="Retriever4.Tests.StringValidationTests.CompareCPUs_VariousData_ReturnsTrue(&quot;Pentium N4200&quot;,&quot;GeniueIntel Intel&lt;R&gt; Pentium&lt;TM&gt; CPU N4200 @ 1.10GHz&quot;)" methodname="CompareCPUs_VariousData_ReturnsTrue" classname="Retriever4.Tests.StringValidationTests" runstate="Runnable" seed="186397924" result="Passed" start-time="2018-07-22 11:00:37Z" end-time="2018-07-22 11:00:37Z" duration="0.000141" asserts="1" />
            <test-case id="0-1069" name="CompareCPUs_VariousData_ReturnsTrue(&quot;Intel Celeron N2808&quot;,&quot;GeniueIntel Intel&lt;R&gt; Celeron&lt;TM&gt; CPU N2808 @ 1.58GHz&quot;)" fullname="Retriever4.Tests.StringValidationTests.CompareCPUs_VariousData_ReturnsTrue(&quot;Intel Celeron N2808&quot;,&quot;GeniueIntel Intel&lt;R&gt; Celeron&lt;TM&gt; CPU N2808 @ 1.58GHz&quot;)" methodname="CompareCPUs_VariousData_ReturnsTrue" classname="Retriever4.Tests.StringValidationTests" runstate="Runnable" seed="1949933579" result="Passed" start-time="2018-07-22 11:00:37Z" end-time="2018-07-22 11:00:37Z" duration="0.000184" asserts="1" />
          </test-suite>
          <test-suite type="ParameterizedMethod" id="0-1107" name="CompareMainboardModel_ArgumentIsNull_ThrowsException" fullname="Retriever4.Tests.StringValidationTests.CompareMainboardModel_ArgumentIsNull_ThrowsException" classname="Retriever4.Tests.StringValidationTests" runstate="Runnable" testcasecount="6" result="Passed" start-time="2018-07-22 11:00:37Z" end-time="2018-07-22 11:00:37Z" duration="0.001950" total="6" passed="6" failed="0" warnings="0" inconclusive="0" skipped="0" asserts="6">
            <test-case id="0-1101" name="CompareMainboardModel_ArgumentIsNull_ThrowsException(&quot;Test&quot;,&quot;&quot;)" fullname="Retriever4.Tests.StringValidationTests.CompareMainboardModel_ArgumentIsNull_ThrowsException(&quot;Test&quot;,&quot;&quot;)" methodname="CompareMainboardModel_ArgumentIsNull_ThrowsException" classname="Retriever4.Tests.StringValidationTests" runstate="Runnable" seed="1163449961" result="Passed" start-time="2018-07-22 11:00:37Z" end-time="2018-07-22 11:00:37Z" duration="0.001115" asserts="1" />
            <test-case id="0-1102" name="CompareMainboardModel_ArgumentIsNull_ThrowsException(&quot;Test&quot;,null)" fullname="Retriever4.Tests.StringValidationTests.CompareMainboardModel_ArgumentIsNull_ThrowsException(&quot;Test&quot;,null)" methodname="CompareMainboardModel_ArgumentIsNull_ThrowsException" classname="Retriever4.Tests.StringValidationTests" runstate="Runnable" seed="815476151" result="Passed" start-time="2018-07-22 11:00:37Z" end-time="2018-07-22 11:00:37Z" duration="0.000172" asserts="1" />
            <test-case id="0-1103" name="CompareMainboardModel_ArgumentIsNull_ThrowsException(&quot;&quot;,&quot;Test&quot;)" fullname="Retriever4.Tests.StringValidationTests.CompareMainboardModel_ArgumentIsNull_ThrowsException(&quot;&quot;,&quot;Test&quot;)" methodname="CompareMainboardModel_ArgumentIsNull_ThrowsException" classname="Retriever4.Tests.StringValidationTests" runstate="Runnable" seed="958613766" result="Passed" start-time="2018-07-22 11:00:37Z" end-time="2018-07-22 11:00:37Z" duration="0.000146" asserts="1" />
            <test-case id="0-1104" name="CompareMainboardModel_ArgumentIsNull_ThrowsException(null,&quot;Test&quot;)" fullname="Retriever4.Tests.StringValidationTests.CompareMainboardModel_ArgumentIsNull_ThrowsException(null,&quot;Test&quot;)" methodname="CompareMainboardModel_ArgumentIsNull_ThrowsException" classname="Retriever4.Tests.StringValidationTests" runstate="Runnable" seed="671466639" result="Passed" start-time="2018-07-22 11:00:37Z" end-time="2018-07-22 11:00:37Z" duration="0.000140" asserts="1" />
            <test-case id="0-1105" name="CompareMainboardModel_ArgumentIsNull_ThrowsException(&quot;&quot;,&quot;&quot;)" fullname="Retriever4.Tests.StringValidationTests.CompareMainboardModel_ArgumentIsNull_ThrowsException(&quot;&quot;,&quot;&quot;)" methodname="CompareMainboardModel_ArgumentIsNull_ThrowsException" classname="Retriever4.Tests.StringValidationTests" runstate="Runnable" seed="23770096" result="Passed" start-time="2018-07-22 11:00:37Z" end-time="2018-07-22 11:00:37Z" duration="0.000137" asserts="1" />
            <test-case id="0-1106" name="CompareMainboardModel_ArgumentIsNull_ThrowsException(null,null)" fullname="Retriever4.Tests.StringValidationTests.CompareMainboardModel_ArgumentIsNull_ThrowsException(null,null)" methodname="CompareMainboardModel_ArgumentIsNull_ThrowsException" classname="Retriever4.Tests.StringValidationTests" runstate="Runnable" seed="964173811" result="Passed" start-time="2018-07-22 11:00:37Z" end-time="2018-07-22 11:00:37Z" duration="0.000149" asserts="1" />
          </test-suite>
          <test-suite type="ParameterizedMethod" id="0-1100" name="CompareMainboardModel_VariousData_ReturnsTrue" fullname="Retriever4.Tests.StringValidationTests.CompareMainboardModel_VariousData_ReturnsTrue" classname="Retriever4.Tests.StringValidationTests" runstate="Runnable" testcasecount="22" result="Skipped" label="Ignored" site="Child" start-time="2018-07-22 11:00:37Z" end-time="2018-07-22 11:00:37Z" duration="0.014303" total="22" passed="17" failed="0" warnings="0" inconclusive="0" skipped="5" asserts="17">
            <reason>
              <message><![CDATA[One or more child tests were ignored]]></message>
            </reason>
            <test-case id="0-1078" name="CompareMainboardModel_VariousData_ReturnsTrue(&quot;E15KR&quot;,&quot;E15KR&quot;)" fullname="Retriever4.Tests.StringValidationTests.CompareMainboardModel_VariousData_ReturnsTrue(&quot;E15KR&quot;,&quot;E15KR&quot;)" methodname="CompareMainboardModel_VariousData_ReturnsTrue" classname="Retriever4.Tests.StringValidationTests" runstate="Runnable" seed="1474159228" result="Passed" start-time="2018-07-22 11:00:37Z" end-time="2018-07-22 11:00:37Z" duration="0.006855" asserts="1" />
            <test-case id="0-1079" name="CompareMainboardModel_VariousData_ReturnsTrue(&quot;E15K&quot;,&quot;E15KUN&quot;)" fullname="Retriever4.Tests.StringValidationTests.CompareMainboardModel_VariousData_ReturnsTrue(&quot;E15K&quot;,&quot;E15KUN&quot;)" methodname="CompareMainboardModel_VariousData_ReturnsTrue" classname="Retriever4.Tests.StringValidationTests" runstate="Runnable" seed="1644701242" result="Passed" start-time="2018-07-22 11:00:37Z" end-time="2018-07-22 11:00:37Z" duration="0.000313" asserts="1" />
            <test-case id="0-1080" name="CompareMainboardModel_VariousData_ReturnsTrue(&quot;E15K&quot;,&quot;E15K&quot;)" fullname="Retriever4.Tests.StringValidationTests.CompareMainboardModel_VariousData_ReturnsTrue(&quot;E15K&quot;,&quot;E15K&quot;)" methodname="CompareMainboardModel_VariousData_ReturnsTrue" classname="Retriever4.Tests.StringValidationTests" runstate="Runnable" seed="1089616064" result="Passed" start-time="2018-07-22 11:00:37Z" end-time="2018-07-22 11:00:37Z" duration="0.000281" asserts="1" />
            <test-case id="0-1081" name="CompareMainboardModel_VariousData_ReturnsTrue(&quot;D17K&quot;,&quot;D17KUN&quot;)" fullname="Retriever4.Tests.StringValidationTests.CompareMainboardModel_VariousData_ReturnsTrue(&quot;D17K&quot;,&quot;D17KUN&quot;)" methodname="CompareMainboardModel_VariousData_ReturnsTrue" classname="Retriever4.Tests.StringValidationTests" runstate="Runnable" seed="1995533457" result="Passed" start-time="2018-07-22 11:00:37Z" end-time="2018-07-22 11:00:37Z" duration="0.000259" asserts="1" />
            <test-case id="0-1082" name="CompareMainboardModel_VariousData_ReturnsTrue(&quot;D17KxR&quot;,&quot;D17KR&quot;)" fullname="Retriever4.Tests.StringValidationTests.CompareMainboardModel_VariousData_ReturnsTrue(&quot;D17KxR&quot;,&quot;D17KR&quot;)" methodname="CompareMainboardModel_VariousData_ReturnsTrue" classname="Retriever4.Tests.StringValidationTests" runstate="Runnable" seed="1115179184" result="Passed" start-time="2018-07-22 11:00:37Z" end-time="2018-07-22 11:00:37Z" duration="0.000339" asserts="1" />
            <test-case id="0-1083" name="CompareMainboardModel_VariousData_ReturnsTrue(&quot;Nt16H&quot;,&quot;NT16H&quot;)" fullname="Retriever4.Tests.StringValidationTests.CompareMainboardModel_VariousData_ReturnsTrue(&quot;Nt16H&quot;,&quot;NT16H&quot;)" methodname="CompareMainboardModel_VariousData_ReturnsTrue" classname="Retriever4.Tests.StringValidationTests" runstate="Runnable" seed="36217627" result="Passed" start-time="2018-07-22 11:00:37Z" end-time="2018-07-22 11:00:37Z" duration="0.000628" asserts="1" />
            <test-case id="0-1084" name="CompareMainboardModel_VariousData_ReturnsTrue(&quot;E15K&quot;,&quot;E15KGN&quot;)" fullname="Retriever4.Tests.StringValidationTests.CompareMainboardModel_VariousData_ReturnsTrue(&quot;E15K&quot;,&quot;E15KGN&quot;)" methodname="CompareMainboardModel_VariousData_ReturnsTrue" classname="Retriever4.Tests.StringValidationTests" runstate="Runnable" seed="430591439" result="Passed" start-time="2018-07-22 11:00:37Z" end-time="2018-07-22 11:00:37Z" duration="0.000270" asserts="1" />
            <test-case id="0-1085" name="CompareMainboardModel_VariousData_ReturnsTrue(&quot;E15S&quot;,&quot;E15SIN&quot;)" fullname="Retriever4.Tests.StringValidationTests.CompareMainboardModel_VariousData_ReturnsTrue(&quot;E15S&quot;,&quot;E15SIN&quot;)" methodname="CompareMainboardModel_VariousData_ReturnsTrue" classname="Retriever4.Tests.StringValidationTests" runstate="Runnable" seed="1994758469" result="Passed" start-time="2018-07-22 11:00:37Z" end-time="2018-07-22 11:00:37Z" duration="0.000249" asserts="1" />
            <test-case id="0-1086" name="CompareMainboardModel_VariousData_ReturnsTrue(&quot;Wingman&quot;,&quot;3165 3ND&quot;)" fullname="Retriever4.Tests.StringValidationTests.CompareMainboardModel_VariousData_ReturnsTrue(&quot;Wingman&quot;,&quot;3165 3ND&quot;)" methodname="CompareMainboardModel_VariousData_ReturnsTrue" classname="Retriever4.Tests.StringValidationTests" runstate="Ignored" seed="1903182475" result="Skipped" label="Ignored" start-time="2018-07-22 11:00:37Z" end-time="2018-07-22 11:00:37Z" duration="0.001075" asserts="0">
              <properties>
                <property name="_SKIPREASON" value="Potrzebna porpawka w bazie danych" />
              </properties>
              <reason>
                <message><![CDATA[Potrzebna porpawka w bazie danych]]></message>
              </reason>
            </test-case>
            <test-case id="0-1087" name="CompareMainboardModel_VariousData_ReturnsTrue(&quot;Polo 2&quot;,&quot;MA50LU&quot;)" fullname="Retriever4.Tests.StringValidationTests.CompareMainboardModel_VariousData_ReturnsTrue(&quot;Polo 2&quot;,&quot;MA50LU&quot;)" methodname="CompareMainboardModel_VariousData_ReturnsTrue" classname="Retriever4.Tests.StringValidationTests" runstate="Ignored" seed="271749363" result="Skipped" label="Ignored" start-time="2018-07-22 11:00:37Z" end-time="2018-07-22 11:00:37Z" duration="0.000008" asserts="0">
              <properties>
                <property name="_SKIPREASON" value="Potrzebna porpawka w bazie danych" />
              </properties>
              <reason>
                <message><![CDATA[Potrzebna porpawka w bazie danych]]></message>
              </reason>
            </test-case>
            <test-case id="0-1088" name="CompareMainboardModel_VariousData_ReturnsTrue(&quot;D17KxR&quot;,&quot;D17KGR&quot;)" fullname="Retriever4.Tests.StringValidationTests.CompareMainboardModel_VariousData_ReturnsTrue(&quot;D17KxR&quot;,&quot;D17KGR&quot;)" methodname="CompareMainboardModel_VariousData_ReturnsTrue" classname="Retriever4.Tests.StringValidationTests" runstate="Runnable" seed="614997174" result="Passed" start-time="2018-07-22 11:00:37Z" end-time="2018-07-22 11:00:37Z" duration="0.000274" asserts="1" />
            <test-case id="0-1089" name="CompareMainboardModel_VariousData_ReturnsTrue(&quot;WMBT1031&quot;,&quot;CNB PEAQ P1211T MD60011&quot;)" fullname="Retriever4.Tests.StringValidationTests.CompareMainboardModel_VariousData_ReturnsTrue(&quot;WMBT1031&quot;,&quot;CNB PEAQ P1211T MD60011&quot;)" methodname="CompareMainboardModel_VariousData_ReturnsTrue" classname="Retriever4.Tests.StringValidationTests" runstate="Ignored" seed="100506464" result="Skipped" label="Ignored" start-time="2018-07-22 11:00:37Z" end-time="2018-07-22 11:00:37Z" duration="0.000002" asserts="0">
              <properties>
                <property name="_SKIPREASON" value="Potrzebna porpawka w bazie danych" />
              </properties>
              <reason>
                <message><![CDATA[Potrzebna porpawka w bazie danych]]></message>
              </reason>
            </test-case>
            <test-case id="0-1090" name="CompareMainboardModel_VariousData_ReturnsTrue(&quot;P670RE1M&quot;,&quot;P670RE1M&quot;)" fullname="Retriever4.Tests.StringValidationTests.CompareMainboardModel_VariousData_ReturnsTrue(&quot;P670RE1M&quot;,&quot;P670RE1M&quot;)" methodname="CompareMainboardModel_VariousData_ReturnsTrue" classname="Retriever4.Tests.StringValidationTests" runstate="Runnable" seed="1081561467" result="Passed" start-time="2018-07-22 11:00:37Z" end-time="2018-07-22 11:00:37Z" duration="0.000250" asserts="1" />
            <test-case id="0-1091" name="CompareMainboardModel_VariousData_ReturnsTrue(&quot;P670RE1-M&quot;,&quot;P670RE1M&quot;)" fullname="Retriever4.Tests.StringValidationTests.CompareMainboardModel_VariousData_ReturnsTrue(&quot;P670RE1-M&quot;,&quot;P670RE1M&quot;)" methodname="CompareMainboardModel_VariousData_ReturnsTrue" classname="Retriever4.Tests.StringValidationTests" runstate="Runnable" seed="1741789412" result="Passed" start-time="2018-07-22 11:00:37Z" end-time="2018-07-22 11:00:37Z" duration="0.000823" asserts="1" />
            <test-case id="0-1092" name="CompareMainboardModel_VariousData_ReturnsTrue(&quot;NSBW1x02&quot;,&quot;NSBW1402&quot;)" fullname="Retriever4.Tests.StringValidationTests.CompareMainboardModel_VariousData_ReturnsTrue(&quot;NSBW1x02&quot;,&quot;NSBW1402&quot;)" methodname="CompareMainboardModel_VariousData_ReturnsTrue" classname="Retriever4.Tests.StringValidationTests" runstate="Runnable" seed="1687511074" result="Passed" start-time="2018-07-22 11:00:37Z" end-time="2018-07-22 11:00:37Z" duration="0.000998" asserts="1" />
            <test-case id="0-1093" name="CompareMainboardModel_VariousData_ReturnsTrue(&quot;WMBT1031&quot;,&quot;WMBT8931&quot;)" fullname="Retriever4.Tests.StringValidationTests.CompareMainboardModel_VariousData_ReturnsTrue(&quot;WMBT1031&quot;,&quot;WMBT8931&quot;)" methodname="CompareMainboardModel_VariousData_ReturnsTrue" classname="Retriever4.Tests.StringValidationTests" runstate="Ignored" seed="78953576" result="Skipped" label="Ignored" start-time="2018-07-22 11:00:37Z" end-time="2018-07-22 11:00:37Z" duration="0.000004" asserts="0">
              <properties>
                <property name="_SKIPREASON" value="Potrzebna porpawka w bazie danych" />
              </properties>
              <reason>
                <message><![CDATA[Potrzebna porpawka w bazie danych]]></message>
              </reason>
            </test-case>
            <test-case id="0-1094" name="CompareMainboardModel_VariousData_ReturnsTrue(&quot;NT13A&quot;,&quot;NT13A&quot;)" fullname="Retriever4.Tests.StringValidationTests.CompareMainboardModel_VariousData_ReturnsTrue(&quot;NT13A&quot;,&quot;NT13A&quot;)" methodname="CompareMainboardModel_VariousData_ReturnsTrue" classname="Retriever4.Tests.StringValidationTests" runstate="Runnable" seed="671315561" result="Passed" start-time="2018-07-22 11:00:37Z" end-time="2018-07-22 11:00:37Z" duration="0.000245" asserts="1" />
            <test-case id="0-1095" name="CompareMainboardModel_VariousData_ReturnsTrue(&quot;Skoda&quot;,&quot;E1232T&quot;)" fullname="Retriever4.Tests.StringValidationTests.CompareMainboardModel_VariousData_ReturnsTrue(&quot;Skoda&quot;,&quot;E1232T&quot;)" methodname="CompareMainboardModel_VariousData_ReturnsTrue" classname="Retriever4.Tests.StringValidationTests" runstate="Ignored" seed="1605915289" result="Skipped" label="Ignored" start-time="2018-07-22 11:00:37Z" end-time="2018-07-22 11:00:37Z" duration="0.000002" asserts="0">
              <properties>
                <property name="_SKIPREASON" value="Potrzebna porpawka w bazie danych" />
              </properties>
              <reason>
                <message><![CDATA[Potrzebna porpawka w bazie danych]]></message>
              </reason>
            </test-case>
            <test-case id="0-1096" name="CompareMainboardModel_VariousData_ReturnsTrue(&quot;D17KxR&quot;,&quot;D17KRR&quot;)" fullname="Retriever4.Tests.StringValidationTests.CompareMainboardModel_VariousData_ReturnsTrue(&quot;D17KxR&quot;,&quot;D17KRR&quot;)" methodname="CompareMainboardModel_VariousData_ReturnsTrue" classname="Retriever4.Tests.StringValidationTests" runstate="Runnable" seed="1144909541" result="Passed" start-time="2018-07-22 11:00:37Z" end-time="2018-07-22 11:00:37Z" duration="0.000313" asserts="1" />
            <test-case id="0-1097" name="CompareMainboardModel_VariousData_ReturnsTrue(&quot;D17S&quot;,&quot;D17SFN&quot;)" fullname="Retriever4.Tests.StringValidationTests.CompareMainboardModel_VariousData_ReturnsTrue(&quot;D17S&quot;,&quot;D17SFN&quot;)" methodname="CompareMainboardModel_VariousData_ReturnsTrue" classname="Retriever4.Tests.StringValidationTests" runstate="Runnable" seed="1070992927" result="Passed" start-time="2018-07-22 11:00:37Z" end-time="2018-07-22 11:00:37Z" duration="0.000250" asserts="1" />
            <test-case id="0-1098" name="CompareMainboardModel_VariousData_ReturnsTrue(&quot;NSSL1502&quot;,&quot;NSSL1502&quot;)" fullname="Retriever4.Tests.StringValidationTests.CompareMainboardModel_VariousData_ReturnsTrue(&quot;NSSL1502&quot;,&quot;NSSL1502&quot;)" methodname="CompareMainboardModel_VariousData_ReturnsTrue" classname="Retriever4.Tests.StringValidationTests" runstate="Runnable" seed="142071952" result="Passed" start-time="2018-07-22 11:00:37Z" end-time="2018-07-22 11:00:37Z" duration="0.000313" asserts="1" />
            <test-case id="0-1099" name="CompareMainboardModel_VariousData_ReturnsTrue(&quot;NSBW1x02&quot;,&quot;NSBW1502&quot;)" fullname="Retriever4.Tests.StringValidationTests.CompareMainboardModel_VariousData_ReturnsTrue(&quot;NSBW1x02&quot;,&quot;NSBW1502&quot;)" methodname="CompareMainboardModel_VariousData_ReturnsTrue" classname="Retriever4.Tests.StringValidationTests" runstate="Runnable" seed="919079512" result="Passed" start-time="2018-07-22 11:00:37Z" end-time="2018-07-22 11:00:37Z" duration="0.000239" asserts="1" />
          </test-suite>
          <test-suite type="ParameterizedMethod" id="0-1114" name="CompareStrings_ArgumentIsNull_ThrowsException" fullname="Retriever4.Tests.StringValidationTests.CompareStrings_ArgumentIsNull_ThrowsException" classname="Retriever4.Tests.StringValidationTests" runstate="Runnable" testcasecount="6" result="Passed" start-time="2018-07-22 11:00:37Z" end-time="2018-07-22 11:00:37Z" duration="0.001981" total="6" passed="6" failed="0" warnings="0" inconclusive="0" skipped="0" asserts="6">
            <test-case id="0-1108" name="CompareStrings_ArgumentIsNull_ThrowsException(&quot;Test&quot;,&quot;&quot;)" fullname="Retriever4.Tests.StringValidationTests.CompareStrings_ArgumentIsNull_ThrowsException(&quot;Test&quot;,&quot;&quot;)" methodname="CompareStrings_ArgumentIsNull_ThrowsException" classname="Retriever4.Tests.StringValidationTests" runstate="Runnable" seed="646556676" result="Passed" start-time="2018-07-22 11:00:37Z" end-time="2018-07-22 11:00:37Z" duration="0.000971" asserts="1" />
            <test-case id="0-1109" name="CompareStrings_ArgumentIsNull_ThrowsException(&quot;Test&quot;,null)" fullname="Retriever4.Tests.StringValidationTests.CompareStrings_ArgumentIsNull_ThrowsException(&quot;Test&quot;,null)" methodname="CompareStrings_ArgumentIsNull_ThrowsException" classname="Retriever4.Tests.StringValidationTests" runstate="Runnable" seed="1914344233" result="Passed" start-time="2018-07-22 11:00:37Z" end-time="2018-07-22 11:00:37Z" duration="0.000204" asserts="1" />
            <test-case id="0-1110" name="CompareStrings_ArgumentIsNull_ThrowsException(&quot;&quot;,&quot;Test&quot;)" fullname="Retriever4.Tests.StringValidationTests.CompareStrings_ArgumentIsNull_ThrowsException(&quot;&quot;,&quot;Test&quot;)" methodname="CompareStrings_ArgumentIsNull_ThrowsException" classname="Retriever4.Tests.StringValidationTests" runstate="Runnable" seed="800032321" result="Passed" start-time="2018-07-22 11:00:37Z" end-time="2018-07-22 11:00:37Z" duration="0.000171" asserts="1" />
            <test-case id="0-1111" name="CompareStrings_ArgumentIsNull_ThrowsException(null,&quot;Test&quot;)" fullname="Retriever4.Tests.StringValidationTests.CompareStrings_ArgumentIsNull_ThrowsException(null,&quot;Test&quot;)" methodname="CompareStrings_ArgumentIsNull_ThrowsException" classname="Retriever4.Tests.StringValidationTests" runstate="Runnable" seed="1059323686" result="Passed" start-time="2018-07-22 11:00:37Z" end-time="2018-07-22 11:00:37Z" duration="0.000157" asserts="1" />
            <test-case id="0-1112" name="CompareStrings_ArgumentIsNull_ThrowsException(&quot;&quot;,&quot;&quot;)" fullname="Retriever4.Tests.StringValidationTests.CompareStrings_ArgumentIsNull_ThrowsException(&quot;&quot;,&quot;&quot;)" methodname="CompareStrings_ArgumentIsNull_ThrowsException" classname="Retriever4.Tests.StringValidationTests" runstate="Runnable" seed="1558358329" result="Passed" start-time="2018-07-22 11:00:37Z" end-time="2018-07-22 11:00:37Z" duration="0.000215" asserts="1" />
            <test-case id="0-1113" name="CompareStrings_ArgumentIsNull_ThrowsException(null,null)" fullname="Retriever4.Tests.StringValidationTests.CompareStrings_ArgumentIsNull_ThrowsException(null,null)" methodname="CompareStrings_ArgumentIsNull_ThrowsException" classname="Retriever4.Tests.StringValidationTests" runstate="Runnable" seed="1123091492" result="Passed" start-time="2018-07-22 11:00:37Z" end-time="2018-07-22 11:00:37Z" duration="0.000168" asserts="1" />
          </test-suite>
        </test-suite>
      </test-suite>
    </test-suite>
  </test-suite>
</test-run>