<?xml version="1.0" encoding="utf-8" standalone="no"?>
<test-run id="2" testcasecount="13" result="Passed" total="13" passed="13" failed="0" inconclusive="0" skipped="0" asserts="13" engine-version="3.8.0.0" clr-version="4.0.30319.42000" start-time="2018-07-19 11:49:11Z" end-time="2018-07-19 11:49:12Z" duration="0.699207">
  <command-line><![CDATA[nunit3-console.exe  C:\Users\Duch003\source\repos\Retriever4\Retriever4.Tests\\bin\Debug\Retriever4.Tests.dll]]></command-line>
  <test-suite type="Assembly" id="0-1015" name="Retriever4.Tests.dll" fullname="C:\Users\Duch003\source\repos\Retriever4\Retriever4.Tests\bin\Debug\Retriever4.Tests.dll" runstate="Runnable" testcasecount="13" result="Passed" start-time="2018-07-19 11:49:12Z" end-time="2018-07-19 11:49:12Z" duration="0.113019" total="13" passed="13" failed="0" warnings="0" inconclusive="0" skipped="0" asserts="13">
    <environment framework-version="3.10.1.0" clr-version="4.0.30319.42000" os-version="Microsoft Windows NT 10.0.17134.0" platform="Win32NT" cwd="C:\Users\Duch003\source\repos\Retriever4\packages\NUnit.ConsoleRunner.3.8.0\tools" machine-name="DESKTOP-H9P79KU" user="Duch003" user-domain="DESKTOP-H9P79KU" culture="en-GB" uiculture="en-GB" os-architecture="x64" />
    <settings>
      <setting name="DisposeRunners" value="True" />
      <setting name="WorkDirectory" value="C:\Users\Duch003\source\repos\Retriever4\packages\NUnit.ConsoleRunner.3.8.0\tools" />
      <setting name="ImageRuntimeVersion" value="4.0.30319" />
      <setting name="ImageTargetFrameworkName" value=".NETFramework,Version=v4.0" />
      <setting name="ImageRequiresX86" value="False" />
      <setting name="ImageRequiresDefaultAppDomainAssemblyResolver" value="False" />
      <setting name="NumberOfTestWorkers" value="8" />
    </settings>
    <properties>
      <property name="_PID" value="2868" />
      <property name="_APPDOMAIN" value="domain-" />
    </properties>
    <test-suite type="TestSuite" id="0-1016" name="Retriever4" fullname="Retriever4" runstate="Runnable" testcasecount="13" result="Passed" start-time="2018-07-19 11:49:12Z" end-time="2018-07-19 11:49:12Z" duration="0.093598" total="13" passed="13" failed="0" warnings="0" inconclusive="0" skipped="0" asserts="13">
      <test-suite type="TestSuite" id="0-1017" name="Tests" fullname="Retriever4.Tests" runstate="Runnable" testcasecount="13" result="Passed" start-time="2018-07-19 11:49:12Z" end-time="2018-07-19 11:49:12Z" duration="0.093014" total="13" passed="13" failed="0" warnings="0" inconclusive="0" skipped="0" asserts="13">
        <test-suite type="TestFixture" id="0-1000" name="DetectDeviceModelTests" fullname="Retriever4.Tests.DetectDeviceModelTests" classname="Retriever4.Tests.DetectDeviceModelTests" runstate="Runnable" testcasecount="13" result="Passed" start-time="2018-07-19 11:49:12Z" end-time="2018-07-19 11:49:12Z" duration="0.084149" total="13" passed="13" failed="0" warnings="0" inconclusive="0" skipped="0" asserts="13">
          <test-suite type="ParameterizedMethod" id="0-1014" name="DetectDeviceModel_PatternsDetectionTests" fullname="Retriever4.Tests.DetectDeviceModelTests.DetectDeviceModel_PatternsDetectionTests" classname="Retriever4.Tests.DetectDeviceModelTests" runstate="Runnable" testcasecount="13" result="Passed" start-time="2018-07-19 11:49:12Z" end-time="2018-07-19 11:49:12Z" duration="0.075347" total="13" passed="13" failed="0" warnings="0" inconclusive="0" skipped="0" asserts="13">
            <test-case id="0-1001" name="DetectDeviceModel_PatternsDetectionTests(&quot;99850&quot;,&quot;99850&quot;)" fullname="Retriever4.Tests.DetectDeviceModelTests.DetectDeviceModel_PatternsDetectionTests(&quot;99850&quot;,&quot;99850&quot;)" methodname="DetectDeviceModel_PatternsDetectionTests" classname="Retriever4.Tests.DetectDeviceModelTests" runstate="Runnable" seed="200872686" result="Passed" start-time="2018-07-19 11:49:12Z" end-time="2018-07-19 11:49:12Z" duration="0.063901" asserts="1" />
            <test-case id="0-1002" name="DetectDeviceModel_PatternsDetectionTests(&quot;C1010-I01B3&quot;,&quot;C1010-I01B3&quot;)" fullname="Retriever4.Tests.DetectDeviceModelTests.DetectDeviceModel_PatternsDetectionTests(&quot;C1010-I01B3&quot;,&quot;C1010-I01B3&quot;)" methodname="DetectDeviceModel_PatternsDetectionTests" classname="Retriever4.Tests.DetectDeviceModelTests" runstate="Runnable" seed="1825627942" result="Passed" start-time="2018-07-19 11:49:12Z" end-time="2018-07-19 11:49:12Z" duration="0.002105" asserts="1" />
            <test-case id="0-1003" name="DetectDeviceModel_PatternsDetectionTests(&quot;S1415-I2N1S&quot;,&quot;S1415-I2N1S&quot;)" fullname="Retriever4.Tests.DetectDeviceModelTests.DetectDeviceModel_PatternsDetectionTests(&quot;S1415-I2N1S&quot;,&quot;S1415-I2N1S&quot;)" methodname="DetectDeviceModel_PatternsDetectionTests" classname="Retriever4.Tests.DetectDeviceModelTests" runstate="Runnable" seed="2068816250" result="Passed" start-time="2018-07-19 11:49:12Z" end-time="2018-07-19 11:49:12Z" duration="0.000156" asserts="1" />
            <test-case id="0-1004" name="DetectDeviceModel_PatternsDetectionTests(&quot;C2015-I5N1&quot;,&quot;C2015-I5N1&quot;)" fullname="Retriever4.Tests.DetectDeviceModelTests.DetectDeviceModel_PatternsDetectionTests(&quot;C2015-I5N1&quot;,&quot;C2015-I5N1&quot;)" methodname="DetectDeviceModel_PatternsDetectionTests" classname="Retriever4.Tests.DetectDeviceModelTests" runstate="Runnable" seed="1202079413" result="Passed" start-time="2018-07-19 11:49:12Z" end-time="2018-07-19 11:49:12Z" duration="0.000144" asserts="1" />
            <test-case id="0-1005" name="DetectDeviceModel_PatternsDetectionTests(&quot;S1115-IMNL&quot;,&quot;S1115-IMNL&quot;)" fullname="Retriever4.Tests.DetectDeviceModelTests.DetectDeviceModel_PatternsDetectionTests(&quot;S1115-IMNL&quot;,&quot;S1115-IMNL&quot;)" methodname="DetectDeviceModel_PatternsDetectionTests" classname="Retriever4.Tests.DetectDeviceModelTests" runstate="Runnable" seed="1740214017" result="Passed" start-time="2018-07-19 11:49:12Z" end-time="2018-07-19 11:49:12Z" duration="0.000114" asserts="1" />
            <test-case id="0-1006" name="DetectDeviceModel_PatternsDetectionTests(&quot;P1115-I5CH&quot;,&quot;P1115-I5CH&quot;)" fullname="Retriever4.Tests.DetectDeviceModelTests.DetectDeviceModel_PatternsDetectionTests(&quot;P1115-I5CH&quot;,&quot;P1115-I5CH&quot;)" methodname="DetectDeviceModel_PatternsDetectionTests" classname="Retriever4.Tests.DetectDeviceModelTests" runstate="Runnable" seed="1668940692" result="Passed" start-time="2018-07-19 11:49:12Z" end-time="2018-07-19 11:49:12Z" duration="0.000201" asserts="1" />
            <test-case id="0-1007" name="DetectDeviceModel_PatternsDetectionTests(&quot;C1008-I01N&quot;,&quot;C1008-I01N&quot;)" fullname="Retriever4.Tests.DetectDeviceModelTests.DetectDeviceModel_PatternsDetectionTests(&quot;C1008-I01N&quot;,&quot;C1008-I01N&quot;)" methodname="DetectDeviceModel_PatternsDetectionTests" classname="Retriever4.Tests.DetectDeviceModelTests" runstate="Runnable" seed="1136942270" result="Passed" start-time="2018-07-19 11:49:12Z" end-time="2018-07-19 11:49:12Z" duration="0.000147" asserts="1" />
            <test-case id="0-1008" name="DetectDeviceModel_PatternsDetectionTests(&quot;S1115-IM2N&quot;,&quot;S1115-IM2N&quot;)" fullname="Retriever4.Tests.DetectDeviceModelTests.DetectDeviceModel_PatternsDetectionTests(&quot;S1115-IM2N&quot;,&quot;S1115-IM2N&quot;)" methodname="DetectDeviceModel_PatternsDetectionTests" classname="Retriever4.Tests.DetectDeviceModelTests" runstate="Runnable" seed="831611186" result="Passed" start-time="2018-07-19 11:49:12Z" end-time="2018-07-19 11:49:12Z" duration="0.000132" asserts="1" />
            <test-case id="0-1009" name="DetectDeviceModel_PatternsDetectionTests(&quot;S1415-I1C&quot;,&quot;S1415-I1C&quot;)" fullname="Retriever4.Tests.DetectDeviceModelTests.DetectDeviceModel_PatternsDetectionTests(&quot;S1415-I1C&quot;,&quot;S1415-I1C&quot;)" methodname="DetectDeviceModel_PatternsDetectionTests" classname="Retriever4.Tests.DetectDeviceModelTests" runstate="Runnable" seed="1023137163" result="Passed" start-time="2018-07-19 11:49:12Z" end-time="2018-07-19 11:49:12Z" duration="0.000128" asserts="1" />
            <test-case id="0-1010" name="DetectDeviceModel_PatternsDetectionTests(&quot;S1414-I1BI S&quot;,&quot;S1414-I1BI S&quot;)" fullname="Retriever4.Tests.DetectDeviceModelTests.DetectDeviceModel_PatternsDetectionTests(&quot;S1414-I1BI S&quot;,&quot;S1414-I1BI S&quot;)" methodname="DetectDeviceModel_PatternsDetectionTests" classname="Retriever4.Tests.DetectDeviceModelTests" runstate="Runnable" seed="2074251614" result="Passed" start-time="2018-07-19 11:49:12Z" end-time="2018-07-19 11:49:12Z" duration="0.000148" asserts="1" />
            <test-case id="0-1011" name="DetectDeviceModel_PatternsDetectionTests(&quot;PNB S1414-I1BI S&quot;,&quot;S1414-I1BI S&quot;)" fullname="Retriever4.Tests.DetectDeviceModelTests.DetectDeviceModel_PatternsDetectionTests(&quot;PNB S1414-I1BI S&quot;,&quot;S1414-I1BI S&quot;)" methodname="DetectDeviceModel_PatternsDetectionTests" classname="Retriever4.Tests.DetectDeviceModelTests" runstate="Runnable" seed="1406162445" result="Passed" start-time="2018-07-19 11:49:12Z" end-time="2018-07-19 11:49:12Z" duration="0.000123" asserts="1" />
            <test-case id="0-1012" name="DetectDeviceModel_PatternsDetectionTests(&quot;CNB MEDION S1415-I1C&quot;,&quot;S1415-I1C&quot;)" fullname="Retriever4.Tests.DetectDeviceModelTests.DetectDeviceModel_PatternsDetectionTests(&quot;CNB MEDION S1415-I1C&quot;,&quot;S1415-I1C&quot;)" methodname="DetectDeviceModel_PatternsDetectionTests" classname="Retriever4.Tests.DetectDeviceModelTests" runstate="Runnable" seed="2049751162" result="Passed" start-time="2018-07-19 11:49:12Z" end-time="2018-07-19 11:49:12Z" duration="0.000134" asserts="1" />
            <test-case id="0-1013" name="DetectDeviceModel_PatternsDetectionTests(&quot;PEAQC2015-I5N1&quot;,&quot;C2015-I5N1&quot;)" fullname="Retriever4.Tests.DetectDeviceModelTests.DetectDeviceModel_PatternsDetectionTests(&quot;PEAQC2015-I5N1&quot;,&quot;C2015-I5N1&quot;)" methodname="DetectDeviceModel_PatternsDetectionTests" classname="Retriever4.Tests.DetectDeviceModelTests" runstate="Runnable" seed="1396959609" result="Passed" start-time="2018-07-19 11:49:12Z" end-time="2018-07-19 11:49:12Z" duration="0.000168" asserts="1" />
          </test-suite>
        </test-suite>
      </test-suite>
    </test-suite>
  </test-suite>
</test-run>